./run_newlm.sh --the-lm fast --embed-method base --hidden-size 200 --num-layers 1 --batch-size 64 --keep-prob 0.8 --max-epoch 25
=====================================================================================
Usage of this scipt:
  ./run_newlm.sh <the-lm>(language-model) <embed-method>(embedding-method)
The scipt provides three kinds of language model and three embedding methods as well
	Language Models: rnnlm lstmlm fast(lstm_fast) 
	Embedding Methods: skipgram cbow glove 
If you want to train the word embeddings during the neural network training: 
  the embedding method can be set as base, which means it is the basic method.
For example: 
  ./run_newlm.sh --the-lm rnnlm --embed-method skipgram
=====================================================================================
-----------------------------------
     Train/Dev Data Preparation    
-----------------------------------
Getting train and validation sets.
-----------------------------------
     Data Preparation Finished!    
-----------------------------------
-----------------------------------
  Vocabulary Preparation Finished! 
-----------------------------------
Epoch: 1 Learning rate: 1.000
0.008 perplexity: inf speed: 6269 wps
0.108 perplexity: 14604170045904863666282608599202413792039110215347941977662783842237104419675631955267955670294651103237227459784138265633218728042516237617864989563140738005907736553949985879124026252518425100288.000 speed: 12249 wps
0.207 perplexity: inf speed: 12867 wps
0.307 perplexity: 6194039026748630400724109147929415968788554477160198286225775373152920832059935788919565821398570464579060055248835745550265037468199061143553402518500815895885797191869923214196761661261417038122220519345119654123630375642614955022205194903594225571248104552310356574208.000 speed: 13093 wps
0.407 perplexity: 429982306680573156723043279979456017964864103448218602395833196072962342146118926786658985571476138149398220807203771685190589870890872200558971019988616986744465109668959751020929365761534039075001392489824256.000 speed: 13222 wps
0.507 perplexity: 18114894168198657915877462024932985377556704558518821055899205222529382952862336363932045313460204906773670750070660307557938871714464591977729316738408229263837219763781632.000 speed: 13304 wps
0.606 perplexity: 7364372274626201922698242328024942481527845248598088985706121684904237730937087450842580503259266914972704077749624360274534353857799012645358010368.000 speed: 13360 wps
0.706 perplexity: 4667008882312093603067552952221451386731756109272926963319693564242923278791441973101825046217092110130896603207736724705813463040.000 speed: 13400 wps
0.806 perplexity: 7765723042236778416359549201338232887240895100095379110194414602907530257314469412999612035865327337851681954070528.000 speed: 13436 wps
0.906 perplexity: 8862288846278005912570976827281799129038403187174518059783348724920504962450879783578343423368883077120.000 speed: 13462 wps
Epoch: 1 Train Perplexity: 7175750410363869159177987318205782423084469884435553270121278628081569257788416810405534367744.000
Epoch: 1 Valid Perplexity: 1990.919
Epoch: 2 Learning rate: 1.000
0.008 perplexity: 21635493951348.133 speed: 13562 wps
0.108 perplexity: 278139267.188 speed: 13666 wps
0.207 perplexity: 114324278.595 speed: 13672 wps
0.307 perplexity: 13201028.594 speed: 13673 wps
0.407 perplexity: 4041823.018 speed: 13673 wps
0.507 perplexity: 2979237.509 speed: 13670 wps
0.606 perplexity: 1396068.078 speed: 13673 wps
0.706 perplexity: 790499.406 speed: 13674 wps
0.806 perplexity: 474846.163 speed: 13675 wps
0.906 perplexity: 311185.308 speed: 13678 wps
Epoch: 2 Train Perplexity: 221687.080
Epoch: 2 Valid Perplexity: 653.560
Epoch: 3 Learning rate: 1.000
0.008 perplexity: 514231.897 speed: 13693 wps
0.108 perplexity: 8181.082 speed: 13666 wps
0.207 perplexity: 7360.750 speed: 13670 wps
0.307 perplexity: 5704.898 speed: 13666 wps
0.407 perplexity: 5304.100 speed: 13657 wps
0.507 perplexity: 5135.204 speed: 13661 wps
0.606 perplexity: 4966.291 speed: 13659 wps
0.706 perplexity: 4652.075 speed: 13661 wps
0.806 perplexity: 4558.809 speed: 13661 wps
0.906 perplexity: 4237.264 speed: 13661 wps
Epoch: 3 Train Perplexity: 3960.133
Epoch: 3 Valid Perplexity: 8893684.800
Epoch: 4 Learning rate: 1.000
0.008 perplexity: 3350.210 speed: 13639 wps
0.108 perplexity: 2317.772 speed: 13662 wps
0.207 perplexity: 2154.621 speed: 13658 wps
0.307 perplexity: 1944.839 speed: 13657 wps
0.407 perplexity: 1978.779 speed: 13660 wps
0.507 perplexity: 1900.478 speed: 13658 wps
0.606 perplexity: 1898.721 speed: 13662 wps
0.706 perplexity: 1808.563 speed: 13661 wps
0.806 perplexity: 1744.791 speed: 13655 wps
0.906 perplexity: 1685.731 speed: 13653 wps
Epoch: 4 Train Perplexity: 1646.217
Epoch: 4 Valid Perplexity: 652.462
Epoch: 5 Learning rate: 0.800
0.008 perplexity: 844.006 speed: 13543 wps
0.108 perplexity: 871.091 speed: 13662 wps
0.207 perplexity: 849.125 speed: 13655 wps
0.307 perplexity: 842.810 speed: 13664 wps
0.407 perplexity: 847.646 speed: 13666 wps
0.507 perplexity: 834.515 speed: 13669 wps
0.606 perplexity: 828.195 speed: 13666 wps
0.706 perplexity: 820.941 speed: 13666 wps
0.806 perplexity: 811.052 speed: 13667 wps
0.906 perplexity: 804.491 speed: 13665 wps
Epoch: 5 Train Perplexity: 798.143
Epoch: 5 Valid Perplexity: 693.222
Epoch: 6 Learning rate: 0.640
0.008 perplexity: 578.148 speed: 13633 wps
0.108 perplexity: 595.591 speed: 13651 wps
0.207 perplexity: 588.758 speed: 13659 wps
0.307 perplexity: 580.140 speed: 13659 wps
0.407 perplexity: 576.592 speed: 13665 wps
0.507 perplexity: 571.732 speed: 13667 wps
0.606 perplexity: 573.245 speed: 13669 wps
0.706 perplexity: 569.992 speed: 13667 wps
0.806 perplexity: 567.944 speed: 13668 wps
0.906 perplexity: 563.383 speed: 13667 wps
Epoch: 6 Train Perplexity: 560.062
Epoch: 6 Valid Perplexity: 484.374
Epoch: 7 Learning rate: 0.512
0.008 perplexity: 473.465 speed: 13604 wps
0.108 perplexity: 480.209 speed: 13600 wps
0.207 perplexity: 476.847 speed: 13611 wps
0.307 perplexity: 474.564 speed: 13623 wps
0.407 perplexity: 472.179 speed: 13635 wps
0.507 perplexity: 469.061 speed: 13643 wps
0.606 perplexity: 467.691 speed: 13649 wps
0.706 perplexity: 466.193 speed: 13651 wps
0.806 perplexity: 463.757 speed: 13652 wps
0.906 perplexity: 462.353 speed: 13653 wps
Epoch: 7 Train Perplexity: 460.095
Epoch: 7 Valid Perplexity: 305.957
Epoch: 8 Learning rate: 0.410
0.008 perplexity: 402.393 speed: 13637 wps
0.108 perplexity: 411.559 speed: 13676 wps
0.207 perplexity: 411.318 speed: 13652 wps
0.307 perplexity: 409.134 speed: 13648 wps
0.407 perplexity: 406.872 speed: 13638 wps
0.507 perplexity: 405.333 speed: 13635 wps
0.606 perplexity: 404.773 speed: 13638 wps
0.706 perplexity: 403.599 speed: 13640 wps
0.806 perplexity: 401.803 speed: 13638 wps
0.906 perplexity: 400.759 speed: 13638 wps
Epoch: 8 Train Perplexity: 398.801
Epoch: 8 Valid Perplexity: 323.688
Epoch: 9 Learning rate: 0.328
0.008 perplexity: 367.244 speed: 13678 wps
0.108 perplexity: 370.307 speed: 13667 wps
0.207 perplexity: 368.357 speed: 13666 wps
0.307 perplexity: 366.944 speed: 13664 wps
0.407 perplexity: 365.156 speed: 13663 wps
0.507 perplexity: 363.367 speed: 13660 wps
0.606 perplexity: 363.102 speed: 13657 wps
0.706 perplexity: 362.211 speed: 13659 wps
0.806 perplexity: 360.916 speed: 13659 wps
0.906 perplexity: 359.846 speed: 13652 wps
Epoch: 9 Train Perplexity: 358.410
Epoch: 9 Valid Perplexity: 304.355
Epoch: 10 Learning rate: 0.262
0.008 perplexity: 329.173 speed: 13637 wps
0.108 perplexity: 340.305 speed: 13667 wps
0.207 perplexity: 338.999 speed: 13669 wps
0.307 perplexity: 337.328 speed: 13675 wps
0.407 perplexity: 335.560 speed: 13672 wps
0.507 perplexity: 334.255 speed: 13673 wps
0.606 perplexity: 334.235 speed: 13672 wps
0.706 perplexity: 333.346 speed: 13670 wps
0.806 perplexity: 332.023 speed: 13669 wps
0.906 perplexity: 331.170 speed: 13502 wps
Epoch: 10 Train Perplexity: 329.861
Epoch: 10 Valid Perplexity: 297.933
Epoch: 11 Learning rate: 0.210
0.008 perplexity: 310.073 speed: 13620 wps
0.108 perplexity: 317.610 speed: 13676 wps
0.207 perplexity: 316.309 speed: 13666 wps
0.307 perplexity: 315.129 speed: 13667 wps
0.407 perplexity: 313.364 speed: 13656 wps
0.507 perplexity: 312.512 speed: 13659 wps
0.606 perplexity: 312.531 speed: 13658 wps
0.706 perplexity: 311.640 speed: 13655 wps
0.806 perplexity: 310.493 speed: 13658 wps
0.906 perplexity: 309.828 speed: 13650 wps
Epoch: 11 Train Perplexity: 308.591
Epoch: 11 Valid Perplexity: 282.972
Epoch: 12 Learning rate: 0.168
0.008 perplexity: 294.666 speed: 13706 wps
0.108 perplexity: 300.748 speed: 13669 wps
0.207 perplexity: 299.337 speed: 13674 wps
0.307 perplexity: 298.271 speed: 13666 wps
0.407 perplexity: 296.983 speed: 13664 wps
0.507 perplexity: 296.043 speed: 13661 wps
0.606 perplexity: 295.980 speed: 13659 wps
0.706 perplexity: 295.386 speed: 13661 wps
0.806 perplexity: 294.403 speed: 13658 wps
0.906 perplexity: 293.681 speed: 13653 wps
Epoch: 12 Train Perplexity: 292.479
Epoch: 12 Valid Perplexity: 279.252
Epoch: 13 Learning rate: 0.134
0.008 perplexity: 290.551 speed: 13651 wps
0.108 perplexity: 288.663 speed: 13654 wps
0.207 perplexity: 287.207 speed: 13658 wps
0.307 perplexity: 286.400 speed: 13655 wps
0.407 perplexity: 285.007 speed: 13658 wps
0.507 perplexity: 284.021 speed: 13654 wps
0.606 perplexity: 284.180 speed: 13656 wps
0.706 perplexity: 283.617 speed: 13657 wps
0.806 perplexity: 282.710 speed: 13656 wps
0.906 perplexity: 282.173 speed: 13649 wps
Epoch: 13 Train Perplexity: 281.055
Epoch: 13 Valid Perplexity: 273.566
Epoch: 14 Learning rate: 0.107
0.008 perplexity: 279.263 speed: 13656 wps
0.108 perplexity: 280.855 speed: 13647 wps
0.207 perplexity: 278.891 speed: 13647 wps
0.307 perplexity: 278.367 speed: 13650 wps
0.407 perplexity: 277.013 speed: 13649 wps
0.507 perplexity: 276.048 speed: 13653 wps
0.606 perplexity: 276.184 speed: 13656 wps
0.706 perplexity: 275.604 speed: 13654 wps
0.806 perplexity: 274.738 speed: 13654 wps
0.906 perplexity: 273.959 speed: 13647 wps
Epoch: 14 Train Perplexity: 272.881
Epoch: 14 Valid Perplexity: 269.620
Epoch: 15 Learning rate: 0.086
0.008 perplexity: 277.067 speed: 13650 wps
0.108 perplexity: 274.713 speed: 13650 wps
0.207 perplexity: 272.762 speed: 13668 wps
0.307 perplexity: 271.959 speed: 13672 wps
0.407 perplexity: 270.701 speed: 13664 wps
0.507 perplexity: 269.643 speed: 13654 wps
0.606 perplexity: 269.975 speed: 13649 wps
0.706 perplexity: 269.293 speed: 13643 wps
0.806 perplexity: 268.545 speed: 13639 wps
0.906 perplexity: 267.781 speed: 13554 wps
Epoch: 15 Train Perplexity: 266.789
Epoch: 15 Valid Perplexity: 269.668
Epoch: 16 Learning rate: 0.069
0.008 perplexity: 272.785 speed: 13498 wps
0.108 perplexity: 269.497 speed: 13609 wps
0.207 perplexity: 267.896 speed: 13592 wps
0.307 perplexity: 267.158 speed: 13602 wps
0.407 perplexity: 266.001 speed: 13604 wps
0.507 perplexity: 264.862 speed: 13607 wps
0.606 perplexity: 265.286 speed: 13605 wps
0.706 perplexity: 264.514 speed: 13610 wps
0.806 perplexity: 263.735 speed: 13609 wps
0.906 perplexity: 263.011 speed: 13599 wps
Epoch: 16 Train Perplexity: 262.113
Epoch: 16 Valid Perplexity: 269.151
Epoch: 17 Learning rate: 0.055
0.008 perplexity: 276.288 speed: 13566 wps
0.108 perplexity: 265.801 speed: 13578 wps
0.207 perplexity: 263.819 speed: 13589 wps
0.307 perplexity: 263.304 speed: 13596 wps
0.407 perplexity: 261.940 speed: 13601 wps
0.507 perplexity: 260.886 speed: 13603 wps
0.606 perplexity: 261.394 speed: 13602 wps
0.706 perplexity: 260.688 speed: 13603 wps
0.806 perplexity: 260.004 speed: 13596 wps
0.906 perplexity: 259.328 speed: 13598 wps
Epoch: 17 Train Perplexity: 258.404
Epoch: 17 Valid Perplexity: 266.764
Epoch: 18 Learning rate: 0.044
0.008 perplexity: 273.925 speed: 13632 wps
0.108 perplexity: 262.170 speed: 13618 wps
0.207 perplexity: 260.989 speed: 13599 wps
0.307 perplexity: 260.229 speed: 13610 wps
0.407 perplexity: 258.909 speed: 13603 wps
0.507 perplexity: 257.878 speed: 13602 wps
0.606 perplexity: 258.282 speed: 13603 wps
0.706 perplexity: 257.658 speed: 13604 wps
0.806 perplexity: 256.922 speed: 13599 wps
0.906 perplexity: 256.208 speed: 13598 wps
Epoch: 18 Train Perplexity: 255.336
Epoch: 18 Valid Perplexity: 266.971
Epoch: 19 Learning rate: 0.035
0.008 perplexity: 276.723 speed: 13602 wps
0.108 perplexity: 260.306 speed: 13613 wps
0.207 perplexity: 258.635 speed: 13602 wps
0.307 perplexity: 257.934 speed: 13602 wps
0.407 perplexity: 256.674 speed: 13603 wps
0.507 perplexity: 255.644 speed: 13606 wps
0.606 perplexity: 256.073 speed: 13603 wps
0.706 perplexity: 255.407 speed: 13602 wps
0.806 perplexity: 254.636 speed: 13593 wps
0.906 perplexity: 253.915 speed: 13593 wps
Epoch: 19 Train Perplexity: 253.033
Epoch: 19 Valid Perplexity: 267.018
Epoch: 20 Learning rate: 0.028
0.008 perplexity: 276.274 speed: 13542 wps
0.108 perplexity: 258.057 speed: 13590 wps
0.207 perplexity: 256.528 speed: 13593 wps
0.307 perplexity: 255.794 speed: 13593 wps
0.407 perplexity: 254.491 speed: 13598 wps
0.507 perplexity: 253.444 speed: 13598 wps
0.606 perplexity: 253.877 speed: 13600 wps
0.706 perplexity: 253.240 speed: 13599 wps
0.806 perplexity: 252.503 speed: 13460 wps
0.906 perplexity: 251.719 speed: 13475 wps
Epoch: 20 Train Perplexity: 250.923
Epoch: 20 Valid Perplexity: 266.514
Epoch: 21 Learning rate: 0.023
0.008 perplexity: 280.072 speed: 13537 wps
0.108 perplexity: 256.640 speed: 13591 wps
0.207 perplexity: 254.863 speed: 13597 wps
0.307 perplexity: 254.164 speed: 13592 wps
0.407 perplexity: 252.933 speed: 13591 wps
0.507 perplexity: 251.902 speed: 13591 wps
0.606 perplexity: 252.309 speed: 13593 wps
0.706 perplexity: 251.591 speed: 13594 wps
0.806 perplexity: 250.965 speed: 13587 wps
0.906 perplexity: 250.158 speed: 13587 wps
Epoch: 21 Train Perplexity: 249.371
Epoch: 21 Valid Perplexity: 265.926
Epoch: 22 Learning rate: 0.018
0.008 perplexity: 277.963 speed: 13654 wps
0.108 perplexity: 254.961 speed: 13594 wps
0.207 perplexity: 253.716 speed: 13596 wps
0.307 perplexity: 253.211 speed: 13597 wps
0.407 perplexity: 252.054 speed: 13595 wps
0.507 perplexity: 250.976 speed: 13593 wps
0.606 perplexity: 251.451 speed: 13594 wps
0.706 perplexity: 250.673 speed: 13593 wps
0.806 perplexity: 250.109 speed: 13585 wps
0.906 perplexity: 249.258 speed: 13588 wps
Epoch: 22 Train Perplexity: 248.412
Epoch: 22 Valid Perplexity: 266.132
Epoch: 23 Learning rate: 0.014
0.008 perplexity: 277.131 speed: 13544 wps
0.108 perplexity: 253.620 speed: 13571 wps
0.207 perplexity: 252.331 speed: 13585 wps
0.307 perplexity: 251.765 speed: 13588 wps
0.407 perplexity: 250.573 speed: 13593 wps
0.507 perplexity: 249.643 speed: 13594 wps
0.606 perplexity: 250.147 speed: 13596 wps
0.706 perplexity: 249.522 speed: 13589 wps
0.806 perplexity: 248.825 speed: 13592 wps
0.906 perplexity: 248.044 speed: 13593 wps
Epoch: 23 Train Perplexity: 247.293
Epoch: 23 Valid Perplexity: 266.327
Epoch: 24 Learning rate: 0.012
0.008 perplexity: 269.853 speed: 13398 wps
0.108 perplexity: 252.106 speed: 13589 wps
0.207 perplexity: 251.201 speed: 13591 wps
0.307 perplexity: 250.847 speed: 13591 wps
0.407 perplexity: 249.728 speed: 13595 wps
0.507 perplexity: 248.838 speed: 13594 wps
0.606 perplexity: 249.248 speed: 13594 wps
0.706 perplexity: 248.664 speed: 13588 wps
0.806 perplexity: 248.062 speed: 13589 wps
0.906 perplexity: 247.225 speed: 13590 wps
Epoch: 24 Train Perplexity: 246.522
Epoch: 24 Valid Perplexity: 266.139
Epoch: 25 Learning rate: 0.009
0.008 perplexity: 264.220 speed: 13480 wps
0.108 perplexity: 250.853 speed: 13580 wps
0.207 perplexity: 250.480 speed: 13590 wps
0.307 perplexity: 250.055 speed: 13592 wps
0.407 perplexity: 248.908 speed: 13590 wps
0.507 perplexity: 248.197 speed: 13594 wps
0.606 perplexity: 248.585 speed: 13595 wps
0.706 perplexity: 248.012 speed: 13480 wps
0.806 perplexity: 247.350 speed: 13494 wps
0.906 perplexity: 246.617 speed: 13509 wps
Epoch: 25 Train Perplexity: 245.984
Epoch: 25 Valid Perplexity: 265.823
Epoch: 26 Learning rate: 0.007
0.008 perplexity: 265.116 speed: 13500 wps
0.108 perplexity: 251.107 speed: 13600 wps
0.207 perplexity: 250.499 speed: 13600 wps
0.307 perplexity: 250.045 speed: 13599 wps
0.407 perplexity: 248.713 speed: 13600 wps
0.507 perplexity: 247.767 speed: 13599 wps
0.606 perplexity: 248.159 speed: 13603 wps
0.706 perplexity: 247.429 speed: 13593 wps
0.806 perplexity: 246.730 speed: 13596 wps
0.906 perplexity: 245.988 speed: 13597 wps
Epoch: 26 Train Perplexity: 245.354
Epoch: 26 Valid Perplexity: 265.709
Epoch: 27 Learning rate: 0.006
0.008 perplexity: 261.030 speed: 13629 wps
0.108 perplexity: 249.910 speed: 13604 wps
0.207 perplexity: 249.795 speed: 13608 wps
0.307 perplexity: 249.364 speed: 13602 wps
0.407 perplexity: 247.948 speed: 13605 wps
0.507 perplexity: 247.127 speed: 13607 wps
0.606 perplexity: 247.584 speed: 13605 wps
0.706 perplexity: 246.857 speed: 13594 wps
0.806 perplexity: 246.199 speed: 13595 wps
0.906 perplexity: 245.487 speed: 13597 wps
Epoch: 27 Train Perplexity: 244.920
Epoch: 27 Valid Perplexity: 265.781
Epoch: 28 Learning rate: 0.005
0.008 perplexity: 260.200 speed: 13507 wps
0.108 perplexity: 248.808 speed: 13605 wps
0.207 perplexity: 249.126 speed: 13610 wps
0.307 perplexity: 248.554 speed: 13605 wps
0.407 perplexity: 247.590 speed: 13602 wps
0.507 perplexity: 246.765 speed: 13602 wps
0.606 perplexity: 247.299 speed: 13602 wps
0.706 perplexity: 246.588 speed: 13595 wps
0.806 perplexity: 245.882 speed: 13596 wps
0.906 perplexity: 245.119 speed: 13597 wps
Epoch: 28 Train Perplexity: 244.608
Epoch: 28 Valid Perplexity: 265.640
Epoch: 29 Learning rate: 0.004
0.008 perplexity: 259.501 speed: 13561 wps
0.108 perplexity: 249.014 speed: 13609 wps
0.207 perplexity: 249.127 speed: 13613 wps
0.307 perplexity: 248.304 speed: 13608 wps
0.407 perplexity: 247.392 speed: 13608 wps
0.507 perplexity: 246.514 speed: 13609 wps
0.606 perplexity: 247.024 speed: 13608 wps
0.706 perplexity: 246.225 speed: 13594 wps
0.806 perplexity: 245.541 speed: 13596 wps
0.906 perplexity: 244.888 speed: 13599 wps
Epoch: 29 Train Perplexity: 244.340
Epoch: 29 Valid Perplexity: 265.701
Epoch: 30 Learning rate: 0.003
0.008 perplexity: 254.833 speed: 13673 wps
0.108 perplexity: 247.936 speed: 13613 wps
0.207 perplexity: 248.395 speed: 13607 wps
0.307 perplexity: 247.779 speed: 13608 wps
0.407 perplexity: 246.832 speed: 13605 wps
0.507 perplexity: 245.893 speed: 13607 wps
0.606 perplexity: 246.430 speed: 13461 wps
0.706 perplexity: 245.617 speed: 13472 wps
0.806 perplexity: 245.035 speed: 13489 wps
0.906 perplexity: 244.384 speed: 13503 wps
Epoch: 30 Train Perplexity: 243.898
Epoch: 30 Valid Perplexity: 265.569
Saving model to data/fast_base/rnnlm.
