./run_newlm.sh --the-lm fast --embed-method base --hidden-size 300 --num-layers 1 --batch-size 64 --keep-prob 0.8 --max-epoch 25
=====================================================================================
Usage of this scipt:
  ./run_newlm.sh <the-lm>(language-model) <embed-method>(embedding-method)
The scipt provides three kinds of language model and three embedding methods as well
	Language Models: rnnlm lstmlm fast(lstm_fast) 
	Embedding Methods: skipgram cbow glove 
If you want to train the word embeddings during the neural network training: 
  the embedding method can be set as base, which means it is the basic method.
For example: 
  ./run_newlm.sh --the-lm rnnlm --embed-method skipgram
=====================================================================================
-----------------------------------
     Train/Dev Data Preparation    
-----------------------------------
Getting train and validation sets.
-----------------------------------
     Data Preparation Finished!    
-----------------------------------
-----------------------------------
  Vocabulary Preparation Finished! 
-----------------------------------
Epoch: 1 Learning rate: 1.000
0.008 perplexity: 19623312.633 speed: 4693 wps
0.108 perplexity: inf speed: 7753 wps
0.207 perplexity: inf speed: 7965 wps
0.307 perplexity: inf speed: 8031 wps
0.407 perplexity: inf speed: 8063 wps
0.507 perplexity: inf speed: 8083 wps
0.606 perplexity: inf speed: 8090 wps
0.706 perplexity: inf speed: 8099 wps
0.806 perplexity: inf speed: 8106 wps
0.906 perplexity: inf speed: 8113 wps
Epoch: 1 Train Perplexity: inf
Epoch: 1 Valid Perplexity: 9196.230
Epoch: 2 Learning rate: 1.000
0.008 perplexity: 4557381330506356736.000 speed: 8123 wps
0.108 perplexity: 148742082146747670815635685722105577472.000 speed: 8164 wps
0.207 perplexity: 325697546918092205178607445737472.000 speed: 8143 wps
0.307 perplexity: 951579303100879596018466816.000 speed: 8150 wps
0.407 perplexity: 4853548128902352153346048.000 speed: 8157 wps
0.507 perplexity: 16041713435062661283840.000 speed: 8158 wps
0.606 perplexity: 1475646387479640014848.000 speed: 8158 wps
0.706 perplexity: 67184170679585488896.000 speed: 8159 wps
0.806 perplexity: 2194259736417299968.000 speed: 8157 wps
0.906 perplexity: 154292845932682656.000 speed: 8158 wps
Epoch: 2 Train Perplexity: 17387933368790294.000
Epoch: 2 Valid Perplexity: 924.920
Epoch: 3 Learning rate: 1.000
0.008 perplexity: 252850.276 speed: 8139 wps
0.108 perplexity: 2611873.942 speed: 8182 wps
0.207 perplexity: 12004801.838 speed: 8138 wps
0.307 perplexity: 4037689.208 speed: 8149 wps
0.407 perplexity: 4055191.328 speed: 8150 wps
0.507 perplexity: 2689414.229 speed: 8158 wps
0.606 perplexity: 1613724.942 speed: 8164 wps
0.706 perplexity: 798322.807 speed: 8168 wps
0.806 perplexity: 721707.069 speed: 8170 wps
0.906 perplexity: 450991.490 speed: 8173 wps
Epoch: 3 Train Perplexity: 392225.354
Epoch: 3 Valid Perplexity: 645.669
Epoch: 4 Learning rate: 1.000
0.008 perplexity: 49649.537 speed: 8151 wps
0.108 perplexity: 25850.632 speed: 8190 wps
0.207 perplexity: 26276.050 speed: 8193 wps
0.307 perplexity: 48143.827 speed: 8194 wps
0.407 perplexity: 41466.956 speed: 8196 wps
0.507 perplexity: 39606.383 speed: 8196 wps
0.606 perplexity: 34429.890 speed: 8191 wps
0.706 perplexity: 30157.705 speed: 8191 wps
0.806 perplexity: 26474.777 speed: 8191 wps
0.906 perplexity: 22071.386 speed: 8193 wps
Epoch: 4 Train Perplexity: 20212.736
Epoch: 4 Valid Perplexity: 1085.975
Epoch: 5 Learning rate: 0.800
0.008 perplexity: 1854.237 speed: 8174 wps
0.108 perplexity: 1711.890 speed: 8191 wps
0.207 perplexity: 1891.667 speed: 8175 wps
0.307 perplexity: 1758.658 speed: 8181 wps
0.407 perplexity: 1721.799 speed: 8186 wps
0.507 perplexity: 1712.831 speed: 8187 wps
0.606 perplexity: 1771.661 speed: 8188 wps
0.706 perplexity: 1711.579 speed: 8189 wps
0.806 perplexity: 1673.460 speed: 8185 wps
0.906 perplexity: 1624.675 speed: 8185 wps
Epoch: 5 Train Perplexity: 1606.749
Epoch: 5 Valid Perplexity: 614.375
Epoch: 6 Learning rate: 0.640
0.008 perplexity: 847.575 speed: 8155 wps
0.108 perplexity: 818.664 speed: 8195 wps
0.207 perplexity: 868.753 speed: 8197 wps
0.307 perplexity: 867.827 speed: 8198 wps
0.407 perplexity: 850.019 speed: 8186 wps
0.507 perplexity: 843.283 speed: 8187 wps
0.606 perplexity: 833.303 speed: 8189 wps
0.706 perplexity: 826.941 speed: 8190 wps
0.806 perplexity: 824.989 speed: 8191 wps
0.906 perplexity: 817.145 speed: 8191 wps
Epoch: 6 Train Perplexity: 812.866
Epoch: 6 Valid Perplexity: 353.852
Epoch: 7 Learning rate: 0.512
0.008 perplexity: 591.385 speed: 8198 wps
0.108 perplexity: 623.305 speed: 8194 wps
0.207 perplexity: 624.287 speed: 8195 wps
0.307 perplexity: 619.905 speed: 8192 wps
0.407 perplexity: 611.740 speed: 8193 wps
0.507 perplexity: 610.430 speed: 8192 wps
0.606 perplexity: 609.822 speed: 8185 wps
0.706 perplexity: 607.734 speed: 8187 wps
0.806 perplexity: 604.959 speed: 8187 wps
0.906 perplexity: 601.786 speed: 8187 wps
Epoch: 7 Train Perplexity: 599.412
Epoch: 7 Valid Perplexity: 368.337
Epoch: 8 Learning rate: 0.410
0.008 perplexity: 501.931 speed: 8156 wps
0.108 perplexity: 514.933 speed: 8160 wps
0.207 perplexity: 509.863 speed: 8170 wps
0.307 perplexity: 507.949 speed: 8178 wps
0.407 perplexity: 506.005 speed: 8180 wps
0.507 perplexity: 503.365 speed: 8184 wps
0.606 perplexity: 503.331 speed: 8185 wps
0.706 perplexity: 502.274 speed: 8186 wps
0.806 perplexity: 499.516 speed: 8182 wps
0.906 perplexity: 498.088 speed: 8183 wps
Epoch: 8 Train Perplexity: 495.517
Epoch: 8 Valid Perplexity: 327.023
Epoch: 9 Learning rate: 0.328
0.008 perplexity: 454.483 speed: 8166 wps
0.108 perplexity: 451.059 speed: 8185 wps
0.207 perplexity: 447.515 speed: 8185 wps
0.307 perplexity: 445.203 speed: 8174 wps
0.407 perplexity: 442.678 speed: 8176 wps
0.507 perplexity: 440.749 speed: 8180 wps
0.606 perplexity: 441.064 speed: 8180 wps
0.706 perplexity: 439.340 speed: 8182 wps
0.806 perplexity: 437.439 speed: 8183 wps
0.906 perplexity: 435.990 speed: 8163 wps
Epoch: 9 Train Perplexity: 434.113
Epoch: 9 Valid Perplexity: 400.292
Epoch: 10 Learning rate: 0.262
0.008 perplexity: 413.442 speed: 8159 wps
0.108 perplexity: 408.178 speed: 8189 wps
0.207 perplexity: 403.933 speed: 8191 wps
0.307 perplexity: 402.576 speed: 8192 wps
0.407 perplexity: 401.260 speed: 8190 wps
0.507 perplexity: 398.823 speed: 8182 wps
0.606 perplexity: 399.346 speed: 8184 wps
0.706 perplexity: 398.037 speed: 8185 wps
0.806 perplexity: 396.216 speed: 8187 wps
0.906 perplexity: 394.914 speed: 8186 wps
Epoch: 10 Train Perplexity: 393.141
Epoch: 10 Valid Perplexity: 308.820
Epoch: 11 Learning rate: 0.210
0.008 perplexity: 385.587 speed: 8131 wps
0.108 perplexity: 375.678 speed: 8149 wps
0.207 perplexity: 373.059 speed: 8169 wps
0.307 perplexity: 371.601 speed: 8175 wps
0.407 perplexity: 370.092 speed: 8176 wps
0.507 perplexity: 368.398 speed: 8179 wps
0.606 perplexity: 368.945 speed: 8182 wps
0.706 perplexity: 367.890 speed: 8179 wps
0.806 perplexity: 366.549 speed: 8180 wps
0.906 perplexity: 365.309 speed: 8180 wps
Epoch: 11 Train Perplexity: 363.774
Epoch: 11 Valid Perplexity: 304.215
Epoch: 12 Learning rate: 0.168
0.008 perplexity: 376.069 speed: 8132 wps
0.108 perplexity: 352.562 speed: 8175 wps
0.207 perplexity: 349.873 speed: 8183 wps
0.307 perplexity: 349.019 speed: 8174 wps
0.407 perplexity: 347.575 speed: 8174 wps
0.507 perplexity: 346.103 speed: 8175 wps
0.606 perplexity: 346.647 speed: 8177 wps
0.706 perplexity: 345.590 speed: 8179 wps
0.806 perplexity: 344.354 speed: 8180 wps
0.906 perplexity: 343.222 speed: 8143 wps
Epoch: 12 Train Perplexity: 341.872
Epoch: 12 Valid Perplexity: 313.791
Epoch: 13 Learning rate: 0.134
0.008 perplexity: 362.301 speed: 8109 wps
0.108 perplexity: 335.393 speed: 8172 wps
0.207 perplexity: 333.055 speed: 8178 wps
0.307 perplexity: 331.892 speed: 8174 wps
0.407 perplexity: 330.312 speed: 8172 wps
0.507 perplexity: 328.825 speed: 8163 wps
0.606 perplexity: 329.401 speed: 8163 wps
0.706 perplexity: 328.324 speed: 8163 wps
0.806 perplexity: 327.098 speed: 8161 wps
0.906 perplexity: 326.002 speed: 8163 wps
Epoch: 13 Train Perplexity: 324.826
Epoch: 13 Valid Perplexity: 287.164
Epoch: 14 Learning rate: 0.107
0.008 perplexity: 348.881 speed: 8092 wps
0.108 perplexity: 320.558 speed: 8126 wps
0.207 perplexity: 318.691 speed: 8139 wps
0.307 perplexity: 318.109 speed: 8148 wps
0.407 perplexity: 316.765 speed: 8149 wps
0.507 perplexity: 315.268 speed: 8151 wps
0.606 perplexity: 315.897 speed: 8151 wps
0.706 perplexity: 315.046 speed: 8147 wps
0.806 perplexity: 314.094 speed: 8150 wps
0.906 perplexity: 312.951 speed: 8151 wps
Epoch: 14 Train Perplexity: 311.968
Epoch: 14 Valid Perplexity: 290.883
Epoch: 15 Learning rate: 0.086
0.008 perplexity: 330.602 speed: 8120 wps
0.108 perplexity: 310.132 speed: 8158 wps
0.207 perplexity: 309.169 speed: 8153 wps
0.307 perplexity: 308.546 speed: 8143 wps
0.407 perplexity: 307.150 speed: 8147 wps
0.507 perplexity: 305.893 speed: 8148 wps
0.606 perplexity: 306.451 speed: 8152 wps
0.706 perplexity: 305.472 speed: 8153 wps
0.806 perplexity: 304.503 speed: 8154 wps
0.906 perplexity: 303.540 speed: 8114 wps
Epoch: 15 Train Perplexity: 302.640
Epoch: 15 Valid Perplexity: 287.590
Epoch: 16 Learning rate: 0.069
0.008 perplexity: 316.634 speed: 8182 wps
0.108 perplexity: 302.349 speed: 8171 wps
0.207 perplexity: 301.282 speed: 8170 wps
0.307 perplexity: 300.843 speed: 8162 wps
0.407 perplexity: 299.690 speed: 8150 wps
0.507 perplexity: 298.637 speed: 8150 wps
0.606 perplexity: 299.296 speed: 8153 wps
0.706 perplexity: 298.148 speed: 8152 wps
0.806 perplexity: 297.116 speed: 8153 wps
0.906 perplexity: 296.076 speed: 8154 wps
Epoch: 16 Train Perplexity: 295.287
Epoch: 16 Valid Perplexity: 286.598
Epoch: 17 Learning rate: 0.055
0.008 perplexity: 303.554 speed: 8140 wps
0.108 perplexity: 295.184 speed: 8159 wps
0.207 perplexity: 295.138 speed: 8155 wps
0.307 perplexity: 294.534 speed: 8158 wps
0.407 perplexity: 293.669 speed: 8158 wps
0.507 perplexity: 292.498 speed: 8155 wps
0.606 perplexity: 293.186 speed: 8148 wps
0.706 perplexity: 292.245 speed: 8151 wps
0.806 perplexity: 291.299 speed: 8152 wps
0.906 perplexity: 290.314 speed: 8152 wps
Epoch: 17 Train Perplexity: 289.592
Epoch: 17 Valid Perplexity: 284.983
Epoch: 18 Learning rate: 0.044
0.008 perplexity: 294.667 speed: 8120 wps
0.108 perplexity: 290.333 speed: 8153 wps
0.207 perplexity: 290.273 speed: 8143 wps
0.307 perplexity: 289.712 speed: 8148 wps
0.407 perplexity: 288.944 speed: 8150 wps
0.507 perplexity: 287.728 speed: 8153 wps
0.606 perplexity: 288.596 speed: 8155 wps
0.706 perplexity: 287.516 speed: 8154 wps
0.806 perplexity: 286.613 speed: 8127 wps
0.906 perplexity: 285.734 speed: 8131 wps
Epoch: 18 Train Perplexity: 285.112
Epoch: 18 Valid Perplexity: 285.378
Epoch: 19 Learning rate: 0.035
0.008 perplexity: 294.405 speed: 8147 wps
0.108 perplexity: 285.568 speed: 8159 wps
0.207 perplexity: 286.350 speed: 8159 wps
0.307 perplexity: 285.972 speed: 8162 wps
0.407 perplexity: 285.288 speed: 8153 wps
0.507 perplexity: 284.061 speed: 8154 wps
0.606 perplexity: 284.827 speed: 8154 wps
0.706 perplexity: 283.715 speed: 8154 wps
0.806 perplexity: 282.857 speed: 8154 wps
0.906 perplexity: 282.073 speed: 8153 wps
Epoch: 19 Train Perplexity: 281.552
Epoch: 19 Valid Perplexity: 283.658
Epoch: 20 Learning rate: 0.028
0.008 perplexity: 297.449 speed: 8146 wps
0.108 perplexity: 282.727 speed: 8158 wps
0.207 perplexity: 283.490 speed: 8158 wps
0.307 perplexity: 282.847 speed: 8157 wps
0.407 perplexity: 282.121 speed: 8157 wps
0.507 perplexity: 281.095 speed: 8156 wps
0.606 perplexity: 281.732 speed: 8148 wps
0.706 perplexity: 280.614 speed: 8148 wps
0.806 perplexity: 279.899 speed: 8148 wps
0.906 perplexity: 279.075 speed: 8149 wps
Epoch: 20 Train Perplexity: 278.528
Epoch: 20 Valid Perplexity: 284.133
Epoch: 21 Learning rate: 0.023
0.008 perplexity: 295.444 speed: 8031 wps
0.108 perplexity: 280.423 speed: 8144 wps
0.207 perplexity: 280.947 speed: 8126 wps
0.307 perplexity: 280.091 speed: 8132 wps
0.407 perplexity: 279.386 speed: 8138 wps
0.507 perplexity: 278.679 speed: 8141 wps
0.606 perplexity: 279.311 speed: 8144 wps
0.706 perplexity: 278.238 speed: 8146 wps
0.806 perplexity: 277.527 speed: 8110 wps
0.906 perplexity: 276.717 speed: 8117 wps
Epoch: 21 Train Perplexity: 276.266
Epoch: 21 Valid Perplexity: 283.118
Epoch: 22 Learning rate: 0.018
0.008 perplexity: 305.095 speed: 8150 wps
0.108 perplexity: 278.550 speed: 8165 wps
0.207 perplexity: 279.604 speed: 8162 wps
0.307 perplexity: 278.795 speed: 8163 wps
0.407 perplexity: 278.136 speed: 8158 wps
0.507 perplexity: 277.381 speed: 8162 wps
0.606 perplexity: 277.780 speed: 8164 wps
0.706 perplexity: 276.693 speed: 8166 wps
0.806 perplexity: 275.945 speed: 8168 wps
0.906 perplexity: 275.128 speed: 8169 wps
Epoch: 22 Train Perplexity: 274.672
Epoch: 22 Valid Perplexity: 282.958
Epoch: 23 Learning rate: 0.014
0.008 perplexity: 302.025 speed: 8108 wps
0.108 perplexity: 276.888 speed: 8180 wps
0.207 perplexity: 277.585 speed: 8185 wps
0.307 perplexity: 276.552 speed: 8191 wps
0.407 perplexity: 276.293 speed: 8189 wps
0.507 perplexity: 275.673 speed: 8184 wps
0.606 perplexity: 275.969 speed: 8181 wps
0.706 perplexity: 275.029 speed: 8180 wps
0.806 perplexity: 274.384 speed: 8178 wps
0.906 perplexity: 273.643 speed: 8177 wps
Epoch: 23 Train Perplexity: 273.060
Epoch: 23 Valid Perplexity: 283.014
Epoch: 24 Learning rate: 0.012
0.008 perplexity: 304.197 speed: 7969 wps
0.108 perplexity: 276.639 speed: 7990 wps
0.207 perplexity: 276.264 speed: 8029 wps
0.307 perplexity: 275.189 speed: 8042 wps
0.407 perplexity: 274.958 speed: 8044 wps
0.507 perplexity: 274.202 speed: 8048 wps
0.606 perplexity: 274.540 speed: 8059 wps
0.706 perplexity: 273.584 speed: 8024 wps
0.806 perplexity: 273.016 speed: 8032 wps
0.906 perplexity: 272.299 speed: 8035 wps
Epoch: 24 Train Perplexity: 271.753
Epoch: 24 Valid Perplexity: 282.354
Epoch: 25 Learning rate: 0.009
0.008 perplexity: 297.796 speed: 8052 wps
0.108 perplexity: 274.552 speed: 8071 wps
0.207 perplexity: 275.307 speed: 8056 wps
0.307 perplexity: 274.390 speed: 8046 wps
0.407 perplexity: 274.221 speed: 8050 wps
0.507 perplexity: 273.499 speed: 8058 wps
0.606 perplexity: 273.593 speed: 8072 wps
0.706 perplexity: 272.689 speed: 8082 wps
0.806 perplexity: 272.113 speed: 8089 wps
0.906 perplexity: 271.332 speed: 8091 wps
Epoch: 25 Train Perplexity: 270.966
Epoch: 25 Valid Perplexity: 282.512
Epoch: 26 Learning rate: 0.007
0.008 perplexity: 282.199 speed: 8093 wps
0.108 perplexity: 272.173 speed: 8128 wps
0.207 perplexity: 273.950 speed: 8128 wps
0.307 perplexity: 273.105 speed: 8127 wps
0.407 perplexity: 272.935 speed: 8129 wps
0.507 perplexity: 272.655 speed: 8121 wps
0.606 perplexity: 272.719 speed: 8124 wps
0.706 perplexity: 271.777 speed: 8124 wps
0.806 perplexity: 271.253 speed: 8123 wps
0.906 perplexity: 270.616 speed: 8123 wps
Epoch: 26 Train Perplexity: 270.191
Epoch: 26 Valid Perplexity: 282.484
Epoch: 27 Learning rate: 0.006
0.008 perplexity: 278.956 speed: 8085 wps
0.108 perplexity: 272.374 speed: 8086 wps
0.207 perplexity: 273.584 speed: 8110 wps
0.307 perplexity: 272.648 speed: 8113 wps
0.407 perplexity: 272.479 speed: 8114 wps
0.507 perplexity: 271.988 speed: 8115 wps
0.606 perplexity: 272.057 speed: 8117 wps
0.706 perplexity: 271.132 speed: 8055 wps
0.806 perplexity: 270.472 speed: 8063 wps
0.906 perplexity: 269.886 speed: 8070 wps
Epoch: 27 Train Perplexity: 269.496
Epoch: 27 Valid Perplexity: 282.541
Epoch: 28 Learning rate: 0.005
0.008 perplexity: 269.743 speed: 8130 wps
0.108 perplexity: 270.543 speed: 8122 wps
0.207 perplexity: 272.658 speed: 8108 wps
0.307 perplexity: 271.761 speed: 8114 wps
0.407 perplexity: 271.739 speed: 8116 wps
0.507 perplexity: 271.237 speed: 8118 wps
0.606 perplexity: 271.440 speed: 8119 wps
0.706 perplexity: 270.425 speed: 8120 wps
0.806 perplexity: 269.861 speed: 8115 wps
0.906 perplexity: 269.283 speed: 8117 wps
Epoch: 28 Train Perplexity: 268.897
Epoch: 28 Valid Perplexity: 282.342
Epoch: 29 Learning rate: 0.004
0.008 perplexity: 273.677 speed: 8101 wps
0.108 perplexity: 270.245 speed: 8120 wps
0.207 perplexity: 272.101 speed: 8124 wps
0.307 perplexity: 271.126 speed: 8127 wps
0.407 perplexity: 271.283 speed: 8119 wps
0.507 perplexity: 270.629 speed: 8121 wps
0.606 perplexity: 270.874 speed: 8120 wps
0.706 perplexity: 269.877 speed: 8119 wps
0.806 perplexity: 269.364 speed: 8121 wps
0.906 perplexity: 268.821 speed: 8123 wps
Epoch: 29 Train Perplexity: 268.473
Epoch: 29 Valid Perplexity: 282.312
Epoch: 30 Learning rate: 0.003
0.008 perplexity: 266.880 speed: 8067 wps
0.108 perplexity: 270.150 speed: 8125 wps
0.207 perplexity: 271.585 speed: 8121 wps
0.307 perplexity: 270.855 speed: 8122 wps
0.407 perplexity: 270.767 speed: 8123 wps
0.507 perplexity: 270.301 speed: 8123 wps
0.606 perplexity: 270.444 speed: 8088 wps
0.706 perplexity: 269.509 speed: 8095 wps
0.806 perplexity: 268.941 speed: 8098 wps
0.906 perplexity: 268.465 speed: 8101 wps
Epoch: 30 Train Perplexity: 268.254
Epoch: 30 Valid Perplexity: 282.189
Saving model to data/fast_base/rnnlm.
