./run_newlm.sh --the-lm fast --embed-method base --hidden-size 200 --num-layers 1 --batch-size 64 --keep-prob 0.8 --max-epoch 25
=====================================================================================
Usage of this scipt:
  ./run_newlm.sh <the-lm>(language-model) <embed-method>(embedding-method)
The scipt provides three kinds of language model and three embedding methods as well
	Language Models: rnnlm lstmlm fast(lstm_fast) 
	Embedding Methods: skipgram cbow glove 
If you want to train the word embeddings during the neural network training: 
  the embedding method can be set as base, which means it is the basic method.
For example: 
  ./run_newlm.sh --the-lm rnnlm --embed-method skipgram
=====================================================================================
-----------------------------------
     Train/Dev Data Preparation    
-----------------------------------
Getting train and validation sets.
-----------------------------------
     Data Preparation Finished!    
-----------------------------------
-----------------------------------
  Vocabulary Preparation Finished! 
-----------------------------------
Epoch: 1 Learning rate: 1.000
0.036 perplexity: 311909.094 speed: 9296 wps
0.135 perplexity: 36280.048 speed: 14222 wps
0.234 perplexity: 21205.034 speed: 16643 wps
0.332 perplexity: 17594.054 speed: 17923 wps
0.431 perplexity: 22976.818 speed: 18720 wps
0.529 perplexity: 36025.569 speed: 19251 wps
0.628 perplexity: 673120.047 speed: 19631 wps
0.726 perplexity: 112885529.023 speed: 19913 wps
0.825 perplexity: 83396673.550 speed: 20139 wps
0.923 perplexity: 50235103.344 speed: 20309 wps
Epoch: 1 Train Perplexity: 36099788.355
Epoch: 1 Valid Perplexity: 1742.292
Epoch: 2 Learning rate: 1.000
0.036 perplexity: 3117.266 speed: 22031 wps
0.135 perplexity: 5801.153 speed: 21972 wps
0.234 perplexity: 43679.440 speed: 21929 wps
0.332 perplexity: 18655.024 speed: 21948 wps
0.431 perplexity: 196270.477 speed: 21967 wps
0.529 perplexity: 104079.232 speed: 21960 wps
0.628 perplexity: 67336.534 speed: 21954 wps
0.726 perplexity: 45700.302 speed: 21947 wps
0.825 perplexity: 36529.781 speed: 21936 wps
0.923 perplexity: 27840.929 speed: 21927 wps
Epoch: 2 Train Perplexity: 25219.148
Epoch: 2 Valid Perplexity: 676.348
Epoch: 3 Learning rate: 1.000
0.036 perplexity: 9792539.880 speed: 21606 wps
0.135 perplexity: 619179.119 speed: 21837 wps
0.234 perplexity: 256745.025 speed: 21822 wps
0.332 perplexity: 5647563.250 speed: 21828 wps
0.431 perplexity: 2141411.009 speed: 21864 wps
0.529 perplexity: 609065.478 speed: 21886 wps
0.628 perplexity: 406906.188 speed: 21899 wps
0.726 perplexity: 217458.631 speed: 21865 wps
0.825 perplexity: 152045.247 speed: 21873 wps
0.923 perplexity: 120754.103 speed: 21883 wps
Epoch: 3 Train Perplexity: 98325.175
Epoch: 3 Valid Perplexity: 757.053
Epoch: 4 Learning rate: 1.000
0.036 perplexity: 3548.999 speed: 21738 wps
0.135 perplexity: 4262.161 speed: 21876 wps
0.234 perplexity: 4155.182 speed: 21870 wps
0.332 perplexity: 3140.096 speed: 21886 wps
0.431 perplexity: 5006.716 speed: 21911 wps
0.529 perplexity: 5335.231 speed: 21926 wps
0.628 perplexity: 4525.348 speed: 21926 wps
0.726 perplexity: 3849.430 speed: 21897 wps
0.825 perplexity: 3704.713 speed: 21906 wps
0.923 perplexity: 3356.671 speed: 21910 wps
Epoch: 4 Train Perplexity: 3144.968
Epoch: 4 Valid Perplexity: 594.721
Epoch: 5 Learning rate: 0.800
0.036 perplexity: 948.842 speed: 21684 wps
0.135 perplexity: 829.948 speed: 21820 wps
0.234 perplexity: 935.504 speed: 21796 wps
0.332 perplexity: 1008.270 speed: 21821 wps
0.431 perplexity: 956.637 speed: 21827 wps
0.529 perplexity: 954.913 speed: 21834 wps
0.628 perplexity: 924.773 speed: 21840 wps
0.726 perplexity: 909.511 speed: 21832 wps
0.825 perplexity: 903.279 speed: 21834 wps
0.923 perplexity: 912.646 speed: 21839 wps
Epoch: 5 Train Perplexity: 916.825
Epoch: 5 Valid Perplexity: 466.226
Epoch: 6 Learning rate: 0.640
0.036 perplexity: 586.810 speed: 21775 wps
0.135 perplexity: 623.835 speed: 21863 wps
0.234 perplexity: 678.976 speed: 21853 wps
0.332 perplexity: 635.856 speed: 21832 wps
0.431 perplexity: 648.359 speed: 21789 wps
0.529 perplexity: 634.133 speed: 21790 wps
0.628 perplexity: 629.336 speed: 21813 wps
0.726 perplexity: 619.451 speed: 21804 wps
0.825 perplexity: 621.641 speed: 21804 wps
0.923 perplexity: 620.077 speed: 21806 wps
Epoch: 6 Train Perplexity: 618.940
Epoch: 6 Valid Perplexity: 1907.537
Epoch: 7 Learning rate: 0.512
0.036 perplexity: 595.755 speed: 21741 wps
0.135 perplexity: 538.918 speed: 21780 wps
0.234 perplexity: 526.097 speed: 21808 wps
0.332 perplexity: 519.541 speed: 21863 wps
0.431 perplexity: 521.421 speed: 21867 wps
0.529 perplexity: 510.713 speed: 21865 wps
0.628 perplexity: 509.333 speed: 21869 wps
0.726 perplexity: 506.269 speed: 21863 wps
0.825 perplexity: 507.178 speed: 21870 wps
0.923 perplexity: 504.723 speed: 21874 wps
Epoch: 7 Train Perplexity: 502.146
Epoch: 7 Valid Perplexity: 561.842
Epoch: 8 Learning rate: 0.410
0.036 perplexity: 450.363 speed: 21644 wps
0.135 perplexity: 457.247 speed: 21877 wps
0.234 perplexity: 447.713 speed: 21924 wps
0.332 perplexity: 436.492 speed: 21886 wps
0.431 perplexity: 433.931 speed: 21863 wps
0.529 perplexity: 432.491 speed: 21870 wps
0.628 perplexity: 430.442 speed: 21863 wps
0.726 perplexity: 428.217 speed: 21836 wps
0.825 perplexity: 427.594 speed: 21826 wps
0.923 perplexity: 426.462 speed: 21819 wps
Epoch: 8 Train Perplexity: 424.912
Epoch: 8 Valid Perplexity: 318.639
Epoch: 9 Learning rate: 0.328
0.036 perplexity: 380.140 speed: 21766 wps
0.135 perplexity: 402.858 speed: 21823 wps
0.234 perplexity: 397.498 speed: 21829 wps
0.332 perplexity: 387.965 speed: 21839 wps
0.431 perplexity: 387.208 speed: 21841 wps
0.529 perplexity: 384.593 speed: 21850 wps
0.628 perplexity: 383.614 speed: 21859 wps
0.726 perplexity: 382.416 speed: 21852 wps
0.825 perplexity: 381.689 speed: 21852 wps
0.923 perplexity: 380.869 speed: 21852 wps
Epoch: 9 Train Perplexity: 379.499
Epoch: 9 Valid Perplexity: 287.449
Epoch: 10 Learning rate: 0.262
0.036 perplexity: 351.557 speed: 21716 wps
0.135 perplexity: 369.886 speed: 21817 wps
0.234 perplexity: 364.272 speed: 21839 wps
0.332 perplexity: 355.903 speed: 21859 wps
0.431 perplexity: 354.551 speed: 21856 wps
0.529 perplexity: 352.598 speed: 21840 wps
0.628 perplexity: 352.039 speed: 21851 wps
0.726 perplexity: 350.995 speed: 21853 wps
0.825 perplexity: 349.969 speed: 21855 wps
0.923 perplexity: 349.640 speed: 21850 wps
Epoch: 10 Train Perplexity: 348.365
Epoch: 10 Valid Perplexity: 262.237
Epoch: 11 Learning rate: 0.210
0.036 perplexity: 330.100 speed: 21658 wps
0.135 perplexity: 345.512 speed: 21781 wps
0.234 perplexity: 340.246 speed: 21806 wps
0.332 perplexity: 332.152 speed: 21768 wps
0.431 perplexity: 330.945 speed: 21746 wps
0.529 perplexity: 329.442 speed: 21748 wps
0.628 perplexity: 328.870 speed: 21743 wps
0.726 perplexity: 327.869 speed: 21753 wps
0.825 perplexity: 327.109 speed: 21748 wps
0.923 perplexity: 326.694 speed: 21755 wps
Epoch: 11 Train Perplexity: 325.454
Epoch: 11 Valid Perplexity: 243.920
Epoch: 12 Learning rate: 0.168
0.036 perplexity: 311.724 speed: 21657 wps
0.135 perplexity: 326.968 speed: 21822 wps
0.234 perplexity: 322.215 speed: 21861 wps
0.332 perplexity: 314.177 speed: 21875 wps
0.431 perplexity: 313.306 speed: 21864 wps
0.529 perplexity: 311.942 speed: 21850 wps
0.628 perplexity: 311.437 speed: 21850 wps
0.726 perplexity: 310.632 speed: 21833 wps
0.825 perplexity: 309.884 speed: 21829 wps
0.923 perplexity: 309.506 speed: 21831 wps
Epoch: 12 Train Perplexity: 308.328
Epoch: 12 Valid Perplexity: 232.136
Epoch: 13 Learning rate: 0.134
0.036 perplexity: 298.075 speed: 21694 wps
0.135 perplexity: 311.651 speed: 21611 wps
0.234 perplexity: 307.627 speed: 21678 wps
0.332 perplexity: 300.119 speed: 21717 wps
0.431 perplexity: 299.388 speed: 21756 wps
0.529 perplexity: 297.932 speed: 21767 wps
0.628 perplexity: 296.995 speed: 21789 wps
0.726 perplexity: 296.234 speed: 21786 wps
0.825 perplexity: 295.652 speed: 21789 wps
0.923 perplexity: 295.296 speed: 21787 wps
Epoch: 13 Train Perplexity: 294.130
Epoch: 13 Valid Perplexity: 224.158
Epoch: 14 Learning rate: 0.107
0.036 perplexity: 286.565 speed: 21736 wps
0.135 perplexity: 299.316 speed: 21788 wps
0.234 perplexity: 295.703 speed: 21789 wps
0.332 perplexity: 289.127 speed: 21784 wps
0.431 perplexity: 288.357 speed: 21790 wps
0.529 perplexity: 287.033 speed: 21783 wps
0.628 perplexity: 286.423 speed: 21794 wps
0.726 perplexity: 285.489 speed: 21803 wps
0.825 perplexity: 284.892 speed: 21799 wps
0.923 perplexity: 284.349 speed: 21765 wps
Epoch: 14 Train Perplexity: 283.405
Epoch: 14 Valid Perplexity: 220.261
Epoch: 15 Learning rate: 0.086
0.036 perplexity: 275.838 speed: 21748 wps
0.135 perplexity: 289.904 speed: 21802 wps
0.234 perplexity: 287.091 speed: 21843 wps
0.332 perplexity: 280.802 speed: 21839 wps
0.431 perplexity: 280.072 speed: 21835 wps
0.529 perplexity: 279.044 speed: 21832 wps
0.628 perplexity: 278.549 speed: 21807 wps
0.726 perplexity: 277.882 speed: 21805 wps
0.825 perplexity: 277.085 speed: 21802 wps
0.923 perplexity: 276.709 speed: 21811 wps
Epoch: 15 Train Perplexity: 275.776
Epoch: 15 Valid Perplexity: 218.548
Epoch: 16 Learning rate: 0.069
0.036 perplexity: 268.239 speed: 21413 wps
0.135 perplexity: 283.501 speed: 21704 wps
0.234 perplexity: 280.891 speed: 21771 wps
0.332 perplexity: 274.650 speed: 21809 wps
0.431 perplexity: 273.703 speed: 21820 wps
0.529 perplexity: 272.756 speed: 21813 wps
0.628 perplexity: 272.273 speed: 21816 wps
0.726 perplexity: 271.569 speed: 21831 wps
0.825 perplexity: 270.788 speed: 21825 wps
0.923 perplexity: 270.461 speed: 21820 wps
Epoch: 16 Train Perplexity: 269.573
Epoch: 16 Valid Perplexity: 217.901
Epoch: 17 Learning rate: 0.055
0.036 perplexity: 264.591 speed: 21643 wps
0.135 perplexity: 278.713 speed: 21739 wps
0.234 perplexity: 276.267 speed: 21764 wps
0.332 perplexity: 269.913 speed: 21760 wps
0.431 perplexity: 268.875 speed: 21780 wps
0.529 perplexity: 267.794 speed: 21796 wps
0.628 perplexity: 267.485 speed: 21782 wps
0.726 perplexity: 266.836 speed: 21792 wps
0.825 perplexity: 266.145 speed: 21799 wps
0.923 perplexity: 265.733 speed: 21792 wps
Epoch: 17 Train Perplexity: 264.912
Epoch: 17 Valid Perplexity: 217.458
Epoch: 18 Learning rate: 0.044
0.036 perplexity: 260.406 speed: 21450 wps
0.135 perplexity: 274.229 speed: 21735 wps
0.234 perplexity: 272.132 speed: 21783 wps
0.332 perplexity: 266.335 speed: 21784 wps
0.431 perplexity: 265.388 speed: 21795 wps
0.529 perplexity: 264.257 speed: 21802 wps
0.628 perplexity: 263.806 speed: 21805 wps
0.726 perplexity: 263.202 speed: 21798 wps
0.825 perplexity: 262.390 speed: 21791 wps
0.923 perplexity: 262.124 speed: 21803 wps
Epoch: 18 Train Perplexity: 261.217
Epoch: 18 Valid Perplexity: 217.571
Epoch: 19 Learning rate: 0.035
0.036 perplexity: 257.809 speed: 21752 wps
0.135 perplexity: 272.036 speed: 21708 wps
0.234 perplexity: 269.316 speed: 21758 wps
0.332 perplexity: 263.413 speed: 21771 wps
0.431 perplexity: 262.630 speed: 21786 wps
0.529 perplexity: 261.509 speed: 21787 wps
0.628 perplexity: 261.208 speed: 21778 wps
0.726 perplexity: 260.523 speed: 21786 wps
0.825 perplexity: 259.740 speed: 21788 wps
0.923 perplexity: 259.459 speed: 21796 wps
Epoch: 19 Train Perplexity: 258.577
Epoch: 19 Valid Perplexity: 217.382
Epoch: 20 Learning rate: 0.028
0.036 perplexity: 255.506 speed: 21689 wps
0.135 perplexity: 269.525 speed: 21749 wps
0.234 perplexity: 267.149 speed: 21789 wps
0.332 perplexity: 261.498 speed: 21770 wps
0.431 perplexity: 260.452 speed: 21758 wps
0.529 perplexity: 259.337 speed: 21774 wps
0.628 perplexity: 258.856 speed: 21777 wps
0.726 perplexity: 258.369 speed: 21776 wps
0.825 perplexity: 257.576 speed: 21771 wps
0.923 perplexity: 257.171 speed: 21780 wps
Epoch: 20 Train Perplexity: 256.303
Epoch: 20 Valid Perplexity: 217.329
Epoch: 21 Learning rate: 0.023
0.036 perplexity: 253.705 speed: 21942 wps
0.135 perplexity: 268.097 speed: 21918 wps
0.234 perplexity: 265.831 speed: 21896 wps
0.332 perplexity: 259.740 speed: 21883 wps
0.431 perplexity: 258.837 speed: 21837 wps
0.529 perplexity: 257.808 speed: 21820 wps
0.628 perplexity: 257.362 speed: 21819 wps
0.726 perplexity: 256.759 speed: 21814 wps
0.825 perplexity: 255.968 speed: 21832 wps
0.923 perplexity: 255.570 speed: 21798 wps
Epoch: 21 Train Perplexity: 254.645
Epoch: 21 Valid Perplexity: 217.573
Epoch: 22 Learning rate: 0.018
0.036 perplexity: 259.297 speed: 21612 wps
0.135 perplexity: 269.062 speed: 21618 wps
0.234 perplexity: 263.972 speed: 21674 wps
0.332 perplexity: 258.428 speed: 21753 wps
0.431 perplexity: 257.597 speed: 21775 wps
0.529 perplexity: 256.527 speed: 21772 wps
0.628 perplexity: 255.733 speed: 21763 wps
0.726 perplexity: 255.068 speed: 21783 wps
0.825 perplexity: 254.459 speed: 21791 wps
0.923 perplexity: 253.916 speed: 21788 wps
Epoch: 22 Train Perplexity: 252.950
Epoch: 22 Valid Perplexity: 217.328
Epoch: 23 Learning rate: 0.014
0.036 perplexity: 258.334 speed: 21549 wps
0.135 perplexity: 268.027 speed: 21811 wps
0.234 perplexity: 262.734 speed: 21882 wps
0.332 perplexity: 257.656 speed: 21857 wps
0.431 perplexity: 256.900 speed: 21858 wps
0.529 perplexity: 255.683 speed: 21837 wps
0.628 perplexity: 254.930 speed: 21853 wps
0.726 perplexity: 254.169 speed: 21855 wps
0.825 perplexity: 253.528 speed: 21846 wps
0.923 perplexity: 252.890 speed: 21842 wps
Epoch: 23 Train Perplexity: 251.943
Epoch: 23 Valid Perplexity: 217.317
Epoch: 24 Learning rate: 0.012
0.036 perplexity: 255.693 speed: 21799 wps
0.135 perplexity: 266.152 speed: 21782 wps
0.234 perplexity: 261.410 speed: 21765 wps
0.332 perplexity: 256.084 speed: 21837 wps
0.431 perplexity: 255.398 speed: 21771 wps
0.529 perplexity: 254.230 speed: 21780 wps
0.628 perplexity: 253.483 speed: 21785 wps
0.726 perplexity: 252.763 speed: 21784 wps
0.825 perplexity: 252.275 speed: 21798 wps
0.923 perplexity: 251.682 speed: 21803 wps
Epoch: 24 Train Perplexity: 250.773
Epoch: 24 Valid Perplexity: 217.395
Epoch: 25 Learning rate: 0.009
0.036 perplexity: 253.238 speed: 21558 wps
0.135 perplexity: 264.542 speed: 21798 wps
0.234 perplexity: 259.954 speed: 21830 wps
0.332 perplexity: 255.072 speed: 21829 wps
0.431 perplexity: 254.391 speed: 21841 wps
0.529 perplexity: 253.422 speed: 21822 wps
0.628 perplexity: 252.769 speed: 21820 wps
0.726 perplexity: 252.034 speed: 21820 wps
0.825 perplexity: 251.403 speed: 21818 wps
0.923 perplexity: 250.871 speed: 21825 wps
Epoch: 25 Train Perplexity: 249.955
Epoch: 25 Valid Perplexity: 217.289
Epoch: 26 Learning rate: 0.007
0.036 perplexity: 254.722 speed: 21766 wps
0.135 perplexity: 264.743 speed: 21729 wps
0.234 perplexity: 260.085 speed: 21679 wps
0.332 perplexity: 254.785 speed: 21734 wps
0.431 perplexity: 254.023 speed: 21748 wps
0.529 perplexity: 252.912 speed: 21768 wps
0.628 perplexity: 252.219 speed: 21757 wps
0.726 perplexity: 251.608 speed: 21757 wps
0.825 perplexity: 251.087 speed: 21758 wps
0.923 perplexity: 250.517 speed: 21769 wps
Epoch: 26 Train Perplexity: 249.551
Epoch: 26 Valid Perplexity: 217.252
Epoch: 27 Learning rate: 0.006
0.036 perplexity: 253.656 speed: 21740 wps
0.135 perplexity: 264.066 speed: 21702 wps
0.234 perplexity: 259.349 speed: 21763 wps
0.332 perplexity: 254.131 speed: 21755 wps
0.431 perplexity: 253.458 speed: 21787 wps
0.529 perplexity: 252.224 speed: 21804 wps
0.628 perplexity: 251.629 speed: 21813 wps
0.726 perplexity: 250.863 speed: 21823 wps
0.825 perplexity: 250.329 speed: 21830 wps
0.923 perplexity: 249.907 speed: 21826 wps
Epoch: 27 Train Perplexity: 248.964
Epoch: 27 Valid Perplexity: 217.321
Epoch: 28 Learning rate: 0.005
0.036 perplexity: 253.463 speed: 21690 wps
0.135 perplexity: 263.738 speed: 21845 wps
0.234 perplexity: 259.138 speed: 21881 wps
0.332 perplexity: 253.765 speed: 21824 wps
0.431 perplexity: 253.262 speed: 21823 wps
0.529 perplexity: 252.159 speed: 21816 wps
0.628 perplexity: 251.397 speed: 21833 wps
0.726 perplexity: 250.646 speed: 21822 wps
0.825 perplexity: 250.159 speed: 21768 wps
0.923 perplexity: 249.286 speed: 21776 wps
Epoch: 28 Train Perplexity: 248.509
Epoch: 28 Valid Perplexity: 217.305
Epoch: 29 Learning rate: 0.004
0.036 perplexity: 257.579 speed: 21652 wps
0.135 perplexity: 263.766 speed: 21824 wps
0.234 perplexity: 258.411 speed: 21793 wps
0.332 perplexity: 253.650 speed: 21789 wps
0.431 perplexity: 252.923 speed: 21794 wps
0.529 perplexity: 251.586 speed: 21804 wps
0.628 perplexity: 250.735 speed: 21781 wps
0.726 perplexity: 250.172 speed: 21803 wps
0.825 perplexity: 249.709 speed: 21813 wps
0.923 perplexity: 248.976 speed: 21810 wps
Epoch: 29 Train Perplexity: 248.183
Epoch: 29 Valid Perplexity: 217.401
Epoch: 30 Learning rate: 0.003
0.036 perplexity: 256.744 speed: 21655 wps
0.135 perplexity: 263.953 speed: 21766 wps
0.234 perplexity: 258.480 speed: 21751 wps
0.332 perplexity: 253.598 speed: 21726 wps
0.431 perplexity: 252.758 speed: 21749 wps
0.529 perplexity: 251.445 speed: 21773 wps
0.628 perplexity: 250.638 speed: 21786 wps
0.726 perplexity: 250.007 speed: 21777 wps
0.825 perplexity: 249.559 speed: 21768 wps
0.923 perplexity: 248.742 speed: 21764 wps
Epoch: 30 Train Perplexity: 247.982
Epoch: 30 Valid Perplexity: 217.378
Saving model to data/fast_base/rnnlm.
