./run_newlm.sh --the-lm fast --embed-method base --hidden-size 400 --num-layers 1 --batch-size 64 --keep-prob 0.8 --max-epoch 25
=====================================================================================
Usage of this scipt:
  ./run_newlm.sh <the-lm>(language-model) <embed-method>(embedding-method)
The scipt provides three kinds of language model and three embedding methods as well
	Language Models: rnnlm lstmlm fast(lstm_fast) 
	Embedding Methods: skipgram cbow glove 
If you want to train the word embeddings during the neural network training: 
  the embedding method can be set as base, which means it is the basic method.
For example: 
  ./run_newlm.sh --the-lm rnnlm --embed-method skipgram
=====================================================================================
-----------------------------------
     Train/Dev Data Preparation    
-----------------------------------
Getting train and validation sets.
-----------------------------------
     Data Preparation Finished!    
-----------------------------------
-----------------------------------
  Vocabulary Preparation Finished! 
-----------------------------------
Epoch: 1 Learning rate: 1.000
0.008 perplexity: 8579933834.297 speed: 3708 wps
0.108 perplexity: inf speed: 4624 wps
0.207 perplexity: inf speed: 4657 wps
0.307 perplexity: inf speed: 4666 wps
0.407 perplexity: inf speed: 4668 wps
0.507 perplexity: inf speed: 4672 wps
0.606 perplexity: inf speed: 4675 wps
0.706 perplexity: inf speed: 4675 wps
0.806 perplexity: inf speed: 4677 wps
0.906 perplexity: inf speed: 4679 wps
Epoch: 1 Train Perplexity: inf
Epoch: 1 Valid Perplexity: 527033.752
Epoch: 2 Learning rate: 1.000
0.008 perplexity: 10103406101219728909948758155198872849767619192673401654982835060080640.000 speed: 4645 wps
0.108 perplexity: 4073700328676308542706036758599212959211984623907283141450950795220987340294457320692704142612863491837744318869018131233690624075583489535871248059975259795210344310906766068533588331757441871216230788777701225811174777031205935656181170176.000 speed: 4670 wps
0.207 perplexity: 362992024856555729873866779340701011832795969276179095519194589045783724523852843058764864777176602971064324073167000150878667503773929750207756730046310235279582187115531427354874276385449649229691939330516303478784.000 speed: 4683 wps
0.307 perplexity: 2347281868209698297922609843471061852582049130235834156580946767422313801352634205049261608568680087569721419479863861383647582437622875172123605818536142831840939482116095223013300237414415381972385792.000 speed: 4688 wps
0.407 perplexity: 15835819218381371196099029068388840422070186186770314959652459629174214465702648714429129571345428888284926626348202784849984853893748745045722454431006997483851651622049598419449768050688.000 speed: 4686 wps
0.507 perplexity: 372968110260480434851934392626170774997094445519242540077534167857868465534497429600847151750971370622945987709310298119842962658286828852549694019382605655713727519621605034012180480000.000 speed: 4685 wps
0.606 perplexity: 88531761048822018635859100506820227832853785728225732194810498983601893482373602971412633999917982725949758790112270353092679131168184939913752319693322009676619588222421672091210577535588892672.000 speed: 4687 wps
0.706 perplexity: 62627230544613851215700423969007067009491570725978902202814245419817037146809957230160017075374721927020642868234953994820059887724566905669980474240254903677219658864073266442959877587100250843119616.000 speed: 4688 wps
0.806 perplexity: 74113489413034498625368830827213455602667012569777932813596978593190789582065060913888547855544494112646137831792157073752689521163988926471696566780391352883320307795918011471233024.000 speed: 4679 wps
0.906 perplexity: 115896145602525830101947748143948485827865633701418629343951652101099390279404198720566118740134222256757565868954058195658693837888786791606460463458580796189595140096.000 speed: 4681 wps
Epoch: 2 Train Perplexity: 81447682953350197464503245078738614853484754562488988279748955845103813365249234824685643795042315670124370140988310031750609233374375782492663371099418541424640.000
Epoch: 2 Valid Perplexity: 542477636304313629042241006642500724748328005692632535871606978596831232.000
Epoch: 3 Learning rate: 1.000
0.008 perplexity: 73484574854747770585088.000 speed: 4657 wps
0.108 perplexity: 7628656658745374889930031199904222054187008.000 speed: 4671 wps
0.207 perplexity: 3728569467897705363289271658920794706647618305852445480584216576.000 speed: 4682 wps
0.307 perplexity: 1197881487991243375903888049399930380698700149437109956231211043387398347030528.000 speed: 4685 wps
0.407 perplexity: 296165427120279458150342711175427572216179597715750426223595743084544.000 speed: 4682 wps
0.507 perplexity: 993635672142892016621246027758541949430859490865617938939904.000 speed: 4684 wps
0.606 perplexity: 22690131297889192407581765399630365690943333506526031642624.000 speed: 4687 wps
0.706 perplexity: 28267333555738910811039122953676969919502448265789440.000 speed: 4688 wps
0.806 perplexity: 284166590534478943139258994486788524839129841664.000 speed: 4685 wps
0.906 perplexity: 152502745489563642260996815603910394530234368.000 speed: 4688 wps
Epoch: 3 Train Perplexity: 592592344467153001396427176430025467494400.000
Epoch: 3 Valid Perplexity: 1296.981
Epoch: 4 Learning rate: 1.000
0.008 perplexity: 1204257.613 speed: 4684 wps
0.108 perplexity: 62791873155.175 speed: 4666 wps
0.207 perplexity: 86651718713939.688 speed: 4675 wps
0.307 perplexity: 9801312817788.855 speed: 4684 wps
0.407 perplexity: 8099131132796.235 speed: 4659 wps
0.507 perplexity: 183561282088908.688 speed: 4664 wps
0.606 perplexity: 49254067014666.617 speed: 4671 wps
0.706 perplexity: 16874639465769.109 speed: 4676 wps
0.806 perplexity: 4834276623338.786 speed: 4675 wps
0.906 perplexity: 3693149068628.761 speed: 4678 wps
Epoch: 4 Train Perplexity: 1143357093816.448
Epoch: 4 Valid Perplexity: 1059.225
Epoch: 5 Learning rate: 0.800
0.008 perplexity: 293285.210 speed: 4615 wps
0.108 perplexity: 15466.655 speed: 4625 wps
0.207 perplexity: 47238.547 speed: 4632 wps
0.307 perplexity: 95088.252 speed: 4629 wps
0.407 perplexity: 78430.110 speed: 4630 wps
0.507 perplexity: 109167.768 speed: 4625 wps
0.606 perplexity: 110385.402 speed: 4626 wps
0.706 perplexity: 82099.631 speed: 4626 wps
0.806 perplexity: 117421.127 speed: 4625 wps
0.906 perplexity: 93964.118 speed: 4628 wps
Epoch: 5 Train Perplexity: 100842.244
Epoch: 5 Valid Perplexity: 1063.224
Epoch: 6 Learning rate: 0.640
0.008 perplexity: 2415.203 speed: 4626 wps
0.108 perplexity: 3229.897 speed: 4556 wps
0.207 perplexity: 3270.582 speed: 4584 wps
0.307 perplexity: 3141.208 speed: 4595 wps
0.407 perplexity: 3437.910 speed: 4601 wps
0.507 perplexity: 3801.974 speed: 4599 wps
0.606 perplexity: 3417.238 speed: 4602 wps
0.706 perplexity: 3332.844 speed: 4606 wps
0.806 perplexity: 3235.575 speed: 4607 wps
0.906 perplexity: 3342.622 speed: 4610 wps
Epoch: 6 Train Perplexity: 3235.386
Epoch: 6 Valid Perplexity: 567.147
Epoch: 7 Learning rate: 0.512
0.008 perplexity: 947.554 speed: 4603 wps
0.108 perplexity: 1175.607 speed: 4597 wps
0.207 perplexity: 1073.494 speed: 4612 wps
0.307 perplexity: 1035.693 speed: 4627 wps
0.407 perplexity: 1036.542 speed: 4625 wps
0.507 perplexity: 1026.004 speed: 4623 wps
0.606 perplexity: 1042.173 speed: 4625 wps
0.706 perplexity: 1041.687 speed: 4625 wps
0.806 perplexity: 1027.110 speed: 4614 wps
0.906 perplexity: 1034.161 speed: 4616 wps
Epoch: 7 Train Perplexity: 1042.360
Epoch: 7 Valid Perplexity: 685.457
Epoch: 8 Learning rate: 0.410
0.008 perplexity: 853.978 speed: 4621 wps
0.108 perplexity: 753.314 speed: 4613 wps
0.207 perplexity: 729.078 speed: 4616 wps
0.307 perplexity: 731.406 speed: 4620 wps
0.407 perplexity: 732.501 speed: 4623 wps
0.507 perplexity: 732.194 speed: 4621 wps
0.606 perplexity: 734.238 speed: 4623 wps
0.706 perplexity: 732.932 speed: 4624 wps
0.806 perplexity: 729.774 speed: 4622 wps
0.906 perplexity: 726.661 speed: 4623 wps
Epoch: 8 Train Perplexity: 722.920
Epoch: 8 Valid Perplexity: 1571.476
Epoch: 9 Learning rate: 0.328
0.008 perplexity: 682.404 speed: 4608 wps
0.108 perplexity: 610.641 speed: 4609 wps
0.207 perplexity: 599.809 speed: 4626 wps
0.307 perplexity: 600.398 speed: 4630 wps
0.407 perplexity: 597.815 speed: 4632 wps
0.507 perplexity: 595.284 speed: 4614 wps
0.606 perplexity: 596.036 speed: 4619 wps
0.706 perplexity: 594.832 speed: 4626 wps
0.806 perplexity: 593.982 speed: 4631 wps
0.906 perplexity: 592.102 speed: 4639 wps
Epoch: 9 Train Perplexity: 591.859
Epoch: 9 Valid Perplexity: 359.557
Epoch: 10 Learning rate: 0.262
0.008 perplexity: 551.109 speed: 4655 wps
0.108 perplexity: 533.191 speed: 4692 wps
0.207 perplexity: 530.865 speed: 4681 wps
0.307 perplexity: 530.170 speed: 4687 wps
0.407 perplexity: 528.065 speed: 4690 wps
0.507 perplexity: 524.998 speed: 4683 wps
0.606 perplexity: 526.882 speed: 4684 wps
0.706 perplexity: 525.091 speed: 4684 wps
0.806 perplexity: 523.367 speed: 4681 wps
0.906 perplexity: 522.111 speed: 4683 wps
Epoch: 10 Train Perplexity: 520.760
Epoch: 10 Valid Perplexity: 430.727
Epoch: 11 Learning rate: 0.210
0.008 perplexity: 511.578 speed: 4678 wps
0.108 perplexity: 486.111 speed: 4690 wps
0.207 perplexity: 483.896 speed: 4650 wps
0.307 perplexity: 483.957 speed: 4664 wps
0.407 perplexity: 482.104 speed: 4669 wps
0.507 perplexity: 479.472 speed: 4667 wps
0.606 perplexity: 481.086 speed: 4670 wps
0.706 perplexity: 479.515 speed: 4672 wps
0.806 perplexity: 478.151 speed: 4674 wps
0.906 perplexity: 477.101 speed: 4672 wps
Epoch: 11 Train Perplexity: 475.853
Epoch: 11 Valid Perplexity: 342.081
Epoch: 12 Learning rate: 0.168
0.008 perplexity: 482.876 speed: 4665 wps
0.108 perplexity: 451.444 speed: 4691 wps
0.207 perplexity: 450.671 speed: 4677 wps
0.307 perplexity: 450.093 speed: 4680 wps
0.407 perplexity: 448.758 speed: 4682 wps
0.507 perplexity: 446.670 speed: 4681 wps
0.606 perplexity: 448.047 speed: 4681 wps
0.706 perplexity: 446.633 speed: 4681 wps
0.806 perplexity: 445.525 speed: 4683 wps
0.906 perplexity: 444.411 speed: 4677 wps
Epoch: 12 Train Perplexity: 443.343
Epoch: 12 Valid Perplexity: 361.626
Epoch: 13 Learning rate: 0.134
0.008 perplexity: 466.139 speed: 4661 wps
0.108 perplexity: 425.789 speed: 4687 wps
0.207 perplexity: 425.972 speed: 4674 wps
0.307 perplexity: 424.555 speed: 4676 wps
0.407 perplexity: 423.188 speed: 4678 wps
0.507 perplexity: 421.988 speed: 4679 wps
0.606 perplexity: 423.090 speed: 4677 wps
0.706 perplexity: 421.829 speed: 4678 wps
0.806 perplexity: 420.795 speed: 4679 wps
0.906 perplexity: 419.925 speed: 4676 wps
Epoch: 13 Train Perplexity: 418.945
Epoch: 13 Valid Perplexity: 327.070
Epoch: 14 Learning rate: 0.107
0.008 perplexity: 447.481 speed: 4660 wps
0.108 perplexity: 406.471 speed: 4678 wps
0.207 perplexity: 406.250 speed: 4675 wps
0.307 perplexity: 404.960 speed: 4681 wps
0.407 perplexity: 404.662 speed: 4680 wps
0.507 perplexity: 403.117 speed: 4681 wps
0.606 perplexity: 403.933 speed: 4669 wps
0.706 perplexity: 402.864 speed: 4672 wps
0.806 perplexity: 402.101 speed: 4674 wps
0.906 perplexity: 401.339 speed: 4672 wps
Epoch: 14 Train Perplexity: 400.449
Epoch: 14 Valid Perplexity: 336.303
Epoch: 15 Learning rate: 0.086
0.008 perplexity: 412.191 speed: 4631 wps
0.108 perplexity: 387.790 speed: 4682 wps
0.207 perplexity: 389.691 speed: 4674 wps
0.307 perplexity: 388.961 speed: 4676 wps
0.407 perplexity: 388.479 speed: 4681 wps
0.507 perplexity: 387.484 speed: 4683 wps
0.606 perplexity: 388.202 speed: 4678 wps
0.706 perplexity: 387.076 speed: 4678 wps
0.806 perplexity: 386.404 speed: 4678 wps
0.906 perplexity: 385.760 speed: 4676 wps
Epoch: 15 Train Perplexity: 385.128
Epoch: 15 Valid Perplexity: 320.678
Epoch: 16 Learning rate: 0.069
0.008 perplexity: 378.671 speed: 4653 wps
0.108 perplexity: 375.158 speed: 4676 wps
0.207 perplexity: 377.418 speed: 4679 wps
0.307 perplexity: 376.802 speed: 4658 wps
0.407 perplexity: 376.355 speed: 4664 wps
0.507 perplexity: 375.647 speed: 4666 wps
0.606 perplexity: 376.453 speed: 4665 wps
0.706 perplexity: 375.323 speed: 4667 wps
0.806 perplexity: 374.751 speed: 4669 wps
0.906 perplexity: 374.272 speed: 4670 wps
Epoch: 16 Train Perplexity: 373.759
Epoch: 16 Valid Perplexity: 314.234
Epoch: 17 Learning rate: 0.055
0.008 perplexity: 364.093 speed: 4655 wps
0.108 perplexity: 366.965 speed: 4673 wps
0.207 perplexity: 368.781 speed: 4672 wps
0.307 perplexity: 367.931 speed: 4668 wps
0.407 perplexity: 367.569 speed: 4671 wps
0.507 perplexity: 366.798 speed: 4675 wps
0.606 perplexity: 367.654 speed: 4672 wps
0.706 perplexity: 366.521 speed: 4673 wps
0.806 perplexity: 365.991 speed: 4676 wps
0.906 perplexity: 365.575 speed: 4676 wps
Epoch: 17 Train Perplexity: 365.237
Epoch: 17 Valid Perplexity: 312.398
Epoch: 18 Learning rate: 0.044
0.008 perplexity: 346.193 speed: 4608 wps
0.108 perplexity: 359.656 speed: 4672 wps
0.207 perplexity: 361.539 speed: 4676 wps
0.307 perplexity: 361.188 speed: 4672 wps
0.407 perplexity: 360.715 speed: 4671 wps
0.507 perplexity: 360.072 speed: 4675 wps
0.606 perplexity: 360.886 speed: 4674 wps
0.706 perplexity: 359.962 speed: 4674 wps
0.806 perplexity: 359.319 speed: 4675 wps
0.906 perplexity: 358.872 speed: 4674 wps
Epoch: 18 Train Perplexity: 358.411
Epoch: 18 Valid Perplexity: 312.175
Epoch: 19 Learning rate: 0.035
0.008 perplexity: 341.375 speed: 4647 wps
0.108 perplexity: 354.687 speed: 4675 wps
0.207 perplexity: 356.401 speed: 4678 wps
0.307 perplexity: 355.602 speed: 4672 wps
0.407 perplexity: 355.319 speed: 4677 wps
0.507 perplexity: 355.015 speed: 4678 wps
0.606 perplexity: 355.771 speed: 4679 wps
0.706 perplexity: 354.763 speed: 4667 wps
0.806 perplexity: 354.296 speed: 4668 wps
0.906 perplexity: 353.543 speed: 4669 wps
Epoch: 19 Train Perplexity: 353.073
Epoch: 19 Valid Perplexity: 310.403
Epoch: 20 Learning rate: 0.028
0.008 perplexity: 352.969 speed: 4640 wps
0.108 perplexity: 352.202 speed: 4672 wps
0.207 perplexity: 352.113 speed: 4679 wps
0.307 perplexity: 351.900 speed: 4674 wps
0.407 perplexity: 351.300 speed: 4677 wps
0.507 perplexity: 350.778 speed: 4678 wps
0.606 perplexity: 351.612 speed: 4679 wps
0.706 perplexity: 350.623 speed: 4677 wps
0.806 perplexity: 350.033 speed: 4678 wps
0.906 perplexity: 349.323 speed: 4679 wps
Epoch: 20 Train Perplexity: 348.939
Epoch: 20 Valid Perplexity: 307.354
Epoch: 21 Learning rate: 0.023
0.008 perplexity: 347.793 speed: 4688 wps
0.108 perplexity: 348.338 speed: 4686 wps
0.207 perplexity: 348.766 speed: 4689 wps
0.307 perplexity: 347.701 speed: 4688 wps
0.407 perplexity: 347.380 speed: 4669 wps
0.507 perplexity: 347.190 speed: 4671 wps
0.606 perplexity: 348.188 speed: 4673 wps
0.706 perplexity: 347.312 speed: 4672 wps
0.806 perplexity: 346.578 speed: 4672 wps
0.906 perplexity: 345.874 speed: 4673 wps
Epoch: 21 Train Perplexity: 345.588
Epoch: 21 Valid Perplexity: 309.190
Epoch: 22 Learning rate: 0.018
0.008 perplexity: 353.081 speed: 4677 wps
0.108 perplexity: 347.167 speed: 4684 wps
0.207 perplexity: 346.456 speed: 4683 wps
0.307 perplexity: 345.527 speed: 4682 wps
0.407 perplexity: 345.196 speed: 4678 wps
0.507 perplexity: 344.713 speed: 4681 wps
0.606 perplexity: 345.847 speed: 4682 wps
0.706 perplexity: 344.567 speed: 4679 wps
0.806 perplexity: 343.948 speed: 4680 wps
0.906 perplexity: 343.179 speed: 4681 wps
Epoch: 22 Train Perplexity: 342.920
Epoch: 22 Valid Perplexity: 309.998
Epoch: 23 Learning rate: 0.014
0.008 perplexity: 354.194 speed: 3591 wps
0.108 perplexity: 345.694 speed: 4576 wps
0.207 perplexity: 344.504 speed: 4627 wps
0.307 perplexity: 343.310 speed: 4645 wps
0.407 perplexity: 343.246 speed: 4649 wps
0.507 perplexity: 342.548 speed: 4657 wps
0.606 perplexity: 343.766 speed: 4661 wps
0.706 perplexity: 342.562 speed: 4662 wps
0.806 perplexity: 342.032 speed: 4665 wps
0.906 perplexity: 341.197 speed: 4668 wps
Epoch: 23 Train Perplexity: 340.876
Epoch: 23 Valid Perplexity: 308.337
Epoch: 24 Learning rate: 0.012
0.008 perplexity: 344.230 speed: 4669 wps
0.108 perplexity: 342.922 speed: 4651 wps
0.207 perplexity: 341.751 speed: 4671 wps
0.307 perplexity: 341.226 speed: 4673 wps
0.407 perplexity: 340.768 speed: 4670 wps
0.507 perplexity: 340.513 speed: 4673 wps
0.606 perplexity: 341.776 speed: 4674 wps
0.706 perplexity: 340.603 speed: 4675 wps
0.806 perplexity: 340.110 speed: 4672 wps
0.906 perplexity: 339.337 speed: 4673 wps
Epoch: 24 Train Perplexity: 339.089
Epoch: 24 Valid Perplexity: 309.032
Epoch: 25 Learning rate: 0.009
0.008 perplexity: 338.627 speed: 4657 wps
0.108 perplexity: 342.720 speed: 4660 wps
0.207 perplexity: 341.046 speed: 4664 wps
0.307 perplexity: 339.971 speed: 4665 wps
0.407 perplexity: 339.617 speed: 4663 wps
0.507 perplexity: 339.112 speed: 4666 wps
0.606 perplexity: 340.554 speed: 4669 wps
0.706 perplexity: 339.437 speed: 4672 wps
0.806 perplexity: 338.928 speed: 4671 wps
0.906 perplexity: 338.079 speed: 4672 wps
Epoch: 25 Train Perplexity: 337.825
Epoch: 25 Valid Perplexity: 308.827
Epoch: 26 Learning rate: 0.007
0.008 perplexity: 340.901 speed: 4661 wps
0.108 perplexity: 341.620 speed: 4664 wps
0.207 perplexity: 339.637 speed: 4674 wps
0.307 perplexity: 338.979 speed: 4673 wps
0.407 perplexity: 338.476 speed: 4662 wps
0.507 perplexity: 337.910 speed: 4667 wps
0.606 perplexity: 339.458 speed: 4670 wps
0.706 perplexity: 338.253 speed: 4672 wps
0.806 perplexity: 337.738 speed: 4672 wps
0.906 perplexity: 336.892 speed: 4673 wps
Epoch: 26 Train Perplexity: 336.535
Epoch: 26 Valid Perplexity: 308.942
Epoch: 27 Learning rate: 0.006
0.008 perplexity: 347.226 speed: 4644 wps
0.108 perplexity: 341.318 speed: 4653 wps
0.207 perplexity: 338.936 speed: 4667 wps
0.307 perplexity: 338.068 speed: 4671 wps
0.407 perplexity: 337.701 speed: 4677 wps
0.507 perplexity: 336.995 speed: 4673 wps
0.606 perplexity: 338.868 speed: 4676 wps
0.706 perplexity: 337.278 speed: 4677 wps
0.806 perplexity: 336.923 speed: 4677 wps
0.906 perplexity: 335.962 speed: 4677 wps
Epoch: 27 Train Perplexity: 335.820
Epoch: 27 Valid Perplexity: 308.513
Epoch: 28 Learning rate: 0.005
0.008 perplexity: 339.603 speed: 4655 wps
0.108 perplexity: 340.812 speed: 4628 wps
0.207 perplexity: 337.830 speed: 4654 wps
0.307 perplexity: 337.441 speed: 4671 wps
0.407 perplexity: 337.033 speed: 4673 wps
0.507 perplexity: 336.224 speed: 4673 wps
0.606 perplexity: 338.033 speed: 4676 wps
0.706 perplexity: 336.621 speed: 4677 wps
0.806 perplexity: 336.299 speed: 4676 wps
0.906 perplexity: 335.166 speed: 4678 wps
Epoch: 28 Train Perplexity: 335.087
Epoch: 28 Valid Perplexity: 308.327
Epoch: 29 Learning rate: 0.004
0.008 perplexity: 345.190 speed: 4669 wps
0.108 perplexity: 339.969 speed: 4686 wps
0.207 perplexity: 336.811 speed: 4675 wps
0.307 perplexity: 336.923 speed: 4678 wps
0.407 perplexity: 336.588 speed: 4680 wps
0.507 perplexity: 335.947 speed: 4676 wps
0.606 perplexity: 337.598 speed: 4677 wps
0.706 perplexity: 336.256 speed: 4677 wps
0.806 perplexity: 335.661 speed: 4667 wps
0.906 perplexity: 334.581 speed: 4669 wps
Epoch: 29 Train Perplexity: 334.540
Epoch: 29 Valid Perplexity: 308.121
Epoch: 30 Learning rate: 0.003
0.008 perplexity: 356.458 speed: 4664 wps
0.108 perplexity: 340.706 speed: 4674 wps
0.207 perplexity: 337.378 speed: 4670 wps
0.307 perplexity: 337.019 speed: 4674 wps
0.407 perplexity: 336.305 speed: 4677 wps
0.507 perplexity: 335.900 speed: 4674 wps
0.606 perplexity: 337.427 speed: 4674 wps
0.706 perplexity: 336.192 speed: 4674 wps
0.806 perplexity: 335.444 speed: 4675 wps
0.906 perplexity: 334.286 speed: 4673 wps
Epoch: 30 Train Perplexity: 334.338
Epoch: 30 Valid Perplexity: 308.318
Saving model to data/fast_base/rnnlm.
