./run_newlm.sh --the-lm fast --embed-method base --hidden-size 300 --num-layers 1 --batch-size 64 --keep-prob 0.8 --max-epoch 25
=====================================================================================
Usage of this scipt:
  ./run_newlm.sh <the-lm>(language-model) <embed-method>(embedding-method)
The scipt provides three kinds of language model and three embedding methods as well
	Language Models: rnnlm lstmlm fast(lstm_fast) 
	Embedding Methods: skipgram cbow glove 
If you want to train the word embeddings during the neural network training: 
  the embedding method can be set as base, which means it is the basic method.
For example: 
  ./run_newlm.sh --the-lm rnnlm --embed-method skipgram
=====================================================================================
-----------------------------------
     Train/Dev Data Preparation    
-----------------------------------
Getting train and validation sets.
-----------------------------------
     Data Preparation Finished!    
-----------------------------------
-----------------------------------
  Vocabulary Preparation Finished! 
-----------------------------------
Epoch: 1 Learning rate: 1.000
0.008 perplexity: inf speed: 4524 wps
0.108 perplexity: inf speed: 5617 wps
0.207 perplexity: inf speed: 5664 wps
0.307 perplexity: inf speed: 5677 wps
0.407 perplexity: inf speed: 5684 wps
0.507 perplexity: inf speed: 5676 wps
0.606 perplexity: inf speed: 5662 wps
0.706 perplexity: inf speed: 5648 wps
0.806 perplexity: inf speed: 5637 wps
0.906 perplexity: inf speed: 5623 wps
Epoch: 1 Train Perplexity: inf
Epoch: 1 Valid Perplexity: 4719.416
Epoch: 2 Learning rate: 1.000
0.008 perplexity: 116630838774367359675141759229169151460705199718400.000 speed: 5506 wps
0.108 perplexity: inf speed: 5531 wps
0.207 perplexity: inf speed: 5534 wps
0.307 perplexity: inf speed: 5527 wps
0.407 perplexity: inf speed: 5528 wps
0.507 perplexity: inf speed: 5530 wps
0.606 perplexity: inf speed: 5532 wps
0.706 perplexity: inf speed: 5529 wps
0.806 perplexity: inf speed: 5528 wps
0.906 perplexity: inf speed: 5529 wps
Epoch: 2 Train Perplexity: inf
Epoch: 2 Valid Perplexity: 3531614023.831
Epoch: 3 Learning rate: 1.000
0.008 perplexity: 12290585165601933885256319522492272466743373848187271425725375740300559170666496.000 speed: 5502 wps
0.108 perplexity: 841495816164710385369153026218677244002304.000 speed: 5491 wps
0.207 perplexity: 913099895280137358136331504048930816.000 speed: 5516 wps
0.307 perplexity: 2983420056641166167602353634746945819901952.000 speed: 5525 wps
0.407 perplexity: 45058468317246473413772599133731739926528.000 speed: 5528 wps
0.507 perplexity: 14776971741975700356803900341810626560.000 speed: 5526 wps
0.606 perplexity: 18211044893461880517534580356415488.000 speed: 5528 wps
0.706 perplexity: 207069561549239199776169799974912.000 speed: 5529 wps
0.806 perplexity: 673304205333251417141554446336.000 speed: 5531 wps
0.906 perplexity: 177794058544702984055406198784.000 speed: 5530 wps
Epoch: 3 Train Perplexity: 30158000356899396520069038080.000
Epoch: 3 Valid Perplexity: 1590.823
Epoch: 4 Learning rate: 1.000
0.008 perplexity: 5915.628 speed: 5493 wps
0.108 perplexity: 23904698151.351 speed: 5543 wps
0.207 perplexity: 658724309532732.375 speed: 5545 wps
0.307 perplexity: 975469408682050.500 speed: 5537 wps
0.407 perplexity: 2995082596669246.000 speed: 5540 wps
0.507 perplexity: 10587830697112366.000 speed: 5540 wps
0.606 perplexity: 4641335407485049.000 speed: 5544 wps
0.706 perplexity: 604099703696561.125 speed: 5540 wps
0.806 perplexity: 157003515511851.906 speed: 5542 wps
0.906 perplexity: 41790741291962.539 speed: 5542 wps
Epoch: 4 Train Perplexity: 18220296470530.617
Epoch: 4 Valid Perplexity: 2335.193
Epoch: 5 Learning rate: 0.800
0.008 perplexity: 1710.568 speed: 5509 wps
0.108 perplexity: 169754.951 speed: 5477 wps
0.207 perplexity: 242229.249 speed: 5509 wps
0.307 perplexity: 149498.314 speed: 5516 wps
0.407 perplexity: 123545.354 speed: 5523 wps
0.507 perplexity: 190518.485 speed: 5520 wps
0.606 perplexity: 232275.046 speed: 5524 wps
0.706 perplexity: 195893.288 speed: 5525 wps
0.806 perplexity: 191865.749 speed: 5528 wps
0.906 perplexity: 182006.311 speed: 5526 wps
Epoch: 5 Train Perplexity: 163736.512
Epoch: 5 Valid Perplexity: 1173.396
Epoch: 6 Learning rate: 0.640
0.008 perplexity: 13476.687 speed: 5484 wps
0.108 perplexity: 4606.769 speed: 5525 wps
0.207 perplexity: 4226.193 speed: 5528 wps
0.307 perplexity: 3845.261 speed: 5523 wps
0.407 perplexity: 4128.856 speed: 5527 wps
0.507 perplexity: 4033.866 speed: 5528 wps
0.606 perplexity: 4512.339 speed: 5527 wps
0.706 perplexity: 4508.589 speed: 5525 wps
0.806 perplexity: 4441.061 speed: 5525 wps
0.906 perplexity: 4160.850 speed: 5526 wps
Epoch: 6 Train Perplexity: 4190.064
Epoch: 6 Valid Perplexity: 17616870.112
Epoch: 7 Learning rate: 0.512
0.008 perplexity: 2427.709 speed: 5505 wps
0.108 perplexity: 1277.219 speed: 5427 wps
0.207 perplexity: 1213.793 speed: 5478 wps
0.307 perplexity: 1177.333 speed: 5496 wps
0.407 perplexity: 1184.711 speed: 5507 wps
0.507 perplexity: 1170.483 speed: 5509 wps
0.606 perplexity: 1162.103 speed: 5513 wps
0.706 perplexity: 1142.177 speed: 5520 wps
0.806 perplexity: 1151.626 speed: 5520 wps
0.906 perplexity: 1142.138 speed: 5518 wps
Epoch: 7 Train Perplexity: 1138.204
Epoch: 7 Valid Perplexity: 743.020
Epoch: 8 Learning rate: 0.410
0.008 perplexity: 832.640 speed: 5451 wps
0.108 perplexity: 786.510 speed: 5513 wps
0.207 perplexity: 768.006 speed: 5519 wps
0.307 perplexity: 770.336 speed: 5513 wps
0.407 perplexity: 769.343 speed: 5516 wps
0.507 perplexity: 771.182 speed: 5519 wps
0.606 perplexity: 772.800 speed: 5519 wps
0.706 perplexity: 774.937 speed: 5516 wps
0.806 perplexity: 773.248 speed: 5517 wps
0.906 perplexity: 767.183 speed: 5518 wps
Epoch: 8 Train Perplexity: 764.293
Epoch: 8 Valid Perplexity: 442.949
Epoch: 9 Learning rate: 0.328
0.008 perplexity: 676.226 speed: 5451 wps
0.108 perplexity: 640.744 speed: 5422 wps
0.207 perplexity: 633.067 speed: 5469 wps
0.307 perplexity: 633.157 speed: 5485 wps
0.407 perplexity: 632.065 speed: 5493 wps
0.507 perplexity: 628.273 speed: 5494 wps
0.606 perplexity: 629.565 speed: 5500 wps
0.706 perplexity: 626.948 speed: 5504 wps
0.806 perplexity: 625.179 speed: 5505 wps
0.906 perplexity: 622.743 speed: 5504 wps
Epoch: 9 Train Perplexity: 620.332
Epoch: 9 Valid Perplexity: 503.169
Epoch: 10 Learning rate: 0.262
0.008 perplexity: 610.179 speed: 5510 wps
0.108 perplexity: 565.354 speed: 5523 wps
0.207 perplexity: 558.890 speed: 5524 wps
0.307 perplexity: 559.196 speed: 5515 wps
0.407 perplexity: 556.501 speed: 5517 wps
0.507 perplexity: 553.487 speed: 5519 wps
0.606 perplexity: 555.255 speed: 5520 wps
0.706 perplexity: 553.943 speed: 5517 wps
0.806 perplexity: 552.442 speed: 5522 wps
0.906 perplexity: 551.013 speed: 5522 wps
Epoch: 10 Train Perplexity: 549.323
Epoch: 10 Valid Perplexity: 439.739
Epoch: 11 Learning rate: 0.210
0.008 perplexity: 529.033 speed: 5491 wps
0.108 perplexity: 516.473 speed: 5422 wps
0.207 perplexity: 512.174 speed: 5468 wps
0.307 perplexity: 512.742 speed: 5485 wps
0.407 perplexity: 510.799 speed: 5495 wps
0.507 perplexity: 508.227 speed: 5494 wps
0.606 perplexity: 510.048 speed: 5498 wps
0.706 perplexity: 509.019 speed: 5502 wps
0.806 perplexity: 507.624 speed: 5505 wps
0.906 perplexity: 506.391 speed: 5505 wps
Epoch: 11 Train Perplexity: 505.127
Epoch: 11 Valid Perplexity: 396.349
Epoch: 12 Learning rate: 0.168
0.008 perplexity: 496.739 speed: 5485 wps
0.108 perplexity: 482.046 speed: 5526 wps
0.207 perplexity: 479.183 speed: 5525 wps
0.307 perplexity: 479.704 speed: 5518 wps
0.407 perplexity: 477.575 speed: 5519 wps
0.507 perplexity: 475.319 speed: 5521 wps
0.606 perplexity: 477.181 speed: 5522 wps
0.706 perplexity: 476.258 speed: 5519 wps
0.806 perplexity: 474.868 speed: 5520 wps
0.906 perplexity: 473.837 speed: 5521 wps
Epoch: 12 Train Perplexity: 472.770
Epoch: 12 Valid Perplexity: 368.250
Epoch: 13 Learning rate: 0.134
0.008 perplexity: 469.417 speed: 5432 wps
0.108 perplexity: 455.459 speed: 5429 wps
0.207 perplexity: 454.981 speed: 5478 wps
0.307 perplexity: 455.159 speed: 5491 wps
0.407 perplexity: 453.346 speed: 5499 wps
0.507 perplexity: 451.042 speed: 5502 wps
0.606 perplexity: 453.042 speed: 5506 wps
0.706 perplexity: 452.016 speed: 5509 wps
0.806 perplexity: 450.903 speed: 5503 wps
0.906 perplexity: 449.977 speed: 5500 wps
Epoch: 13 Train Perplexity: 449.085
Epoch: 13 Valid Perplexity: 327.346
Epoch: 14 Learning rate: 0.107
0.008 perplexity: 465.205 speed: 5458 wps
0.108 perplexity: 435.084 speed: 5475 wps
0.207 perplexity: 435.459 speed: 5477 wps
0.307 perplexity: 435.173 speed: 5476 wps
0.407 perplexity: 434.086 speed: 5482 wps
0.507 perplexity: 432.430 speed: 5485 wps
0.606 perplexity: 434.218 speed: 5488 wps
0.706 perplexity: 433.176 speed: 5485 wps
0.806 perplexity: 432.208 speed: 5488 wps
0.906 perplexity: 431.479 speed: 5489 wps
Epoch: 14 Train Perplexity: 430.632
Epoch: 14 Valid Perplexity: 325.541
Epoch: 15 Learning rate: 0.086
0.008 perplexity: 449.537 speed: 5460 wps
0.108 perplexity: 419.406 speed: 5386 wps
0.207 perplexity: 420.583 speed: 5437 wps
0.307 perplexity: 420.174 speed: 5461 wps
0.407 perplexity: 418.840 speed: 5472 wps
0.507 perplexity: 417.658 speed: 5474 wps
0.606 perplexity: 419.104 speed: 5481 wps
0.706 perplexity: 418.319 speed: 5486 wps
0.806 perplexity: 417.567 speed: 5490 wps
0.906 perplexity: 416.846 speed: 5490 wps
Epoch: 15 Train Perplexity: 416.006
Epoch: 15 Valid Perplexity: 318.576
Epoch: 16 Learning rate: 0.069
0.008 perplexity: 446.470 speed: 5493 wps
0.108 perplexity: 409.150 speed: 5515 wps
0.207 perplexity: 409.146 speed: 5517 wps
0.307 perplexity: 408.328 speed: 5508 wps
0.407 perplexity: 407.731 speed: 5507 wps
0.507 perplexity: 406.604 speed: 5510 wps
0.606 perplexity: 407.659 speed: 5513 wps
0.706 perplexity: 407.121 speed: 5510 wps
0.806 perplexity: 406.411 speed: 5510 wps
0.906 perplexity: 405.786 speed: 5511 wps
Epoch: 16 Train Perplexity: 405.069
Epoch: 16 Valid Perplexity: 316.489
Epoch: 17 Learning rate: 0.055
0.008 perplexity: 440.805 speed: 5483 wps
0.108 perplexity: 401.217 speed: 5431 wps
0.207 perplexity: 401.194 speed: 5469 wps
0.307 perplexity: 400.128 speed: 5482 wps
0.407 perplexity: 399.418 speed: 5492 wps
0.507 perplexity: 398.263 speed: 5490 wps
0.606 perplexity: 399.358 speed: 5494 wps
0.706 perplexity: 398.885 speed: 5498 wps
0.806 perplexity: 398.182 speed: 5501 wps
0.906 perplexity: 397.548 speed: 5501 wps
Epoch: 17 Train Perplexity: 397.086
Epoch: 17 Valid Perplexity: 317.604
Epoch: 18 Learning rate: 0.044
0.008 perplexity: 400.998 speed: 5508 wps
0.108 perplexity: 391.435 speed: 5517 wps
0.207 perplexity: 393.289 speed: 5513 wps
0.307 perplexity: 393.053 speed: 5507 wps
0.407 perplexity: 392.449 speed: 5512 wps
0.507 perplexity: 392.020 speed: 5513 wps
0.606 perplexity: 392.946 speed: 5516 wps
0.706 perplexity: 392.386 speed: 5516 wps
0.806 perplexity: 391.784 speed: 5517 wps
0.906 perplexity: 391.348 speed: 5518 wps
Epoch: 18 Train Perplexity: 390.910
Epoch: 18 Valid Perplexity: 313.479
Epoch: 19 Learning rate: 0.035
0.008 perplexity: 391.617 speed: 5515 wps
0.108 perplexity: 385.677 speed: 5416 wps
0.207 perplexity: 388.684 speed: 5469 wps
0.307 perplexity: 388.155 speed: 5486 wps
0.407 perplexity: 387.544 speed: 5495 wps
0.507 perplexity: 386.874 speed: 5494 wps
0.606 perplexity: 388.095 speed: 5499 wps
0.706 perplexity: 387.338 speed: 5503 wps
0.806 perplexity: 386.817 speed: 5508 wps
0.906 perplexity: 386.327 speed: 5509 wps
Epoch: 19 Train Perplexity: 385.891
Epoch: 19 Valid Perplexity: 314.190
Epoch: 20 Learning rate: 0.028
0.008 perplexity: 378.403 speed: 5540 wps
0.108 perplexity: 381.393 speed: 5551 wps
0.207 perplexity: 384.364 speed: 5525 wps
0.307 perplexity: 384.147 speed: 5517 wps
0.407 perplexity: 383.670 speed: 5519 wps
0.507 perplexity: 382.882 speed: 5520 wps
0.606 perplexity: 384.023 speed: 5519 wps
0.706 perplexity: 383.185 speed: 5516 wps
0.806 perplexity: 382.517 speed: 5516 wps
0.906 perplexity: 382.214 speed: 5517 wps
Epoch: 20 Train Perplexity: 381.901
Epoch: 20 Valid Perplexity: 312.663
Epoch: 21 Learning rate: 0.023
0.008 perplexity: 372.438 speed: 5442 wps
0.108 perplexity: 378.415 speed: 5407 wps
0.207 perplexity: 380.608 speed: 5463 wps
0.307 perplexity: 380.513 speed: 5481 wps
0.407 perplexity: 380.036 speed: 5490 wps
0.507 perplexity: 379.316 speed: 5489 wps
0.606 perplexity: 380.456 speed: 5493 wps
0.706 perplexity: 379.784 speed: 5497 wps
0.806 perplexity: 379.276 speed: 5500 wps
0.906 perplexity: 378.926 speed: 5500 wps
Epoch: 21 Train Perplexity: 378.760
Epoch: 21 Valid Perplexity: 312.657
Epoch: 22 Learning rate: 0.018
0.008 perplexity: 358.395 speed: 5484 wps
0.108 perplexity: 376.343 speed: 5504 wps
0.207 perplexity: 377.723 speed: 5511 wps
0.307 perplexity: 377.882 speed: 5506 wps
0.407 perplexity: 377.314 speed: 5511 wps
0.507 perplexity: 377.010 speed: 5511 wps
0.606 perplexity: 377.983 speed: 5511 wps
0.706 perplexity: 377.514 speed: 5510 wps
0.806 perplexity: 377.007 speed: 5510 wps
0.906 perplexity: 376.499 speed: 5511 wps
Epoch: 22 Train Perplexity: 376.265
Epoch: 22 Valid Perplexity: 311.816
Epoch: 23 Learning rate: 0.014
0.008 perplexity: 369.321 speed: 5497 wps
0.108 perplexity: 376.005 speed: 5448 wps
0.207 perplexity: 376.546 speed: 5484 wps
0.307 perplexity: 376.170 speed: 5493 wps
0.407 perplexity: 375.750 speed: 5501 wps
0.507 perplexity: 375.375 speed: 5501 wps
0.606 perplexity: 376.736 speed: 5502 wps
0.706 perplexity: 375.868 speed: 5504 wps
0.806 perplexity: 375.300 speed: 5505 wps
0.906 perplexity: 374.601 speed: 5503 wps
Epoch: 23 Train Perplexity: 374.451
Epoch: 23 Valid Perplexity: 311.167
Epoch: 24 Learning rate: 0.012
0.008 perplexity: 384.106 speed: 5494 wps
0.108 perplexity: 374.058 speed: 5510 wps
0.207 perplexity: 374.789 speed: 5515 wps
0.307 perplexity: 374.505 speed: 5509 wps
0.407 perplexity: 373.794 speed: 5511 wps
0.507 perplexity: 373.457 speed: 5512 wps
0.606 perplexity: 374.780 speed: 5514 wps
0.706 perplexity: 374.172 speed: 5512 wps
0.806 perplexity: 373.574 speed: 5512 wps
0.906 perplexity: 372.718 speed: 5513 wps
Epoch: 24 Train Perplexity: 372.643
Epoch: 24 Valid Perplexity: 309.772
Epoch: 25 Learning rate: 0.009
0.008 perplexity: 381.858 speed: 5474 wps
0.108 perplexity: 373.388 speed: 5373 wps
0.207 perplexity: 373.451 speed: 5441 wps
0.307 perplexity: 372.845 speed: 5467 wps
0.407 perplexity: 372.487 speed: 5481 wps
0.507 perplexity: 372.118 speed: 5484 wps
0.606 perplexity: 373.666 speed: 5490 wps
0.706 perplexity: 372.879 speed: 5493 wps
0.806 perplexity: 372.181 speed: 5495 wps
0.906 perplexity: 371.456 speed: 5496 wps
Epoch: 25 Train Perplexity: 371.385
Epoch: 25 Valid Perplexity: 310.447
Epoch: 26 Learning rate: 0.007
0.008 perplexity: 390.419 speed: 5471 wps
0.108 perplexity: 373.169 speed: 5517 wps
0.207 perplexity: 372.834 speed: 5518 wps
0.307 perplexity: 372.065 speed: 5519 wps
0.407 perplexity: 371.703 speed: 5521 wps
0.507 perplexity: 371.339 speed: 5521 wps
0.606 perplexity: 372.761 speed: 5522 wps
0.706 perplexity: 371.747 speed: 5519 wps
0.806 perplexity: 371.286 speed: 5520 wps
0.906 perplexity: 370.490 speed: 5521 wps
Epoch: 26 Train Perplexity: 370.412
Epoch: 26 Valid Perplexity: 310.658
Epoch: 27 Learning rate: 0.006
0.008 perplexity: 384.445 speed: 5463 wps
0.108 perplexity: 373.347 speed: 5455 wps
0.207 perplexity: 372.179 speed: 5488 wps
0.307 perplexity: 371.685 speed: 5499 wps
0.407 perplexity: 371.277 speed: 5506 wps
0.507 perplexity: 370.833 speed: 5504 wps
0.606 perplexity: 372.370 speed: 5506 wps
0.706 perplexity: 371.173 speed: 5507 wps
0.806 perplexity: 370.768 speed: 5508 wps
0.906 perplexity: 369.990 speed: 5507 wps
Epoch: 27 Train Perplexity: 369.910
Epoch: 27 Valid Perplexity: 310.234
Epoch: 28 Learning rate: 0.005
0.008 perplexity: 377.377 speed: 5480 wps
0.108 perplexity: 372.056 speed: 5519 wps
0.207 perplexity: 370.927 speed: 5519 wps
0.307 perplexity: 370.386 speed: 5514 wps
0.407 perplexity: 370.020 speed: 5513 wps
0.507 perplexity: 369.716 speed: 5516 wps
0.606 perplexity: 371.239 speed: 5518 wps
0.706 perplexity: 370.267 speed: 5515 wps
0.806 perplexity: 369.792 speed: 5516 wps
0.906 perplexity: 368.908 speed: 5517 wps
Epoch: 28 Train Perplexity: 368.912
Epoch: 28 Valid Perplexity: 310.648
Epoch: 29 Learning rate: 0.004
0.008 perplexity: 372.703 speed: 5509 wps
0.108 perplexity: 372.643 speed: 5412 wps
0.207 perplexity: 371.068 speed: 5459 wps
0.307 perplexity: 370.172 speed: 5477 wps
0.407 perplexity: 369.522 speed: 5491 wps
0.507 perplexity: 369.108 speed: 5493 wps
0.606 perplexity: 370.876 speed: 5496 wps
0.706 perplexity: 369.828 speed: 5500 wps
0.806 perplexity: 369.311 speed: 5501 wps
0.906 perplexity: 368.536 speed: 5500 wps
Epoch: 29 Train Perplexity: 368.395
Epoch: 29 Valid Perplexity: 310.632
Epoch: 30 Learning rate: 0.003
0.008 perplexity: 382.896 speed: 5469 wps
0.108 perplexity: 371.613 speed: 5519 wps
0.207 perplexity: 370.477 speed: 5521 wps
0.307 perplexity: 369.781 speed: 5512 wps
0.407 perplexity: 369.116 speed: 5513 wps
0.507 perplexity: 368.672 speed: 5514 wps
0.606 perplexity: 370.591 speed: 5515 wps
0.706 perplexity: 369.648 speed: 5511 wps
0.806 perplexity: 369.147 speed: 5512 wps
0.906 perplexity: 368.247 speed: 5513 wps
Epoch: 30 Train Perplexity: 368.234
Epoch: 30 Valid Perplexity: 310.567
Saving model to data/fast_base/rnnlm.
