./run_newlm.sh --the-lm fast --embed-method base --hidden-size 200 --num-layers 1 --batch-size 64 --keep-prob 0.8 --max-epoch 25
=====================================================================================
Usage of this scipt:
  ./run_newlm.sh <the-lm>(language-model) <embed-method>(embedding-method)
The scipt provides three kinds of language model and three embedding methods as well
	Language Models: rnnlm lstmlm fast(lstm_fast) 
	Embedding Methods: skipgram cbow glove 
If you want to train the word embeddings during the neural network training: 
  the embedding method can be set as base, which means it is the basic method.
For example: 
  ./run_newlm.sh --the-lm rnnlm --embed-method skipgram
=====================================================================================
-----------------------------------
     Train/Dev Data Preparation    
-----------------------------------
Getting train and validation sets.
-----------------------------------
     Data Preparation Finished!    
-----------------------------------
-----------------------------------
  Vocabulary Preparation Finished! 
-----------------------------------
Epoch: 1 Learning rate: 1.000
0.008 perplexity: inf speed: 6726 wps
0.108 perplexity: inf speed: 15382 wps
0.207 perplexity: 18425836291068044328020201080088989548765440646795685694968208319600317334717523036627637225821884800655600598593755708733439775190292255250570272848304590589252688963548353737374454959945078747667699392823232441331991814438889882193265970416451584.000 speed: 16534 wps
0.307 perplexity: 27475017351871382510872185099350119763993067784842628891195677762637660410163512939680893191887890100044032917601260417616188664723890995546454506326643384468957753769984.000 speed: 16961 wps
0.407 perplexity: 6783085108979417562573970303020822705821783273160558169145017989412221103983067675418288657039724586278475359268446278530040332288.000 speed: 17190 wps
0.507 perplexity: 4354770223716763003567850066343856413072886321982274454082690557840804566704494913444981504098398380228608.000 speed: 17321 wps
0.606 perplexity: 599328639077172327536460915835882258190042133036432213130590354892222002063458899163348992.000 speed: 17408 wps
0.706 perplexity: 605176050789202197631160275751386759688373155934586766293144387875832491671552.000 speed: 17471 wps
0.806 perplexity: 570264179433819835755873981467753482359730816083817014259004129411072.000 speed: 17521 wps
0.906 perplexity: 44485788121101647482266932085360833053559565440565587042369536.000 speed: 17557 wps
Epoch: 1 Train Perplexity: 176144881599927905283208829318832086057959157535061573632.000
Epoch: 1 Valid Perplexity: 1003.834
Epoch: 2 Learning rate: 1.000
0.008 perplexity: 1593.603 speed: 18016 wps
0.108 perplexity: 3750.665 speed: 17866 wps
0.207 perplexity: 4204.114 speed: 17857 wps
0.307 perplexity: 3312.786 speed: 17828 wps
0.407 perplexity: 3206.212 speed: 17835 wps
0.507 perplexity: 3034.922 speed: 17839 wps
0.606 perplexity: 2861.669 speed: 17847 wps
0.706 perplexity: 2670.284 speed: 17848 wps
0.806 perplexity: 2453.347 speed: 17850 wps
0.906 perplexity: 2330.343 speed: 17858 wps
Epoch: 2 Train Perplexity: 2232.127
Epoch: 2 Valid Perplexity: 599.371
Epoch: 3 Learning rate: 1.000
0.008 perplexity: 1211.069 speed: 17871 wps
0.108 perplexity: 1284.490 speed: 17945 wps
0.207 perplexity: 1196.241 speed: 17952 wps
0.307 perplexity: 1181.008 speed: 17952 wps
0.407 perplexity: 1196.774 speed: 17948 wps
0.507 perplexity: 1168.181 speed: 17948 wps
0.606 perplexity: 1124.332 speed: 17934 wps
0.706 perplexity: 1091.650 speed: 17939 wps
0.806 perplexity: 1071.502 speed: 17943 wps
0.906 perplexity: 1047.965 speed: 17946 wps
Epoch: 3 Train Perplexity: 1017.039
Epoch: 3 Valid Perplexity: 350.745
Epoch: 4 Learning rate: 1.000
0.008 perplexity: 1100.603 speed: 18014 wps
0.108 perplexity: 811.800 speed: 17924 wps
0.207 perplexity: 781.414 speed: 17927 wps
0.307 perplexity: 767.040 speed: 17937 wps
0.407 perplexity: 755.781 speed: 17905 wps
0.507 perplexity: 745.941 speed: 17849 wps
0.606 perplexity: 740.084 speed: 17831 wps
0.706 perplexity: 728.964 speed: 17855 wps
0.806 perplexity: 717.246 speed: 17866 wps
0.906 perplexity: 707.627 speed: 17869 wps
Epoch: 4 Train Perplexity: 698.281
Epoch: 4 Valid Perplexity: 366.511
Epoch: 5 Learning rate: 0.800
0.008 perplexity: 471.000 speed: 17816 wps
0.108 perplexity: 504.989 speed: 17897 wps
0.207 perplexity: 494.960 speed: 17884 wps
0.307 perplexity: 494.839 speed: 17882 wps
0.407 perplexity: 493.035 speed: 17790 wps
0.507 perplexity: 488.440 speed: 17822 wps
0.606 perplexity: 486.868 speed: 17838 wps
0.706 perplexity: 484.469 speed: 17852 wps
0.806 perplexity: 480.130 speed: 17858 wps
0.906 perplexity: 477.884 speed: 17865 wps
Epoch: 5 Train Perplexity: 474.609
Epoch: 5 Valid Perplexity: 306.354
Epoch: 6 Learning rate: 0.640
0.008 perplexity: 405.301 speed: 17886 wps
0.108 perplexity: 391.162 speed: 17916 wps
0.207 perplexity: 390.153 speed: 17886 wps
0.307 perplexity: 387.789 speed: 17895 wps
0.407 perplexity: 385.975 speed: 17910 wps
0.507 perplexity: 383.385 speed: 17917 wps
0.606 perplexity: 382.024 speed: 17926 wps
0.706 perplexity: 380.462 speed: 17925 wps
0.806 perplexity: 378.312 speed: 17928 wps
0.906 perplexity: 376.962 speed: 17928 wps
Epoch: 6 Train Perplexity: 374.895
Epoch: 6 Valid Perplexity: 261.203
Epoch: 7 Learning rate: 0.512
0.008 perplexity: 332.733 speed: 17881 wps
0.108 perplexity: 332.830 speed: 17961 wps
0.207 perplexity: 331.029 speed: 17957 wps
0.307 perplexity: 329.371 speed: 17965 wps
0.407 perplexity: 328.392 speed: 17965 wps
0.507 perplexity: 326.413 speed: 17501 wps
0.606 perplexity: 325.204 speed: 17575 wps
0.706 perplexity: 324.050 speed: 17625 wps
0.806 perplexity: 322.459 speed: 17664 wps
0.906 perplexity: 321.293 speed: 17699 wps
Epoch: 7 Train Perplexity: 319.455
Epoch: 7 Valid Perplexity: 313.296
Epoch: 8 Learning rate: 0.410
0.008 perplexity: 305.096 speed: 17959 wps
0.108 perplexity: 293.053 speed: 17958 wps
0.207 perplexity: 292.717 speed: 17967 wps
0.307 perplexity: 291.422 speed: 17965 wps
0.407 perplexity: 289.786 speed: 17962 wps
0.507 perplexity: 288.408 speed: 17963 wps
0.606 perplexity: 287.507 speed: 17960 wps
0.706 perplexity: 286.515 speed: 17960 wps
0.806 perplexity: 285.377 speed: 17949 wps
0.906 perplexity: 284.328 speed: 17947 wps
Epoch: 8 Train Perplexity: 283.061
Epoch: 8 Valid Perplexity: 249.381
Epoch: 9 Learning rate: 0.328
0.008 perplexity: 264.639 speed: 17958 wps
0.108 perplexity: 265.713 speed: 17956 wps
0.207 perplexity: 264.905 speed: 17961 wps
0.307 perplexity: 263.996 speed: 17958 wps
0.407 perplexity: 262.407 speed: 17950 wps
0.507 perplexity: 261.445 speed: 17951 wps
0.606 perplexity: 260.781 speed: 17952 wps
0.706 perplexity: 260.026 speed: 17957 wps
0.806 perplexity: 259.001 speed: 17955 wps
0.906 perplexity: 258.202 speed: 17956 wps
Epoch: 9 Train Perplexity: 256.970
Epoch: 9 Valid Perplexity: 256.421
Epoch: 10 Learning rate: 0.262
0.008 perplexity: 246.845 speed: 17962 wps
0.108 perplexity: 245.508 speed: 17875 wps
0.207 perplexity: 244.848 speed: 17912 wps
0.307 perplexity: 243.810 speed: 17927 wps
0.407 perplexity: 242.535 speed: 17934 wps
0.507 perplexity: 241.855 speed: 17937 wps
0.606 perplexity: 241.264 speed: 17938 wps
0.706 perplexity: 240.603 speed: 17942 wps
0.806 perplexity: 239.638 speed: 17940 wps
0.906 perplexity: 238.904 speed: 17943 wps
Epoch: 10 Train Perplexity: 237.808
Epoch: 10 Valid Perplexity: 256.669
Epoch: 11 Learning rate: 0.210
0.008 perplexity: 231.692 speed: 17833 wps
0.108 perplexity: 230.256 speed: 17947 wps
0.207 perplexity: 229.764 speed: 17949 wps
0.307 perplexity: 229.033 speed: 17945 wps
0.407 perplexity: 228.033 speed: 17931 wps
0.507 perplexity: 227.220 speed: 17931 wps
0.606 perplexity: 226.832 speed: 17936 wps
0.706 perplexity: 226.107 speed: 17938 wps
0.806 perplexity: 225.378 speed: 17939 wps
0.906 perplexity: 224.670 speed: 17937 wps
Epoch: 11 Train Perplexity: 223.668
Epoch: 11 Valid Perplexity: 244.004
Epoch: 12 Learning rate: 0.168
0.008 perplexity: 220.306 speed: 17917 wps
0.108 perplexity: 220.500 speed: 17912 wps
0.207 perplexity: 219.566 speed: 17926 wps
0.307 perplexity: 219.105 speed: 17935 wps
0.407 perplexity: 218.160 speed: 17945 wps
0.507 perplexity: 217.426 speed: 17937 wps
0.606 perplexity: 217.051 speed: 17940 wps
0.706 perplexity: 216.412 speed: 17931 wps
0.806 perplexity: 215.614 speed: 17928 wps
0.906 perplexity: 214.973 speed: 17932 wps
Epoch: 12 Train Perplexity: 214.009
Epoch: 12 Valid Perplexity: 241.204
Epoch: 13 Learning rate: 0.134
0.008 perplexity: 208.008 speed: 17975 wps
0.108 perplexity: 212.970 speed: 17925 wps
0.207 perplexity: 212.594 speed: 17930 wps
0.307 perplexity: 211.897 speed: 17927 wps
0.407 perplexity: 210.983 speed: 17932 wps
0.507 perplexity: 210.228 speed: 17936 wps
0.606 perplexity: 209.872 speed: 17931 wps
0.706 perplexity: 209.220 speed: 17935 wps
0.806 perplexity: 208.391 speed: 17934 wps
0.906 perplexity: 207.795 speed: 17935 wps
Epoch: 13 Train Perplexity: 206.880
Epoch: 13 Valid Perplexity: 241.119
Epoch: 14 Learning rate: 0.107
0.008 perplexity: 202.453 speed: 17915 wps
0.108 perplexity: 207.316 speed: 17938 wps
0.207 perplexity: 206.545 speed: 17947 wps
0.307 perplexity: 206.254 speed: 17945 wps
0.407 perplexity: 205.301 speed: 17950 wps
0.507 perplexity: 204.664 speed: 17945 wps
0.606 perplexity: 204.329 speed: 17947 wps
0.706 perplexity: 203.694 speed: 17941 wps
0.806 perplexity: 202.934 speed: 17939 wps
0.906 perplexity: 202.328 speed: 17940 wps
Epoch: 14 Train Perplexity: 201.412
Epoch: 14 Valid Perplexity: 239.360
Epoch: 15 Learning rate: 0.086
0.008 perplexity: 198.486 speed: 17855 wps
0.108 perplexity: 202.687 speed: 17957 wps
0.207 perplexity: 202.108 speed: 17957 wps
0.307 perplexity: 201.856 speed: 17928 wps
0.407 perplexity: 200.921 speed: 17927 wps
0.507 perplexity: 200.231 speed: 17936 wps
0.606 perplexity: 199.898 speed: 17934 wps
0.706 perplexity: 199.393 speed: 17936 wps
0.806 perplexity: 198.645 speed: 17935 wps
0.906 perplexity: 198.030 speed: 17934 wps
Epoch: 15 Train Perplexity: 197.069
Epoch: 15 Valid Perplexity: 240.644
Epoch: 16 Learning rate: 0.069
0.008 perplexity: 195.818 speed: 17986 wps
0.108 perplexity: 199.393 speed: 17907 wps
0.207 perplexity: 198.632 speed: 17888 wps
0.307 perplexity: 198.405 speed: 17904 wps
0.407 perplexity: 197.444 speed: 17911 wps
0.507 perplexity: 196.770 speed: 17915 wps
0.606 perplexity: 196.461 speed: 17916 wps
0.706 perplexity: 195.952 speed: 17914 wps
0.806 perplexity: 195.163 speed: 17908 wps
0.906 perplexity: 194.575 speed: 17904 wps
Epoch: 16 Train Perplexity: 193.675
Epoch: 16 Valid Perplexity: 239.914
Epoch: 17 Learning rate: 0.055
0.008 perplexity: 194.514 speed: 17920 wps
0.108 perplexity: 196.459 speed: 17899 wps
0.207 perplexity: 195.714 speed: 17930 wps
0.307 perplexity: 195.624 speed: 17921 wps
0.407 perplexity: 194.672 speed: 17918 wps
0.507 perplexity: 194.049 speed: 17922 wps
0.606 perplexity: 193.701 speed: 17924 wps
0.706 perplexity: 193.232 speed: 17928 wps
0.806 perplexity: 192.514 speed: 17932 wps
0.906 perplexity: 191.973 speed: 17931 wps
Epoch: 17 Train Perplexity: 191.102
Epoch: 17 Valid Perplexity: 239.950
Epoch: 18 Learning rate: 0.044
0.008 perplexity: 194.226 speed: 17907 wps
0.108 perplexity: 194.404 speed: 17987 wps
0.207 perplexity: 193.154 speed: 17994 wps
0.307 perplexity: 193.133 speed: 17997 wps
0.407 perplexity: 192.263 speed: 18008 wps
0.507 perplexity: 191.726 speed: 18006 wps
0.606 perplexity: 191.407 speed: 18006 wps
0.706 perplexity: 190.836 speed: 18005 wps
0.806 perplexity: 190.115 speed: 18007 wps
0.906 perplexity: 189.520 speed: 18006 wps
Epoch: 18 Train Perplexity: 188.676
Epoch: 18 Valid Perplexity: 239.826
Epoch: 19 Learning rate: 0.035
0.008 perplexity: 192.682 speed: 17982 wps
0.108 perplexity: 192.499 speed: 18004 wps
0.207 perplexity: 191.570 speed: 17971 wps
0.307 perplexity: 191.515 speed: 17972 wps
0.407 perplexity: 190.525 speed: 17954 wps
0.507 perplexity: 189.879 speed: 17948 wps
0.606 perplexity: 189.691 speed: 17948 wps
0.706 perplexity: 189.003 speed: 17945 wps
0.806 perplexity: 188.384 speed: 17945 wps
0.906 perplexity: 187.739 speed: 17941 wps
Epoch: 19 Train Perplexity: 186.930
Epoch: 19 Valid Perplexity: 239.238
Epoch: 20 Learning rate: 0.028
0.008 perplexity: 191.806 speed: 17927 wps
0.108 perplexity: 191.370 speed: 17950 wps
0.207 perplexity: 190.200 speed: 17924 wps
0.307 perplexity: 190.139 speed: 17923 wps
0.407 perplexity: 189.166 speed: 17929 wps
0.507 perplexity: 188.500 speed: 17494 wps
0.606 perplexity: 188.332 speed: 17568 wps
0.706 perplexity: 187.631 speed: 17616 wps
0.806 perplexity: 186.991 speed: 17651 wps
0.906 perplexity: 186.342 speed: 17682 wps
Epoch: 20 Train Perplexity: 185.579
Epoch: 20 Valid Perplexity: 239.576
Epoch: 21 Learning rate: 0.023
0.008 perplexity: 191.614 speed: 17980 wps
0.108 perplexity: 189.908 speed: 17938 wps
0.207 perplexity: 188.920 speed: 17962 wps
0.307 perplexity: 188.884 speed: 17959 wps
0.407 perplexity: 188.060 speed: 17960 wps
0.507 perplexity: 187.249 speed: 17956 wps
0.606 perplexity: 187.086 speed: 17954 wps
0.706 perplexity: 186.373 speed: 17954 wps
0.806 perplexity: 185.736 speed: 17944 wps
0.906 perplexity: 185.088 speed: 17944 wps
Epoch: 21 Train Perplexity: 184.350
Epoch: 21 Valid Perplexity: 239.892
Epoch: 22 Learning rate: 0.018
0.008 perplexity: 192.127 speed: 17940 wps
0.108 perplexity: 189.137 speed: 17931 wps
0.207 perplexity: 188.169 speed: 17942 wps
0.307 perplexity: 188.060 speed: 17937 wps
0.407 perplexity: 187.049 speed: 17925 wps
0.507 perplexity: 186.342 speed: 17928 wps
0.606 perplexity: 186.303 speed: 17929 wps
0.706 perplexity: 185.554 speed: 17932 wps
0.806 perplexity: 184.957 speed: 17933 wps
0.906 perplexity: 184.321 speed: 17934 wps
Epoch: 22 Train Perplexity: 183.575
Epoch: 22 Valid Perplexity: 239.167
Epoch: 23 Learning rate: 0.014
0.008 perplexity: 192.889 speed: 17897 wps
0.108 perplexity: 188.823 speed: 17878 wps
0.207 perplexity: 187.782 speed: 17895 wps
0.307 perplexity: 187.583 speed: 17911 wps
0.407 perplexity: 186.560 speed: 17917 wps
0.507 perplexity: 185.875 speed: 17928 wps
0.606 perplexity: 185.744 speed: 17927 wps
0.706 perplexity: 184.977 speed: 17931 wps
0.806 perplexity: 184.371 speed: 17931 wps
0.906 perplexity: 183.769 speed: 17935 wps
Epoch: 23 Train Perplexity: 182.984
Epoch: 23 Valid Perplexity: 238.791
Epoch: 24 Learning rate: 0.012
0.008 perplexity: 193.822 speed: 17899 wps
0.108 perplexity: 187.408 speed: 17908 wps
0.207 perplexity: 186.717 speed: 17917 wps
0.307 perplexity: 186.785 speed: 17918 wps
0.407 perplexity: 185.741 speed: 17896 wps
0.507 perplexity: 185.018 speed: 17903 wps
0.606 perplexity: 184.934 speed: 17913 wps
0.706 perplexity: 184.280 speed: 17915 wps
0.806 perplexity: 183.651 speed: 17917 wps
0.906 perplexity: 182.991 speed: 17920 wps
Epoch: 24 Train Perplexity: 182.223
Epoch: 24 Valid Perplexity: 238.930
Epoch: 25 Learning rate: 0.009
0.008 perplexity: 196.770 speed: 17868 wps
0.108 perplexity: 186.856 speed: 17919 wps
0.207 perplexity: 186.303 speed: 17914 wps
0.307 perplexity: 186.216 speed: 17928 wps
0.407 perplexity: 185.276 speed: 17929 wps
0.507 perplexity: 184.601 speed: 17930 wps
0.606 perplexity: 184.432 speed: 17931 wps
0.706 perplexity: 183.764 speed: 17930 wps
0.806 perplexity: 183.169 speed: 17928 wps
0.906 perplexity: 182.539 speed: 17931 wps
Epoch: 25 Train Perplexity: 181.813
Epoch: 25 Valid Perplexity: 238.759
Epoch: 26 Learning rate: 0.007
0.008 perplexity: 199.352 speed: 17920 wps
0.108 perplexity: 186.845 speed: 17906 wps
0.207 perplexity: 186.102 speed: 17923 wps
0.307 perplexity: 186.047 speed: 17927 wps
0.407 perplexity: 185.049 speed: 17926 wps
0.507 perplexity: 184.272 speed: 17930 wps
0.606 perplexity: 184.189 speed: 17926 wps
0.706 perplexity: 183.474 speed: 17928 wps
0.806 perplexity: 182.888 speed: 17928 wps
0.906 perplexity: 182.228 speed: 17927 wps
Epoch: 26 Train Perplexity: 181.471
Epoch: 26 Valid Perplexity: 238.625
Epoch: 27 Learning rate: 0.006
0.008 perplexity: 200.701 speed: 17908 wps
0.108 perplexity: 186.465 speed: 17956 wps
0.207 perplexity: 185.882 speed: 17946 wps
0.307 perplexity: 185.678 speed: 17945 wps
0.407 perplexity: 184.695 speed: 17942 wps
0.507 perplexity: 183.960 speed: 17940 wps
0.606 perplexity: 183.834 speed: 17938 wps
0.706 perplexity: 183.038 speed: 17942 wps
0.806 perplexity: 182.472 speed: 17941 wps
0.906 perplexity: 181.802 speed: 17940 wps
Epoch: 27 Train Perplexity: 181.082
Epoch: 27 Valid Perplexity: 238.603
Epoch: 28 Learning rate: 0.005
0.008 perplexity: 201.746 speed: 17898 wps
0.108 perplexity: 186.545 speed: 17929 wps
0.207 perplexity: 185.671 speed: 17936 wps
0.307 perplexity: 185.663 speed: 17915 wps
0.407 perplexity: 184.594 speed: 17919 wps
0.507 perplexity: 183.878 speed: 17926 wps
0.606 perplexity: 183.785 speed: 17921 wps
0.706 perplexity: 182.967 speed: 17921 wps
0.806 perplexity: 182.427 speed: 17926 wps
0.906 perplexity: 181.696 speed: 17928 wps
Epoch: 28 Train Perplexity: 181.013
Epoch: 28 Valid Perplexity: 238.586
Epoch: 29 Learning rate: 0.004
0.008 perplexity: 201.420 speed: 17892 wps
0.108 perplexity: 185.593 speed: 17900 wps
0.207 perplexity: 185.181 speed: 17933 wps
0.307 perplexity: 185.160 speed: 17931 wps
0.407 perplexity: 184.106 speed: 17940 wps
0.507 perplexity: 183.506 speed: 17934 wps
0.606 perplexity: 183.454 speed: 17919 wps
0.706 perplexity: 182.708 speed: 17924 wps
0.806 perplexity: 182.138 speed: 17926 wps
0.906 perplexity: 181.368 speed: 17924 wps
Epoch: 29 Train Perplexity: 180.662
Epoch: 29 Valid Perplexity: 238.491
Epoch: 30 Learning rate: 0.003
0.008 perplexity: 202.395 speed: 17806 wps
0.108 perplexity: 185.411 speed: 17941 wps
0.207 perplexity: 184.967 speed: 17943 wps
0.307 perplexity: 184.999 speed: 17941 wps
0.407 perplexity: 183.938 speed: 17935 wps
0.507 perplexity: 183.263 speed: 17935 wps
0.606 perplexity: 183.237 speed: 17935 wps
0.706 perplexity: 182.524 speed: 17940 wps
0.806 perplexity: 181.934 speed: 17942 wps
0.906 perplexity: 181.185 speed: 17934 wps
Epoch: 30 Train Perplexity: 180.536
Epoch: 30 Valid Perplexity: 238.512
Saving model to data/fast_base/rnnlm.
