./run_newlm.sh --the-lm fast --embed-method base --hidden-size 200 --num-layers 1 --batch-size 64 --keep-prob 0.8 --max-epoch 25
=====================================================================================
Usage of this scipt:
  ./run_newlm.sh <the-lm>(language-model) <embed-method>(embedding-method)
The scipt provides three kinds of language model and three embedding methods as well
	Language Models: rnnlm lstmlm fast(lstm_fast) 
	Embedding Methods: skipgram cbow glove 
If you want to train the word embeddings during the neural network training: 
  the embedding method can be set as base, which means it is the basic method.
For example: 
  ./run_newlm.sh --the-lm rnnlm --embed-method skipgram
=====================================================================================
-----------------------------------
     Train/Dev Data Preparation    
-----------------------------------
Getting train and validation sets.
-----------------------------------
     Data Preparation Finished!    
-----------------------------------
-----------------------------------
  Vocabulary Preparation Finished! 
-----------------------------------
Epoch: 1 Learning rate: 1.000
0.008 perplexity: inf speed: 5289 wps
0.108 perplexity: inf speed: 10018 wps
0.207 perplexity: inf speed: 10424 wps
0.307 perplexity: inf speed: 10572 wps
0.407 perplexity: inf speed: 10646 wps
0.507 perplexity: inf speed: 10690 wps
0.606 perplexity: inf speed: 10721 wps
0.706 perplexity: inf speed: 10742 wps
0.806 perplexity: inf speed: 10752 wps
0.906 perplexity: inf speed: 10764 wps
Epoch: 1 Train Perplexity: inf
Epoch: 1 Valid Perplexity: 4340.488
Epoch: 2 Learning rate: 1.000
0.008 perplexity: 6277432745997013154882431687079432528394717165493371596177408.000 speed: 10836 wps
0.108 perplexity: 2600546640977699953826594816.000 speed: 10864 wps
0.207 perplexity: 1309310852643613310976.000 speed: 10861 wps
0.307 perplexity: 8355254938307207888896.000 speed: 10864 wps
0.407 perplexity: 753933340352643203072.000 speed: 10865 wps
0.507 perplexity: 39336071799510523904.000 speed: 10864 wps
0.606 perplexity: 785776247895705780224.000 speed: 10855 wps
0.706 perplexity: 17795887179710906368.000 speed: 10857 wps
0.806 perplexity: 1223988161373172736.000 speed: 10859 wps
0.906 perplexity: 57923726523482536.000 speed: 10860 wps
Epoch: 2 Train Perplexity: 7321938195495643.000
Epoch: 2 Valid Perplexity: 4439078878.701
Epoch: 3 Learning rate: 1.000
0.008 perplexity: 15903.612 speed: 10835 wps
0.108 perplexity: 28154308.243 speed: 10859 wps
0.207 perplexity: 9864972.199 speed: 10868 wps
0.307 perplexity: 4767552.272 speed: 10864 wps
0.407 perplexity: 5303005.885 speed: 10850 wps
0.507 perplexity: 3393715.439 speed: 10852 wps
0.606 perplexity: 2370843.045 speed: 10855 wps
0.706 perplexity: 1575339.592 speed: 10856 wps
0.806 perplexity: 1008928.051 speed: 10856 wps
0.906 perplexity: 676098.779 speed: 10856 wps
Epoch: 3 Train Perplexity: 542539.827
Epoch: 3 Valid Perplexity: 963.065
Epoch: 4 Learning rate: 1.000
0.008 perplexity: 3854831.767 speed: 10824 wps
0.108 perplexity: 22038.245 speed: 10862 wps
0.207 perplexity: 38355.340 speed: 10851 wps
0.307 perplexity: 40888.745 speed: 10855 wps
0.407 perplexity: 42786.359 speed: 10861 wps
0.507 perplexity: 37725.778 speed: 10861 wps
0.606 perplexity: 32346.497 speed: 10860 wps
0.706 perplexity: 25370.482 speed: 10861 wps
0.806 perplexity: 21689.972 speed: 10861 wps
0.906 perplexity: 17791.404 speed: 10858 wps
Epoch: 4 Train Perplexity: 16337.583
Epoch: 4 Valid Perplexity: 1197.143
Epoch: 5 Learning rate: 0.800
0.008 perplexity: 1621.089 speed: 10834 wps
0.108 perplexity: 2040.791 speed: 10864 wps
0.207 perplexity: 2110.655 speed: 10869 wps
0.307 perplexity: 2013.590 speed: 10867 wps
0.407 perplexity: 2017.208 speed: 10866 wps
0.507 perplexity: 1940.573 speed: 10865 wps
0.606 perplexity: 1949.154 speed: 10867 wps
0.706 perplexity: 1911.095 speed: 10867 wps
0.806 perplexity: 1869.489 speed: 10858 wps
0.906 perplexity: 1830.371 speed: 10859 wps
Epoch: 5 Train Perplexity: 1773.169
Epoch: 5 Valid Perplexity: 697.791
Epoch: 6 Learning rate: 0.640
0.008 perplexity: 876.570 speed: 10875 wps
0.108 perplexity: 945.379 speed: 10877 wps
0.207 perplexity: 949.404 speed: 10872 wps
0.307 perplexity: 924.319 speed: 10866 wps
0.407 perplexity: 914.299 speed: 10866 wps
0.507 perplexity: 919.056 speed: 10855 wps
0.606 perplexity: 903.565 speed: 10855 wps
0.706 perplexity: 894.860 speed: 10858 wps
0.806 perplexity: 882.475 speed: 10859 wps
0.906 perplexity: 876.531 speed: 10860 wps
Epoch: 6 Train Perplexity: 867.481
Epoch: 6 Valid Perplexity: 596.935
Epoch: 7 Learning rate: 0.512
0.008 perplexity: 697.371 speed: 10814 wps
0.108 perplexity: 678.251 speed: 10863 wps
0.207 perplexity: 669.970 speed: 10856 wps
0.307 perplexity: 664.750 speed: 10847 wps
0.407 perplexity: 654.103 speed: 10852 wps
0.507 perplexity: 651.427 speed: 10856 wps
0.606 perplexity: 648.808 speed: 10856 wps
0.706 perplexity: 646.183 speed: 10857 wps
0.806 perplexity: 643.428 speed: 10859 wps
0.906 perplexity: 640.611 speed: 10859 wps
Epoch: 7 Train Perplexity: 636.876
Epoch: 7 Valid Perplexity: 364.133
Epoch: 8 Learning rate: 0.410
0.008 perplexity: 536.714 speed: 10837 wps
0.108 perplexity: 554.641 speed: 10823 wps
0.207 perplexity: 547.512 speed: 10844 wps
0.307 perplexity: 545.459 speed: 10850 wps
0.407 perplexity: 542.318 speed: 10853 wps
0.507 perplexity: 540.483 speed: 10854 wps
0.606 perplexity: 539.567 speed: 10855 wps
0.706 perplexity: 537.933 speed: 10858 wps
0.806 perplexity: 536.141 speed: 10858 wps
0.906 perplexity: 534.044 speed: 10794 wps
Epoch: 8 Train Perplexity: 530.717
Epoch: 8 Valid Perplexity: 334.616
Epoch: 9 Learning rate: 0.328
0.008 perplexity: 470.424 speed: 10852 wps
0.108 perplexity: 484.992 speed: 10866 wps
0.207 perplexity: 481.108 speed: 10867 wps
0.307 perplexity: 479.104 speed: 10865 wps
0.407 perplexity: 476.998 speed: 10862 wps
0.507 perplexity: 474.540 speed: 10862 wps
0.606 perplexity: 474.605 speed: 10863 wps
0.706 perplexity: 474.102 speed: 10857 wps
0.806 perplexity: 472.453 speed: 10858 wps
0.906 perplexity: 471.446 speed: 10859 wps
Epoch: 9 Train Perplexity: 469.491
Epoch: 9 Valid Perplexity: 320.182
Epoch: 10 Learning rate: 0.262
0.008 perplexity: 434.962 speed: 10873 wps
0.108 perplexity: 443.392 speed: 10903 wps
0.207 perplexity: 439.874 speed: 10850 wps
0.307 perplexity: 438.291 speed: 10841 wps
0.407 perplexity: 436.406 speed: 10844 wps
0.507 perplexity: 434.101 speed: 10839 wps
0.606 perplexity: 434.353 speed: 10849 wps
0.706 perplexity: 433.663 speed: 10857 wps
0.806 perplexity: 432.146 speed: 10864 wps
0.906 perplexity: 431.414 speed: 10868 wps
Epoch: 10 Train Perplexity: 429.588
Epoch: 10 Valid Perplexity: 350.974
Epoch: 11 Learning rate: 0.210
0.008 perplexity: 417.779 speed: 10847 wps
0.108 perplexity: 413.051 speed: 10911 wps
0.207 perplexity: 408.907 speed: 10908 wps
0.307 perplexity: 407.952 speed: 10894 wps
0.407 perplexity: 406.315 speed: 10895 wps
0.507 perplexity: 404.894 speed: 10894 wps
0.606 perplexity: 405.381 speed: 10895 wps
0.706 perplexity: 404.583 speed: 10896 wps
0.806 perplexity: 403.232 speed: 10897 wps
0.906 perplexity: 402.535 speed: 10897 wps
Epoch: 11 Train Perplexity: 400.919
Epoch: 11 Valid Perplexity: 334.098
Epoch: 12 Learning rate: 0.168
0.008 perplexity: 385.705 speed: 10243 wps
0.108 perplexity: 390.308 speed: 10860 wps
0.207 perplexity: 386.002 speed: 10880 wps
0.307 perplexity: 385.241 speed: 10882 wps
0.407 perplexity: 384.281 speed: 10883 wps
0.507 perplexity: 382.647 speed: 10887 wps
0.606 perplexity: 383.376 speed: 10887 wps
0.706 perplexity: 382.589 speed: 10889 wps
0.806 perplexity: 381.582 speed: 10892 wps
0.906 perplexity: 380.847 speed: 10822 wps
Epoch: 12 Train Perplexity: 379.532
Epoch: 12 Valid Perplexity: 322.261
Epoch: 13 Learning rate: 0.134
0.008 perplexity: 376.616 speed: 10824 wps
0.108 perplexity: 371.225 speed: 10887 wps
0.207 perplexity: 368.881 speed: 10893 wps
0.307 perplexity: 367.866 speed: 10892 wps
0.407 perplexity: 366.930 speed: 10893 wps
0.507 perplexity: 365.586 speed: 10896 wps
0.606 perplexity: 366.475 speed: 10887 wps
0.706 perplexity: 365.721 speed: 10889 wps
0.806 perplexity: 364.687 speed: 10889 wps
0.906 perplexity: 363.981 speed: 10890 wps
Epoch: 13 Train Perplexity: 362.883
Epoch: 13 Valid Perplexity: 300.756
Epoch: 14 Learning rate: 0.107
0.008 perplexity: 368.516 speed: 10855 wps
0.108 perplexity: 359.654 speed: 10904 wps
0.207 perplexity: 356.559 speed: 10900 wps
0.307 perplexity: 355.420 speed: 10905 wps
0.407 perplexity: 354.213 speed: 10892 wps
0.507 perplexity: 352.971 speed: 10894 wps
0.606 perplexity: 353.899 speed: 10894 wps
0.706 perplexity: 353.134 speed: 10895 wps
0.806 perplexity: 352.400 speed: 10897 wps
0.906 perplexity: 351.585 speed: 10896 wps
Epoch: 14 Train Perplexity: 350.505
Epoch: 14 Valid Perplexity: 289.336
Epoch: 15 Learning rate: 0.086
0.008 perplexity: 363.290 speed: 10876 wps
0.108 perplexity: 350.908 speed: 10899 wps
0.207 perplexity: 348.425 speed: 10872 wps
0.307 perplexity: 347.283 speed: 10876 wps
0.407 perplexity: 346.072 speed: 10882 wps
0.507 perplexity: 344.574 speed: 10885 wps
0.606 perplexity: 345.566 speed: 10884 wps
0.706 perplexity: 344.859 speed: 10885 wps
0.806 perplexity: 344.087 speed: 10886 wps
0.906 perplexity: 343.295 speed: 10887 wps
Epoch: 15 Train Perplexity: 342.227
Epoch: 15 Valid Perplexity: 291.611
Epoch: 16 Learning rate: 0.069
0.008 perplexity: 371.317 speed: 10904 wps
0.108 perplexity: 344.383 speed: 10895 wps
0.207 perplexity: 342.091 speed: 10893 wps
0.307 perplexity: 341.410 speed: 10892 wps
0.407 perplexity: 340.023 speed: 10890 wps
0.507 perplexity: 338.545 speed: 10890 wps
0.606 perplexity: 339.459 speed: 10890 wps
0.706 perplexity: 338.744 speed: 10892 wps
0.806 perplexity: 338.041 speed: 10813 wps
0.906 perplexity: 337.205 speed: 10822 wps
Epoch: 16 Train Perplexity: 336.208
Epoch: 16 Valid Perplexity: 289.647
Epoch: 17 Learning rate: 0.055
0.008 perplexity: 362.170 speed: 10885 wps
0.108 perplexity: 339.576 speed: 10889 wps
0.207 perplexity: 337.100 speed: 10893 wps
0.307 perplexity: 336.318 speed: 10892 wps
0.407 perplexity: 335.001 speed: 10891 wps
0.507 perplexity: 333.727 speed: 10895 wps
0.606 perplexity: 334.600 speed: 10886 wps
0.706 perplexity: 333.823 speed: 10889 wps
0.806 perplexity: 333.082 speed: 10888 wps
0.906 perplexity: 332.345 speed: 10888 wps
Epoch: 17 Train Perplexity: 331.426
Epoch: 17 Valid Perplexity: 287.839
Epoch: 18 Learning rate: 0.044
0.008 perplexity: 365.525 speed: 10886 wps
0.108 perplexity: 335.835 speed: 10894 wps
0.207 perplexity: 333.387 speed: 10894 wps
0.307 perplexity: 332.786 speed: 10894 wps
0.407 perplexity: 331.451 speed: 10883 wps
0.507 perplexity: 330.301 speed: 10886 wps
0.606 perplexity: 331.317 speed: 10888 wps
0.706 perplexity: 330.514 speed: 10890 wps
0.806 perplexity: 329.813 speed: 10891 wps
0.906 perplexity: 328.973 speed: 10893 wps
Epoch: 18 Train Perplexity: 327.979
Epoch: 18 Valid Perplexity: 288.301
Epoch: 19 Learning rate: 0.035
0.008 perplexity: 360.315 speed: 10879 wps
0.108 perplexity: 331.994 speed: 10845 wps
0.207 perplexity: 329.801 speed: 10877 wps
0.307 perplexity: 329.169 speed: 10883 wps
0.407 perplexity: 327.937 speed: 10885 wps
0.507 perplexity: 326.825 speed: 10887 wps
0.606 perplexity: 327.794 speed: 10887 wps
0.706 perplexity: 327.102 speed: 10888 wps
0.806 perplexity: 326.372 speed: 10887 wps
0.906 perplexity: 325.615 speed: 10882 wps
Epoch: 19 Train Perplexity: 324.838
Epoch: 19 Valid Perplexity: 288.110
Epoch: 20 Learning rate: 0.028
0.008 perplexity: 341.233 speed: 10829 wps
0.108 perplexity: 328.037 speed: 10893 wps
0.207 perplexity: 327.058 speed: 10896 wps
0.307 perplexity: 326.700 speed: 10895 wps
0.407 perplexity: 325.551 speed: 10896 wps
0.507 perplexity: 324.546 speed: 10894 wps
0.606 perplexity: 325.423 speed: 10893 wps
0.706 perplexity: 324.836 speed: 10820 wps
0.806 perplexity: 324.033 speed: 10829 wps
0.906 perplexity: 323.281 speed: 10837 wps
Epoch: 20 Train Perplexity: 322.503
Epoch: 20 Valid Perplexity: 288.377
Epoch: 21 Learning rate: 0.023
0.008 perplexity: 343.132 speed: 10890 wps
0.108 perplexity: 326.119 speed: 10896 wps
0.207 perplexity: 325.120 speed: 10898 wps
0.307 perplexity: 324.575 speed: 10896 wps
0.407 perplexity: 323.325 speed: 10893 wps
0.507 perplexity: 322.408 speed: 10884 wps
0.606 perplexity: 323.442 speed: 10886 wps
0.706 perplexity: 322.665 speed: 10888 wps
0.806 perplexity: 322.000 speed: 10888 wps
0.906 perplexity: 321.327 speed: 10890 wps
Epoch: 21 Train Perplexity: 320.635
Epoch: 21 Valid Perplexity: 287.967
Epoch: 22 Learning rate: 0.018
0.008 perplexity: 340.006 speed: 10893 wps
0.108 perplexity: 323.460 speed: 10892 wps
0.207 perplexity: 323.018 speed: 10893 wps
0.307 perplexity: 322.715 speed: 10876 wps
0.407 perplexity: 321.662 speed: 10878 wps
0.507 perplexity: 320.536 speed: 10880 wps
0.606 perplexity: 321.719 speed: 10884 wps
0.706 perplexity: 320.997 speed: 10888 wps
0.806 perplexity: 320.313 speed: 10889 wps
0.906 perplexity: 319.641 speed: 10889 wps
Epoch: 22 Train Perplexity: 318.960
Epoch: 22 Valid Perplexity: 287.344
Epoch: 23 Learning rate: 0.014
0.008 perplexity: 334.471 speed: 10827 wps
0.108 perplexity: 322.369 speed: 10849 wps
0.207 perplexity: 322.029 speed: 10875 wps
0.307 perplexity: 321.560 speed: 10880 wps
0.407 perplexity: 320.569 speed: 10884 wps
0.507 perplexity: 319.469 speed: 10882 wps
0.606 perplexity: 320.547 speed: 10883 wps
0.706 perplexity: 319.847 speed: 10887 wps
0.806 perplexity: 319.129 speed: 10888 wps
0.906 perplexity: 318.448 speed: 10883 wps
Epoch: 23 Train Perplexity: 317.844
Epoch: 23 Valid Perplexity: 286.915
Epoch: 24 Learning rate: 0.012
0.008 perplexity: 332.669 speed: 10874 wps
0.108 perplexity: 320.730 speed: 10899 wps
0.207 perplexity: 320.734 speed: 10897 wps
0.307 perplexity: 320.300 speed: 10894 wps
0.407 perplexity: 319.476 speed: 10894 wps
0.507 perplexity: 318.435 speed: 10892 wps
0.606 perplexity: 319.579 speed: 10893 wps
0.706 perplexity: 318.712 speed: 10814 wps
0.806 perplexity: 318.090 speed: 10823 wps
0.906 perplexity: 317.433 speed: 10833 wps
Epoch: 24 Train Perplexity: 316.849
Epoch: 24 Valid Perplexity: 286.824
Epoch: 25 Learning rate: 0.009
0.008 perplexity: 329.256 speed: 10842 wps
0.108 perplexity: 319.544 speed: 10887 wps
0.207 perplexity: 319.966 speed: 10887 wps
0.307 perplexity: 319.446 speed: 10888 wps
0.407 perplexity: 318.623 speed: 10890 wps
0.507 perplexity: 317.463 speed: 10881 wps
0.606 perplexity: 318.773 speed: 10883 wps
0.706 perplexity: 317.833 speed: 10887 wps
0.806 perplexity: 317.231 speed: 10888 wps
0.906 perplexity: 316.568 speed: 10889 wps
Epoch: 25 Train Perplexity: 315.971
Epoch: 25 Valid Perplexity: 286.317
Epoch: 26 Learning rate: 0.007
0.008 perplexity: 338.007 speed: 10878 wps
0.108 perplexity: 319.073 speed: 10910 wps
0.207 perplexity: 319.588 speed: 10879 wps
0.307 perplexity: 318.978 speed: 10887 wps
0.407 perplexity: 318.049 speed: 10890 wps
0.507 perplexity: 317.089 speed: 10891 wps
0.606 perplexity: 318.168 speed: 10892 wps
0.706 perplexity: 317.327 speed: 10892 wps
0.806 perplexity: 316.742 speed: 10893 wps
0.906 perplexity: 316.027 speed: 10895 wps
Epoch: 26 Train Perplexity: 315.518
Epoch: 26 Valid Perplexity: 285.227
Epoch: 27 Learning rate: 0.006
0.008 perplexity: 340.337 speed: 10829 wps
0.108 perplexity: 318.183 speed: 10890 wps
0.207 perplexity: 318.469 speed: 10897 wps
0.307 perplexity: 317.853 speed: 10898 wps
0.407 perplexity: 317.058 speed: 10895 wps
0.507 perplexity: 316.210 speed: 10897 wps
0.606 perplexity: 317.274 speed: 10896 wps
0.706 perplexity: 316.494 speed: 10895 wps
0.806 perplexity: 315.907 speed: 10890 wps
0.906 perplexity: 315.291 speed: 10889 wps
Epoch: 27 Train Perplexity: 314.778
Epoch: 27 Valid Perplexity: 285.906
Epoch: 28 Learning rate: 0.005
0.008 perplexity: 340.866 speed: 10864 wps
0.108 perplexity: 317.743 speed: 10888 wps
0.207 perplexity: 318.176 speed: 10889 wps
0.307 perplexity: 317.588 speed: 10886 wps
0.407 perplexity: 316.884 speed: 10885 wps
0.507 perplexity: 315.898 speed: 10885 wps
0.606 perplexity: 316.936 speed: 10797 wps
0.706 perplexity: 316.120 speed: 10809 wps
0.806 perplexity: 315.548 speed: 10819 wps
0.906 perplexity: 314.951 speed: 10826 wps
Epoch: 28 Train Perplexity: 314.497
Epoch: 28 Valid Perplexity: 285.809
Epoch: 29 Learning rate: 0.004
0.008 perplexity: 346.084 speed: 10841 wps
0.108 perplexity: 317.374 speed: 10879 wps
0.207 perplexity: 318.103 speed: 10877 wps
0.307 perplexity: 317.183 speed: 10879 wps
0.407 perplexity: 316.241 speed: 10868 wps
0.507 perplexity: 315.651 speed: 10871 wps
0.606 perplexity: 316.438 speed: 10873 wps
0.706 perplexity: 315.702 speed: 10873 wps
0.806 perplexity: 315.242 speed: 10877 wps
0.906 perplexity: 314.588 speed: 10877 wps
Epoch: 29 Train Perplexity: 314.130
Epoch: 29 Valid Perplexity: 285.659
Epoch: 30 Learning rate: 0.003
0.008 perplexity: 342.285 speed: 10859 wps
0.108 perplexity: 317.219 speed: 10877 wps
0.207 perplexity: 317.418 speed: 10863 wps
0.307 perplexity: 316.643 speed: 10872 wps
0.407 perplexity: 316.183 speed: 10872 wps
0.507 perplexity: 315.552 speed: 10871 wps
0.606 perplexity: 316.339 speed: 10870 wps
0.706 perplexity: 315.492 speed: 10870 wps
0.806 perplexity: 314.962 speed: 10870 wps
0.906 perplexity: 314.457 speed: 10869 wps
Epoch: 30 Train Perplexity: 313.961
Epoch: 30 Valid Perplexity: 285.645
Saving model to data/fast_base/rnnlm.
