./run_newlm.sh --the-lm rnnlm --embed-method skipgram --hidden-size 200 --num-layers 2 --batch-size 128 --keep-prob 0.5 --max-epoch 25
=====================================================================================
Usage of this scipt:
  ./run_newlm.sh <the-lm>(language-model) <embed-method>(embedding-method)
The scipt provides three kinds of language model and three embedding methods as well
	Language Models: rnnlm lstmlm fast(lstm_fast) 
	Embedding Methods: skipgram cbow glove 
If you want to train the word embeddings during the neural network training: 
  the embedding method can be set as base, which means it is the basic method.
For example: 
  ./run_newlm.sh --the-lm rnnlm --embed-method skipgram
=====================================================================================
-----------------------------------
     Train/Dev Data Preparation    
-----------------------------------
Getting train and validation sets.
-----------------------------------
     Data Preparation Finished!    
-----------------------------------
-----------------------------------
  Vocabulary Preparation Finished! 
-----------------------------------
Embed size: [128, 200]
Initialized!
Averge loss at step 0: 7.684170
Nearest to ვარ: თავისუფლებაზე, კახეთი, ფეთიანი, ჩართული, ვერანაირად, ხუთ-ხუთი, იცხოვრებ, მყავს,
Nearest to მაგრამ: ბაბუასთან, ქუთაისურად, მომიხდია, დაგალევინა, მოამზადო, ტურიზმზე, ლოტო, გაძლევო,
Nearest to მაშინ: ეცლება, ეჭვიანობს, შევიდა, ცაზეა, რეცეპტის, მოინახულებ, გათოხნის, შეიპყრობს,
Nearest to ხოლმე: სურათებსაც, ლარებად, ჭკვიანები, ეთო, ხასიათები, სავალდებულოო, გააცდენს, ასწრებ,
Nearest to იცი: სასტუმრო, ისტორიის, ცოლ-შვილი, წადი-მოდი, გადაიფიქრეს, დაგერეკა, რაღაციანი, ფხეკს,
Nearest to როდის: პატარათი, გავთხოვდი, ხედვაა, ავიკარი, გცემს, კურტკა, წავსულვარ, შეკერილია,
Nearest to აბა: გებაზრო, ავადმყოფობაში, ადგილებიც, მატორისტი, რეზინას, მიგეყიდა, ცეკვავდნენ, დამჭირდა,
Nearest to ერთი: აღწერა, შეცვლა, დაამთავრეს, კუნძები, დავკარგე, შესვლას, ბრავო_ჯიზე, მასწავლებლები,
Nearest to მაქედან: ითამაშო, მოგიკიდია, მოვდივართ, ჩავდეთ, საშარო, იმაზეო, კოლორიტი, გავყვე,
Nearest to დედაჩემი: ბინებს, უნარების, გაევლო, იგინი, საჯდომად, წამოვიწყე, თანხაც, ჩავთვალე,
Nearest to მეზარება: შუადღის, დიეტას, ვდგებოდი, შემოდის, ლადოს, რეზინას, შეგვირჩიე, ევერტონს,
Nearest to შეყვარებული: იუთუბე, ჯემალის, გადავხედე, დათიაშვილმა, დახვედროდი, თოდუაში, ზოგიერთში, ბაზართან,
Nearest to ვინმეს: მოთოვა, დავაგდე, დებილი, საზოგადოებას, რამხელაზე, გვეცხოვრა, ენდოკრინოლოგმა, მთვარის,
Nearest to მაგაში: გამოაბარგებს, აქამდეო, სათევზაოდ, აანალიზებს, მეკეთა, გალესილი, ცხრით, ავდივართ,
Nearest to მოეწონა: მეზობელსაც, აღნიშნავენ, ძველად, მოვიდნენ, ქვეყანაში, გსიამოვნებს, დავბრუნდე, დამიკოპირო,
Nearest to ქორწილში: საფეხურზე, დაეხარჯოს, შემეცოდნენ, ეკლებზე, მიჩვეულები, მოვიცალოთ, გაეპრანჭა, გაათენოს,
Averge loss at step 2000: 4.348789
Averge loss at step 4000: 3.935824
Averge loss at step 6000: 3.743430
Averge loss at step 8000: 3.529065
Averge loss at step 10000: 3.531322
Nearest to ვარ: ხარ, ბანაობ, მამაჩემმა, ჩავივლი, მყავს, კახეთი, გაერთნენ, გაქრა,
Nearest to მაგრამ: ჯემპრი, მომიხდია, ბაბუასთან, ნოკია, ელექტრო-ქლიბი, დათვზე, ლოტო, ქუთაისურად,
Nearest to მაშინ: ეჭვიანობს, რეცეპტის, ჰო, ეცლება, შევიდა, ჩააყენა, ცაზეა, მაგისი,
Nearest to ხოლმე: სურათებსაც, ლარებად, კომენტარისგან, შეგეტენა, სავალდებულოო, გააცდენს, ეთო, უდღეური,
Nearest to იცი: ისტორიის, წადი-მოდი, სასტუმრო, გავფენ, ინერვიულოს, ცოლ-შვილი, წაიყვან, დავგეგმოთო,
Nearest to როდის: პატარათი, გავთხოვდი, ხედვაა, ავიკარი, ბალკონშიო, წავსულვარ, კურტკა, გცემს,
Nearest to აბა: მიგეყიდა, სხვა, ვიცი, უკრაინაშიც, გამოკეთდა, შვრები, ავადმყოფობაში, რა,
Nearest to ერთი: დაამთავრეს, ორი, შეცვლა, ათას, დავაჯინოო, თე_სე_უში, მისახედი, თამროსთან,
Nearest to მაქედან: ჩავდეთ, ითამაშო, მოგიკიდია, მოვდივართ, საშარო, აგეღო, კოლორიტი, მქონდაო,
Nearest to დედაჩემი: ბინებს, საჯდომად, უნარების, დასვეს, გაევლო, იგინი, წამოვიწყე, თანხაც,
Nearest to მეზარება: შუადღის, რეზინას, დიეტას, შემოდის, ძმას, ლადოს, ევერტონს, შეგვირჩიე,
Nearest to შეყვარებული: ჯემალის, იუთუბე, ბაზართან, ინვესტორმა, გადავხედე, დახვედროდი, მიემატება, ავიწიე,
Nearest to ვინმეს: დავაგდე, მოთოვა, მთვარის, საზოგადოებას, გვეცხოვრა, რამხელაზე, დებილი, ენდოკრინოლოგმა,
Nearest to მაგაში: გამოაბარგებს, აქამდეო, მეკეთა, აანალიზებს, საკითხთან, სათევზაოდ, გალესილი, ავდივართ,
Nearest to მოეწონა: მეზობელსაც, აღნიშნავენ, გსიამოვნებს, ქვეყანაში, ძველად, მოვიდნენ, დავბრუნდე, ინგლისურში,
Nearest to ქორწილში: საფეხურზე, დაეხარჯოს, გაათენოს, შემეცოდნენ, მიჩვეულები, ვჭამო, გაეპრანჭა, ეკლებზე,
Averge loss at step 12000: 3.369105
Averge loss at step 14000: 3.311692
Averge loss at step 16000: 3.301110
Averge loss at step 18000: 3.166005
Averge loss at step 20000: 3.168148
Nearest to ვარ: ხარ, ბანაობ, ვიყავი, დოზა, იუსტიციაზე, მამაჩემმა, რისხვის, გაერთნენ,
Nearest to მაგრამ: ნოკია, ჯემპრი, მომიხდია, დათვზე, ელექტრო-ქლიბი, ლოტო, ცხრისთვის, გადავაბამ,
Nearest to მაშინ: რეცეპტის, ეჭვიანობს, ვრთავთ, ჩააყენა, ვემზადებით, ეცლება, მაგისი, მუცლები,
Nearest to ხოლმე: სურათებსაც, ლარებად, კომენტარისგან, აწევდნენ, ღიაო, ტყუოდა, უდღეური, მილანმა,
Nearest to იცი: წადი-მოდი, ისტორიის, გავფენ, ცოლ-შვილი, აქეთ-იქეთ, სასტუმრო, აზრზე, ინერვიულოს,
Nearest to როდის: პატარათი, ხედვაა, გავთხოვდი, ავიკარი, ბალკონშიო, წავსულვარ, სად, ზოგიერთებს,
Nearest to აბა: მიგეყიდა, ნიღაბი, უკრაინაშიც, შენკენ, რუსიკოს, გამოკეთდა, გებაზრო, სხვა,
Nearest to ერთი: მოვნათლეთ, ჩაყარო, დავაჯინოო, ათას, დამღალა, არდადეგებსო, მისახედი, შეცვლა,
Nearest to მაქედან: ითამაშო, ჩავდეთ, მოგიკიდია, მოვდივართ, აგეღო, კოლორიტი, მქონდაო, საშარო,
Nearest to დედაჩემი: უნარების, ბინებს, საჯდომად, დასვეს, გაევლო, სტიქაროსნად, წამოვიწყე, თანხაც,
Nearest to მეზარება: შუადღის, რეზინას, დიეტას, შემოდის, გასეირნება, ლადოს, ძმას, დავსველდით,
Nearest to შეყვარებული: ინვესტორმა, ჯემალის, ბაზართან, ავიწიე, დათიაშვილმა, დახვედროდი, იუთუბე, გადავხედე,
Nearest to ვინმეს: დავაგდე, მოთოვა, მთვარის, საზოგადოებას, გვეცხოვრა, აკოს, ფესვიანად, გადაშალა,
Nearest to მაგაში: აქამდეო, გამოაბარგებს, მეკეთა, საკითხთან, აანალიზებს, მოვაკლათო, გალესილი, ავდივართ,
Nearest to მოეწონა: აღნიშნავენ, მეზობელსაც, გსიამოვნებს, ქვეყანაში, ძველად, ინგლისურში, დავბრუნდე, მოვიდნენ,
Nearest to ქორწილში: საფეხურზე, გაათენოს, დაეხარჯოს, შემეცოდნენ, მიჩვეულები, გატეხილია, ვჭამო, ვჩივი,
Averge loss at step 22000: 3.128548
Averge loss at step 24000: 3.063625
Averge loss at step 26000: 3.066734
Averge loss at step 28000: 3.002689
Averge loss at step 30000: 2.988671
Nearest to ვარ: ხარ, ბანაობ, ვიყავი, დოზა, იუსტიციაზე, რისხვის, განგაში, მყავს,
Nearest to მაგრამ: ნოკია, სამუშაოებიო, ჯემპრი, მომიხდია, გადავაბამ, დათვზე, ცხრისთვის, გააჩერებს,
Nearest to მაშინ: რეცეპტის, ეჭვიანობს, ვრთავთ, მაგისი, ვემზადებით, მოუგო, მონაწერებში, ჩააყენა,
Nearest to ხოლმე: სურათებსაც, ლარებად, ტყუოდა, კომენტარისგან, აწევდნენ, მილანმა, უდღეური, ვერთობოდით,
Nearest to იცი: წადი-მოდი, გავფენ, ისტორიის, ცოლ-შვილი, აქეთ-იქეთ, აზრზე, ოცდახუთში, დავგეგმოთო,
Nearest to როდის: ხედვაა, ავიკარი, გავთხოვდი, პატარათი, სად, ზოგიერთებს, გცემს, წავსულვარ,
Nearest to აბა: შენკენ, ნიღაბი, მიგეყიდა, რუსიკოს, გებაზრო, მიდი, უკრაინაშიც, ტაფა,
Nearest to ერთი: მოვნათლეთ, თამროსთან, ორი, ჩაყარო, თე_სე_უში, არდადეგებსო, დაამთავრეს, დავაჯინოო,
Nearest to მაქედან: ითამაშო, ჩავდეთ, მოგიკიდია, მოვდივართ, აგეღო, კოლორიტი, მქონდაო, აპარატიო,
Nearest to დედაჩემი: უნარების, საჯდომად, დასვეს, ბინებს, სტიქაროსნად, თანხაც, გაევლო, საერთო,
Nearest to მეზარება: შუადღის, რეზინას, დიეტას, შემოდის, დავსველდით, გასეირნება, ლადოს, მიდებული,
Nearest to შეყვარებული: ინვესტორმა, ბაზართან, ავიწიე, დათიაშვილმა, ჯემალის, მიემატება, დახვედროდი, რა,
Nearest to ვინმეს: დავაგდე, მთვარის, მტვრების, მოთოვა, საზოგადოებას, გადაშალა, აკოს, პიროვნება,
Nearest to მაგაში: აქამდეო, გამოაბარგებს, მეკეთა, საკითხთან, აანალიზებს, საბასთან, მოვაკლათო, გალესილი,
Nearest to მოეწონა: აღნიშნავენ, მეზობელსაც, გსიამოვნებს, ქვეყანაში, ინგლისურში, მაიმუნობდა, მივაკარებ, ვითვლითო,
Nearest to ქორწილში: საფეხურზე, გაათენოს, მიჩვეულები, შემეცოდნენ, დაეხარჯოს, გატეხილია, ვჭამო, ვჩივი,
Averge loss at step 32000: 2.976327
Averge loss at step 34000: 2.928438
Averge loss at step 36000: 2.925797
Averge loss at step 38000: 2.904071
Averge loss at step 40000: 2.876085
Nearest to ვარ: ხარ, ბანაობ, ვიყავი, სიტუაციამ, დოზა, ზომას, იუსტიციაზე, განგაში,
Nearest to მაგრამ: ნოკია, მომიხდია, სამუშაოებიო, ჯემპრი, დაწეროს, გააჩერებს, დათვზე, ექიმების,
Nearest to მაშინ: რეცეპტის, ვრთავთ, ტრაქტორმა, ეჭვიანობს, რუსთაველი, მონაწერებში, მაგისი, მოუგო,
Nearest to ხოლმე: სურათებსაც, ტყუოდა, კომენტარისგან, ლარებად, ვერთობოდით, აწევდნენ, მილანმა, მოგენატრა,
Nearest to იცი: წადი-მოდი, ისტორიის, აზრზე, ცოლ-შვილი, გავფენ, მივიდოდნენ, მოკვდა, აქეთ-იქეთ,
Nearest to როდის: ავიკარი, ხედვაა, სად, გავთხოვდი, პატარათი, გაყიდონ, ზოგიერთებს, პარალელურად,
Nearest to აბა: ნიღაბი, შენკენ, რუსიკოს, მიგეყიდა, დახმარების, მიდი, გებაზრო, ცნობილია,
Nearest to ერთი: მოვნათლეთ, რიცხვი, აგრძელებიათ, ჩაყარო, თამროსთან, არდადეგებსო, დავაჯინოო, დაამთავრეს,
Nearest to მაქედან: ითამაშო, ჩავდეთ, მოგიკიდია, კოლორიტი, აგეღო, აპარატიო, მოვდივართ, მქონდაო,
Nearest to დედაჩემი: უნარების, საჯდომად, მეტყვის, დასვეს, ბინებს, სტიქაროსნად, საერთო, ჯონიმ,
Nearest to მეზარება: შუადღის, დავსველდით, რეზინას, დიეტას, გასეირნება, შემოდის, ლარამდეც, მიდებული,
Nearest to შეყვარებული: ავიწიე, დათიაშვილმა, ინვესტორმა, ბაზართან, ზოგიერთში, ჯემალის, კეთილი, მიემატება,
Nearest to ვინმეს: დავაგდე, მთვარის, მტვრების, გადაშალა, ექვსზე, პიროვნება, აკოს, დარბიხარ,
Nearest to მაგაში: აქამდეო, მეკეთა, გამოაბარგებს, საკითხთან, საბასთან, აანალიზებს, მოვაკლათო, გულში,
Nearest to მოეწონა: აღნიშნავენ, მეზობელსაც, გსიამოვნებს, მაიმუნობდა, ვითვლითო, ინგლისურში, იმღერაო, ქვეყანაში,
Nearest to ქორწილში: საფეხურზე, გაათენოს, მიჩვეულები, გატეხილია, შემეცოდნენ, ეუბნებიან, ვჭამო, გიკითხოთ,
Averge loss at step 42000: 2.876288
Averge loss at step 44000: 2.843599
Averge loss at step 46000: 2.836642
Averge loss at step 48000: 2.826747
Averge loss at step 50000: 2.796783
Nearest to ვარ: ხარ, ვიყავი, სიტუაციამ, ბანაობ, მყავს, იუსტიციაზე, წახვიდოდი, რისხვის,
Nearest to მაგრამ: ნოკია, გააჩერებს, გადავაბამ, სამუშაოებიო, დაწეროს, მომიხდია, დათვზე, ცხრისთვის,
Nearest to მაშინ: ვრთავთ, რეცეპტის, ტრაქტორმა, ეჭვიანობს, მაგისი, წერტილი, მონაწერებში, მოუგო,
Nearest to ხოლმე: ტყუოდა, სურათებსაც, კომენტარისგან, მამამთილთან, აწევდნენ, ლარებად, მოგენატრა, მილანმა,
Nearest to იცი: წადი-მოდი, ოცდახუთში, მივიდოდნენ, აქეთ-იქეთ, ცოლ-შვილი, გავფენ, ჩამოგიარე, აზრზე,
Nearest to როდის: ხედვაა, ავიკარი, სად, შევდგამთ, გაყიდონ, ზოგიერთებს, ბოლია, გადაგვიყვანენ,
Nearest to აბა: ნიღაბი, შენკენ, მიდი, დახმარების, რუსიკოს, არდადეგები, ნოლგრიპი, ავადმყოფობაში,
Nearest to ერთი: მოვნათლეთ, ჩაყარო, სომეხაა, შეუმცირებიათ, თამროსთან, დავაჯინოო, არდადეგებსო, მებრძოლი,
Nearest to მაქედან: ითამაშო, ჩავდეთ, აპარატიო, კოლორიტი, მოგიკიდია, აგეღო, მოვდივართ, თბილისიდან,
Nearest to დედაჩემი: უნარების, მეტყვის, საჯდომად, ჯონიმ, სტიქაროსნად, დასვეს, საერთო, სოლარიუმში,
Nearest to მეზარება: დავსველდით, ლარამდეც, გასეირნება, დიეტას, რეზინას, შუადღის, თემურა, შემოდის,
Nearest to შეყვარებული: ბაზართან, ინვესტორმა, დათიაშვილმა, ავიწიე, კეთილი, მეილი, ჯემალის, გაუტეხავთ,
Nearest to ვინმეს: დავაგდე, მთვარის, მტვრების, გადაშალა, პიროვნება, ექვსზე, დარბიხარ, აკოს,
Nearest to მაგაში: აქამდეო, მეკეთა, გამოაბარგებს, საკითხთან, საბასთან, მოვაკლათო, აანალიზებს, გვეცა,
Nearest to მოეწონა: აღნიშნავენ, მეზობელსაც, მაიმუნობდა, ვითვლითო, იმღერაო, გსიამოვნებს, თავისებურად, ინგლისურში,
Nearest to ქორწილში: საფეხურზე, მიჩვეულები, გაათენოს, გატეხილია, ეუბნებიან, გასული, ვჭამო, შემეცოდნენ,
Averge loss at step 52000: 2.799192
Averge loss at step 54000: 2.780294
Averge loss at step 56000: 2.765065
Averge loss at step 58000: 2.762213
Averge loss at step 60000: 2.741784
Nearest to ვარ: ხარ, ვიყავი, სიტუაციამ, რისხვის, დოზა, ბანაობ, იუსტიციაზე, მყავს,
Nearest to მაგრამ: ნოკია, გააჩერებს, სამუშაოებიო, ცხრისთვის, გამოუვლიაო, დათვზე, ჯემპრი, გაიმართა,
Nearest to მაშინ: ვრთავთ, რეცეპტის, ტრაქტორმა, მაგისი, გაბერილო, წერტილი, შენც, დამშვიდდეს,
Nearest to ხოლმე: ტყუოდა, ლარებად, მამამთილთან, კომენტარისგან, მილანმა, მოლოდინში, აწევდნენ, ვერთობოდით,
Nearest to იცი: წადი-მოდი, აქეთ-იქეთ, მივიდოდნენ, ჩამოგიარე, ოცდახუთში, ცოლ-შვილი, ჩანთებიც, აზრზე,
Nearest to როდის: ხედვაა, სად, შევდგამთ, ავიკარი, გაყიდონ, ზოგიერთებს, ბოლია, პარალელურად,
Nearest to აბა: ნიღაბი, შენკენ, რუსიკოს, დახმარების, უკრაინაშიც, მიდი, ავადმყოფობაში, გაგახაროს,
Nearest to ერთი: რიცხვი, შეუმცირებიათ, მოვნათლეთ, თამროსთან, სომეხაა, ჩაყარო, სრულად, არდადეგებსო,
Nearest to მაქედან: ითამაშო, ჩავდეთ, აპარატიო, კოლორიტი, აგეღო, თბილისიდან, მქონდაო, მოგიკიდია,
Nearest to დედაჩემი: უნარების, მეტყვის, დასვეს, ჯონიმ, საჯდომად, სოლარიუმში, სტიქაროსნად, საერთო,
Nearest to მეზარება: ლარამდეც, დავსველდით, გასეირნება, დიეტას, დარეკვით, ყელისგან, რეზინას, თემურა,
Nearest to შეყვარებული: დათიაშვილმა, ბაზართან, ავიწიე, ინვესტორმა, მეილი, კეთილი, დაგინახავთ, ზოგიერთში,
Nearest to ვინმეს: მთვარის, დავაგდე, მტვრების, ექვსზე, გადაშალა, პიროვნება, დარბიხარ, აკოს,
Nearest to მაგაში: აქამდეო, მეკეთა, გამოაბარგებს, საკითხთან, საბასთან, მოვაკლათო, ნაციონალების, ორმოცდახუთებიო,
Nearest to მოეწონა: აღნიშნავენ, მაიმუნობდა, მეზობელსაც, ვითვლითო, იმღერაო, თავისებურად, გსიამოვნებს, გამნაღმველიო,
Nearest to ქორწილში: საფეხურზე, გაათენოს, მიჩვეულები, გატეხილია, გასული, ეუბნებიან, ვაცემინებ, ემ_პე_ტრი,
Averge loss at step 62000: 2.734131
Averge loss at step 64000: 2.732120
Averge loss at step 66000: 2.706855
Averge loss at step 68000: 2.704982
Averge loss at step 70000: 2.692611
Nearest to ვარ: ხარ, ვიყავი, ბანაობ, სიტუაციამ, რისხვის, იუსტიციაზე, მყავს, დამტოვე,
Nearest to მაგრამ: ნოკია, სამუშაოებიო, მომიხდია, გააჩერებს, გამოუვლიაო, ცხრისთვის, გაიმართა, დაწეროს,
Nearest to მაშინ: ვრთავთ, ტრაქტორმა, მემახსოვრება, რეცეპტის, წერტილი, მაგისი, ვემზადებით, ანტენები,
Nearest to ხოლმე: ტყუოდა, ლარებად, მამამთილთან, ვერთობოდით, მოლოდინში, მილანმა, ჭკვიანები, დღემ,
Nearest to იცი: წადი-მოდი, გავფენ, აქეთ-იქეთ, დილითაც, მოელის, კახური, მივიდოდნენ, ჩანთებიც,
Nearest to როდის: ხედვაა, სად, ავიკარი, გაყიდონ, შევდგამთ, პარალელურად, იუვენტუსმა, ბოლია,
Nearest to აბა: ნიღაბი, დახმარების, რუსიკოს, უკრაინაშიც, შენკენ, მიდი, ნოლგრიპი, უხდებოდა,
Nearest to ერთი: რიცხვი, შეუმცირებიათ, მოვნათლეთ, სრულად, თამროსთან, უჯრა, ჩაყარო, ჩავდექი,
Nearest to მაქედან: ითამაშო, ჩავდეთ, აპარატიო, კოლორიტი, აგეღო, თბილისიდან, გელოდებოდით, მქონდაო,
Nearest to დედაჩემი: მეტყვის, სოლარიუმში, უნარების, ჯონიმ, დემადექოზი, სტიქაროსნად, თამთას, გამიშლის,
Nearest to მეზარება: დავსველდით, ლარამდეც, დარეკვით, ყელისგან, გასეირნება, დიეტას, თემურა, ვშვრებოდი,
Nearest to შეყვარებული: დათიაშვილმა, ბაზართან, ინვესტორმა, ავიწიე, მეილი, კეთილი, დაგინახავთ, ზოგიერთში,
Nearest to ვინმეს: მთვარის, დავაგდე, მტვრების, ექვსზე, პიროვნება, გადაშალა, დარბიხარ, აკოს,
Nearest to მაგაში: აქამდეო, მეკეთა, გამოაბარგებს, საბასთან, საკითხთან, მოვაკლათო, ნაციონალების, ორმოცდახუთებიო,
Nearest to მოეწონა: აღნიშნავენ, ვითვლითო, მაიმუნობდა, იმღერაო, თავისებურად, მეზობელსაც, გამნაღმველიო, გადაიხდიო,
Nearest to ქორწილში: საფეხურზე, გაათენოს, მიჩვეულები, გასული, გატეხილია, ვაცემინებ, ეუბნებიან, ემ_პე_ტრი,
Averge loss at step 72000: 2.688734
Averge loss at step 74000: 2.676627
Averge loss at step 76000: 2.660933
Averge loss at step 78000: 2.656355
Averge loss at step 80000: 2.651205
Nearest to ვარ: ხარ, ვიყავი, სიტუაციამ, რისხვის, შევარჩევ, თხუთმეტიანიც, იუსტიციაზე, წავიყვანე,
Nearest to მაგრამ: სამუშაოებიო, გააჩერებს, ნოკია, მომიხდია, ცხრისთვის, დათვზე, გაიმართა, მერხებთან,
Nearest to მაშინ: ვრთავთ, ტრაქტორმა, მემახსოვრება, წერტილი, რეცეპტის, მოუგო, საათზეც, დამშვიდდეს,
Nearest to ხოლმე: ტყუოდა, მოლოდინში, ლარებად, მამამთილთან, ვერთობოდით, მილანმა, ცილები, კომენტარისგან,
Nearest to იცი: აქეთ-იქეთ, წადი-მოდი, გავფენ, მოელის, მივიდოდნენ, დილითაც, ჩამოგიარე, უბანიც,
Nearest to როდის: ხედვაა, ავიკარი, გაყიდონ, სად, შევდგამთ, კავკასუსს, იწერ, აენთო,
Nearest to აბა: ნიღაბი, დახმარების, საშრობზე, რუსიკოს, უხდებოდა, ნოლგრიპი, არდადეგები, უკრაინაშიც,
Nearest to ერთი: შეუმცირებიათ, მოვნათლეთ, თამროსთან, ცხიმი, რიცხვი, ჩაყარო, უჯრა, ჩავდექი,
Nearest to მაქედან: ითამაშო, აპარატიო, ჩავდეთ, კოლორიტი, თბილისიდან, მარისთვის, მქონდაო, აგეღო,
Nearest to დედაჩემი: სოლარიუმში, ჯონიმ, მეტყვის, დემადექოზი, უნარების, თამთას, სამუკა, გამიშლის,
Nearest to მეზარება: დარეკვით, ლარამდეც, დავსველდით, ყელისგან, დიეტას, გასეირნება, ვშვრებოდი, თემურა,
Nearest to შეყვარებული: დათიაშვილმა, ბაზართან, ავიწიე, ინვესტორმა, მეილი, დაგინახავთ, კეთილი, დავგეგმავ,
Nearest to ვინმეს: მთვარის, მტვრების, დავაგდე, ექვსზე, პიროვნება, გადაშალა, აკოს, დარბიხარ,
Nearest to მაგაში: აქამდეო, მეკეთა, გამოაბარგებს, საბასთან, ნაციონალების, მოვაკლათო, საკითხთან, გულში,
Nearest to მოეწონა: აღნიშნავენ, ვითვლითო, იმღერაო, მაიმუნობდა, თავისებურად, გამნაღმველიო, მეზობელსაც, გადაიხდიო,
Nearest to ქორწილში: საფეხურზე, გაათენოს, მიჩვეულები, გასული, ეუბნებიან, ვაცემინებ, გატეხილია, შევიკრიბოთ,
Averge loss at step 82000: 2.637926
Averge loss at step 84000: 2.630121
Averge loss at step 86000: 2.625581
Averge loss at step 88000: 2.616254
Averge loss at step 90000: 2.613531
Nearest to ვარ: ხარ, რისხვის, სიტუაციამ, თხუთმეტიანიც, ვიყავი, შევარჩევ, წახვიდოდი, დოზა,
Nearest to მაგრამ: სამუშაოებიო, ნოკია, მომიხდია, გააჩერებს, გაიმართა, სტიქაროსნად, ექიმების, ცხრისთვის,
Nearest to მაშინ: ვრთავთ, ტრაქტორმა, მემახსოვრება, დამშვიდდეს, წერტილი, ვემზადებით, ბოსტნეული, საათზეც,
Nearest to ხოლმე: ლარებად, ტყუოდა, მილანმა, მოლოდინში, სურათებსაც, მამამთილთან, გავაწმენდინე, აჭრელებული,
Nearest to იცი: გავფენ, წადი-მოდი, დილითაც, ჩამოგიარე, ოცდახუთში, მოელის, აქეთ-იქეთ, კახური,
Nearest to როდის: ხედვაა, სად, შევდგამთ, აენთო, გაყიდონ, ავიკარი, იწერ, ურთიერთობაში,
Nearest to აბა: ნიღაბი, რუსიკოს, დახმარების, ფართზე, ბარბარეზე, მიგეყიდა, არდადეგები, ნოლგრიპი,
Nearest to ერთი: შეუმცირებიათ, რიცხვი, გავფრინდი, მოვნათლეთ, დამღალა, ცხიმი, წაიყვანეთო, ჩაყარო,
Nearest to მაქედან: ითამაშო, აპარატიო, ჩავდეთ, კოლორიტი, მარისთვის, თბილისიდან, სიარული, რეზოსთან,
Nearest to დედაჩემი: სოლარიუმში, დემადექოზი, ჯონიმ, მეტყვის, სამუკა, თამთას, გამიშლის, უნარების,
Nearest to მეზარება: დარეკვით, ყელისგან, ლარამდეც, დავსველდით, გასეირნება, დიეტას, ვშვრებოდი, თემურა,
Nearest to შეყვარებული: დათიაშვილმა, ბაზართან, ავიწიე, ინვესტორმა, მეილი, დაგინახავთ, მოვიფიქრეთ, კეთილი,
Nearest to ვინმეს: მთვარის, მტვრების, დავაგდე, ექვსზე, პიროვნება, გადაშალა, გეტყობა, მხარი,
Nearest to მაგაში: აქამდეო, მეკეთა, საბასთან, გამოაბარგებს, ნაციონალების, მოვაკლათო, საკითხთან, ავადმყოფობას,
Nearest to მოეწონა: აღნიშნავენ, ვითვლითო, მაიმუნობდა, იმღერაო, თავისებურად, გამნაღმველიო, გაგიყიდის, გუგლ,
Nearest to ქორწილში: საფეხურზე, გაათენოს, მიჩვეულები, გასული, ვაცემინებ, ეუბნებიან, გატეხილია, შევიკრიბოთ,
Averge loss at step 92000: 2.599363
Averge loss at step 94000: 2.596401
Averge loss at step 96000: 2.591141
Averge loss at step 98000: 2.582826
Averge loss at step 100000: 2.577122
Nearest to ვარ: ხარ, ვიყავი, რისხვის, სიტუაციამ, შევარჩევ, წახვიდოდი, ბანაობ, წავიყვანე,
Nearest to მაგრამ: სამუშაოებიო, გააჩერებს, მომიხდია, ექიმების, ნოკია, გაიმართა, გაზრდილს, გადავაბამ,
Nearest to მაშინ: ვრთავთ, ტრაქტორმა, მემახსოვრება, დამშვიდდეს, წერტილი, საათზეც, ვემზადებით, მიიყვანს,
Nearest to ხოლმე: ტყუოდა, მილანმა, ლარებად, მოლოდინში, ტალახს, მამამთილთან, დღემ, ახტა,
Nearest to იცი: გავფენ, დილითაც, წადი-მოდი, ჩამოგიარე, ვითარდება, მოელის, კახური, ყოფილხარო,
Nearest to როდის: ხედვაა, სად, შევდგამთ, იწერ, გაყიდონ, აენთო, პარალელურად, ურთიერთობაში,
Nearest to აბა: ნიღაბი, რუსიკოს, მიგეყიდა, ნოლგრიპი, ბარბარეზე, უხდებოდა, მიდი, საელჩოსთანაც,
Nearest to ერთი: შეუმცირებიათ, მოვნათლეთ, ოცდაერთში, არდადეგებსო, ფულიანი, თამროსთან, გავფრინდი, რიცხვი,
Nearest to მაქედან: ითამაშო, მარისთვის, კოლორიტი, აპარატიო, ჩავდეთ, სიარული, თბილისიდან, გელოდებოდით,
Nearest to დედაჩემი: სოლარიუმში, სამუკა, ჯონიმ, მეტყვის, დემადექოზი, თამთას, გამიშლის, აურ-დაურიეს,
Nearest to მეზარება: დარეკვით, ყელისგან, ლარამდეც, დავსველდით, ვშვრებოდი, გასეირნება, დიეტას, თემურა,
Nearest to შეყვარებული: დათიაშვილმა, ბაზართან, ავიწიე, ინვესტორმა, მეილი, მოვიფიქრეთ, დაგინახავთ, დავგეგმავ,
Nearest to ვინმეს: მტვრების, მთვარის, დავაგდე, ექვსზე, წასულიყავი, გადაშალა, მხარი, გეტყობა,
Nearest to მაგაში: აქამდეო, მეკეთა, საბასთან, ნაციონალების, მოვაკლათო, გამოაბარგებს, საკითხთან, ავადმყოფობას,
Nearest to მოეწონა: აღნიშნავენ, ვითვლითო, მაიმუნობდა, იმღერაო, თავისებურად, გამნაღმველიო, გაგიყიდის, გუგლ,
Nearest to ქორწილში: საფეხურზე, გაათენოს, მიჩვეულები, გასული, ვაცემინებ, ეუბნებიან, შევიკრიბოთ, გატეხილია,
Epoch: 1 Learning rate: 1.000
0.073 perplexity: 12976.864 speed: 12919 wps
0.168 perplexity: 16572.604 speed: 17309 wps
0.263 perplexity: 38716.633 speed: 19398 wps
0.358 perplexity: 35182.936 speed: 20665 wps
0.453 perplexity: 59196.940 speed: 21465 wps
0.547 perplexity: 146008.017 speed: 21979 wps
0.642 perplexity: 212682.061 speed: 22433 wps
0.737 perplexity: 249875.857 speed: 22765 wps
0.832 perplexity: 256227.988 speed: 23033 wps
0.927 perplexity: 218131.203 speed: 23226 wps
Epoch: 1 Train Perplexity: 198752.288
Epoch: 1 Valid Perplexity: 11706.711
Epoch: 2 Learning rate: 1.000
0.073 perplexity: 10122.491 speed: 24913 wps
0.168 perplexity: 107037.347 speed: 25129 wps
0.263 perplexity: 215330.304 speed: 25251 wps
0.358 perplexity: 202955.159 speed: 25294 wps
0.453 perplexity: 203831.586 speed: 25312 wps
0.547 perplexity: 676017.260 speed: 25291 wps
0.642 perplexity: 924650.172 speed: 25306 wps
0.737 perplexity: 1266861.089 speed: 25335 wps
0.832 perplexity: 2130297.266 speed: 25361 wps
0.927 perplexity: 2579575.133 speed: 25352 wps
Epoch: 2 Train Perplexity: 3341256.015
Epoch: 2 Valid Perplexity: 30176049460880.543
Epoch: 3 Learning rate: 1.000
0.073 perplexity: 3750215639.881 speed: 25246 wps
0.168 perplexity: 139483908.771 speed: 25368 wps
0.263 perplexity: 134422660.406 speed: 25427 wps
0.358 perplexity: 331066919.031 speed: 25448 wps
0.453 perplexity: 264172111.900 speed: 25449 wps
0.547 perplexity: 131417319.590 speed: 25449 wps
0.642 perplexity: 72134752.004 speed: 25461 wps
0.737 perplexity: 56013287.843 speed: 25425 wps
0.832 perplexity: 34895999.397 speed: 25355 wps
0.927 perplexity: 34003372.366 speed: 25359 wps
Epoch: 3 Train Perplexity: 31812719.703
Epoch: 3 Valid Perplexity: 22024487.506
Epoch: 4 Learning rate: 1.000
0.073 perplexity: 7749848.643 speed: 24884 wps
0.168 perplexity: 3366895.712 speed: 25019 wps
0.263 perplexity: 2083347.132 speed: 25054 wps
0.358 perplexity: 2492629.321 speed: 25084 wps
0.453 perplexity: 4522506.328 speed: 25025 wps
0.547 perplexity: 17255501.502 speed: 25030 wps
0.642 perplexity: 117193104.607 speed: 25055 wps
0.737 perplexity: 303956495.493 speed: 25078 wps
0.832 perplexity: 297841658.184 speed: 25106 wps
0.927 perplexity: 272877711.320 speed: 25086 wps
Epoch: 4 Train Perplexity: 240255234.158
Epoch: 4 Valid Perplexity: 19591128.769
Epoch: 5 Learning rate: 0.800
0.073 perplexity: 1075105.247 speed: 25020 wps
0.168 perplexity: 799323.386 speed: 24914 wps
0.263 perplexity: 983841.586 speed: 24985 wps
0.358 perplexity: 859215.681 speed: 25055 wps
0.453 perplexity: 2788487.513 speed: 25156 wps
0.547 perplexity: 2756091.636 speed: 25202 wps
0.642 perplexity: 2422646.296 speed: 25239 wps
0.737 perplexity: 1938462.150 speed: 25236 wps
0.832 perplexity: 1995726.536 speed: 25204 wps
0.927 perplexity: 1613026.538 speed: 25186 wps
Epoch: 5 Train Perplexity: 1683731.435
Epoch: 5 Valid Perplexity: 103033.121
Epoch: 6 Learning rate: 0.640
0.073 perplexity: 454827.583 speed: 25325 wps
0.168 perplexity: 2007458.898 speed: 25173 wps
0.263 perplexity: 913551.319 speed: 25215 wps
0.358 perplexity: 485647.098 speed: 25234 wps
0.453 perplexity: 257761.259 speed: 25152 wps
0.547 perplexity: 202291.509 speed: 25156 wps
0.642 perplexity: 194528.448 speed: 25159 wps
0.737 perplexity: 168233.748 speed: 25148 wps
0.832 perplexity: 158451.389 speed: 25159 wps
0.927 perplexity: 145814.354 speed: 25119 wps
Epoch: 6 Train Perplexity: 131405.878
Epoch: 6 Valid Perplexity: 12089.316
Epoch: 7 Learning rate: 0.512
0.073 perplexity: 28027.260 speed: 25034 wps
0.168 perplexity: 19476.356 speed: 25093 wps
0.263 perplexity: 20812.902 speed: 25139 wps
0.358 perplexity: 31931.242 speed: 25111 wps
0.453 perplexity: 31424.478 speed: 25117 wps
0.547 perplexity: 42317.199 speed: 25089 wps
0.642 perplexity: 42936.599 speed: 25063 wps
0.737 perplexity: 35434.764 speed: 25085 wps
0.832 perplexity: 31035.398 speed: 25120 wps
0.927 perplexity: 25509.876 speed: 25089 wps
Epoch: 7 Train Perplexity: 22571.429
Epoch: 7 Valid Perplexity: 1684.335
Epoch: 8 Learning rate: 0.410
0.073 perplexity: 10175.141 speed: 24833 wps
0.168 perplexity: 10657.345 speed: 25013 wps
0.263 perplexity: 30631.085 speed: 25104 wps
0.358 perplexity: 21830.458 speed: 25082 wps
0.453 perplexity: 15874.918 speed: 25144 wps
0.547 perplexity: 13608.675 speed: 25067 wps
0.642 perplexity: 10793.724 speed: 25081 wps
0.737 perplexity: 8900.659 speed: 25095 wps
0.832 perplexity: 7752.813 speed: 24910 wps
0.927 perplexity: 6581.010 speed: 24934 wps
Epoch: 8 Train Perplexity: 6212.481
Epoch: 8 Valid Perplexity: 2785.286
Epoch: 9 Learning rate: 0.328
0.073 perplexity: 3961.296 speed: 25070 wps
0.168 perplexity: 7917.073 speed: 25237 wps
0.263 perplexity: 5813.561 speed: 25075 wps
0.358 perplexity: 4044.496 speed: 25040 wps
0.453 perplexity: 3505.680 speed: 25039 wps
0.547 perplexity: 2955.883 speed: 25081 wps
0.642 perplexity: 2631.716 speed: 25050 wps
0.737 perplexity: 2508.073 speed: 25028 wps
0.832 perplexity: 2312.357 speed: 25037 wps
0.927 perplexity: 2140.400 speed: 25069 wps
Epoch: 9 Train Perplexity: 2060.948
Epoch: 9 Valid Perplexity: 704.006
Epoch: 10 Learning rate: 0.262
0.073 perplexity: 1548.179 speed: 25424 wps
0.168 perplexity: 1260.204 speed: 25252 wps
0.263 perplexity: 1128.503 speed: 25092 wps
0.358 perplexity: 1216.602 speed: 25099 wps
0.453 perplexity: 1293.245 speed: 25113 wps
0.547 perplexity: 1292.932 speed: 25131 wps
0.642 perplexity: 1248.021 speed: 25074 wps
0.737 perplexity: 1216.746 speed: 25080 wps
0.832 perplexity: 1278.270 speed: 25079 wps
0.927 perplexity: 1255.111 speed: 25108 wps
Epoch: 10 Train Perplexity: 1234.996
Epoch: 10 Valid Perplexity: 458.733
Epoch: 11 Learning rate: 0.210
0.073 perplexity: 874.022 speed: 25169 wps
0.168 perplexity: 866.574 speed: 24656 wps
0.263 perplexity: 900.233 speed: 24797 wps
0.358 perplexity: 909.530 speed: 24813 wps
0.453 perplexity: 889.566 speed: 24822 wps
0.547 perplexity: 877.081 speed: 24839 wps
0.642 perplexity: 861.921 speed: 24803 wps
0.737 perplexity: 872.684 speed: 24813 wps
0.832 perplexity: 888.545 speed: 24836 wps
0.927 perplexity: 897.042 speed: 24805 wps
Epoch: 11 Train Perplexity: 890.383
Epoch: 11 Valid Perplexity: 402.956
Epoch: 12 Learning rate: 0.168
0.073 perplexity: 787.306 speed: 24942 wps
0.168 perplexity: 791.890 speed: 24907 wps
0.263 perplexity: 964.228 speed: 24923 wps
0.358 perplexity: 966.680 speed: 24887 wps
0.453 perplexity: 927.749 speed: 24896 wps
0.547 perplexity: 908.240 speed: 24863 wps
0.642 perplexity: 917.655 speed: 24858 wps
0.737 perplexity: 916.441 speed: 24872 wps
0.832 perplexity: 903.888 speed: 24852 wps
0.927 perplexity: 897.850 speed: 24857 wps
Epoch: 12 Train Perplexity: 889.273
Epoch: 12 Valid Perplexity: 378.083
Epoch: 13 Learning rate: 0.134
0.073 perplexity: 736.851 speed: 24879 wps
0.168 perplexity: 786.136 speed: 24760 wps
0.263 perplexity: 890.808 speed: 24831 wps
0.358 perplexity: 931.384 speed: 24852 wps
0.453 perplexity: 943.461 speed: 24828 wps
0.547 perplexity: 921.659 speed: 24797 wps
0.642 perplexity: 914.387 speed: 24809 wps
0.737 perplexity: 906.209 speed: 24792 wps
0.832 perplexity: 889.804 speed: 24797 wps
0.927 perplexity: 870.618 speed: 24793 wps
Epoch: 13 Train Perplexity: 859.906
Epoch: 13 Valid Perplexity: 368.346
Epoch: 14 Learning rate: 0.107
0.073 perplexity: 705.668 speed: 24582 wps
0.168 perplexity: 732.212 speed: 24738 wps
0.263 perplexity: 746.199 speed: 24767 wps
0.358 perplexity: 749.578 speed: 24789 wps
0.453 perplexity: 747.762 speed: 24816 wps
0.547 perplexity: 739.805 speed: 24773 wps
0.642 perplexity: 740.895 speed: 24787 wps
0.737 perplexity: 742.654 speed: 24807 wps
0.832 perplexity: 745.460 speed: 24789 wps
0.927 perplexity: 744.414 speed: 24798 wps
Epoch: 14 Train Perplexity: 744.438
Epoch: 14 Valid Perplexity: 376.680
Epoch: 15 Learning rate: 0.086
0.073 perplexity: 712.315 speed: 25029 wps
0.168 perplexity: 724.154 speed: 24935 wps
0.263 perplexity: 733.870 speed: 24902 wps
0.358 perplexity: 733.751 speed: 24906 wps
0.453 perplexity: 731.997 speed: 24799 wps
0.547 perplexity: 725.673 speed: 24789 wps
0.642 perplexity: 725.405 speed: 24784 wps
0.737 perplexity: 727.288 speed: 24778 wps
0.832 perplexity: 729.040 speed: 24807 wps
0.927 perplexity: 726.397 speed: 24776 wps
Epoch: 15 Train Perplexity: 725.010
Epoch: 15 Valid Perplexity: 361.381
Epoch: 16 Learning rate: 0.069
0.073 perplexity: 697.235 speed: 24916 wps
0.168 perplexity: 716.964 speed: 24826 wps
0.263 perplexity: 728.482 speed: 24814 wps
0.358 perplexity: 729.634 speed: 24772 wps
0.453 perplexity: 729.278 speed: 24394 wps
0.547 perplexity: 721.336 speed: 24474 wps
0.642 perplexity: 721.570 speed: 24549 wps
0.737 perplexity: 719.742 speed: 24568 wps
0.832 perplexity: 722.410 speed: 24607 wps
0.927 perplexity: 721.587 speed: 24647 wps
Epoch: 16 Train Perplexity: 719.318
Epoch: 16 Valid Perplexity: 357.283
Epoch: 17 Learning rate: 0.055
0.073 perplexity: 700.718 speed: 24627 wps
0.168 perplexity: 713.672 speed: 24812 wps
0.263 perplexity: 720.678 speed: 24869 wps
0.358 perplexity: 721.325 speed: 24806 wps
0.453 perplexity: 720.090 speed: 24823 wps
0.547 perplexity: 712.100 speed: 24841 wps
0.642 perplexity: 712.878 speed: 24809 wps
0.737 perplexity: 711.081 speed: 24813 wps
0.832 perplexity: 713.311 speed: 24805 wps
0.927 perplexity: 711.921 speed: 24811 wps
Epoch: 17 Train Perplexity: 709.649
Epoch: 17 Valid Perplexity: 350.225
Epoch: 18 Learning rate: 0.044
0.073 perplexity: 697.929 speed: 24674 wps
0.168 perplexity: 712.112 speed: 24625 wps
0.263 perplexity: 716.928 speed: 24695 wps
0.358 perplexity: 716.910 speed: 24775 wps
0.453 perplexity: 716.585 speed: 24738 wps
0.547 perplexity: 708.615 speed: 24747 wps
0.642 perplexity: 707.833 speed: 24744 wps
0.737 perplexity: 705.901 speed: 24762 wps
0.832 perplexity: 707.783 speed: 24782 wps
0.927 perplexity: 706.348 speed: 24772 wps
Epoch: 18 Train Perplexity: 704.260
Epoch: 18 Valid Perplexity: 350.947
Epoch: 19 Learning rate: 0.035
0.073 perplexity: 693.322 speed: 24914 wps
0.168 perplexity: 706.269 speed: 24880 wps
0.263 perplexity: 711.570 speed: 24853 wps
0.358 perplexity: 711.751 speed: 24862 wps
0.453 perplexity: 711.537 speed: 24863 wps
0.547 perplexity: 703.201 speed: 24814 wps
0.642 perplexity: 703.047 speed: 24804 wps
0.737 perplexity: 701.090 speed: 24841 wps
0.832 perplexity: 702.715 speed: 24814 wps
0.927 perplexity: 701.440 speed: 24818 wps
Epoch: 19 Train Perplexity: 699.184
Epoch: 19 Valid Perplexity: 349.143
Epoch: 20 Learning rate: 0.028
0.073 perplexity: 685.375 speed: 24848 wps
0.168 perplexity: 699.526 speed: 24777 wps
0.263 perplexity: 705.749 speed: 24808 wps
0.358 perplexity: 705.621 speed: 24836 wps
0.453 perplexity: 705.620 speed: 24795 wps
0.547 perplexity: 698.432 speed: 24810 wps
0.642 perplexity: 698.491 speed: 24853 wps
0.737 perplexity: 697.709 speed: 24812 wps
0.832 perplexity: 699.873 speed: 24798 wps
0.927 perplexity: 698.674 speed: 24783 wps
Epoch: 20 Train Perplexity: 696.222
Epoch: 20 Valid Perplexity: 349.470
Epoch: 21 Learning rate: 0.023
0.073 perplexity: 683.351 speed: 24860 wps
0.168 perplexity: 698.558 speed: 24865 wps
0.263 perplexity: 705.870 speed: 24820 wps
0.358 perplexity: 704.463 speed: 24822 wps
0.453 perplexity: 704.049 speed: 24861 wps
0.547 perplexity: 696.784 speed: 24837 wps
0.642 perplexity: 696.491 speed: 24847 wps
0.737 perplexity: 694.744 speed: 24867 wps
0.832 perplexity: 696.843 speed: 24833 wps
0.927 perplexity: 695.708 speed: 24839 wps
Epoch: 21 Train Perplexity: 693.180
Epoch: 21 Valid Perplexity: 349.595
Epoch: 22 Learning rate: 0.018
0.073 perplexity: 680.500 speed: 24845 wps
0.168 perplexity: 695.061 speed: 24756 wps
0.263 perplexity: 700.262 speed: 24770 wps
0.358 perplexity: 699.985 speed: 24838 wps
0.453 perplexity: 699.485 speed: 24790 wps
0.547 perplexity: 692.077 speed: 24795 wps
0.642 perplexity: 691.730 speed: 24771 wps
0.737 perplexity: 690.040 speed: 24771 wps
0.832 perplexity: 691.730 speed: 24794 wps
0.927 perplexity: 690.563 speed: 24780 wps
Epoch: 22 Train Perplexity: 688.233
Epoch: 22 Valid Perplexity: 349.429
Epoch: 23 Learning rate: 0.014
0.073 perplexity: 676.334 speed: 24765 wps
0.168 perplexity: 690.817 speed: 24869 wps
0.263 perplexity: 697.218 speed: 24797 wps
0.358 perplexity: 696.729 speed: 24832 wps
0.453 perplexity: 696.994 speed: 24826 wps
0.547 perplexity: 689.498 speed: 24809 wps
0.642 perplexity: 689.542 speed: 24829 wps
0.737 perplexity: 687.980 speed: 24813 wps
0.832 perplexity: 690.271 speed: 24794 wps
0.927 perplexity: 688.882 speed: 24831 wps
Epoch: 23 Train Perplexity: 686.785
Epoch: 23 Valid Perplexity: 349.891
Epoch: 24 Learning rate: 0.012
0.073 perplexity: 674.531 speed: 24765 wps
0.168 perplexity: 685.473 speed: 23899 wps
0.263 perplexity: 692.825 speed: 24242 wps
0.358 perplexity: 692.433 speed: 24394 wps
0.453 perplexity: 692.744 speed: 24480 wps
0.547 perplexity: 686.754 speed: 24545 wps
0.642 perplexity: 686.343 speed: 24553 wps
0.737 perplexity: 684.701 speed: 24588 wps
0.832 perplexity: 687.127 speed: 24603 wps
0.927 perplexity: 686.693 speed: 24615 wps
Epoch: 24 Train Perplexity: 683.626
Epoch: 24 Valid Perplexity: 349.448
Epoch: 25 Learning rate: 0.009
0.073 perplexity: 684.745 speed: 24832 wps
0.168 perplexity: 696.083 speed: 24926 wps
0.263 perplexity: 700.552 speed: 24802 wps
0.358 perplexity: 696.828 speed: 24815 wps
0.453 perplexity: 695.831 speed: 24756 wps
0.547 perplexity: 689.420 speed: 24780 wps
0.642 perplexity: 688.244 speed: 24809 wps
0.737 perplexity: 686.223 speed: 24793 wps
0.832 perplexity: 688.308 speed: 24799 wps
0.927 perplexity: 687.228 speed: 24782 wps
Epoch: 25 Train Perplexity: 683.920
Epoch: 25 Valid Perplexity: 348.732
Saving model to data/rnnlm_skipgram/rnnlm.
