./run_newlm.sh --the-lm rnnlm --embed-method cbow --hidden-size 200 --num-layers 2 --batch-size 128 --keep-prob 0.5 --max-epoch 25
=====================================================================================
Usage of this scipt:
  ./run_newlm.sh <the-lm>(language-model) <embed-method>(embedding-method)
The scipt provides three kinds of language model and three embedding methods as well
	Language Models: rnnlm lstmlm fast(lstm_fast) 
	Embedding Methods: skipgram cbow glove 
If you want to train the word embeddings during the neural network training: 
  the embedding method can be set as base, which means it is the basic method.
For example: 
  ./run_newlm.sh --the-lm rnnlm --embed-method skipgram
=====================================================================================
-----------------------------------
     Train/Dev Data Preparation    
-----------------------------------
Getting train and validation sets.
-----------------------------------
     Data Preparation Finished!    
-----------------------------------
-----------------------------------
  Vocabulary Preparation Finished! 
-----------------------------------
embedding 0 shape: [128, 200]
Concat embedding size: [128, 200, 1]
Average embedding size: [128, 200]
embedding 1 shape: [128, 200]
Concat embedding size: [128, 200, 2]
Average embedding size: [128, 200]
Initialized!
Average loss at step 0: 7.757115 
Nearest to როგორ:  ბანკომატზე, მოხვალ, გუჯამ, მაჩხუბებს, რეალშია, შვილები, ითხოვოს, მოხსნილი,
Nearest to ჩემი:  ნუცაცო, ცეკვავდა, ჰიცფელდი, დააფინანსონ, ჩაიზე, გაკვირვებული, მოწყენით, ჩქარ-ჩქარა,
Nearest to აქვს:  როჟა, სიუჟეტები, გამოგიყვანს, მომიწყოთ, დავუპატიჟებივარ, ჩამოყალიბებულ, ზღვის, გავიდე,
Nearest to აქ:  ნატური, ხარაგაული, კაცს, მციოდა, ბუღალტერიით, ნიას, აირევა, ჯემალის,
Nearest to კი:  კარგს, უყვირა, ბიჭმაც, ლილო, შეგვიშვას, დავხვდე, ფეთიანია, იძინებ,
Nearest to გუშინ:  ზიკოსაც, ვერ, პანდუსივით, ყიდიდა, სპორტის, მაგენ, ყინავს, ბალკონშიო,
Nearest to ჯერ:  აქტივობებში, ორთქლზე, გვეტყობა, დაეჯახა, აწი, ნანიკო, გამოგიარო, ადვილია,
Nearest to ერთი:  დაათვალიერეთ, ფილტვების, მოვაგვარებ, გაგიკეთებენ, ათხოვე, სამინისტროშია, ძალა, დათესვა,
Nearest to პრობლემები:  დამპატიჟებდი, დავკარგავთ, ამაცილე, სვანებს, აყიდინებდა, ბებიაჩემისთვის, მარტოობა, დააყარო,
Nearest to მაქედან:  შიგადაშიგ, კიცხი, დაგადგება, გააფუჭებენ, გაიმართნენ, დამივიწყეთ, მიმაჩნია, დაუხერხა,
Nearest to წამოხვალ:  აღმოჩენილი, გუჯოს, ავუწევო, მიგდებული, ხარჯთ-აღრიცხვას, შეიძენენ, დედაშენისთვის, რვეულებიო,
Nearest to იმდენად:  ღომი, გაჭამოო, მოვასწრებთო, მეკითხებიან, სტუდენტებისთვის, აღნიშნეს, ასულები, დავიგრუზე,
Nearest to სტკივა:  ისრები, თანამშრომელი, ოსივით, შემოიჯინე, დროსაც, მოგიწერია, აუდიზე, დამრჩება,
Nearest to მინახავხარ:  პროექტი, მაგათზე, დეხიამ, მოგვიხარშა, დამაწყებინე, ამოყავი, აძინებენ, დაიღალა,
Nearest to კომპიუტერში:  წავსულიყავით, სიამოვნება, გაყვირებდა, ტენდერებში, სიტუაციები, ყველაფერი, კოდექსები, გუჯაც,
Nearest to ორასი:  ვთევზაობდით, მიეხმარება, სახლთან, გახეული, დამწერს, პროტესტს, ტექნიკა, ყიდი,
Average loss at step 2000: 3.960484 
Average loss at step 4000: 3.404265 
Average loss at step 6000: 3.193935 
Average loss at step 8000: 3.023661 
Average loss at step 10000: 2.838828 
Nearest to როგორ:  რავა, ითხოვოს, მოხსნილი, პერიოდულად, ჩაამატე, დაითრევს, ქულებში, დედუა,
Nearest to ჩემი:  ნუცაცო, მოწყენით, დავხურეთ, დააფინანსონ, გაკვირვებული, ცეკვავდა, ძრავითაა, აქვეა,
Nearest to აქვს:  მომიწყოთ, როჟა, დავუპატიჟებივარ, მამიდა, კომპენსაცია, გაჭირვებულო, სიუჟეტები, ჩამოყალიბებულ,
Nearest to აქ:  ნატური, მციოდა, ხარაგაული, იმოძრავოს, სჭირდები, მოიყვანა, დამიცხვე, ნელია,
Nearest to კი:  კარგს, ვთხოვთ, უყვირა, ქირავდება, ბიჭმაც, წუთს, შემოდგომასაც, ლეგოები,
Nearest to გუშინ:  ზიკოსაც, მაგენ, ვერ, ფულსაც, მასწავლებლით, სპორტის, ორშაბათამდე, ბალკონშიო,
Nearest to ჯერ:  ორთქლზე, წებოს, ჩაწოლილი, ამით, ამოვლენ, ჭამეთ, ვქენით, გააქვს,
Nearest to ერთი:  დაათვალიერეთ, სამი, ათხოვე, გადავაგდე, რვა, ორი, ჩხიკვიშვილმა, მოღჩნენ,
Nearest to პრობლემები:  დავკარგავთ, ამაცილე, დამპატიჟებდი, აყიდინებდა, მარტოობა, განცხადებები, ბებიაჩემისთვის, სვანებს,
Nearest to მაქედან:  კიცხი, შიგადაშიგ, დაგადგება, გააფუჭებენ, დაუხერხა, დამივიწყეთ, მიმაჩნია, გაიმართნენ,
Nearest to წამოხვალ:  მიგდებული, ხარჯთ-აღრიცხვას, გუჯოს, ავუწევო, მაღლებიც, აღმოჩენილი, ვიკითხეთ, მოაკლდება,
Nearest to იმდენად:  ღომი, გაჭამოო, სტუდენტებისთვის, ასულები, მოვასწრებთო, შემოვალ, ხვალისკენ, მეკითხებიან,
Nearest to სტკივა:  ისრები, თანამშრომელი, აუდიზე, დროსაც, ოსივით, შემოიჯინე, მოგიწერია, ოთხმოცში,
Nearest to მინახავხარ:  პროექტი, ვყოფილვარ, დეხიამ, დანარჩენებმა, მაგათზე, სამუშაოებია, ამოყავი, გამოყვანას,
Nearest to კომპიუტერში:  წავსულიყავით, გაყვირებდა, სიამოვნება, ტენდერებში, სიტუაციები, აქეთკენ, კოდექსები, ყველაფერი,
Nearest to ორასი:  ვთევზაობდით, მიეხმარება, ყიდი, ნულიანი, სახლთან, პროტესტს, დამწერს, ტექნიკა,
Average loss at step 12000: 2.737779 
Average loss at step 14000: 2.644538 
Average loss at step 16000: 2.541003 
Average loss at step 18000: 2.447169 
Average loss at step 20000: 2.384817 
Nearest to როგორ:  რავა, მოხსნილი, ითხოვოს, მოასწრო, ბანკომატზე, ჩაამატე, ჩამოსკდომა, დაითრევს,
Nearest to ჩემი:  ნუცაცო, მოწყენით, დავხურეთ, გაკვირვებული, დააფინანსონ, აქვეა, ცეკვავდა, ვარიკოზი,
Nearest to აქვს:  მომიწყოთ, დავუპატიჟებივარ, კომპენსაცია, იხვეწება, როჟა, გაქვს, მამიდა, ჩამოყალიბებულ,
Nearest to აქ:  ნატური, მციოდა, შესყიდვების, ხარაგაული, იმოძრავოს, დანგრეული, სჭირდები, დამიცხვე,
Nearest to კი:  კარგს, ვთხოვთ, უყვირა, ფართიზე, ვაკეთებთ, წუთს, ლეგოები, ბიჭმაც,
Nearest to გუშინ:  ზიკოსაც, ვერ, მაგენ, ფულსაც, მასწავლებლით, სპორტის, აქირავებს, გაეზარდა,
Nearest to ჯერ:  ორთქლზე, ჩაწოლილი, ჭამეთ, წებოს, ამით, დაალაპარაკები, ამოვლენ, ვქენით,
Nearest to ერთი:  დაათვალიერეთ, ათხოვე, გადავაგდე, მოკვდებოდი, რვა, სასწორი, დათესვა, გაეცლება,
Nearest to პრობლემები:  დავკარგავთ, დამპატიჟებდი, ამაცილე, აყიდინებდა, მარტოობა, ავსებული, განცხადებები, კაბაზე,
Nearest to მაქედან:  კიცხი, გააფუჭებენ, შიგადაშიგ, მიმაჩნია, დაგადგება, დაუხერხა, დამივიწყეთ, გაიმართნენ,
Nearest to წამოხვალ:  მიგდებული, გუჯოს, რაფერც, ვიკითხეთ, ხარჯთ-აღრიცხვას, მაღლებიც, ავუწევო, მოაკლდება,
Nearest to იმდენად:  ღომი, სტუდენტებისთვის, გაჭამოო, ასულები, შემოვალ, დავიგრუზე, ხვალისკენ, ჩააგდებს,
Nearest to სტკივა:  ისრები, აუდიზე, თანამშრომელი, დროსაც, მოგიწერია, გადაიხდისო, ოთხმოცში, მოუვლი,
Nearest to მინახავხარ:  პროექტი, ვყოფილვარ, სამუშაოებია, მაგათზე, დანარჩენებმა, რითმზე, დეხიამ, გამოყვანას,
Nearest to კომპიუტერში:  წავსულიყავით, აქეთკენ, ტენდერებში, გაყვირებდა, სიტუაციები, სიამოვნება, ყველაფერი, კოდექსები,
Nearest to ორასი:  ვთევზაობდით, მიეხმარება, ყიდი, ნულიანი, პროტესტს, დაუტოვო, სახლთან, დამწერს,
Average loss at step 22000: 2.330424 
Average loss at step 24000: 2.265408 
Average loss at step 26000: 2.212072 
Average loss at step 28000: 2.172500 
Average loss at step 30000: 2.137251 
Nearest to როგორ:  რავა, მოხსნილი, მოასწრო, ითხოვოს, გაჩე, ბანკომატზე, ჩაამატე, მოვიცავთ,
Nearest to ჩემი:  მოწყენით, ნუცაცო, დავხურეთ, გაკვირვებული, აქვეა, ვარიკოზი, შენზეო, ცეკვავდა,
Nearest to აქვს:  მომიწყოთ, გაქვს, დავუპატიჟებივარ, იხვეწება, კომპენსაცია, როჟა, ჰქონდა, მებოდიალები,
Nearest to აქ:  ნატური, მციოდა, შესყიდვების, იმოძრავოს, დანგრეული, ხარაგაული, სჭირდები, მიშველა,
Nearest to კი:  კარგს, უყვირა, ვაკეთებთ, ვთხოვთ, წუთს, გამოუვიდა, ფართიზე, ბავშვისო,
Nearest to გუშინ:  ზიკოსაც, ვერ, გაეზარდა, ვმალავთ, ფულსაც, უხურავდნენ, მასწავლებლით, მაგენ,
Nearest to ჯერ:  ჩაწოლილი, გააუმჯობესე, ნანიკო, დაალაპარაკები, ორთქლზე, ჭამეთ, ამით, ვქენით,
Nearest to ერთი:  დაათვალიერეთ, ათხოვე, მოკვდებოდი, გადავაგდე, რვა, მოღჩნენ, დათესვა, სასწორი,
Nearest to პრობლემები:  დამპატიჟებდი, დავკარგავთ, ამაცილე, ფარში, ავსებული, აყიდინებდა, მარტოობა, კაბაზე,
Nearest to მაქედან:  კიცხი, შიგადაშიგ, გააფუჭებენ, მიმაჩნია, ელოდები, ალიკოს, დედაჩემიც, ბოლო,
Nearest to წამოხვალ:  მიგდებული, რაფერც, გუჯოს, ვიკითხეთ, ჩარევა, ავუწევო, ხარჯთ-აღრიცხვას, ვიკისრებბ,
Nearest to იმდენად:  სტუდენტებისთვის, ღომი, გაჭამოო, ასულები, შემოვალ, შემწვარი, ინერვიულოს, ჩააგდებს,
Nearest to სტკივა:  ისრები, აუდიზე, თანამშრომელი, გადაიხდისო, მოგიწერია, მოუვლი, დროსაც, კოვზი,
Nearest to მინახავხარ:  პროექტი, ვყოფილვარ, მაგათზე, სამუშაოებია, რითმზე, დანარჩენებმა, დეხიამ, მისმენთ,
Nearest to კომპიუტერში:  წავსულიყავით, აქეთკენ, ტენდერებში, სიტუაციები, ყველაფერი, გაყვირებდა, სიამოვნება, დამაკლდა,
Nearest to ორასი:  მიეხმარება, ვთევზაობდით, ყიდი, ნულიანი, დაუტოვო, პროტესტს, წელიწად-ნახევარზე, ვარკეთილიდან,
Average loss at step 32000: 2.086583 
Average loss at step 34000: 2.058132 
Average loss at step 36000: 2.025624 
Average loss at step 38000: 1.998373 
Average loss at step 40000: 1.962684 
Nearest to როგორ:  რავა, მოხსნილი, მოასწრო, გაჩე, ითხოვოს, ბანკომატზე, მოვიცავთ, ჩაამატე,
Nearest to ჩემი:  მოწყენით, ნუცაცო, დავხურეთ, გაკვირვებული, აქვეა, ვარიკოზი, შენზეო, ცეკვავდა,
Nearest to აქვს:  გაქვს, მომიწყოთ, იხვეწება, მაქვს, დავუპატიჟებივარ, ჰქონდა, კომპენსაცია, ვლაპარაკობთ,
Nearest to აქ:  ნატური, მციოდა, შესყიდვების, ხარაგაული, დანგრეული, იმოძრავოს, მივიდოდიო, ვემარიაჟო,
Nearest to კი:  კარგს, უყვირა, ვთხოვთ, გამოუვიდა, ვაკეთებთ, ფართიზე, ბავშვისო, ბიჭმაც,
Nearest to გუშინ:  ზიკოსაც, ვმალავთ, გაეზარდა, ვერ, თეატრში, დედამთილთან, უხურავდნენ, ფულსაც,
Nearest to ჯერ:  გააუმჯობესე, დაალაპარაკები, ჯანდაცვა, ვქენით, ამოვლენ, ამით, დაუშალე, ჩაწოლილი,
Nearest to ერთი:  დაათვალიერეთ, ათხოვე, გადავაგდე, მოკვდებოდი, დათესვა, მოღჩნენ, გაეცლება, სასწორი,
Nearest to პრობლემები:  დავკარგავთ, დამპატიჟებდი, ამაცილე, ფარში, ავსებული, მარტოობა, პილასოსი, აყიდინებდა,
Nearest to მაქედან:  კიცხი, შიგადაშიგ, დედაჩემიც, ალიკოს, გააფუჭებენ, ელოდები, მიმაჩნია, ლიკა,
Nearest to წამოხვალ:  მიგდებული, რაფერც, ვიკითხეთ, ჩარევა, გუჯოს, გაიმართნენ, ვიკისრებბ, უკვეთავდნენ,
Nearest to იმდენად:  სტუდენტებისთვის, ღომი, ასულები, შემწვარი, გაჭამოო, ჩივილით, შემოვალ, ჩააგდებს,
Nearest to სტკივა:  ისრები, აუდიზე, თანამშრომელი, კოვზი, მოუვლი, გადაიხდისო, მოგიწერია, კის,
Nearest to მინახავხარ:  მაგათზე, პროექტი, რითმზე, სამუშაოებია, ვყოფილვარ, მისმენთ, დეხიამ, ამოყავი,
Nearest to კომპიუტერში:  წავსულიყავით, აქეთკენ, ტენდერებში, სიტუაციები, ყველაფერი, დამაკლდა, გაყვირებდა, მუზეუმიც,
Nearest to ორასი:  მიეხმარება, ვთევზაობდით, ყიდი, დაუტოვო, პროტესტს, ნულიანი, წელიწად-ნახევარზე, ვარკეთილიდან,
Average loss at step 42000: 1.941921 
Average loss at step 44000: 1.911898 
Average loss at step 46000: 1.889196 
Average loss at step 48000: 1.860443 
Average loss at step 50000: 1.842848 
Nearest to როგორ:  რავა, მოხსნილი, გაჩე, მოასწრო, ჩაამატე, ჩამოსკდომა, ბანკომატზე, მოვიცავთ,
Nearest to ჩემი:  მოწყენით, ნუცაცო, დავხურეთ, აქვეა, შენზეო, გაკვირვებული, ნორმალურია, კანაო,
Nearest to აქვს:  გაქვს, მაქვს, მომიწყოთ, დავუპატიჟებივარ, ვლაპარაკობთ, იხვეწება, წონის, ვპოზიორობდით,
Nearest to აქ:  ნატური, იმოძრავოს, შესყიდვების, ხარაგაული, დანგრეული, მციოდა, მივიდოდიო, ოლეგა,
Nearest to კი:  კარგს, უყვირა, გამოუვიდა, ვთხოვთ, ბავშვისო, ფართიზე, ვაკეთებთ, შეშინებული,
Nearest to გუშინ:  ზიკოსაც, ვმალავთ, გაეზარდა, ვერ, ლეონიდისმა, თეატრში, აქირავებს, უხურავდნენ,
Nearest to ჯერ:  გააუმჯობესე, ჯანდაცვა, დაალაპარაკები, ჭამეთ, ვქენით, გაგიმარჯოსო, ამოვლენ, გააქვს,
Nearest to ერთი:  დაათვალიერეთ, ათხოვე, მოკვდებოდი, მოღჩნენ, გაეცლება, გატანის, გადავაგდე, მეცნიერებათა,
Nearest to პრობლემები:  დავკარგავთ, დამპატიჟებდი, ფარში, ამაცილე, პილასოსი, მარტოობა, ავსებული, დააწყო,
Nearest to მაქედან:  კიცხი, დედაჩემიც, შიგადაშიგ, ალიკოს, ელოდები, ლიკა, გააფუჭებენ, მიმაჩნია,
Nearest to წამოხვალ:  რაფერც, ჩარევა, ვიკითხეთ, მიგდებული, გუჯოს, უკვეთავდნენ, გაიმართნენ, აკავებენ,
Nearest to იმდენად:  სტუდენტებისთვის, შემწვარი, ჩივილით, რადიატორები, ღომი, გაჭამოო, ასულები, ჩააგდებს,
Nearest to სტკივა:  ისრები, აუდიზე, თანამშრომელი, კოვზი, გადაიხდისო, დაგიმატოთ, მოუვლი, მოგიწერია,
Nearest to მინახავხარ:  მაგათზე, რითმზე, სამუშაოებია, გოლი, პროექტი, ვყოფილვარ, მიჯერებენ, მისმენთ,
Nearest to კომპიუტერში:  წავსულიყავით, აქეთკენ, ტენდერებში, ყველაფერი, დამაკლდა, სიტუაციები, კარი, ვიქეიფებთო,
Nearest to ორასი:  მიეხმარება, ვთევზაობდით, ყიდი, პროტესტს, დაუტოვო, წელიწად-ნახევარზე, ნულიანი, ვარკეთილიდან,
Average loss at step 52000: 1.813392 
Average loss at step 54000: 1.799677 
Average loss at step 56000: 1.776083 
Average loss at step 58000: 1.758801 
Average loss at step 60000: 1.738772 
Nearest to როგორ:  რავა, მოასწრო, მოხსნილი, გაჩე, ჩაამატე, ჩამოსკდომა, ითხოვოს, ლელაც,
Nearest to ჩემი:  მოწყენით, დავხურეთ, ნუცაცო, აქვეა, კანაო, შენზეო, ცეკვავდა, მიჩვეულიც,
Nearest to აქვს:  გაქვს, დავუპატიჟებივარ, ვლაპარაკობთ, წონის, მაქვს, მომიწყოთ, იხვეწება, ვპოზიორობდით,
Nearest to აქ:  ნატური, დანგრეული, იმოძრავოს, ხარაგაული, მივიდოდიო, შესყიდვების, მციოდა, ოლეგა,
Nearest to კი:  კარგს, უყვირა, გამოუვიდა, ბავშვისო, ვთხოვთ, შეშინებული, ფართიზე, ბუღალტერიით,
Nearest to გუშინ:  ზიკოსაც, გაეზარდა, ვმალავთ, უხურავდნენ, თეატრში, აქირავებს, ვერ, შიმშილის,
Nearest to ჯერ:  გააუმჯობესე, დაალაპარაკები, ჯანდაცვა, გაგიმარჯოსო, ამოვლენ, დაუშალე, ვქენით, გააქვს,
Nearest to ერთი:  დაათვალიერეთ, მოკვდებოდი, ათხოვე, სასწორი, მოღჩნენ, გატანის, გიწვალია, გულ-სისხლ-ძაღვთა,
Nearest to პრობლემები:  ფარში, დავკარგავთ, დამპატიჟებდი, ამაცილე, პილასოსი, დააწყო, მარტოობა, ავსებული,
Nearest to მაქედან:  დედაჩემიც, კიცხი, შიგადაშიგ, ალიკოს, ელოდები, ლიკა, გააფუჭებენ, ბოლო,
Nearest to წამოხვალ:  რაფერც, ჩარევა, ვიკითხეთ, მიგდებული, გუჯოს, აკავებენ, უკვეთავდნენ, გაიმართნენ,
Nearest to იმდენად:  სტუდენტებისთვის, შემწვარი, ჩივილით, რადიატორები, ღომი, პურის, ჩააგდებს, ახმობს,
Nearest to სტკივა:  ისრები, აუდიზე, თანამშრომელი, კოვზი, დაგიმატოთ, გადაიხდისო, კომისიური, მოუვლი,
Nearest to მინახავხარ:  გოლი, მაგათზე, რითმზე, სამუშაოებია, გაწამაწებული, მიჯერებენ, ამოყავი, გამიბაზრდა,
Nearest to კომპიუტერში:  წავსულიყავით, ტენდერებში, აქეთკენ, ყველაფერი, კარი, დამაკლდა, ვიქეიფებთო, სიტუაციები,
Nearest to ორასი:  მიეხმარება, ვთევზაობდით, წელიწად-ნახევარზე, ყიდი, პროტესტს, დაუტოვო, ვარკეთილიდან, ხედავს,
Average loss at step 62000: 1.722664 
Average loss at step 64000: 1.699495 
Average loss at step 66000: 1.692533 
Average loss at step 68000: 1.672778 
Average loss at step 70000: 1.659337 
Nearest to როგორ:  რავა, გაჩე, მოხსნილი, მოასწრო, ჩაამატე, ბანკომატზე, ჩამოსკდომა, დაითრევს,
Nearest to ჩემი:  მოწყენით, დავხურეთ, ნუცაცო, აქვეა, ღრუბელი, შენზეო, მიჩვეულიც, კანაო,
Nearest to აქვს:  გაქვს, დავუპატიჟებივარ, წონის, მაქვს, ვლაპარაკობთ, მომიწყოთ, კომპენსაცია, გცალია,
Nearest to აქ:  ნატური, იმოძრავოს, დანგრეული, მივიდოდიო, შესყიდვების, ხარაგაული, ლევანი, მციოდა,
Nearest to კი:  კარგს, უყვირა, გამოუვიდა, ბავშვისო, შეშინებული, ვთხოვთ, ყელის, ლარშიო,
Nearest to გუშინ:  ზიკოსაც, გაეზარდა, ვმალავთ, თეატრში, უხურავდნენ, ვერ, დავურეკო, სამგან,
Nearest to ჯერ:  გააუმჯობესე, ჯანდაცვა, დაალაპარაკები, გაგიმარჯოსო, დაუშალე, ჭამეთ, ამოვლენ, გოგოლაძე,
Nearest to ერთი:  დაათვალიერეთ, ათხოვე, მოღჩნენ, მოკვდებოდი, სასწორი, მეცნიერებათა, გატანის, გაეცლება,
Nearest to პრობლემები:  ფარში, დამპატიჟებდი, დავკარგავთ, პილასოსი, დააწყო, ამაცილე, მარტოობა, ენდომება,
Nearest to მაქედან:  დედაჩემიც, კიცხი, შიგადაშიგ, ალიკოს, ბოლო, ლიკა, აღარცაა, ელოდები,
Nearest to წამოხვალ:  რაფერც, ჩარევა, ვიკითხეთ, მიგდებული, გუჯოს, აკავებენ, ექნებათ, გაიმართნენ,
Nearest to იმდენად:  შემწვარი, სტუდენტებისთვის, ჩივილით, რადიატორები, ღომი, გეგაჰერცი, გადაედოთ, პურის,
Nearest to სტკივა:  ისრები, აუდიზე, კოვზი, დაგიმატოთ, თანამშრომელი, კომისიური, მაშინვე, გადაიხდისო,
Nearest to მინახავხარ:  გოლი, მაგათზე, რითმზე, გაწამაწებული, სამუშაოებია, მიჯერებენ, ამოყავი, მისმენთ,
Nearest to კომპიუტერში:  წავსულიყავით, ტენდერებში, აქეთკენ, ყველაფერი, კარი, დამაკლდა, ვიქეიფებთო, წლებზე,
Nearest to ორასი:  მიეხმარება, წელიწად-ნახევარზე, ვთევზაობდით, პროტესტს, ყიდი, დაუტოვო, რაიონებში, ხედავს,
Average loss at step 72000: 1.640891 
Average loss at step 74000: 1.630585 
Average loss at step 76000: 1.613281 
Average loss at step 78000: 1.602231 
Average loss at step 80000: 1.591112 
Nearest to როგორ:  რავა, გაჩე, მოასწრო, მოხსნილი, ჩაამატე, ჩამოსკდომა, დაითრევს, ლელაც,
Nearest to ჩემი:  მოწყენით, დავხურეთ, ნუცაცო, მიჩვეულიც, აქვეა, ღრუბელი, კანაო, ეგებ,
Nearest to აქვს:  გაქვს, მაქვს, დავუპატიჟებივარ, წონის, ვლაპარაკობთ, აქვსო, მომიწყოთ, დაიწყებ,
Nearest to აქ:  ნატური, იმოძრავოს, დანგრეული, მივიდოდიო, შესყიდვების, ოლეგა, ლევანი, ხარაგაული,
Nearest to კი:  კარგს, უყვირა, გამოუვიდა, ბავშვისო, ვთხოვთ, შეშინებული, ყელის, ლარშიო,
Nearest to გუშინ:  ზიკოსაც, ვმალავთ, გაეზარდა, იწუწაო, ავიდოდი, სამგან, დავურეკო, თეატრში,
Nearest to ჯერ:  გააუმჯობესე, დაალაპარაკები, ჯანდაცვა, ამოვლენ, გააქვს, გოგოლაძე, გაგიმარჯოსო, რაფერის,
Nearest to ერთი:  დაათვალიერეთ, გატანის, ათხოვე, გაეცლება, სასწორი, მოღჩნენ, მოკვდებოდი, გულ-სისხლ-ძაღვთა,
Nearest to პრობლემები:  ფარში, დამპატიჟებდი, პილასოსი, დავკარგავთ, დააწყო, ენდომება, ამაცილე, მარტოობა,
Nearest to მაქედან:  დედაჩემიც, კიცხი, შიგადაშიგ, ალიკოს, ლიკა, ბოლო, აგროვებენ, ეს_ემ_ესები,
Nearest to წამოხვალ:  რაფერც, ჩარევა, აკავებენ, ვიკითხეთ, ექნებათ, გუჯოს, მიგდებული, უკვეთავდნენ,
Nearest to იმდენად:  შემწვარი, ჩივილით, სტუდენტებისთვის, რადიატორები, ღომი, გეგაჰერცი, გადაედოთ, პურის,
Nearest to სტკივა:  ისრები, აუდიზე, დაგიმატოთ, კოვზი, თანამშრომელი, კომისიური, მაშინვე, გადაიხდისო,
Nearest to მინახავხარ:  გოლი, მაგათზე, გაწამაწებული, რითმზე, მიჯერებენ, სამუშაოებია, ამოყავი, ჩადის,
Nearest to კომპიუტერში:  წავსულიყავით, ტენდერებში, ყველაფერი, აქეთკენ, კარი, ვიქეიფებთო, წლებზე, დამაკლდა,
Nearest to ორასი:  მიეხმარება, წელიწად-ნახევარზე, ვთევზაობდით, პროტესტს, დაუტოვო, ყიდი, ვარკეთილიდან, რაიონებში,
Average loss at step 82000: 1.576033 
Average loss at step 84000: 1.565840 
Average loss at step 86000: 1.557601 
Average loss at step 88000: 1.545350 
Average loss at step 90000: 1.533320 
Nearest to როგორ:  რავა, გაჩე, მოასწრო, მოხსნილი, ჩამოსკდომა, ჩაამატე, ბანკომატზე, ლელაც,
Nearest to ჩემი:  მოწყენით, დავხურეთ, ნუცაცო, კანაო, მიჩვეულიც, დის, აქვეა, ეგებ,
Nearest to აქვს:  გაქვს, დავუპატიჟებივარ, წონის, მაქვს, აქვსო, ვლაპარაკობთ, კომპენსაცია, გაჭირვებულო,
Nearest to აქ:  ნატური, იმოძრავოს, დანგრეული, მივიდოდიო, შესყიდვების, ხარაგაული, ლევანი, ოლეგა,
Nearest to კი:  კარგს, უყვირა, გამოუვიდა, ბავშვისო, ვთხოვთ, ყელის, ხნიანია, ბუღალტერიით,
Nearest to გუშინ:  ზიკოსაც, ვმალავთ, გაეზარდა, იწუწაო, გამოეკერება, სამგან, თეატრში, არასეზონური,
Nearest to ჯერ:  გააუმჯობესე, ამოვლენ, ჯანდაცვა, გოგოლაძე, ვქენით, დაალაპარაკები, გაგიმარჯოსო, რაფერის,
Nearest to ერთი:  დაათვალიერეთ, ათხოვე, გატანის, მოღჩნენ, მოკვდებოდი, სასწორი, გულ-სისხლ-ძაღვთა, გაეცლება,
Nearest to პრობლემები:  ფარში, დამპატიჟებდი, პილასოსი, ენდომება, დავკარგავთ, დააწყო, დააყარო, ექიმიო,
Nearest to მაქედან:  დედაჩემიც, კიცხი, შიგადაშიგ, ალიკოს, ბოლო, აღარცაა, ხმაზე, აგროვებენ,
Nearest to წამოხვალ:  რაფერც, ექნებათ, აკავებენ, ჩარევა, გუჯოს, ვიკითხეთ, მიგდებული, გაიმართნენ,
Nearest to იმდენად:  შემწვარი, ჩივილით, სტუდენტებისთვის, რადიატორები, გადაედოთ, გეგაჰერცი, ღომი, რიგით,
Nearest to სტკივა:  ისრები, აუდიზე, კოვზი, დაგიმატოთ, კომისიური, თანამშრომელი, მაშინვე, გადაიხდისო,
Nearest to მინახავხარ:  გოლი, გაწამაწებული, მაგათზე, მიჯერებენ, რითმზე, სამუშაოებია, ამოყავი, დამიფინანსებს,
Nearest to კომპიუტერში:  წავსულიყავით, ყველაფერი, კარი, ტენდერებში, აქეთკენ, წლებზე, ვიქეიფებთო, მიგდით,
Nearest to ორასი:  მიეხმარება, წელიწად-ნახევარზე, ვთევზაობდით, პროტესტს, დაუტოვო, ვარკეთილიდან, ვვარაუდობ, დამარეკინე,
Average loss at step 92000: 1.525627 
Average loss at step 94000: 1.511242 
Average loss at step 96000: 1.509049 
Average loss at step 98000: 1.498650 
Average loss at step 100000: 1.489848 
Nearest to როგორ:  გაჩე, რავა, მოასწრო, ჩაამატე, მოხსნილი, ამისთანა, დაითრევს, ითხოვოს,
Nearest to ჩემი:  მოწყენით, დავხურეთ, ნუცაცო, შენი, დის, მიჩვეულიც, კანაო, ეგებ,
Nearest to აქვს:  გაქვს, წონის, მაქვს, აქვსო, დავუპატიჟებივარ, ვლაპარაკობთ, სტკივა, დაიწყებ,
Nearest to აქ:  იმოძრავოს, ნატური, დანგრეული, მივიდოდიო, ახველა, შესყიდვების, ჩამოიღებ, ევროვიზიაა,
Nearest to კი:  კარგს, უყვირა, გამოუვიდა, ბავშვისო, შეშინებული, ლარშიო, შაბათ-კვირასო, ვთხოვთ,
Nearest to გუშინ:  ზიკოსაც, გაეზარდა, ავიდოდი, ვმალავთ, იწუწაო, არასეზონური, გამოეკერება, წუხელ,
Nearest to ჯერ:  გააუმჯობესე, დაალაპარაკები, გაგიმარჯოსო, ამოვლენ, ჯანდაცვა, გოგოლაძე, რაფერის, გააქვს,
Nearest to ერთი:  დაათვალიერეთ, ათხოვე, მოკვდებოდი, გულ-სისხლ-ძაღვთა, სასწორი, ფირმა, გატანის, დაიკლებ,
Nearest to პრობლემები:  ფარში, პილასოსი, დააწყო, ენდომება, დავკარგავთ, დამპატიჟებდი, აწყობილი, ექიმიო,
Nearest to მაქედან:  დედაჩემიც, კიცხი, შიგადაშიგ, ხმაზე, ვმკურნალობ, აღარცაა, ბოლო, აგროვებენ,
Nearest to წამოხვალ:  რაფერც, აკავებენ, ექნებათ, ჩარევა, გუჯოს, მიგდებული, შეძლებ, ვიკითხეთ,
Nearest to იმდენად:  ჩივილით, შემწვარი, სტუდენტებისთვის, გადაედოთ, რადიატორები, გეგაჰერცი, რიგით, ღომი,
Nearest to სტკივა:  ისრები, აუდიზე, კოვზი, დაგიმატოთ, მაშინვე, კომისიური, აქვს, თანამშრომელი,
Nearest to მინახავხარ:  გოლი, გაწამაწებული, მიჯერებენ, მაგათზე, სამუშაოებია, რითმზე, ამოყავი, გეკადრება,
Nearest to კომპიუტერში:  წავსულიყავით, ყველაფერი, კარი, აქეთკენ, წლებზე, ტენდერებში, მიგდით, ვიქეიფებთო,
Nearest to ორასი:  მიეხმარება, წელიწად-ნახევარზე, ვთევზაობდით, პროტესტს, დაუტოვო, ვვარაუდობ, ვარკეთილიდან, რაიონებში,
Epoch: 1 Learning rate: 1.000
0.073 perplexity: 18624.349 speed: 12222 wps
0.168 perplexity: 25229.291 speed: 16778 wps
0.263 perplexity: 34230.976 speed: 19067 wps
0.358 perplexity: 28431.271 speed: 20407 wps
0.453 perplexity: 21244.958 speed: 21288 wps
0.547 perplexity: 15458.814 speed: 21910 wps
0.642 perplexity: 14530.826 speed: 22369 wps
0.737 perplexity: 12657.706 speed: 22725 wps
0.832 perplexity: 11445.724 speed: 23010 wps
0.927 perplexity: 10589.946 speed: 23235 wps
Epoch: 1 Train Perplexity: 10489.920
Epoch: 1 Valid Perplexity: 4038.745
Epoch: 2 Learning rate: 1.000
0.073 perplexity: 4960.584 speed: 25350 wps
0.168 perplexity: 4785.865 speed: 25389 wps
0.263 perplexity: 4271.060 speed: 25410 wps
0.358 perplexity: 4413.915 speed: 25441 wps
0.453 perplexity: 4406.271 speed: 25466 wps
0.547 perplexity: 4408.546 speed: 25472 wps
0.642 perplexity: 4505.641 speed: 25477 wps
0.737 perplexity: 4610.018 speed: 25482 wps
0.832 perplexity: 4665.859 speed: 25484 wps
0.927 perplexity: 4962.619 speed: 25488 wps
Epoch: 2 Train Perplexity: 5260.477
Epoch: 2 Valid Perplexity: 2795.911
Epoch: 3 Learning rate: 1.000
0.073 perplexity: 7191.354 speed: 25358 wps
0.168 perplexity: 7776.001 speed: 25460 wps
0.263 perplexity: 7399.939 speed: 25480 wps
0.358 perplexity: 6645.747 speed: 25482 wps
0.453 perplexity: 6173.670 speed: 25493 wps
0.547 perplexity: 6486.368 speed: 25495 wps
0.642 perplexity: 6583.638 speed: 25490 wps
0.737 perplexity: 6529.470 speed: 25488 wps
0.832 perplexity: 6400.348 speed: 25499 wps
0.927 perplexity: 6197.276 speed: 25504 wps
Epoch: 3 Train Perplexity: 6210.610
Epoch: 3 Valid Perplexity: 2420.788
Epoch: 4 Learning rate: 1.000
0.073 perplexity: 6979.852 speed: 25463 wps
0.168 perplexity: 6320.895 speed: 25506 wps
0.263 perplexity: 5435.710 speed: 25504 wps
0.358 perplexity: 5369.797 speed: 25512 wps
0.453 perplexity: 5250.393 speed: 25501 wps
0.547 perplexity: 5185.758 speed: 25511 wps
0.642 perplexity: 5039.612 speed: 25509 wps
0.737 perplexity: 4953.863 speed: 25509 wps
0.832 perplexity: 4868.913 speed: 25509 wps
0.927 perplexity: 4911.605 speed: 25502 wps
Epoch: 4 Train Perplexity: 5207.998
Epoch: 4 Valid Perplexity: 4775.921
Epoch: 5 Learning rate: 0.800
0.073 perplexity: 6754.708 speed: 25505 wps
0.168 perplexity: 5569.899 speed: 25506 wps
0.263 perplexity: 4744.757 speed: 25517 wps
0.358 perplexity: 4221.818 speed: 25518 wps
0.453 perplexity: 3992.414 speed: 25513 wps
0.547 perplexity: 3919.094 speed: 25517 wps
0.642 perplexity: 4017.332 speed: 25521 wps
0.737 perplexity: 3830.846 speed: 25516 wps
0.832 perplexity: 3740.817 speed: 25512 wps
0.927 perplexity: 3765.839 speed: 25512 wps
Epoch: 5 Train Perplexity: 3762.933
Epoch: 5 Valid Perplexity: 1913.644
Epoch: 6 Learning rate: 0.640
0.073 perplexity: 2930.353 speed: 25564 wps
0.168 perplexity: 2464.722 speed: 25553 wps
0.263 perplexity: 2275.437 speed: 25525 wps
0.358 perplexity: 2078.595 speed: 25532 wps
0.453 perplexity: 1998.143 speed: 25512 wps
0.547 perplexity: 1935.720 speed: 25517 wps
0.642 perplexity: 1898.273 speed: 25520 wps
0.737 perplexity: 1878.718 speed: 25520 wps
0.832 perplexity: 1862.910 speed: 25514 wps
0.927 perplexity: 1860.354 speed: 25520 wps
Epoch: 6 Train Perplexity: 1897.775
Epoch: 6 Valid Perplexity: 1008.019
Epoch: 7 Learning rate: 0.512
0.073 perplexity: 1880.105 speed: 25381 wps
0.168 perplexity: 1739.243 speed: 25453 wps
0.263 perplexity: 1681.980 speed: 25472 wps
0.358 perplexity: 1626.527 speed: 25477 wps
0.453 perplexity: 1616.891 speed: 25482 wps
0.547 perplexity: 1590.347 speed: 25486 wps
0.642 perplexity: 1558.858 speed: 25499 wps
0.737 perplexity: 1545.173 speed: 25493 wps
0.832 perplexity: 1540.648 speed: 25489 wps
0.927 perplexity: 1529.691 speed: 25483 wps
Epoch: 7 Train Perplexity: 1531.092
Epoch: 7 Valid Perplexity: 637.406
Epoch: 8 Learning rate: 0.410
0.073 perplexity: 1308.781 speed: 25197 wps
0.168 perplexity: 1309.850 speed: 25284 wps
0.263 perplexity: 1326.752 speed: 25308 wps
0.358 perplexity: 1306.502 speed: 25339 wps
0.453 perplexity: 1323.998 speed: 25378 wps
0.547 perplexity: 1299.773 speed: 25392 wps
0.642 perplexity: 1280.276 speed: 25399 wps
0.737 perplexity: 1253.436 speed: 25407 wps
0.832 perplexity: 1242.430 speed: 25410 wps
0.927 perplexity: 1230.818 speed: 25236 wps
Epoch: 8 Train Perplexity: 1225.793
Epoch: 8 Valid Perplexity: 479.839
Epoch: 9 Learning rate: 0.328
0.073 perplexity: 1034.508 speed: 25205 wps
0.168 perplexity: 1019.173 speed: 25193 wps
0.263 perplexity: 1030.181 speed: 25235 wps
0.358 perplexity: 1035.437 speed: 25309 wps
0.453 perplexity: 1045.779 speed: 25317 wps
0.547 perplexity: 1051.475 speed: 25341 wps
0.642 perplexity: 1051.435 speed: 25338 wps
0.737 perplexity: 1050.489 speed: 25335 wps
0.832 perplexity: 1045.517 speed: 25340 wps
0.927 perplexity: 1041.512 speed: 25343 wps
Epoch: 9 Train Perplexity: 1040.532
Epoch: 9 Valid Perplexity: 497.416
Epoch: 10 Learning rate: 0.262
0.073 perplexity: 997.259 speed: 25366 wps
0.168 perplexity: 999.515 speed: 25392 wps
0.263 perplexity: 1009.016 speed: 25372 wps
0.358 perplexity: 999.822 speed: 25350 wps
0.453 perplexity: 1001.491 speed: 25346 wps
0.547 perplexity: 989.124 speed: 25360 wps
0.642 perplexity: 981.544 speed: 25384 wps
0.737 perplexity: 980.019 speed: 25397 wps
0.832 perplexity: 982.433 speed: 25413 wps
0.927 perplexity: 978.214 speed: 25427 wps
Epoch: 10 Train Perplexity: 977.540
Epoch: 10 Valid Perplexity: 553.138
Epoch: 11 Learning rate: 0.210
0.073 perplexity: 960.495 speed: 25423 wps
0.168 perplexity: 953.794 speed: 25371 wps
0.263 perplexity: 950.336 speed: 25356 wps
0.358 perplexity: 945.245 speed: 25331 wps
0.453 perplexity: 937.739 speed: 25344 wps
0.547 perplexity: 928.088 speed: 25362 wps
0.642 perplexity: 924.739 speed: 25391 wps
0.737 perplexity: 921.818 speed: 25404 wps
0.832 perplexity: 923.039 speed: 25417 wps
0.927 perplexity: 918.453 speed: 25428 wps
Epoch: 11 Train Perplexity: 918.224
Epoch: 11 Valid Perplexity: 433.294
Epoch: 12 Learning rate: 0.168
0.073 perplexity: 887.336 speed: 25540 wps
0.168 perplexity: 894.760 speed: 25480 wps
0.263 perplexity: 897.641 speed: 25457 wps
0.358 perplexity: 899.701 speed: 25460 wps
0.453 perplexity: 893.136 speed: 25435 wps
0.547 perplexity: 884.661 speed: 25428 wps
0.642 perplexity: 880.705 speed: 25423 wps
0.737 perplexity: 881.165 speed: 25411 wps
0.832 perplexity: 882.207 speed: 25410 wps
0.927 perplexity: 878.657 speed: 25421 wps
Epoch: 12 Train Perplexity: 878.222
Epoch: 12 Valid Perplexity: 438.168
Epoch: 13 Learning rate: 0.134
0.073 perplexity: 857.264 speed: 25434 wps
0.168 perplexity: 864.656 speed: 25445 wps
0.263 perplexity: 865.839 speed: 25448 wps
0.358 perplexity: 869.069 speed: 25426 wps
0.453 perplexity: 864.768 speed: 25410 wps
0.547 perplexity: 858.128 speed: 25401 wps
0.642 perplexity: 854.559 speed: 25383 wps
0.737 perplexity: 854.558 speed: 25388 wps
0.832 perplexity: 854.582 speed: 25404 wps
0.927 perplexity: 850.387 speed: 25414 wps
Epoch: 13 Train Perplexity: 850.321
Epoch: 13 Valid Perplexity: 432.149
Epoch: 14 Learning rate: 0.107
0.073 perplexity: 819.354 speed: 25541 wps
0.168 perplexity: 837.786 speed: 25466 wps
0.263 perplexity: 843.438 speed: 25412 wps
0.358 perplexity: 843.935 speed: 25384 wps
0.453 perplexity: 839.275 speed: 25358 wps
0.547 perplexity: 833.345 speed: 25368 wps
0.642 perplexity: 831.899 speed: 25385 wps
0.737 perplexity: 831.116 speed: 25404 wps
0.832 perplexity: 832.020 speed: 25419 wps
0.927 perplexity: 828.199 speed: 25425 wps
Epoch: 14 Train Perplexity: 828.338
Epoch: 14 Valid Perplexity: 423.332
Epoch: 15 Learning rate: 0.086
0.073 perplexity: 805.460 speed: 25404 wps
0.168 perplexity: 819.880 speed: 25425 wps
0.263 perplexity: 824.324 speed: 25404 wps
0.358 perplexity: 824.169 speed: 25386 wps
0.453 perplexity: 820.380 speed: 25368 wps
0.547 perplexity: 813.501 speed: 25351 wps
0.642 perplexity: 811.935 speed: 25363 wps
0.737 perplexity: 810.470 speed: 25388 wps
0.832 perplexity: 811.811 speed: 25396 wps
0.927 perplexity: 808.872 speed: 25406 wps
Epoch: 15 Train Perplexity: 809.028
Epoch: 15 Valid Perplexity: 414.918
Epoch: 16 Learning rate: 0.069
0.073 perplexity: 788.633 speed: 25391 wps
0.168 perplexity: 805.244 speed: 25377 wps
0.263 perplexity: 811.958 speed: 25349 wps
0.358 perplexity: 809.922 speed: 25337 wps
0.453 perplexity: 805.119 speed: 25336 wps
0.547 perplexity: 799.229 speed: 25340 wps
0.642 perplexity: 796.728 speed: 25362 wps
0.737 perplexity: 795.617 speed: 25149 wps
0.832 perplexity: 797.035 speed: 25178 wps
0.927 perplexity: 795.316 speed: 25213 wps
Epoch: 16 Train Perplexity: 793.179
Epoch: 16 Valid Perplexity: 409.096
Epoch: 17 Learning rate: 0.055
0.073 perplexity: 791.468 speed: 25392 wps
0.168 perplexity: 796.918 speed: 25429 wps
0.263 perplexity: 799.559 speed: 25385 wps
0.358 perplexity: 797.504 speed: 25377 wps
0.453 perplexity: 794.950 speed: 25364 wps
0.547 perplexity: 787.312 speed: 25348 wps
0.642 perplexity: 785.735 speed: 25366 wps
0.737 perplexity: 784.623 speed: 25376 wps
0.832 perplexity: 785.660 speed: 25390 wps
0.927 perplexity: 784.760 speed: 25404 wps
Epoch: 17 Train Perplexity: 783.122
Epoch: 17 Valid Perplexity: 405.836
Epoch: 18 Learning rate: 0.044
0.073 perplexity: 777.325 speed: 25472 wps
0.168 perplexity: 784.921 speed: 25442 wps
0.263 perplexity: 789.861 speed: 25434 wps
0.358 perplexity: 786.374 speed: 25407 wps
0.453 perplexity: 782.706 speed: 25373 wps
0.547 perplexity: 775.083 speed: 25361 wps
0.642 perplexity: 773.568 speed: 25379 wps
0.737 perplexity: 772.871 speed: 25390 wps
0.832 perplexity: 774.611 speed: 25407 wps
0.927 perplexity: 773.180 speed: 25418 wps
Epoch: 18 Train Perplexity: 771.466
Epoch: 18 Valid Perplexity: 403.560
Epoch: 19 Learning rate: 0.035
0.073 perplexity: 767.049 speed: 25432 wps
0.168 perplexity: 775.581 speed: 25431 wps
0.263 perplexity: 780.130 speed: 25375 wps
0.358 perplexity: 777.797 speed: 25382 wps
0.453 perplexity: 775.962 speed: 25376 wps
0.547 perplexity: 768.145 speed: 25363 wps
0.642 perplexity: 766.753 speed: 25375 wps
0.737 perplexity: 765.695 speed: 25385 wps
0.832 perplexity: 767.432 speed: 25399 wps
0.927 perplexity: 766.283 speed: 25407 wps
Epoch: 19 Train Perplexity: 764.419
Epoch: 19 Valid Perplexity: 403.127
Epoch: 20 Learning rate: 0.028
0.073 perplexity: 755.295 speed: 25462 wps
0.168 perplexity: 767.440 speed: 25483 wps
0.263 perplexity: 773.212 speed: 25477 wps
0.358 perplexity: 771.899 speed: 25476 wps
0.453 perplexity: 769.983 speed: 25472 wps
0.547 perplexity: 761.282 speed: 25463 wps
0.642 perplexity: 759.759 speed: 25432 wps
0.737 perplexity: 758.603 speed: 25425 wps
0.832 perplexity: 760.270 speed: 25406 wps
0.927 perplexity: 758.969 speed: 25418 wps
Epoch: 20 Train Perplexity: 757.157
Epoch: 20 Valid Perplexity: 401.912
Epoch: 21 Learning rate: 0.023
0.073 perplexity: 754.904 speed: 25485 wps
0.168 perplexity: 767.908 speed: 25478 wps
0.263 perplexity: 772.190 speed: 25430 wps
0.358 perplexity: 769.247 speed: 25413 wps
0.453 perplexity: 766.065 speed: 25391 wps
0.547 perplexity: 758.016 speed: 25361 wps
0.642 perplexity: 755.814 speed: 25383 wps
0.737 perplexity: 754.421 speed: 25385 wps
0.832 perplexity: 756.109 speed: 25403 wps
0.927 perplexity: 754.846 speed: 25418 wps
Epoch: 21 Train Perplexity: 752.633
Epoch: 21 Valid Perplexity: 401.075
Epoch: 22 Learning rate: 0.018
0.073 perplexity: 748.794 speed: 25443 wps
0.168 perplexity: 757.222 speed: 25470 wps
0.263 perplexity: 762.699 speed: 25482 wps
0.358 perplexity: 761.949 speed: 25476 wps
0.453 perplexity: 760.318 speed: 25454 wps
0.547 perplexity: 752.499 speed: 25434 wps
0.642 perplexity: 751.229 speed: 25413 wps
0.737 perplexity: 749.895 speed: 25401 wps
0.832 perplexity: 751.437 speed: 25403 wps
0.927 perplexity: 750.348 speed: 25408 wps
Epoch: 22 Train Perplexity: 748.611
Epoch: 22 Valid Perplexity: 399.654
Epoch: 23 Learning rate: 0.014
0.073 perplexity: 746.331 speed: 25481 wps
0.168 perplexity: 756.962 speed: 25497 wps
0.263 perplexity: 762.569 speed: 25478 wps
0.358 perplexity: 760.199 speed: 25465 wps
0.453 perplexity: 758.513 speed: 25436 wps
0.547 perplexity: 750.010 speed: 25408 wps
0.642 perplexity: 748.242 speed: 25388 wps
0.737 perplexity: 747.178 speed: 25397 wps
0.832 perplexity: 748.912 speed: 25407 wps
0.927 perplexity: 747.599 speed: 25421 wps
Epoch: 23 Train Perplexity: 745.423
Epoch: 23 Valid Perplexity: 398.933
Epoch: 24 Learning rate: 0.012
0.073 perplexity: 742.634 speed: 25476 wps
0.168 perplexity: 752.482 speed: 25486 wps
0.263 perplexity: 757.720 speed: 25475 wps
0.358 perplexity: 755.055 speed: 25486 wps
0.453 perplexity: 754.094 speed: 25487 wps
0.547 perplexity: 747.002 speed: 25165 wps
0.642 perplexity: 744.447 speed: 25214 wps
0.737 perplexity: 742.885 speed: 25254 wps
0.832 perplexity: 744.328 speed: 25282 wps
0.927 perplexity: 743.971 speed: 25292 wps
Epoch: 24 Train Perplexity: 741.003
Epoch: 24 Valid Perplexity: 398.398
Epoch: 25 Learning rate: 0.009
0.073 perplexity: 745.386 speed: 25095 wps
0.168 perplexity: 754.809 speed: 25252 wps
0.263 perplexity: 758.045 speed: 25238 wps
0.358 perplexity: 755.217 speed: 25298 wps
0.453 perplexity: 752.037 speed: 25328 wps
0.547 perplexity: 746.051 speed: 25339 wps
0.642 perplexity: 743.538 speed: 25324 wps
0.737 perplexity: 742.404 speed: 25316 wps
0.832 perplexity: 743.546 speed: 25325 wps
0.927 perplexity: 742.980 speed: 25342 wps
Epoch: 25 Train Perplexity: 740.074
Epoch: 25 Valid Perplexity: 397.082
Saving model to data/rnnlm_cbow/rnnlm.
