./run_newlm.sh --the-lm rnnlm --embed-method skipgram --hidden-size 200 --num-layers 2 --batch-size 128 --keep-prob 0.5 --max-epoch 25
=====================================================================================
Usage of this scipt:
  ./run_newlm.sh <the-lm>(language-model) <embed-method>(embedding-method)
The scipt provides three kinds of language model and three embedding methods as well
	Language Models: rnnlm lstmlm fast(lstm_fast) 
	Embedding Methods: skipgram cbow glove 
If you want to train the word embeddings during the neural network training: 
  the embedding method can be set as base, which means it is the basic method.
For example: 
  ./run_newlm.sh --the-lm rnnlm --embed-method skipgram
=====================================================================================
-----------------------------------
     Train/Dev Data Preparation    
-----------------------------------
Getting train and validation sets.
-----------------------------------
     Data Preparation Finished!    
-----------------------------------
-----------------------------------
  Vocabulary Preparation Finished! 
-----------------------------------
Embed size: [128, 200]
Initialized!
Averge loss at step 0: 7.785222
Nearest to სად: მოხია, კომანდიროვკა, ვინმე, იაქტიურე, გვისმენდა, მოვიტაცოთ, მოგვცა, მოუნდა,
Nearest to აბა: მახსოვს, გეცვას, წუნკალმა, მაღალ, ტერიტორიას, მართალს, დავუჭირე, მკიდია,
Nearest to ასე: შეგვხვდა, უყენებენ, ოციანზე, ავიხედებით, მიხედეთო, მერის, გაკეთდეს, ზარმაცი,
Nearest to უკვე: ფერაძესთან, ბატო, ლიამ, გიგზავნის, გოლები, ეგრეო, ორსული, დარბაზზე,
Nearest to გოგო: ქურთუკი, სესხზე, წანაზარდები, პაპა, ისევე, მხეცებმა, სანთლებიც, ბურღავენ,
Nearest to შეიძლება: ერთიანად, ქულაც, მელნისფერი, შეედრება, სტარის, ჩავუარე, ანიმაციური, გაახსენე,
Nearest to ვიცი: უშენოდ, ფულიც, კიტრი-პომიდორი, სავარძლით, ისარგებლე, ფრთხილად, გამოვუგზავნი, კომენტარები,
Nearest to თან: სომეხი, გეუბნებოდი, არმატურშიკები, პრომო, იგებენ, ტურისტული, მივულოცეთო, ილონას,
Nearest to მომცა: შვიდიანი, წავიდეს, ცისანა, ჩამსვეს, იმედსაც, მოხდაო, დიღომი, იქირავე,
Nearest to აიღე: ლიტრია, რულიანია, გამოავლენ, ეზიარა, ეჩხუბები, შემიშალა, პროფესიას, ცივია,
Nearest to ზედ: მანჯგალაძეებთან, მოვასწრებთ, დაჰყავთ, ვასწავლი, სმა-ჭამის, დარწმუნებული, შეშაზე, დათიაშვილმა,
Nearest to წამლებს: ნაცნობობას, ახალგაზრდას, ადგილიდან, გამამზადო, გავახარე, სალაპარაკოზე, კინკილა, ქმარს,
Nearest to ყავა: მუსიკალურში, ნაქირავებში, მოაკეტინე, მჭირდებიო, ბავშვია, ჩამოვთვალო, უსაქმურად, მოგვაქვს,
Nearest to კინაღამ: კარდანი, ჩაჩანიძე, ესმოდა, ინერვიულო, ჩამომივიდა, მოლოდინის, ორასი, ადგილასო,
Nearest to საყვარელი: მედოკია, მოჯდა, ნომრითაა, ელ, კალატოზიშვილს, ბიჭმა, პატარათი, ბრიგადაა,
Nearest to შუა: ნადირობის, მოსდე, ანაზღაურებადია, სპა, ჩავჯდებიო, აგდებ, შეიძინე, ვიჩალიჩოთ,
Averge loss at step 2000: 4.346637
Averge loss at step 4000: 3.935771
Averge loss at step 6000: 3.745658
Averge loss at step 8000: 3.530693
Averge loss at step 10000: 3.530112
Nearest to სად: რავა, მოხია, ვინმე, კომანდიროვკა, იაქტიურე, შედი, გაგენაწილებინა, მოვიტაცოთ,
Nearest to აბა: რანაირი, მკიდია, სხვა, საქმიანობ, ვიცი, ნოლის, დამწყვდეული, ვიღიავებ,
Nearest to ასე: ავიდოდი, ავიხედებით, მიხედეთო, შეგვხვდა, ოციანზე, მერის, შეპირდა, დავთვრები,
Nearest to უკვე: ველოდი, ლიამ, ჩაწერილია, დარბაზზე, კლაპნებზე, გოლები, ამერიკელი, დედა-ბუდიანად,
Nearest to გოგო: პაპა, ბიჭო, გმირობა, ბებიაზე, ქურთუკი, უზენაესია, სამისთვის, ბურღავენ,
Nearest to შეიძლება: ერთიანად, შეედრება, მელნისფერი, ქულაც, ცენტრალური, სახელიც, ჩავუარე, ყურში,
Nearest to ვიცი: ვქნა, ხდება, ვიციო, შეპირებულები, ჰქნას, აღმოსავლეთიდან, აბა, მეტი,
Nearest to თან: სომეხი, გეუბნებოდი, ტურისტული, პრომო, არმატურშიკები, მოვუნათლო, ასახვევს, ჩადგომა,
Nearest to მომცა: შვიდიანი, ცისანა, მოხდაო, იქირავე, ჩამსვეს, იმედსაც, წავიდეს, დიღომი,
Nearest to აიღე: გამოავლენ, ეჩხუბები, ლიტრია, ეზიარა, ცივია, რულიანია, შემიშალა, ბზარია,
Nearest to ზედ: მანჯგალაძეებთან, ვასწავლი, დაჰყავთ, სმა-ჭამის, დათიაშვილმა, შეშაზე, მოვასწრებთ, დარწმუნებული,
Nearest to წამლებს: ახალგაზრდას, ნაცნობობას, ადგილიდან, გამამზადო, გავახარე, ქმარს, კინკილა, სალაპარაკოზე,
Nearest to ყავა: მუსიკალურში, ნაქირავებში, მოაკეტინე, მჭირდებიო, ჩამოვთვალო, ბავშვია, მოგვაქვს, უსაქმურად,
Nearest to კინაღამ: კარდანი, ჩაჩანიძე, ორასი, ინერვიულო, მოლოდინის, ჩამომივიდა, ესმოდა, ადგილასო,
Nearest to საყვარელი: მედოკია, ელ, ნომრითაა, მოჯდა, ბიჭმა, გაძვირდაო, ჭედავსო, მოყვება,
Nearest to შუა: მოსდე, ნადირობის, სპა, ანაზღაურებადია, შეიძინე, ჩავჯდებიო, აგდებ, დავურიგებთ,
Averge loss at step 12000: 3.366813
Averge loss at step 14000: 3.311792
Averge loss at step 16000: 3.304718
Averge loss at step 18000: 3.167897
Averge loss at step 20000: 3.167735
Nearest to სად: რავა, მოხია, ვინმე, იაქტიურე, კომანდიროვკა, გაგენაწილებინა, შედი, მივხვდები,
Nearest to აბა: წუნკალმა, გაიმარჯვებს, ლოყასთან, ოპერას, დამაკვალიანა, ვიღიავებ, საქმიანობ, კურდღლის,
Nearest to ასე: მიხედეთო, ავიდოდი, მერის, ავიხედებით, ოციანზე, უყენებენ, რუსეთი, მაპატიე,
Nearest to უკვე: ლიამ, ველოდი, დარბაზზე, კლაპნებზე, გაშალე, ამერიკელი, ჩაწერილია, თუკი,
Nearest to გოგო: პაპა, გმირობა, კითხვაა, ბიჭო, სამისთვის, ბოროტი, ბურღავენ, უზენაესია,
Nearest to შეიძლება: მელნისფერი, ყურში, ერთიანად, შეედრება, ქულაც, ცენტრალური, გაგვიხდებოდა, თორნიკე,
Nearest to ვიცი: ვქნა, ხდება, ვიციო, უჭირს, მინდა, მოუტყუებიხარო, ხდებოდა, შეპირებულები,
Nearest to თან: გეუბნებოდი, სომეხი, ტურისტული, პრომო, გამუქდა, ასახვევს, მოვუნათლო, იარე,
Nearest to მომცა: იქირავე, ცისანა, შვიდიანი, მოხდაო, ჩამსვეს, იმედსაც, სურვილი, მისწავლია,
Nearest to აიღე: გამოავლენ, ეჩხუბები, ლიტრია, ეზიარა, ცივია, ბზარია, ნინუცაც, აგიჟებს,
Nearest to ზედ: მანჯგალაძეებთან, ვასწავლი, სმა-ჭამის, დაჰყავთ, დათიაშვილმა, შეშაზე, იგიო, მეტრი,
Nearest to წამლებს: ახალგაზრდას, ნაცნობობას, ადგილიდან, გამამზადო, ქმარს, გავახარე, დილას, კინკილა,
Nearest to ყავა: მუსიკალურში, ნაქირავებში, მოაკეტინე, მჭირდებიო, ჩამოვთვალო, ბავშვია, უსაქმურად, მოგვაქვს,
Nearest to კინაღამ: კარდანი, ორასი, ჩაჩანიძე, ჩამომივიდა, ადგილასო, მოლოდინის, ინერვიულო, შემწვარი,
Nearest to საყვარელი: მედოკია, ელ, გაძვირდაო, ნომრითაა, მოყვება, მოჯდა, თბილად, ჭედავსო,
Nearest to შუა: სპა, ნადირობის, ანაზღაურებადია, მოსდე, შეიძინე, გამემზადებინა, ჩავჯდებიო, აგდებ,
Averge loss at step 22000: 3.130080
Averge loss at step 24000: 3.061991
Averge loss at step 26000: 3.064888
Averge loss at step 28000: 3.000525
Averge loss at step 30000: 2.990382
Nearest to სად: რავა, მოხია, კომანდიროვკა, ვინმე, დავანახე, მივხვდები, იაქტიურე, შედი,
Nearest to აბა: წუნკალმა, ოპერას, გაიმარჯვებს, ლოყასთან, კურდღლის, ვიჩხუბებთ, საქმიანობ, აბსურდი,
Nearest to ასე: მიხედეთო, მერის, ავიდოდი, ავიხედებით, უყენებენ, რუსეთი, მაღლიდან, ოციანზე,
Nearest to უკვე: რაღაცებსო, კლაპნებზე, ველოდი, ჩაწერილია, მიაკრას, შეხვედროდით, ლიამ, ჯღაოდა,
Nearest to გოგო: პაპა, კითხვაა, სამისთვის, ბურღავენ, გმირობა, უზენაესია, გარედან, გავარკვევ,
Nearest to შეიძლება: მელნისფერი, ყურში, ქულაც, ცენტრალური, ცელქია, ლიანა, გათბობის, შეედრება,
Nearest to ვიცი: ვქნა, ვიციო, ხდება, ვუყო, მოუტყუებიხარო, უჭირს, ხდებოდა, ვსწავლობ,
Nearest to თან: ტურისტული, გეუბნებოდი, სომეხი, პრომო, გამუქდა, მოვუნათლო, იარე, დაყრუებული,
Nearest to მომცა: იქირავე, ცისანა, მოხდაო, შვიდიანი, მისწავლია, იმედსაც, სურვილი, ჩამსვეს,
Nearest to აიღე: გამოავლენ, ეჩხუბები, ნინუცაც, ბზარია, ლიტრია, ეზიარა, ცივია, აგიჟებს,
Nearest to ზედ: ვასწავლი, დაჰყავთ, მანჯგალაძეებთან, სმა-ჭამის, დათიაშვილმა, შეშაზე, იგიო, სამეგობრო,
Nearest to წამლებს: ახალგაზრდას, ნაცნობობას, ადგილიდან, გამამზადო, დილას, ქმარს, კინკილა, გავახარე,
Nearest to ყავა: მუსიკალურში, ნაქირავებში, მჭირდებიო, მოაკეტინე, ჩამოვთვალო, ბავშვია, უსაქმურად, მოგვაქვს,
Nearest to კინაღამ: კარდანი, ორასი, ჩაჩანიძე, ადგილასო, ჩამომივიდა, მოლოდინის, გაივსნენ, ინერვიულო,
Nearest to საყვარელი: მედოკია, გაძვირდაო, მოყვება, ელ, მოჯდა, ჭედავსო, თბილად, ნომრითაა,
Nearest to შუა: სპა, ანაზღაურებადია, ნადირობის, მოსდე, გამემზადებინა, შეიძინე, დავურიგებთ, ჩავჯდებიო,
Averge loss at step 32000: 2.976787
Averge loss at step 34000: 2.929665
Averge loss at step 36000: 2.924074
Averge loss at step 38000: 2.904016
Averge loss at step 40000: 2.873171
Nearest to სად: რავა, მოხია, დავანახე, იაქტიურე, მივხვდები, კომანდიროვკა, ზღვას, გოქაძეში,
Nearest to აბა: წუნკალმა, ვიღიავებ, კურდღლის, ოპერას, ლოყასთან, რანაირი, ვიჩხუბებთ, დამაკვალიანა,
Nearest to ასე: მერის, მიხედეთო, უყენებენ, რუსეთი, ავიდოდი, ავიხედებით, ბოტასი, მაღლიდან,
Nearest to უკვე: რაღაცებსო, კლაპნებზე, ლიამ, შეხვედროდით, გაშალე, შიგნითა, კურსელია, ჩამოვლიენ,
Nearest to გოგო: პაპა, კითხვაა, სამისთვის, გავარკვევ, გმირობა, ზარის, შევეხმიანო, წანაზარდები,
Nearest to შეიძლება: იცოდით, მელნისფერი, ქულაც, ყურში, ცენტრალური, ლიანა, გაახსენე, გათბობის,
Nearest to ვიცი: ვქნა, ვიციო, ვუყო, მოგიყვე, ხდება, ძრავიანი, ჟურნალები, ლარიაო,
Nearest to თან: ტურისტული, პრომო, გეუბნებოდი, სომეხი, იარე, აცივდება, მოვუნათლო, გაფართოება,
Nearest to მომცა: იქირავე, ცისანა, მოხდაო, შვიდიანი, მისწავლია, ამნაირი, იმედსაც, სურვილი,
Nearest to აიღე: გამოავლენ, ეჩხუბები, ბზარია, ეზიარა, ნინუცაც, აგიჟებს, ლიტრია, ცივია,
Nearest to ზედ: ვასწავლი, დაჰყავთ, მანჯგალაძეებთან, სამეგობრო, სმა-ჭამის, იგიო, დათიაშვილმა, შეშაზე,
Nearest to წამლებს: ახალგაზრდას, ნაცნობობას, გამამზადო, ადგილიდან, დილას, ქმარს, გავახარე, კინკილა,
Nearest to ყავა: მჭირდებიო, ნაქირავებში, მუსიკალურში, მოაკეტინე, ჩამოვთვალო, ბავშვია, უსაქმურად, გაწუხებს,
Nearest to კინაღამ: კარდანი, ორასი, ადგილასო, გაივსნენ, ჩაჩანიძე, მოლოდინის, ჩამომივიდა, ვაბშეტა,
Nearest to საყვარელი: გაძვირდაო, მოყვება, ელ, მედოკია, გაიგონე, თბილად, მოჯდა, ბრაზილიაში,
Nearest to შუა: სპა, ნადირობის, ანაზღაურებადია, გამემზადებინა, მოსდე, შეიძინე, დავურიგებთ, ჩავჯდებიო,
Averge loss at step 42000: 2.873213
Averge loss at step 44000: 2.843995
Averge loss at step 46000: 2.834403
Averge loss at step 48000: 2.826028
Averge loss at step 50000: 2.793309
Nearest to სად: რავა, მოხია, იაქტიურე, დავანახე, მივხვდები, კომანდიროვკა, შედი, ზღვას,
Nearest to აბა: ვიღიავებ, დამაკვალიანა, წუნკალმა, ვიჩხუბებთ, ლოყასთან, ოპერას, კურდღლის, მკიდია,
Nearest to ასე: მიხედეთო, მერის, უყენებენ, რუსეთი, დააძინე, იგრძნობ, ავიდოდი, გადაითხაროს,
Nearest to უკვე: რაღაცებსო, შიგნითა, შეხვედროდით, კლაპნებზე, ლიამ, გაშალე, პასტა, გამოვიკნავლე,
Nearest to გოგო: პაპა, კითხვაა, გავარკვევ, ზარის, უზენაესია, სამისთვის, ჩაისვარა, გმირობა,
Nearest to შეიძლება: მელნისფერი, იცოდით, გაახსენე, ქულაც, გათბობის, ცენტრალური, გამოდის, გოგუნიებიც,
Nearest to ვიცი: ვქნა, ვიციო, ვუყო, მოგიყვე, ჟურნალები, ძრავიანი, ლარიაო, ვსწავლობ,
Nearest to თან: ტურისტული, გეუბნებოდი, პრომო, სომეხი, მოვიფიქრეთ, ვშვრებოდე, იარე, აცივდება,
Nearest to მომცა: იქირავე, ცისანა, მოხდაო, შვიდიანი, ამნაირი, სტიქერი, საიტსაც, ისროლა,
Nearest to აიღე: გამოავლენ, აგიჟებს, ბზარია, ეზიარა, ნინუცაც, ეჩხუბები, ლიტრია, მოყვება,
Nearest to ზედ: ვასწავლი, სამეგობრო, დაჰყავთ, სმა-ჭამის, მანჯგალაძეებთან, იგიო, დათიაშვილმა, შეშაზე,
Nearest to წამლებს: ნაცნობობას, ახალგაზრდას, გამამზადო, ქმარს, დილას, ადგილიდან, გავახარე, ჩვენგან,
Nearest to ყავა: მჭირდებიო, ნაქირავებში, მოაკეტინე, ჩამოვთვალო, მუსიკალურში, ბავშვია, გაწუხებს, უსაქმურად,
Nearest to კინაღამ: კარდანი, ორასი, ადგილასო, გადავიწეროთ, გაივსნენ, ვაბშეტა, ჩამომივიდა, ჩაჩანიძე,
Nearest to საყვარელი: მოყვება, გაძვირდაო, გაიგონე, ბრაზილიაში, ელ, თბილად, მოჯდა, მედოკია,
Nearest to შუა: სპა, ანაზღაურებადია, ნადირობის, გამემზადებინა, მოსდე, დავურიგებთ, შეიძინე, ამოდიო,
Averge loss at step 52000: 2.793148
Averge loss at step 54000: 2.779867
Averge loss at step 56000: 2.761962
Averge loss at step 58000: 2.756697
Averge loss at step 60000: 2.742468
Nearest to სად: რავა, მოხია, ზღვას, იაქტიურე, მივხვდები, დავანახე, თათია, დაუდევრობისგან,
Nearest to აბა: წუნკალმა, ლოყასთან, ვიღიავებ, ოპერას, დამაკვალიანა, მეზობლები, ვიჩხუბებთ, კუმპალი,
Nearest to ასე: მერის, მიხედეთო, რუსეთი, მაპატიე, უყენებენ, გადაითხაროს, დაუდევრობისგან, კარტოფილის,
Nearest to უკვე: რაღაცებსო, ლიამ, გაშალე, შეხვედროდით, კლაპნებზე, მიაკრას, პასტა, შიგნითა,
Nearest to გოგო: კითხვაა, პაპა, გავარკვევ, სამისთვის, ჩაისვარა, ზარის, არყები, გმირობა,
Nearest to შეიძლება: მელნისფერი, იცოდით, ქულაც, გაახსენე, გოგუნიებიც, ყურში, ლიაც, გამოდის,
Nearest to ვიცი: ვქნა, ვიციო, ვუყო, ვსწავლობ, მოგიყვე, ჟურნალები, შეპირებულები, ძრავიანი,
Nearest to თან: პრომო, ტურისტული, გეუბნებოდი, მოვიფიქრეთ, სომეხი, იარე, აცივდება, გამუქდა,
Nearest to მომცა: იქირავე, მოხდაო, ცისანა, შვიდიანი, ამნაირი, საიტსაც, ისროლა, სტიქერი,
Nearest to აიღე: გამოავლენ, აგიჟებს, ეზიარა, ბზარია, ნინუცაც, მოყვება, ეჩხუბები, შეგროვებულები,
Nearest to ზედ: სამეგობრო, ვასწავლი, დაჰყავთ, სმა-ჭამის, მანჯგალაძეებთან, დათიაშვილმა, დასვენების, მებადებოდა,
Nearest to წამლებს: ნაცნობობას, ახალგაზრდას, გამამზადო, დილას, ქმარს, ადგილიდან, ჩვენგან, დაეხარჯოს,
Nearest to ყავა: მჭირდებიო, ნაქირავებში, ჩამოვთვალო, მოაკეტინე, გამოდი, ბავშვია, უსაქმურად, გაწუხებს,
Nearest to კინაღამ: კარდანი, ორასი, ადგილასო, ვაბშეტა, გადავიწეროთ, ჩამომივიდა, გაივსნენ, კატოსნაირად,
Nearest to საყვარელი: მოყვება, გაძვირდაო, გაიგონე, ბრაზილიაში, ავთო, ელ, ავტომატიკას, მოჯდა,
Nearest to შუა: სპა, ანაზღაურებადია, გამემზადებინა, ნადირობის, მოსდე, დავურიგებთ, შეიძინე, ლე,
Averge loss at step 62000: 2.732424
Averge loss at step 64000: 2.733306
Averge loss at step 66000: 2.703825
Averge loss at step 68000: 2.702875
Averge loss at step 70000: 2.693446
Nearest to სად: რავა, მოხია, თათია, ზღვას, მივხვდები, ლალიც, კომანდიროვკა, დავანახე,
Nearest to აბა: წუნკალმა, ლოყასთან, ოპერას, ვიღიავებ, კუმპალი, წამლის, მეზობლები, ცაში,
Nearest to ასე: მერის, მიხედეთო, უყენებენ, რუსეთი, კარტოფილის, ესე, ქალური, ვინუჟდენი,
Nearest to უკვე: რაღაცებსო, ლიამ, შიგნითა, კლაპნებზე, გაშალე, შეხვედროდით, პასტა, გოლები,
Nearest to გოგო: კითხვაა, ჩაისვარა, გავარკვევ, არყები, პაპა, ნინიმ, სამისთვის, წანაზარდები,
Nearest to შეიძლება: მელნისფერი, იცოდით, გამოდის, თექვსმეტიდან, ლიაც, გაახსენე, გადალახა, გოგუნიებიც,
Nearest to ვიცი: ვქნა, ვიციო, ვუყო, შეპირებულები, ჟურნალები, ვსწავლობ, აზრზე, მოგიყვე,
Nearest to თან: ტურისტული, პრომო, აცივდება, გეუბნებოდი, მოვიფიქრეთ, ვშვრებოდე, გამუქდა, იარე,
Nearest to მომცა: იქირავე, მოხდაო, ცისანა, შვიდიანი, ამნაირი, საიტსაც, ისროლა, სტიქერი,
Nearest to აიღე: გამოავლენ, აგიჟებს, ბზარია, ეზიარა, მოყვება, შეგროვებულები, ნინუცაც, რეზინები,
Nearest to ზედ: სამეგობრო, ვასწავლი, დაჰყავთ, სმა-ჭამის, მანჯგალაძეებთან, დასვენების, მებადებოდა, დათიაშვილმა,
Nearest to წამლებს: ნაცნობობას, ახალგაზრდას, გამამზადო, დილას, ქმარს, ჩვენგან, დაეხარჯოს, ადგილიდან,
Nearest to ყავა: მჭირდებიო, ნაქირავებში, ჩამოვთვალო, გამოდი, მოაკეტინე, უსაქმურად, მანქანები, გაწუხებს,
Nearest to კინაღამ: კარდანი, ორასი, ადგილასო, გადავიწეროთ, ვაბშეტა, კატოსნაირად, ჩამომივიდა, მოიკეთა,
Nearest to საყვარელი: გაიგონე, მოყვება, გაძვირდაო, ბრაზილიაში, ავთო, ელ, ავტომატიკას, გინახულებო,
Nearest to შუა: სპა, გამემზადებინა, ნადირობის, ანაზღაურებადია, მოსდე, დავურიგებთ, შეიძინე, ლე,
Averge loss at step 72000: 2.682140
Averge loss at step 74000: 2.676810
Averge loss at step 76000: 2.660403
Averge loss at step 78000: 2.651903
Averge loss at step 80000: 2.650849
Nearest to სად: მოხია, რავა, ნინჩკა, ლალიც, დავანახე, დაძინებას, იაქტიურე, წამოსვლისას,
Nearest to აბა: წუნკალმა, ოპერას, ლოყასთან, ცაში, მეზობლები, ვიღიავებ, დამაკვალიანა, ტრაკტორისკმა,
Nearest to ასე: მერის, კარტოფილის, მიხედეთო, რუსეთი, ესე, უყენებენ, მაპატიე, დააძინე,
Nearest to უკვე: რაღაცებსო, შიგნითა, გაშალე, კლაპნებზე, ლიამ, მიაკრას, შეხვედროდით, ფასის,
Nearest to გოგო: კითხვაა, გავარკვევ, არყები, მაზლს, ჩაისვარა, გმირობა, სიცხეებს, ტრუბიდან,
Nearest to შეიძლება: იცოდით, მელნისფერი, თექვსმეტიდან, გამოდის, გაახსენე, გოგუნიებიც, გაარჩევ, გავყავი,
Nearest to ვიცი: ვქნა, ვიციო, ვუყო, ჟურნალები, შეპირებულები, ვსწავლობ, აზრზე, ოცდასამის,
Nearest to თან: აცივდება, პრომო, ტურისტული, გეუბნებოდი, ოთხმოცდასამი, სომეხი, დაგავალე, გამუქდა,
Nearest to მომცა: იქირავე, მოხდაო, ცისანა, შვიდიანი, ამნაირი, საიტსაც, სტიქერი, ისროლა,
Nearest to აიღე: გამოავლენ, აგიჟებს, მოყვება, ეზიარა, შეგროვებულები, ბზარია, ჩამოვარდები, რეზინები,
Nearest to ზედ: სამეგობრო, დაჰყავთ, ვასწავლი, მებადებოდა, დასვენების, სმა-ჭამის, მანჯგალაძეებთან, ლაზო,
Nearest to წამლებს: ნაცნობობას, ახალგაზრდას, გამამზადო, დილას, ქმარს, ჩვენგან, გავახარე, დაეხარჯოს,
Nearest to ყავა: მჭირდებიო, გამოდი, ნაქირავებში, ჩამოვთვალო, მოაკეტინე, უსაქმურად, მანქანები, გაწუხებს,
Nearest to კინაღამ: კარდანი, ადგილასო, ორასი, გადავიწეროთ, ვაბშეტა, ეჭვიანობის, კატოსნაირად, მოლოდინის,
Nearest to საყვარელი: გაიგონე, ბრაზილიაში, მოყვება, გაძვირდაო, ავთო, ავტომატიკას, ელ, ჩამოვიქცევით,
Nearest to შუა: სპა, გამემზადებინა, ანაზღაურებადია, ნადირობის, მოსდე, დავურიგებთ, შეიძინე, ამოდიო,
Averge loss at step 82000: 2.633914
Averge loss at step 84000: 2.635064
Averge loss at step 86000: 2.626747
Averge loss at step 88000: 2.616970
Averge loss at step 90000: 2.613164
Nearest to სად: მოხია, რავა, თათია, დაუდევრობისგან, დავანახე, ლალიც, წამოსვლისას, დავაშავე,
Nearest to აბა: ლოყასთან, რედ, ოპერას, წუნკალმა, ცაში, დამაკვალიანა, წამლის, კუმპალი,
Nearest to ასე: მერის, კარტოფილის, რუსეთი, მიხედეთო, ესე, სპობს, მაპატიე, დააძინე,
Nearest to უკვე: რაღაცებსო, შიგნითა, მიაკრას, კლაპნებზე, ლიამ, ფასის, გადმოვიტანე, ამერიკელი,
Nearest to გოგო: გავარკვევ, კითხვაა, არყები, მაზლს, ჩაისვარა, გარედან, პაპა, ვისკებში,
Nearest to შეიძლება: იცოდით, მელნისფერი, გადალახა, ტყვია, გაარჩევ, თექვსმეტიდან, წაგიყვანეს, გავყავი,
Nearest to ვიცი: ვქნა, ვიციო, ვუყო, შეპირებულები, ვსწავლობ, ლარიაო, ვიქირავეთ, მინახავხარ,
Nearest to თან: პრომო, აცივდება, ტურისტული, მასალები, გეუბნებოდი, სომეხი, ვშვრებოდე, გამუქდა,
Nearest to მომცა: იქირავე, მოხდაო, ცისანა, იამზემ, საიტსაც, განაკვეთზეცო, ამნაირი, შვიდიანი,
Nearest to აიღე: გამოავლენ, აგიჟებს, მოყვება, შეგროვებულები, ეზიარა, ჩამოვარდები, გავიმეორებ, ბზარია,
Nearest to ზედ: სამეგობრო, ვასწავლი, მებადებოდა, დაჰყავთ, გმადლობთ, მანჯგალაძეებთან, დასვენების, ტოლი,
Nearest to წამლებს: ნაცნობობას, ახალგაზრდას, დილას, გამამზადო, ჩვენგან, შეტევაზე, დაეხარჯოს, გავახარე,
Nearest to ყავა: მჭირდებიო, გამოდი, ჩამოვთვალო, ნაქირავებში, უსაქმურად, მანქანები, დატოვებ, გავუგზავნით,
Nearest to კინაღამ: კარდანი, გადავიწეროთ, ვაბშეტა, ადგილასო, ეჭვიანობის, ორასი, დახსნა, კატოსნაირად,
Nearest to საყვარელი: გაიგონე, ბრაზილიაში, ავთო, მოყვება, ავტომატიკას, გაძვირდაო, ელ, ვინცხები,
Nearest to შუა: სპა, გამემზადებინა, ნადირობის, ანაზღაურებადია, მოსდე, შეიძინე, დავურიგებთ, ამოდიო,
Averge loss at step 92000: 2.599262
Averge loss at step 94000: 2.594439
Averge loss at step 96000: 2.591498
Averge loss at step 98000: 2.580334
Averge loss at step 100000: 2.574168
Nearest to სად: დაუდევრობისგან, თათია, მოხია, ცირკი, რავა, ლალიც, დაარქვეს, ვუყიდო,
Nearest to აბა: ლოყასთან, წუნკალმა, რედ, გაქცეულა, ვიღიავებ, ვიჩხუბებთ, ცაში, კურდღლის,
Nearest to ასე: მერის, კარტოფილის, ესე, მიხედეთო, რუსეთი, დააძინე, მაპატიე, სპობს,
Nearest to უკვე: რაღაცებსო, მიაკრას, შიგნითა, კლაპნებზე, ლიამ, შეხვედროდით, ფასის, გადმოვიტანე,
Nearest to გოგო: გავარკვევ, არყები, ჩაისვარა, კითხვაა, პაპა, დასავლეთი, ეკას, ვისკებში,
Nearest to შეიძლება: იცოდით, მელნისფერი, გადალახა, თექვსმეტიდან, გაარჩევ, გამოდის, გავყავი, ტყვია,
Nearest to ვიცი: ვიციო, ვქნა, შეპირებულები, ვიქირავეთ, ვსწავლობ, აღმოსავლეთიდან, ლარიაო, ვუყო,
Nearest to თან: ტურისტული, აცივდება, პრომო, ვშვრებოდე, სომეხი, სამოცამდე, მაგიჟებენ, გამუქდა,
Nearest to მომცა: იქირავე, იამზემ, საიტსაც, მოხდაო, განაკვეთზეცო, ცისანა, სტიქერი, ამნაირი,
Nearest to აიღე: გამოავლენ, აგიჟებს, მოყვება, შეგროვებულები, გავიმეორებ, ჩამოვარდები, ეზიარა, მოწმობაზე,
Nearest to ზედ: სამეგობრო, ვასწავლი, გმადლობთ, მებადებოდა, დაჰყავთ, სმა-ჭამის, დასვენების, მანჯგალაძეებთან,
Nearest to წამლებს: ნაცნობობას, ახალგაზრდას, დილას, გამამზადო, თმაზე, ჩვენგან, დაეხარჯოს, შეტევაზე,
Nearest to ყავა: მჭირდებიო, ჩამოვთვალო, ნაქირავებში, დატოვებ, მანქანები, უსაქმურად, გამოდი, გავუგზავნით,
Nearest to კინაღამ: კარდანი, გადავიწეროთ, ვაბშეტა, ეჭვიანობის, ადგილასო, ორასი, კატოსნაირად, მოიკეთა,
Nearest to საყვარელი: გაიგონე, ბრაზილიაში, ავთო, ავტომატიკას, მოყვება, გაძვირდაო, ვინცხები, გინახულებო,
Nearest to შუა: სპა, გამემზადებინა, მოსდე, ნადირობის, ანაზღაურებადია, შეიძინე, დავურიგებთ, ჩავჯდებიო,
Epoch: 1 Learning rate: 1.000
0.073 perplexity: 24505.661 speed: 14530 wps
0.168 perplexity: 22839.983 speed: 18409 wps
0.263 perplexity: 41581.274 speed: 20370 wps
0.358 perplexity: 75986.186 speed: 21461 wps
0.453 perplexity: 119045.768 speed: 22186 wps
0.547 perplexity: 494612.344 speed: 22687 wps
0.642 perplexity: 1669734.102 speed: 23061 wps
0.737 perplexity: 1974878.098 speed: 23348 wps
0.832 perplexity: 2607257.558 speed: 23568 wps
0.927 perplexity: 2513301.390 speed: 23755 wps
Epoch: 1 Train Perplexity: 2791180.089
Epoch: 1 Valid Perplexity: 4840398.280
Epoch: 2 Learning rate: 1.000
0.073 perplexity: 50998212.261 speed: 25320 wps
0.168 perplexity: 21431261.657 speed: 25333 wps
0.263 perplexity: 7723815.144 speed: 25382 wps
0.358 perplexity: 2741090.380 speed: 25403 wps
0.453 perplexity: 1448451.440 speed: 25420 wps
0.547 perplexity: 975096.066 speed: 25445 wps
0.642 perplexity: 641122.134 speed: 25458 wps
0.737 perplexity: 530247.614 speed: 25465 wps
0.832 perplexity: 477138.062 speed: 25466 wps
0.927 perplexity: 560570.820 speed: 25470 wps
Epoch: 2 Train Perplexity: 885006.688
Epoch: 2 Valid Perplexity: 8288988.155
Epoch: 3 Learning rate: 1.000
0.073 perplexity: 1084588464061.208 speed: 25349 wps
0.168 perplexity: 20746175622.721 speed: 25401 wps
0.263 perplexity: 1171949380.032 speed: 25423 wps
0.358 perplexity: 337970955.749 speed: 25455 wps
0.453 perplexity: 140033193.588 speed: 25468 wps
0.547 perplexity: 64896966.948 speed: 25476 wps
0.642 perplexity: 32229141.723 speed: 25471 wps
0.737 perplexity: 24760093.067 speed: 25488 wps
0.832 perplexity: 18706499.491 speed: 25489 wps
0.927 perplexity: 18868290.082 speed: 25485 wps
Epoch: 3 Train Perplexity: 29616738.824
Epoch: 3 Valid Perplexity: 10889607315556.182
Epoch: 4 Learning rate: 1.000
0.073 perplexity: 561637643.351 speed: 25383 wps
0.168 perplexity: 641973299.562 speed: 25416 wps
0.263 perplexity: 184505586.362 speed: 25441 wps
0.358 perplexity: 62189922.178 speed: 25474 wps
0.453 perplexity: 30951484.293 speed: 25478 wps
0.547 perplexity: 20595362.625 speed: 25482 wps
0.642 perplexity: 18143488.658 speed: 25487 wps
0.737 perplexity: 25241309.598 speed: 25494 wps
0.832 perplexity: 46124516.452 speed: 25489 wps
0.927 perplexity: 54427348.851 speed: 25489 wps
Epoch: 4 Train Perplexity: 53369365.151
Epoch: 4 Valid Perplexity: 53879259.925
Epoch: 5 Learning rate: 0.800
0.073 perplexity: 5576705.037 speed: 25443 wps
0.168 perplexity: 2974553.653 speed: 25405 wps
0.263 perplexity: 11762687.653 speed: 25452 wps
0.358 perplexity: 7597268.839 speed: 25456 wps
0.453 perplexity: 5494901.735 speed: 25462 wps
0.547 perplexity: 4923417.511 speed: 25473 wps
0.642 perplexity: 5633974.456 speed: 25482 wps
0.737 perplexity: 5425346.996 speed: 25490 wps
0.832 perplexity: 5317698.538 speed: 25488 wps
0.927 perplexity: 4240081.561 speed: 25486 wps
Epoch: 5 Train Perplexity: 3948497.769
Epoch: 5 Valid Perplexity: 86965.781
Epoch: 6 Learning rate: 0.640
0.073 perplexity: 329366.653 speed: 25503 wps
0.168 perplexity: 139561.811 speed: 25482 wps
0.263 perplexity: 72584.425 speed: 25488 wps
0.358 perplexity: 43530.750 speed: 25493 wps
0.453 perplexity: 33647.532 speed: 25509 wps
0.547 perplexity: 25843.165 speed: 25498 wps
0.642 perplexity: 19226.942 speed: 25511 wps
0.737 perplexity: 19463.979 speed: 25503 wps
0.832 perplexity: 17213.458 speed: 25504 wps
0.927 perplexity: 16115.336 speed: 25507 wps
Epoch: 6 Train Perplexity: 19447.289
Epoch: 6 Valid Perplexity: 12564.387
Epoch: 7 Learning rate: 0.512
0.073 perplexity: 43332.055 speed: 25369 wps
0.168 perplexity: 19312.778 speed: 25423 wps
0.263 perplexity: 12296.676 speed: 25456 wps
0.358 perplexity: 8092.630 speed: 25478 wps
0.453 perplexity: 5745.403 speed: 25484 wps
0.547 perplexity: 5509.500 speed: 25487 wps
0.642 perplexity: 6518.370 speed: 25489 wps
0.737 perplexity: 6180.794 speed: 25490 wps
0.832 perplexity: 8023.364 speed: 25497 wps
0.927 perplexity: 9086.554 speed: 25498 wps
Epoch: 7 Train Perplexity: 9482.654
Epoch: 7 Valid Perplexity: 6804.557
Epoch: 8 Learning rate: 0.410
0.073 perplexity: 10209.910 speed: 25523 wps
0.168 perplexity: 23471.737 speed: 25510 wps
0.263 perplexity: 29489.523 speed: 25504 wps
0.358 perplexity: 26422.465 speed: 25512 wps
0.453 perplexity: 19626.715 speed: 25508 wps
0.547 perplexity: 14253.926 speed: 25504 wps
0.642 perplexity: 13258.838 speed: 25504 wps
0.737 perplexity: 10439.643 speed: 25508 wps
0.832 perplexity: 8815.469 speed: 25504 wps
0.927 perplexity: 10272.090 speed: 25314 wps
Epoch: 8 Train Perplexity: 10687.417
Epoch: 8 Valid Perplexity: 17217.927
Epoch: 9 Learning rate: 0.328
0.073 perplexity: 10546.943 speed: 25298 wps
0.168 perplexity: 4553.876 speed: 25408 wps
0.263 perplexity: 3360.483 speed: 25436 wps
0.358 perplexity: 2843.172 speed: 25468 wps
0.453 perplexity: 2946.488 speed: 25477 wps
0.547 perplexity: 2479.353 speed: 25473 wps
0.642 perplexity: 2249.312 speed: 25486 wps
0.737 perplexity: 2231.939 speed: 25496 wps
0.832 perplexity: 2258.194 speed: 25491 wps
0.927 perplexity: 2288.257 speed: 25494 wps
Epoch: 9 Train Perplexity: 2206.176
Epoch: 9 Valid Perplexity: 667.143
Epoch: 10 Learning rate: 0.262
0.073 perplexity: 1103.651 speed: 25570 wps
0.168 perplexity: 1011.372 speed: 25553 wps
0.263 perplexity: 963.684 speed: 25537 wps
0.358 perplexity: 1011.535 speed: 25538 wps
0.453 perplexity: 1019.582 speed: 25528 wps
0.547 perplexity: 1010.173 speed: 25523 wps
0.642 perplexity: 996.525 speed: 25519 wps
0.737 perplexity: 1017.574 speed: 25510 wps
0.832 perplexity: 1014.101 speed: 25516 wps
0.927 perplexity: 999.442 speed: 25522 wps
Epoch: 10 Train Perplexity: 991.834
Epoch: 10 Valid Perplexity: 601.448
Epoch: 11 Learning rate: 0.210
0.073 perplexity: 1017.231 speed: 25191 wps
0.168 perplexity: 953.049 speed: 25356 wps
0.263 perplexity: 934.369 speed: 25430 wps
0.358 perplexity: 905.876 speed: 25457 wps
0.453 perplexity: 890.403 speed: 25473 wps
0.547 perplexity: 900.405 speed: 25471 wps
0.642 perplexity: 926.334 speed: 25479 wps
0.737 perplexity: 944.597 speed: 25485 wps
0.832 perplexity: 937.304 speed: 25489 wps
0.927 perplexity: 923.482 speed: 25494 wps
Epoch: 11 Train Perplexity: 929.202
Epoch: 11 Valid Perplexity: 499.575
Epoch: 12 Learning rate: 0.168
0.073 perplexity: 783.493 speed: 25516 wps
0.168 perplexity: 804.062 speed: 25540 wps
0.263 perplexity: 855.688 speed: 25520 wps
0.358 perplexity: 858.960 speed: 25527 wps
0.453 perplexity: 841.332 speed: 25522 wps
0.547 perplexity: 820.794 speed: 25506 wps
0.642 perplexity: 821.135 speed: 25514 wps
0.737 perplexity: 829.983 speed: 25523 wps
0.832 perplexity: 828.336 speed: 25521 wps
0.927 perplexity: 824.696 speed: 25519 wps
Epoch: 12 Train Perplexity: 843.154
Epoch: 12 Valid Perplexity: 524.843
Epoch: 13 Learning rate: 0.134
0.073 perplexity: 917.941 speed: 25367 wps
0.168 perplexity: 944.381 speed: 25443 wps
0.263 perplexity: 925.181 speed: 25464 wps
0.358 perplexity: 906.516 speed: 25474 wps
0.453 perplexity: 893.290 speed: 25477 wps
0.547 perplexity: 876.369 speed: 25487 wps
0.642 perplexity: 866.325 speed: 25497 wps
0.737 perplexity: 856.208 speed: 25485 wps
0.832 perplexity: 851.933 speed: 25502 wps
0.927 perplexity: 848.713 speed: 25496 wps
Epoch: 13 Train Perplexity: 854.118
Epoch: 13 Valid Perplexity: 469.190
Epoch: 14 Learning rate: 0.107
0.073 perplexity: 811.285 speed: 25672 wps
0.168 perplexity: 811.752 speed: 25606 wps
0.263 perplexity: 792.446 speed: 25558 wps
0.358 perplexity: 778.045 speed: 25555 wps
0.453 perplexity: 768.186 speed: 25545 wps
0.547 perplexity: 755.616 speed: 25532 wps
0.642 perplexity: 751.217 speed: 25520 wps
0.737 perplexity: 747.479 speed: 25534 wps
0.832 perplexity: 747.674 speed: 25527 wps
0.927 perplexity: 745.453 speed: 25528 wps
Epoch: 14 Train Perplexity: 745.752
Epoch: 14 Valid Perplexity: 357.595
Epoch: 15 Learning rate: 0.086
0.073 perplexity: 718.059 speed: 25472 wps
0.168 perplexity: 730.986 speed: 25492 wps
0.263 perplexity: 737.753 speed: 25494 wps
0.358 perplexity: 735.721 speed: 25490 wps
0.453 perplexity: 732.136 speed: 25499 wps
0.547 perplexity: 725.274 speed: 25494 wps
0.642 perplexity: 726.430 speed: 25498 wps
0.737 perplexity: 725.479 speed: 25498 wps
0.832 perplexity: 728.488 speed: 25500 wps
0.927 perplexity: 727.722 speed: 25499 wps
Epoch: 15 Train Perplexity: 729.778
Epoch: 15 Valid Perplexity: 362.677
Epoch: 16 Learning rate: 0.069
0.073 perplexity: 717.959 speed: 25513 wps
0.168 perplexity: 726.797 speed: 25474 wps
0.263 perplexity: 732.848 speed: 25521 wps
0.358 perplexity: 729.789 speed: 25502 wps
0.453 perplexity: 725.285 speed: 25508 wps
0.547 perplexity: 718.614 speed: 25515 wps
0.642 perplexity: 718.895 speed: 25516 wps
0.737 perplexity: 717.698 speed: 25508 wps
0.832 perplexity: 719.556 speed: 25295 wps
0.927 perplexity: 718.732 speed: 25315 wps
Epoch: 16 Train Perplexity: 717.863
Epoch: 16 Valid Perplexity: 357.914
Epoch: 17 Learning rate: 0.055
0.073 perplexity: 711.195 speed: 25364 wps
0.168 perplexity: 721.389 speed: 25463 wps
0.263 perplexity: 725.614 speed: 25495 wps
0.358 perplexity: 723.604 speed: 25502 wps
0.453 perplexity: 722.558 speed: 25496 wps
0.547 perplexity: 713.407 speed: 25494 wps
0.642 perplexity: 712.875 speed: 25499 wps
0.737 perplexity: 710.465 speed: 25494 wps
0.832 perplexity: 712.824 speed: 25503 wps
0.927 perplexity: 712.149 speed: 25494 wps
Epoch: 17 Train Perplexity: 710.795
Epoch: 17 Valid Perplexity: 354.785
Epoch: 18 Learning rate: 0.044
0.073 perplexity: 701.388 speed: 25527 wps
0.168 perplexity: 713.494 speed: 25542 wps
0.263 perplexity: 718.298 speed: 25521 wps
0.358 perplexity: 716.518 speed: 25516 wps
0.453 perplexity: 716.651 speed: 25512 wps
0.547 perplexity: 707.438 speed: 25500 wps
0.642 perplexity: 707.416 speed: 25519 wps
0.737 perplexity: 705.713 speed: 25511 wps
0.832 perplexity: 707.610 speed: 25519 wps
0.927 perplexity: 706.877 speed: 25517 wps
Epoch: 18 Train Perplexity: 705.834
Epoch: 18 Valid Perplexity: 351.885
Epoch: 19 Learning rate: 0.035
0.073 perplexity: 697.125 speed: 25286 wps
0.168 perplexity: 710.695 speed: 25375 wps
0.263 perplexity: 714.578 speed: 25443 wps
0.358 perplexity: 711.903 speed: 25457 wps
0.453 perplexity: 711.374 speed: 25460 wps
0.547 perplexity: 703.172 speed: 25467 wps
0.642 perplexity: 702.901 speed: 25474 wps
0.737 perplexity: 700.951 speed: 25481 wps
0.832 perplexity: 702.507 speed: 25487 wps
0.927 perplexity: 701.910 speed: 25496 wps
Epoch: 19 Train Perplexity: 700.341
Epoch: 19 Valid Perplexity: 349.144
Epoch: 20 Learning rate: 0.028
0.073 perplexity: 693.860 speed: 25505 wps
0.168 perplexity: 705.511 speed: 25509 wps
0.263 perplexity: 709.357 speed: 25501 wps
0.358 perplexity: 707.468 speed: 25499 wps
0.453 perplexity: 707.171 speed: 25498 wps
0.547 perplexity: 699.584 speed: 25496 wps
0.642 perplexity: 698.946 speed: 25510 wps
0.737 perplexity: 697.497 speed: 25505 wps
0.832 perplexity: 699.504 speed: 25504 wps
0.927 perplexity: 698.506 speed: 25509 wps
Epoch: 20 Train Perplexity: 696.910
Epoch: 20 Valid Perplexity: 349.198
Epoch: 21 Learning rate: 0.023
0.073 perplexity: 687.792 speed: 25337 wps
0.168 perplexity: 702.065 speed: 25395 wps
0.263 perplexity: 706.033 speed: 25451 wps
0.358 perplexity: 703.608 speed: 25464 wps
0.453 perplexity: 703.326 speed: 25480 wps
0.547 perplexity: 695.067 speed: 25478 wps
0.642 perplexity: 694.254 speed: 25493 wps
0.737 perplexity: 692.637 speed: 25490 wps
0.832 perplexity: 694.601 speed: 25494 wps
0.927 perplexity: 693.547 speed: 25491 wps
Epoch: 21 Train Perplexity: 691.909
Epoch: 21 Valid Perplexity: 349.366
Epoch: 22 Learning rate: 0.018
0.073 perplexity: 685.474 speed: 25539 wps
0.168 perplexity: 698.863 speed: 25471 wps
0.263 perplexity: 703.859 speed: 25472 wps
0.358 perplexity: 702.508 speed: 25486 wps
0.453 perplexity: 701.799 speed: 25499 wps
0.547 perplexity: 693.552 speed: 25484 wps
0.642 perplexity: 692.753 speed: 25482 wps
0.737 perplexity: 691.223 speed: 25495 wps
0.832 perplexity: 693.362 speed: 25504 wps
0.927 perplexity: 692.413 speed: 25502 wps
Epoch: 22 Train Perplexity: 690.580
Epoch: 22 Valid Perplexity: 349.343
Epoch: 23 Learning rate: 0.014
0.073 perplexity: 680.602 speed: 25313 wps
0.168 perplexity: 695.375 speed: 25402 wps
0.263 perplexity: 700.128 speed: 25413 wps
0.358 perplexity: 698.334 speed: 25449 wps
0.453 perplexity: 697.998 speed: 25462 wps
0.547 perplexity: 690.201 speed: 25448 wps
0.642 perplexity: 689.779 speed: 25478 wps
0.737 perplexity: 687.982 speed: 25480 wps
0.832 perplexity: 689.989 speed: 25486 wps
0.927 perplexity: 689.305 speed: 25486 wps
Epoch: 23 Train Perplexity: 687.439
Epoch: 23 Valid Perplexity: 350.221
Epoch: 24 Learning rate: 0.012
0.073 perplexity: 681.842 speed: 25508 wps
0.168 perplexity: 694.610 speed: 25494 wps
0.263 perplexity: 698.575 speed: 25517 wps
0.358 perplexity: 696.435 speed: 25517 wps
0.453 perplexity: 695.899 speed: 25519 wps
0.547 perplexity: 687.954 speed: 25521 wps
0.642 perplexity: 687.427 speed: 25248 wps
0.737 perplexity: 685.436 speed: 25266 wps
0.832 perplexity: 687.930 speed: 25292 wps
0.927 perplexity: 687.280 speed: 25317 wps
Epoch: 24 Train Perplexity: 684.593
Epoch: 24 Valid Perplexity: 349.334
Epoch: 25 Learning rate: 0.009
0.073 perplexity: 688.297 speed: 25327 wps
0.168 perplexity: 696.510 speed: 25410 wps
0.263 perplexity: 699.326 speed: 25427 wps
0.358 perplexity: 696.041 speed: 25463 wps
0.453 perplexity: 694.349 speed: 25471 wps
0.547 perplexity: 687.844 speed: 25475 wps
0.642 perplexity: 686.871 speed: 25485 wps
0.737 perplexity: 684.961 speed: 25490 wps
0.832 perplexity: 687.220 speed: 25493 wps
0.927 perplexity: 686.366 speed: 25496 wps
Epoch: 25 Train Perplexity: 683.726
Epoch: 25 Valid Perplexity: 349.024
Saving model to data/rnnlm_skipgram/rnnlm.
