./run_newlm.sh --the-lm fast --embed-method cbow --hidden-size 200 --num-layers 1 --batch-size 64 --keep-prob 0.8 --max-epoch 25
=====================================================================================
Usage of this scipt:
  ./run_newlm.sh <the-lm>(language-model) <embed-method>(embedding-method)
The scipt provides three kinds of language model and three embedding methods as well
	Language Models: rnnlm lstmlm fast(lstm_fast) 
	Embedding Methods: skipgram cbow glove 
If you want to train the word embeddings during the neural network training: 
  the embedding method can be set as base, which means it is the basic method.
For example: 
  ./run_newlm.sh --the-lm rnnlm --embed-method skipgram
=====================================================================================
-----------------------------------
     Train/Dev Data Preparation    
-----------------------------------
Getting train and validation sets.
-----------------------------------
     Data Preparation Finished!    
-----------------------------------
-----------------------------------
  Vocabulary Preparation Finished! 
-----------------------------------
embedding 0 shape: [128, 200]
Concat embedding size: [128, 200, 1]
Average embedding size: [128, 200]
embedding 1 shape: [128, 200]
Concat embedding size: [128, 200, 2]
Average embedding size: [128, 200]
Initialized!
Average loss at step 0: 7.586754 
Nearest to შენ:  დავხურო, აშენება, კურდღლები, ვშვრები, განერვიულებული, გაჩერება, ეკლებზე, გაეღიმა,
Nearest to კი:  ჩამოვიყვანოთ, დამღალე, ოცდახუთ, ძუძუზე, სერიოზულ, ქუჩას, წვიმებია, გასულია,
Nearest to აა:  ჭურჭლები, პროგრამაშია, მალს, გამოდიან, ალავიძე, გაბრაზებენ, პაწია, პირშიც,
Nearest to როდის:  იფიქრებ, კომპანიის, ვიღაცებმა, შემეკითხა, გოგი, ოცდათხუთმეტის, ენახათ, პრობნი,
Nearest to ვიცი:  ბოღმიანი, ნიშანი, ხუთად, შაბათსაც, თათი, სარგებლობ, აპროექტებს, ჩემოდნები,
Nearest to მეც:  დარჩებოდა, ცეროზის, ვიქეიფეთ, დახმარებიათ, მიხვდები, წისქვილში, დაჰყავს, სამუშაოდაა,
Nearest to <v-noise>:  ჩავიდა, ბალიშზე, გამეცადინებთ, დაჭერი, თევზთან, შვილზე, დავფერთხე, ჭიკარტებს,
Nearest to არა:  ბოტოქს, ერეკლესთან, ბუბასი, მეუბნებოდი, დაწერს, მეორადში, ალიკოს, მიიღოს,
Nearest to წნევა:  ითამაშებს, ეხება, შტეკერები, იკითხო, ნიშანი, მონაწერებში, ბიჭებს, დავითრიო,
Nearest to გაყიდა:  დღე-ღამე, სახეობისთვის, ვეჩხუბე, ამისთვის, ვიკითხოთ, რესტორნებში, კაკალს, ცოტნეც,
Nearest to მაქანე:  აუთოვებდა, აუ, ლეპტოპის, დამღუპო, დააყრი, უცნაური, კაპიკი, ოპერატორთან,
Nearest to მაია:  სპირტიო, შედარება, პასუხიო, ჩანს, ჩააცმევ, ცოლ-შვილი, ასტამაშვილს, ვენახები,
Nearest to მირჩევნია:  ბუღალტერიის, სუსხია, გაგათხოვოო, კრიფონო, არსადო, ნიკუშ, გაგრძელების, ვნახოთ,
Nearest to ჰქონია:  რიცხვებიდან, კლუჩებიც, ვეფხო, კვლევაზე, თემაა, ზოლები, გადასცემს, მძინარა,
Nearest to გაიგებ:  საკაიფოდ, დაგვსვეს, სცივა, დიტოს, შუადღის, დავალაგებ, სამმართველოში, მარიამსაც,
Nearest to ვატირე:  ცეხში, ცხინვალსაც, ეთუნა, კლიენტს, გადმოვედით, გააქრე, რამეაო, მჭადუკები,
Average loss at step 2000: 3.962740 
Average loss at step 4000: 3.406469 
Average loss at step 6000: 3.193979 
Average loss at step 8000: 3.026468 
Average loss at step 10000: 2.840098 
Nearest to შენ:  ილაპარაკე, აშენება, განათავსე, სალომე, ვშვრები, ეკლებზე, გადააკეთეს, უხარიათ,
Nearest to კი:  ღვთის, გამოვიყვან, ვისგან, დამშრალები, დაათვალიერებინა, ჩამოვიყვანოთ, გაისეირნე, კომისარიატში,
Nearest to აა:  უჰუ, მმ, ალო, ჰო, დაულაგებია, რუსულიც, პროგრამაშია, აჰა,
Nearest to როდის:  რეზოს, ემჩნევა, ოცდათხუთმეტის, გოგი, ენახათ, მივწევდიო, შემეკითხა, მცველებისთვის,
Nearest to ვიცი:  რავი, უჭირს, ოცდახუთისთვის, თათი, მივიტან, ჩაგეტანა, პურმა, მერაბიკასაც,
Nearest to მეც:  მე, დარჩებოდა, მიხვდები, ჩაგელიშვილთან, წისქვილში, დახმარებიათ, გამოწერილად, მემკვიდრეობითი,
Nearest to <v-noise>:  <silence>, ჩავიდა, გეტენება, თევზთან, აა, გათიშულია, ეგენია, ბალიშზე,
Nearest to არა:  არადა, ბოტოქს, საფასური, ადგები, მეზობლები, ხელფასიც, გახსოვს, დაჩეხეს,
Nearest to წნევა:  შტეკერები, იკითხო, ეხება, ითამაშებს, დაკოპირება, მონაწერებში, მუხლებში, ყელის,
Nearest to გაყიდა:  დღე-ღამე, სახეობისთვის, ვეჩხუბე, ამისთვის, ვიკითხოთ, გახველებს, კურდღელი, რესტორნებში,
Nearest to მაქანე:  აუთოვებდა, ლეპტოპის, დამღუპო, უცნაური, კაცო, დააყრი, ყველაფრის, ნანულის,
Nearest to მაია:  სპირტიო, შედარება, პასუხიო, პირადობები, ჩააცმევ, მეტეხშია, ცოლ-შვილი, აისრულო,
Nearest to მირჩევნია:  გაგათხოვოო, კრიფონო, სუსხია, ბუღალტერიის, ნიკუშ, არსადო, ვიშოვო, იტყოდა,
Nearest to ჰქონია:  რიცხვებიდან, კლუჩებიც, ვეფხო, კვლევაზე, თემაა, გადასცემს, ზოლები, მიაგდებდა,
Nearest to გაიგებ:  სამმართველოში, შუადღის, დაგვსვეს, დავალაგებ, ეშმაკუნაა, სცივა, საკაიფოდ, აირტყას,
Nearest to ვატირე:  ცეხში, საათი, კლიენტს, ეთუნა, ცხინვალსაც, გააქრე, გადმოვედით, დედაშენის,
Average loss at step 12000: 2.737171 
Average loss at step 14000: 2.644618 
Average loss at step 16000: 2.540326 
Average loss at step 18000: 2.449404 
Average loss at step 20000: 2.385625 
Nearest to შენ:  განათავსე, ილაპარაკე, სალომე, გადააკეთეს, უხარიათ, ეკლებზე, ვშვრები, ცხოვრობენ,
Nearest to კი:  ღვთის, დამშრალები, სერიოზულ, ვისგან, ბატონო, ბილეთებს, დაათვალიერებინა, გამოვიყვან,
Nearest to აა:  უჰუ, აჰა, მმ, ალო, დაულაგებია, დიახ, გისმენთ, გამოდიან,
Nearest to როდის:  გოგი, ენახათ, ოცდათხუთმეტის, ემჩნევა, რეზოს, შემეკითხა, მცველებისთვის, ექსკურსიები,
Nearest to ვიცი:  რავი, უჭირს, ვიცოდი, ოცდახუთისთვის, მაგიტომაც, მერაბიკასაც, ჩემოდნები, გავეძროთ,
Nearest to მეც:  მე, დარჩებოდა, გამოწერილად, მემკვიდრეობითი, ჩაგელიშვილთან, მუნჩულები, წისქვილში, ვიქტორას,
Nearest to <v-noise>:  სამში, ჩავიდა, თევზთან, გეტენება, ტუდა-აბრატნა, ეგენია, სიბრიყვეაო, ვაჭრობს,
Nearest to არა:  არადა, ბოტოქს, დაჩეხეს, საფასური, გახსოვს, ადგები, ხელფასიც, მეზობლები,
Nearest to წნევა:  შტეკერები, დაკოპირება, იკითხო, მონაწერებში, მუხლებში, ყელის, გენაღვლება, რძლობას,
Nearest to გაყიდა:  დღე-ღამე, კურდღელი, ამისთვის, ვეჩხუბე, სახეობისთვის, გახველებს, ვიკითხოთ, დროებითი,
Nearest to მაქანე:  უცნაური, ლეპტოპის, აუთოვებდა, კაცო, ყველაფრის, დამღუპო, მესამეში, დავრჩებოდი,
Nearest to მაია:  სპირტიო, შედარება, პირადობები, პასუხიო, მეტეხშია, აისრულო, მოწამლავ, გაგზავნილი,
Nearest to მირჩევნია:  გაგათხოვოო, კრიფონო, ბუღალტერიის, სუსხია, ნიკუშ, არსადო, შევიწროვებაც, ვწვალობ,
Nearest to ჰქონია:  რიცხვებიდან, ვეფხო, კლუჩებიც, თემაა, კვლევაზე, ზოლები, გადასცემს, გავარჩევ,
Nearest to გაიგებ:  სამმართველოში, შუადღის, აირტყას, ეშმაკუნაა, დავალაგებ, დაგვსვეს, სცივა, იზამს,
Nearest to ვატირე:  კლიენტს, ცეხში, საათი, გააქრე, დედაშენის, ჩივილით, გადმოვედით, ცხინვალსაც,
Average loss at step 22000: 2.332152 
Average loss at step 24000: 2.266672 
Average loss at step 26000: 2.214467 
Average loss at step 28000: 2.173600 
Average loss at step 30000: 2.138862 
Nearest to შენ:  განათავსე, ილაპარაკე, გადააკეთეს, სალომე, ცხოვრობენ, უხარიათ, ვშვრები, ეკლებზე,
Nearest to კი:  ღვთის, დამშრალები, სერიოზულ, ვისგან, დაათვალიერებინა, ლამაზები, ბილეთებს, გამოვიყვან,
Nearest to აა:  აჰა, დიახ, დაულაგებია, უჰუ, გამოდიან, გისმენთ, ალო, მანაცო,
Nearest to როდის:  გოგი, ენახათ, ოცდათხუთმეტის, მცველებისთვის, შემეკითხა, ექსკურსიები, ემჩნევა, რეზოს,
Nearest to ვიცი:  რავი, ვიცოდი, მაგიტომაც, გავეძროთ, სწავლების, ოცდახუთისთვის, მივიტან, მერაბიკასაც,
Nearest to მეც:  გამოწერილად, დარჩებოდა, მე, მემკვიდრეობითი, მუნჩულები, წისქვილში, დალევა, ვიქტორას,
Nearest to <v-noise>:  თევზთან, სამში, ჩავიდა, გეტენება, ეგენია, სიბრიყვეაო, დავფერთხე, ვაჭრობს,
Nearest to არა:  ბოტოქს, დაჩეხეს, არადა, გახსოვს, საფასური, ადგები, კარდანი, წრიდანაა,
Nearest to წნევა:  შტეკერები, დაკოპირება, მონაწერებში, მუხლებში, ყელის, იკითხო, რძლობას, ბეჟი,
Nearest to გაყიდა:  დღე-ღამე, კურდღელი, ამისთვის, გახველებს, კაფე, ვეჩხუბე, შემიშლი, დროებითი,
Nearest to მაქანე:  უცნაური, კაცო, ლეპტოპის, ხანი, აუთოვებდა, ყველაფრის, დავრჩებოდი, მესამეში,
Nearest to მაია:  სპირტიო, შედარება, პირადობები, გაგზავნილი, მეტეხშია, აისრულო, ამისთანას, მოწამლავ,
Nearest to მირჩევნია:  გაგათხოვოო, კრიფონო, შევიწროვებაც, ნიკუშ, სუსხია, ბუღალტერიის, ვწვალობ, ოცნების,
Nearest to ჰქონია:  რიცხვებიდან, ვეფხო, კლუჩებიც, თემაა, გავარჩევ, კვლევაზე, მიაგდებდა, გადასცემს,
Nearest to გაიგებ:  იზამს, სამმართველოში, აირტყას, ეშმაკუნაა, შუადღის, საქმიანობას, დაგვსვეს, დავალაგებ,
Nearest to ვატირე:  კლიენტს, გააქრე, ცეხში, დედაშენის, ჩივილით, საათი, დავფერთხე, მანდარინი,
Average loss at step 32000: 2.088494 
Average loss at step 34000: 2.059434 
Average loss at step 36000: 2.028841 
Average loss at step 38000: 2.001714 
Average loss at step 40000: 1.961997 
Nearest to შენ:  განათავსე, ილაპარაკე, გადააკეთეს, სალომე, ცხოვრობენ, ეკლებზე, უხარიათ, გადატანის,
Nearest to კი:  ღვთის, დამშრალები, ვისგან, სერიოზულ, დაათვალიერებინა, ბილეთებს, გიჟია, ლამაზები,
Nearest to აა:  აჰა, დიახ, გამოდიან, დაულაგებია, გისმენთ, ბარეღამ, ცუდია, მანაცო,
Nearest to როდის:  გოგი, ენახათ, მცველებისთვის, შემეკითხა, ექსკურსიები, რატომ, ოცდათხუთმეტის, რეზოს,
Nearest to ვიცი:  რავი, ძველებურადაა, სწავლების, გავეძროთ, ვიცოდი, მაგიტომაც, მივიტან, მერაბიკასაც,
Nearest to მეც:  დარჩებოდა, გამოწერილად, მე, მუნჩულები, მემკვიდრეობითი, წისქვილში, ვიძალავე, დალევა,
Nearest to <v-noise>:  ჩავიდა, სამში, თევზთან, გეტენება, დავფერთხე, ეგენია, ტუდა-აბრატნა, ღალატია,
Nearest to არა:  ბოტოქს, დაჩეხეს, გახსოვს, არადა, საფასური, წრიდანაა, კარდანი, ადგები,
Nearest to წნევა:  შტეკერები, დაკოპირება, მონაწერებში, ქალების, ბეჟი, მუხლებში, ყელის, რძლობას,
Nearest to გაყიდა:  დღე-ღამე, კურდღელი, კაფე, ამისთვის, შემიშლი, გახველებს, ჩოხატაურში, ახმეტელზეო,
Nearest to მაქანე:  უცნაური, ხანი, ლეპტოპის, კაცო, ყველაფრის, აუთოვებდა, გაციებული, აფრები,
Nearest to მაია:  სპირტიო, შედარება, პირადობები, გაგზავნილი, მეტეხშია, სკამზე, შეგყავსო, ვენახები,
Nearest to მირჩევნია:  გაგათხოვოო, კრიფონო, შევიწროვებაც, ნიკუშ, ოცნების, სუსხია, ვწვალობ, ბუღალტერიის,
Nearest to ჰქონია:  რიცხვებიდან, ვეფხო, კლუჩებიც, გავარჩევ, მიაგდებდა, თემაა, კვლევაზე, უყვირა,
Nearest to გაიგებ:  იზამს, აირტყას, სამმართველოში, ეშმაკუნაა, შუადღის, ახლობელია, დაგვსვეს, მრჩებაო,
Nearest to ვატირე:  კლიენტს, გააქრე, ჩივილით, დედაშენის, დავფერთხე, ცეხში, მანდარინი, საათი,
Average loss at step 42000: 1.940250 
Average loss at step 44000: 1.909702 
Average loss at step 46000: 1.889625 
Average loss at step 48000: 1.864515 
Average loss at step 50000: 1.841819 
Nearest to შენ:  განათავსე, ილაპარაკე, უხარიათ, გადააკეთეს, სალომე, ეკლებზე, ცხოვრობენ, ვშვრები,
Nearest to კი:  ღვთის, დამშრალები, ვისგან, სერიოზულ, ნაკრებში, დაათვალიერებინა, ნომერია, ბილეთებს,
Nearest to აა:  აჰა, გამოდიან, დაულაგებია, დიახ, ცუდია, გისმენთ, ბარეღამ, ოფ,
Nearest to როდის:  გოგი, ენახათ, ექსკურსიები, მცველებისთვის, შემეკითხა, რატომ, ოცდათხუთმეტის, ჩაუბრუნდა,
Nearest to ვიცი:  რავი, ძველებურადაა, ჟღერს, სწავლების, მაგიტომაც, მივიტან, დანაშაულს, ოცდახუთისთვის,
Nearest to მეც:  გამოწერილად, დარჩებოდა, მე, ვიძალავე, მემკვიდრეობითი, მუნჩულები, დასაწერები, წისქვილში,
Nearest to <v-noise>:  სამში, თევზთან, ეგენია, დავფერთხე, ჩავიდა, აქაც, გეტენება, ღალატია,
Nearest to არა:  დაჩეხეს, ბოტოქს, გახსოვს, საფასური, კარდანი, უფლებასო, პავაროტში, მედოკიც,
Nearest to წნევა:  დაკოპირება, შტეკერები, ქალების, მონაწერებში, ბეჟი, ყელის, ვიჭაჭები, მუხლებში,
Nearest to გაყიდა:  დღე-ღამე, კაფე, შემიშლი, კურდღელი, ამისთვის, ჩოხატაურში, ახმეტელზეო, გახველებს,
Nearest to მაქანე:  უცნაური, ლეპტოპის, ხანი, ყველაფრის, კაცო, აუთოვებდა, აფრები, დაისაჯოს,
Nearest to მაია:  სპირტიო, შედარება, გაგზავნილი, პირადობები, სკამზე, შეგყავსო, მასივშიც, ვენახები,
Nearest to მირჩევნია:  შევიწროვებაც, კრიფონო, გაგათხოვოო, ოცნების, ნიკუშ, ვწვალობ, ლალისთანაც, დასაძინებელი,
Nearest to ჰქონია:  ვეფხო, რიცხვებიდან, კლუჩებიც, გავარჩევ, მიაგდებდა, კვლევაზე, უყვირა, თემაა,
Nearest to გაიგებ:  იზამს, ახლობელია, აირტყას, ეშმაკუნაა, დაგვსვეს, შუადღის, სამმართველოში, მრჩებაო,
Nearest to ვატირე:  კლიენტს, გააქრე, ჩივილით, დედაშენის, დავფერთხე, ცეხში, მანდარინი, გაგიშრეს,
Average loss at step 52000: 1.819390 
Average loss at step 54000: 1.798921 
Average loss at step 56000: 1.775625 
Average loss at step 58000: 1.756881 
Average loss at step 60000: 1.742796 
Nearest to შენ:  განათავსე, გადააკეთეს, უხარიათ, ილაპარაკე, ცხოვრობენ, ეკლებზე, სალომე, გაგიმარჯოს,
Nearest to კი:  ღვთის, დამშრალები, სერიოზულ, ვისგან, ნომერია, ნაკრებში, ბილეთებს, ლამაზები,
Nearest to აა:  გამოდიან, დაულაგებია, გისმენთ, დიახ, აჰა, სქაიბარი, ცუდია, ბარეღამ,
Nearest to როდის:  გოგი, ენახათ, მცველებისთვის, შემეკითხა, ექსკურსიები, ნან, რატომ, აჩვენა,
Nearest to ვიცი:  რავი, სწავლების, ჟღერს, მაგიტომაც, მივიტან, ძველებურადაა, ანიავებდნენ, ნიკას,
Nearest to მეც:  გამოწერილად, დარჩებოდა, ცეროზის, მე, ვიძალავე, წისქვილში, მუნჩულები, დასაწერები,
Nearest to <v-noise>:  თევზთან, სამში, ისიამოვნე, ეგენია, დავფერთხე, ნწეჰ, ჩავიდა, ღალატია,
Nearest to არა:  დაჩეხეს, ბოტოქს, უფლებასო, იაც, საფასური, მედოკიც, საფიჩხიამდე, კარდანი,
Nearest to წნევა:  ქალების, დაკოპირება, მონაწერებში, ვიჭაჭები, ბეჟი, შტეკერები, მეჯავრება, ყელის,
Nearest to გაყიდა:  დღე-ღამე, ჩოხატაურში, კაფე, შემიშლი, დასალევი, ახმეტელზეო, კურდღელი, ამისთვის,
Nearest to მაქანე:  ლეპტოპის, ხანი, უცნაური, ყველაფრის, აფრები, კაცო, აუთოვებდა, გადაუღო,
Nearest to მაია:  სპირტიო, გაგზავნილი, შედარება, სკამზე, პირადობები, შეგყავსო, ქუჩა-ქუჩა, მასივშიც,
Nearest to მირჩევნია:  შევიწროვებაც, კრიფონო, გაგათხოვოო, ოცნების, ნიკუშ, ვწვალობ, საკერავი, დასაძინებელი,
Nearest to ჰქონია:  ვეფხო, რიცხვებიდან, გავარჩევ, კლუჩებიც, მიაგდებდა, მიგრძნო, უყვირა, გედება,
Nearest to გაიგებ:  იზამს, ახლობელია, აირტყას, დაგვსვეს, ეშმაკუნაა, შუადღის, მრჩებაო, ბაღთან,
Nearest to ვატირე:  კლიენტს, გააქრე, ჩივილით, დედაშენის, დავფერთხე, მანდარინი, გაგიშრეს, მეწყინა,
Average loss at step 62000: 1.726874 
Average loss at step 64000: 1.699674 
Average loss at step 66000: 1.691788 
Average loss at step 68000: 1.672121 
Average loss at step 70000: 1.656800 
Nearest to შენ:  განათავსე, გადააკეთეს, უხარიათ, ილაპარაკე, ცხოვრობენ, მარკოზა, სალომე, გაგიმარჯოს,
Nearest to კი:  ღვთის, დამშრალები, ვისგან, ჩიპს, სერიოზულ, ბილეთებს, ნაკრებში, დაათვალიერებინა,
Nearest to აა:  გამოდიან, გამოაცხობ, გისმენთ, დაულაგებია, საკაიფო, ბარეღამ, მალს, თექვსმეტიდან,
Nearest to როდის:  ენახათ, გოგი, მცველებისთვის, ექსკურსიები, ჩაუბრუნდა, კომშებია, ჯანმრთელადაც, რატომ,
Nearest to ვიცი:  რავი, ძველებურადაა, ჟღერს, მივიტან, ნიკას, სწავლების, მაგიტომაც, გერჩივნა,
Nearest to მეც:  დარჩებოდა, გამოწერილად, მე, ვიძალავე, ცეროზის, დასაწერები, წისქვილში, კვერცხს,
Nearest to <v-noise>:  თევზთან, სამში, ეგენია, ჩავიდა, დავფერთხე, გეტენება, ისიამოვნე, ტუდა-აბრატნა,
Nearest to არა:  დაჩეხეს, ბოტოქს, იაც, მედოკიც, კარდანი, დაწერს, უფლებასო, პავაროტში,
Nearest to წნევა:  ქალების, ვიჭაჭები, დაკოპირება, მონაწერებში, მეჯავრება, ბეჟი, შტეკერები, ყელის,
Nearest to გაყიდა:  ჩოხატაურში, კაფე, დღე-ღამე, დასალევი, შემიშლი, მობილურზე, ახმეტელზეო, ამისთვის,
Nearest to მაქანე:  ლეპტოპის, ხანი, უცნაური, გადაუღო, აფრები, ყველაფრის, აუთოვებდა, მიხვალთ,
Nearest to მაია:  სპირტიო, გაგზავნილი, სკამზე, შეგყავსო, ქუჩა-ქუჩა, ვენახები, მასივშიც, შედარება,
Nearest to მირჩევნია:  შევიწროვებაც, კრიფონო, გაგათხოვოო, ოცნების, საკერავი, ვწვალობ, ნიკუშ, დასაძინებელი,
Nearest to ჰქონია:  ვეფხო, რიცხვებიდან, გავარჩევ, კლუჩებიც, მიაგდებდა, მიგრძნო, დავრჩებიო, გედება,
Nearest to გაიგებ:  იზამს, ახლობელია, აირტყას, დაგვსვეს, ეშმაკუნაა, შუადღის, ბაღთან, დოზას,
Nearest to ვატირე:  გააქრე, კლიენტს, ჩივილით, დედაშენის, გაგიშრეს, დავფერთხე, მეწყინა, მანდარინი,
Average loss at step 72000: 1.644211 
Average loss at step 74000: 1.629779 
Average loss at step 76000: 1.614763 
Average loss at step 78000: 1.603014 
Average loss at step 80000: 1.591809 
Nearest to შენ:  განათავსე, გადააკეთეს, ილაპარაკე, უხარიათ, ცხოვრობენ, ეკლებზე, მისცემდნენ, სკამიდან,
Nearest to კი:  ღვთის, დამშრალები, ნაკრებში, სერიოზულ, ვისგან, ჩიპს, ოჯახებში, გიჟია,
Nearest to აა:  გამოდიან, ბარეღამ, გამოაცხობ, დაულაგებია, ცუდია, რუსულიც, რძის, თექვსმეტიდან,
Nearest to როდის:  ენახათ, გოგი, ჩაუბრუნდა, ჯანმრთელადაც, ჩავიდინე, გვეღირსება, კომშებია, ნან,
Nearest to ვიცი:  რავი, ძველებურადაა, ჟღერს, მივიტან, ნიკას, მაგიტომაც, სწავლების, მერაბიკასაც,
Nearest to მეც:  დარჩებოდა, გამოწერილად, მე, ვიძალავე, ცეროზის, დასაწერები, კვერცხს, მომხმარებოდა,
Nearest to <v-noise>:  თევზთან, სამში, დავფერთხე, ეგენია, გეტენება, ჩავიდა, ისიამოვნე, აზა,
Nearest to არა:  ბოტოქს, დაჩეხეს, იაც, უფლებასო, კარდანი, სპრაიტი, ბალღებთან, საფიჩხიამდე,
Nearest to წნევა:  ქალების, ვიჭაჭები, დაკოპირება, მეჯავრება, ყელის, დაბრკოლებები, ბეჟი, მონაწერებში,
Nearest to გაყიდა:  ჩოხატაურში, დასალევი, ახმეტელზეო, კაფე, დღე-ღამე, მობილურზე, შემიშლი, ლიასთანაა,
Nearest to მაქანე:  ლეპტოპის, ხანი, გადაუღო, უცნაური, შემშლელი, ყველაფრის, აფრები, მოიტანს,
Nearest to მაია:  გაგზავნილი, სკამზე, სპირტიო, ქუჩა-ქუჩა, ვენახები, შეგყავსო, დაწერილები, დინარი,
Nearest to მირჩევნია:  შევიწროვებაც, კრიფონო, საკერავი, ოცნების, გაგათხოვოო, ნიკუშ, ვწვალობ, გამოძებნა,
Nearest to ჰქონია:  ვეფხო, რიცხვებიდან, გავარჩევ, კლუჩებიც, მიგრძნო, მიაგდებდა, დავრჩებიო, სოხუმელები,
Nearest to გაიგებ:  იზამს, ახლობელია, აირტყას, დაგვსვეს, ეშმაკუნაა, იქნებაო, მოასწროთ, მრჩებაო,
Nearest to ვატირე:  გააქრე, კლიენტს, დედაშენის, გაგიშრეს, მეწყინა, ჩივილით, წლითაა, გულ-ღვიძლი,
Average loss at step 82000: 1.579722 
Average loss at step 84000: 1.567042 
Average loss at step 86000: 1.556420 
Average loss at step 88000: 1.549406 
Average loss at step 90000: 1.534032 
Nearest to შენ:  განათავსე, უხარიათ, ილაპარაკე, გადააკეთეს, მისცემდნენ, სკამიდან, ეკლებზე, მარკოზა,
Nearest to კი:  ღვთის, ნაკრებში, სერიოზულ, დამშრალები, ჩიპს, ბილეთებს, ოჯახებში, ვისგან,
Nearest to აა:  გამოდიან, გამომილევს, გამოაცხობ, სქაიბარი, რუსულიც, რძის, საკაიფო, თექვსმეტიდან,
Nearest to როდის:  ენახათ, გოგი, ჩაუბრუნდა, ჯანმრთელადაც, კომშებია, მცველებისთვის, ნან, გვეღირსება,
Nearest to ვიცი:  ჟღერს, ძველებურადაა, მაგიტომაც, ნიკას, მივიტან, მომთხოვეს, რავი, ოცდახუთისთვის,
Nearest to მეც:  გამოწერილად, დარჩებოდა, ცეროზის, ვიძალავე, დასაწერები, მე, ეკლესიაში, კვერცხს,
Nearest to <v-noise>:  სამში, თევზთან, ეგენია, დავფერთხე, დაჭერი, ისიამოვნე, გეტენება, ვაჭრობს,
Nearest to არა:  დაჩეხეს, ბოტოქს, მედოკიც, კარდანი, საფიჩხიამდე, გაგლანძღეთ, რჩებოდა, ბალღებთან,
Nearest to წნევა:  ვიჭაჭები, ქალების, მეჯავრება, ყელის, დაკოპირება, დაბრკოლებები, იდარე, კარტოფილივით,
Nearest to გაყიდა:  ჩოხატაურში, დასალევი, დღე-ღამე, კაფე, მობილურზე, ლიასთანაა, ახმეტელზეო, შემიშლი,
Nearest to მაქანე:  ლეპტოპის, გადაუღო, ხანი, უცნაური, შემშლელი, მოიტანს, გავიზარდეთ, ჩუმად,
Nearest to მაია:  გაგზავნილი, სკამზე, ქუჩა-ქუჩა, სპირტიო, დაწერილები, ვენახები, შეგყავსო, კახეთი,
Nearest to მირჩევნია:  შევიწროვებაც, კრიფონო, ოცნების, საკერავი, ვწვალობ, ნიკუშ, მარხვაზე, გაგათხოვოო,
Nearest to ჰქონია:  ვეფხო, გავარჩევ, რიცხვებიდან, კლუჩებიც, მიგრძნო, მიაგდებდა, მერი, დავრჩებიო,
Nearest to გაიგებ:  იზამს, ახლობელია, აირტყას, დაგვსვეს, ეშმაკუნაა, იქნებაო, დოზას, ბაღთან,
Nearest to ვატირე:  გააქრე, კლიენტს, დედაშენის, გაგიშრეს, მეწყინა, ჩივილით, ნინუცას, გულ-ღვიძლი,
Average loss at step 92000: 1.527733 
Average loss at step 94000: 1.516076 
Average loss at step 96000: 1.508949 
Average loss at step 98000: 1.494465 
Average loss at step 100000: 1.494704 
Nearest to შენ:  განათავსე, გადააკეთეს, ილაპარაკე, ცხოვრობენ, უხარიათ, სკამიდან, ვყვიროდი, მარკოზა,
Nearest to კი:  ღვთის, ნაკრებში, სერიოზულ, ჩიპს, დამშრალები, დანგრეული, ვისგან, ბილეთებს,
Nearest to აა:  გამოაცხობ, გამოდიან, რძის, საკაიფო, რუსულიც, თექვსმეტიდან, დაულაგებია, გამომილევს,
Nearest to როდის:  ენახათ, გოგი, ჩაუბრუნდა, გვეღირსება, ჩავიდინე, ჯანმრთელადაც, კომშებია, ვაჭმევთ,
Nearest to ვიცი:  ჟღერს, ძველებურადაა, რავი, დაგიძახო, მაგიტომაც, მივიტან, ანიავებდნენ, ნიკას,
Nearest to მეც:  გამოწერილად, დარჩებოდა, ცეროზის, ვიძალავე, დასაწერები, მე, კვერცხს, მომხმარებოდა,
Nearest to <v-noise>:  სამში, თევზთან, ეგენია, ტუდა-აბრატნა, ისიამოვნე, დავფერთხე, გეტენება, ჩავიდა,
Nearest to არა:  დაჩეხეს, ბოტოქს, იაც, საფიჩხიამდე, მედოკიც, კარდანი, უფლებასო, თოვლზე,
Nearest to წნევა:  ვიჭაჭები, ქალების, მეჯავრება, ყელის, დაბრკოლებები, იდარე, კარტოფილივით, დაკოპირება,
Nearest to გაყიდა:  დასალევი, ჩოხატაურში, დღე-ღამე, ლიასთანაა, ახმეტელზეო, კაფე, მობილურზე, ამისთვის,
Nearest to მაქანე:  ლეპტოპის, გადაუღო, ხანი, შემშლელი, ჩუმად, უცნაური, მოიტანს, გავიზარდეთ,
Nearest to მაია:  სკამზე, გაგზავნილი, ქუჩა-ქუჩა, დაწერილები, ვენახები, შეგყავსო, ალერგიული, სპირტიო,
Nearest to მირჩევნია:  შევიწროვებაც, საკერავი, ოცნების, კრიფონო, მარხვაზე, გამოძებნა, ვწვალობ, ნიკუშ,
Nearest to ჰქონია:  ვეფხო, გავარჩევ, რიცხვებიდან, კლუჩებიც, მიგრძნო, მერი, მიაგდებდა, დავრჩებიო,
Nearest to გაიგებ:  იზამს, ახლობელია, იქნებაო, აირტყას, დაგვსვეს, ეშმაკუნაა, დოზას, მოასწროთ,
Nearest to ვატირე:  გააქრე, კლიენტს, დედაშენის, გაგიშრეს, მეწყინა, ნინუცას, გულ-ღვიძლი, ჩივილით,
Epoch: 1 Learning rate: 1.000
0.036 perplexity: 159159198.978 speed: 7297 wps
0.135 perplexity: 232239.085 speed: 12328 wps
0.234 perplexity: 63571.516 speed: 14984 wps
0.332 perplexity: 32465.717 speed: 16452 wps
0.431 perplexity: 37864.917 speed: 17372 wps
0.529 perplexity: 32055.339 speed: 18014 wps
0.628 perplexity: 95331.988 speed: 18485 wps
0.726 perplexity: 73011.017 speed: 18839 wps
0.825 perplexity: 76444.774 speed: 19124 wps
0.923 perplexity: 101737.739 speed: 19352 wps
Epoch: 1 Train Perplexity: 122511.095
Epoch: 1 Valid Perplexity: 1637.980
Epoch: 2 Learning rate: 1.000
0.036 perplexity: 21096.752 speed: 21357 wps
0.135 perplexity: 36981.671 speed: 21422 wps
0.234 perplexity: 17001.235 speed: 21423 wps
0.332 perplexity: 46803.185 speed: 21420 wps
0.431 perplexity: 111429.505 speed: 21420 wps
0.529 perplexity: 107724.139 speed: 21420 wps
0.628 perplexity: 63384.937 speed: 21424 wps
0.726 perplexity: 66761.761 speed: 21426 wps
0.825 perplexity: 66857.828 speed: 21425 wps
0.923 perplexity: 74272.349 speed: 21430 wps
Epoch: 2 Train Perplexity: 61012.424
Epoch: 2 Valid Perplexity: 1114.373
Epoch: 3 Learning rate: 1.000
0.036 perplexity: 1421.496 speed: 21277 wps
0.135 perplexity: 5415.601 speed: 21402 wps
0.234 perplexity: 4806.383 speed: 21377 wps
0.332 perplexity: 4600.310 speed: 21379 wps
0.431 perplexity: 5385.979 speed: 21388 wps
0.529 perplexity: 4415.770 speed: 21391 wps
0.628 perplexity: 5946.476 speed: 21387 wps
0.726 perplexity: 4929.925 speed: 21390 wps
0.825 perplexity: 4925.504 speed: 21399 wps
0.923 perplexity: 4353.983 speed: 21399 wps
Epoch: 3 Train Perplexity: 4229.477
Epoch: 3 Valid Perplexity: 569.754
Epoch: 4 Learning rate: 1.000
0.036 perplexity: 3213.474 speed: 21213 wps
0.135 perplexity: 2802.443 speed: 21331 wps
0.234 perplexity: 2804.481 speed: 21368 wps
0.332 perplexity: 4375.343 speed: 21340 wps
0.431 perplexity: 3629.309 speed: 21347 wps
0.529 perplexity: 4079.456 speed: 21354 wps
0.628 perplexity: 3882.363 speed: 21346 wps
0.726 perplexity: 3343.552 speed: 21353 wps
0.825 perplexity: 2967.885 speed: 21355 wps
0.923 perplexity: 2710.453 speed: 21355 wps
Epoch: 4 Train Perplexity: 2663.187
Epoch: 4 Valid Perplexity: 810.610
Epoch: 5 Learning rate: 0.800
0.036 perplexity: 1225.295 speed: 21191 wps
0.135 perplexity: 1106.629 speed: 21294 wps
0.234 perplexity: 1058.168 speed: 21353 wps
0.332 perplexity: 982.146 speed: 21344 wps
0.431 perplexity: 1056.863 speed: 21335 wps
0.529 perplexity: 1021.167 speed: 21331 wps
0.628 perplexity: 993.630 speed: 21352 wps
0.726 perplexity: 990.929 speed: 21341 wps
0.825 perplexity: 1008.607 speed: 21335 wps
0.923 perplexity: 969.344 speed: 21343 wps
Epoch: 5 Train Perplexity: 967.609
Epoch: 5 Valid Perplexity: 510.677
Epoch: 6 Learning rate: 0.640
0.036 perplexity: 560.759 speed: 21231 wps
0.135 perplexity: 579.692 speed: 21307 wps
0.234 perplexity: 587.698 speed: 21320 wps
0.332 perplexity: 590.308 speed: 21349 wps
0.431 perplexity: 595.422 speed: 21337 wps
0.529 perplexity: 588.278 speed: 21318 wps
0.628 perplexity: 585.956 speed: 21323 wps
0.726 perplexity: 583.610 speed: 21335 wps
0.825 perplexity: 588.336 speed: 21332 wps
0.923 perplexity: 583.284 speed: 21338 wps
Epoch: 6 Train Perplexity: 588.943
Epoch: 6 Valid Perplexity: 274.774
Epoch: 7 Learning rate: 0.512
0.036 perplexity: 457.043 speed: 21135 wps
0.135 perplexity: 489.888 speed: 21318 wps
0.234 perplexity: 498.343 speed: 21295 wps
0.332 perplexity: 479.850 speed: 21292 wps
0.431 perplexity: 475.484 speed: 21275 wps
0.529 perplexity: 473.692 speed: 21273 wps
0.628 perplexity: 476.836 speed: 21271 wps
0.726 perplexity: 474.876 speed: 21270 wps
0.825 perplexity: 472.762 speed: 21228 wps
0.923 perplexity: 469.489 speed: 21237 wps
Epoch: 7 Train Perplexity: 467.902
Epoch: 7 Valid Perplexity: 268.363
Epoch: 8 Learning rate: 0.410
0.036 perplexity: 408.475 speed: 21090 wps
0.135 perplexity: 437.234 speed: 21211 wps
0.234 perplexity: 425.453 speed: 21189 wps
0.332 perplexity: 412.961 speed: 21224 wps
0.431 perplexity: 411.022 speed: 21232 wps
0.529 perplexity: 406.824 speed: 21243 wps
0.628 perplexity: 404.741 speed: 21261 wps
0.726 perplexity: 402.405 speed: 21286 wps
0.825 perplexity: 401.008 speed: 21283 wps
0.923 perplexity: 398.310 speed: 21286 wps
Epoch: 8 Train Perplexity: 396.383
Epoch: 8 Valid Perplexity: 316.007
Epoch: 9 Learning rate: 0.328
0.036 perplexity: 354.700 speed: 21198 wps
0.135 perplexity: 372.774 speed: 21257 wps
0.234 perplexity: 367.856 speed: 21293 wps
0.332 perplexity: 360.990 speed: 21291 wps
0.431 perplexity: 360.305 speed: 21284 wps
0.529 perplexity: 356.695 speed: 21290 wps
0.628 perplexity: 355.658 speed: 21285 wps
0.726 perplexity: 354.472 speed: 21281 wps
0.825 perplexity: 353.579 speed: 21283 wps
0.923 perplexity: 352.135 speed: 21274 wps
Epoch: 9 Train Perplexity: 350.730
Epoch: 9 Valid Perplexity: 284.753
Epoch: 10 Learning rate: 0.262
0.036 perplexity: 324.559 speed: 21357 wps
0.135 perplexity: 342.019 speed: 21367 wps
0.234 perplexity: 336.964 speed: 21328 wps
0.332 perplexity: 329.696 speed: 21319 wps
0.431 perplexity: 328.112 speed: 21311 wps
0.529 perplexity: 325.869 speed: 21300 wps
0.628 perplexity: 325.350 speed: 21291 wps
0.726 perplexity: 324.318 speed: 21292 wps
0.825 perplexity: 323.500 speed: 21284 wps
0.923 perplexity: 322.700 speed: 21281 wps
Epoch: 10 Train Perplexity: 321.312
Epoch: 10 Valid Perplexity: 250.247
Epoch: 11 Learning rate: 0.210
0.036 perplexity: 301.343 speed: 21279 wps
0.135 perplexity: 317.397 speed: 21341 wps
0.234 perplexity: 312.914 speed: 21307 wps
0.332 perplexity: 305.594 speed: 21307 wps
0.431 perplexity: 304.455 speed: 21302 wps
0.529 perplexity: 302.395 speed: 21283 wps
0.628 perplexity: 302.012 speed: 21276 wps
0.726 perplexity: 300.920 speed: 21277 wps
0.825 perplexity: 300.045 speed: 21278 wps
0.923 perplexity: 299.352 speed: 21277 wps
Epoch: 11 Train Perplexity: 298.045
Epoch: 11 Valid Perplexity: 239.179
Epoch: 12 Learning rate: 0.168
0.036 perplexity: 283.231 speed: 21154 wps
0.135 perplexity: 298.273 speed: 21211 wps
0.234 perplexity: 294.527 speed: 21244 wps
0.332 perplexity: 288.125 speed: 21238 wps
0.431 perplexity: 287.191 speed: 21231 wps
0.529 perplexity: 285.305 speed: 21238 wps
0.628 perplexity: 284.899 speed: 21246 wps
0.726 perplexity: 283.936 speed: 21247 wps
0.825 perplexity: 282.987 speed: 21252 wps
0.923 perplexity: 282.273 speed: 21251 wps
Epoch: 12 Train Perplexity: 281.070
Epoch: 12 Valid Perplexity: 230.082
Epoch: 13 Learning rate: 0.134
0.036 perplexity: 271.417 speed: 21433 wps
0.135 perplexity: 283.772 speed: 21377 wps
0.234 perplexity: 280.569 speed: 21309 wps
0.332 perplexity: 274.286 speed: 21299 wps
0.431 perplexity: 273.423 speed: 21293 wps
0.529 perplexity: 271.595 speed: 21291 wps
0.628 perplexity: 271.252 speed: 21282 wps
0.726 perplexity: 270.523 speed: 21281 wps
0.825 perplexity: 269.773 speed: 21269 wps
0.923 perplexity: 269.089 speed: 21268 wps
Epoch: 13 Train Perplexity: 267.952
Epoch: 13 Valid Perplexity: 222.047
Epoch: 14 Learning rate: 0.107
0.036 perplexity: 259.003 speed: 21287 wps
0.135 perplexity: 273.541 speed: 21336 wps
0.234 perplexity: 269.730 speed: 21307 wps
0.332 perplexity: 264.071 speed: 21300 wps
0.431 perplexity: 263.098 speed: 21315 wps
0.529 perplexity: 261.590 speed: 21219 wps
0.628 perplexity: 261.195 speed: 21239 wps
0.726 perplexity: 260.502 speed: 21234 wps
0.825 perplexity: 259.430 speed: 21242 wps
0.923 perplexity: 258.769 speed: 21242 wps
Epoch: 14 Train Perplexity: 257.713
Epoch: 14 Valid Perplexity: 220.835
Epoch: 15 Learning rate: 0.086
0.036 perplexity: 250.609 speed: 21105 wps
0.135 perplexity: 264.168 speed: 21200 wps
0.234 perplexity: 261.712 speed: 21215 wps
0.332 perplexity: 256.037 speed: 21244 wps
0.431 perplexity: 254.908 speed: 21270 wps
0.529 perplexity: 253.599 speed: 21272 wps
0.628 perplexity: 253.331 speed: 21280 wps
0.726 perplexity: 252.750 speed: 21271 wps
0.825 perplexity: 251.845 speed: 21274 wps
0.923 perplexity: 251.301 speed: 21273 wps
Epoch: 15 Train Perplexity: 250.258
Epoch: 15 Valid Perplexity: 219.271
Epoch: 16 Learning rate: 0.069
0.036 perplexity: 245.286 speed: 21411 wps
0.135 perplexity: 258.445 speed: 21298 wps
0.234 perplexity: 255.610 speed: 21298 wps
0.332 perplexity: 250.174 speed: 21290 wps
0.431 perplexity: 249.003 speed: 21271 wps
0.529 perplexity: 247.620 speed: 21271 wps
0.628 perplexity: 247.388 speed: 21279 wps
0.726 perplexity: 246.677 speed: 21275 wps
0.825 perplexity: 245.880 speed: 21269 wps
0.923 perplexity: 245.266 speed: 21281 wps
Epoch: 16 Train Perplexity: 244.422
Epoch: 16 Valid Perplexity: 218.190
Epoch: 17 Learning rate: 0.055
0.036 perplexity: 242.578 speed: 21133 wps
0.135 perplexity: 253.687 speed: 21262 wps
0.234 perplexity: 251.617 speed: 21293 wps
0.332 perplexity: 245.800 speed: 21287 wps
0.431 perplexity: 244.815 speed: 21281 wps
0.529 perplexity: 243.357 speed: 21276 wps
0.628 perplexity: 242.852 speed: 21272 wps
0.726 perplexity: 242.215 speed: 21288 wps
0.825 perplexity: 241.274 speed: 21290 wps
0.923 perplexity: 240.679 speed: 21298 wps
Epoch: 17 Train Perplexity: 239.759
Epoch: 17 Valid Perplexity: 218.244
Epoch: 18 Learning rate: 0.044
0.036 perplexity: 237.802 speed: 21250 wps
0.135 perplexity: 250.522 speed: 21341 wps
0.234 perplexity: 248.121 speed: 21291 wps
0.332 perplexity: 242.186 speed: 21280 wps
0.431 perplexity: 241.052 speed: 21282 wps
0.529 perplexity: 239.719 speed: 21268 wps
0.628 perplexity: 239.406 speed: 21271 wps
0.726 perplexity: 238.858 speed: 21283 wps
0.825 perplexity: 237.959 speed: 21284 wps
0.923 perplexity: 237.399 speed: 21287 wps
Epoch: 18 Train Perplexity: 236.397
Epoch: 18 Valid Perplexity: 218.423
Epoch: 19 Learning rate: 0.035
0.036 perplexity: 234.402 speed: 21165 wps
0.135 perplexity: 246.411 speed: 21243 wps
0.234 perplexity: 244.494 speed: 21279 wps
0.332 perplexity: 239.411 speed: 21259 wps
0.431 perplexity: 238.302 speed: 21265 wps
0.529 perplexity: 236.961 speed: 21270 wps
0.628 perplexity: 236.642 speed: 21263 wps
0.726 perplexity: 236.064 speed: 21259 wps
0.825 perplexity: 235.274 speed: 21260 wps
0.923 perplexity: 234.744 speed: 21259 wps
Epoch: 19 Train Perplexity: 233.802
Epoch: 19 Valid Perplexity: 218.482
Epoch: 20 Learning rate: 0.028
0.036 perplexity: 233.013 speed: 21304 wps
0.135 perplexity: 244.299 speed: 21279 wps
0.234 perplexity: 241.780 speed: 21257 wps
0.332 perplexity: 237.030 speed: 21275 wps
0.431 perplexity: 236.028 speed: 21264 wps
0.529 perplexity: 234.777 speed: 21261 wps
0.628 perplexity: 234.455 speed: 21267 wps
0.726 perplexity: 233.706 speed: 21265 wps
0.825 perplexity: 232.907 speed: 21268 wps
0.923 perplexity: 232.261 speed: 21263 wps
Epoch: 20 Train Perplexity: 231.382
Epoch: 20 Valid Perplexity: 218.335
Epoch: 21 Learning rate: 0.023
0.036 perplexity: 229.704 speed: 21271 wps
0.135 perplexity: 241.941 speed: 21340 wps
0.234 perplexity: 239.851 speed: 21313 wps
0.332 perplexity: 235.610 speed: 21183 wps
0.431 perplexity: 234.725 speed: 21211 wps
0.529 perplexity: 233.359 speed: 21225 wps
0.628 perplexity: 232.798 speed: 21233 wps
0.726 perplexity: 232.104 speed: 21241 wps
0.825 perplexity: 231.561 speed: 21241 wps
0.923 perplexity: 230.807 speed: 21243 wps
Epoch: 21 Train Perplexity: 229.814
Epoch: 21 Valid Perplexity: 218.612
Epoch: 22 Learning rate: 0.018
0.036 perplexity: 233.191 speed: 21045 wps
0.135 perplexity: 243.976 speed: 21227 wps
0.234 perplexity: 238.764 speed: 21223 wps
0.332 perplexity: 234.254 speed: 21226 wps
0.431 perplexity: 233.278 speed: 21243 wps
0.529 perplexity: 231.897 speed: 21255 wps
0.628 perplexity: 231.256 speed: 21258 wps
0.726 perplexity: 230.365 speed: 21261 wps
0.825 perplexity: 229.829 speed: 21275 wps
0.923 perplexity: 229.171 speed: 21278 wps
Epoch: 22 Train Perplexity: 228.229
Epoch: 22 Valid Perplexity: 218.563
Epoch: 23 Learning rate: 0.014
0.036 perplexity: 232.438 speed: 21109 wps
0.135 perplexity: 242.274 speed: 21220 wps
0.234 perplexity: 237.447 speed: 21270 wps
0.332 perplexity: 233.072 speed: 21269 wps
0.431 perplexity: 232.250 speed: 21262 wps
0.529 perplexity: 231.085 speed: 21260 wps
0.628 perplexity: 230.508 speed: 21260 wps
0.726 perplexity: 229.608 speed: 21258 wps
0.825 perplexity: 228.969 speed: 21256 wps
0.923 perplexity: 228.248 speed: 21259 wps
Epoch: 23 Train Perplexity: 227.278
Epoch: 23 Valid Perplexity: 218.444
Epoch: 24 Learning rate: 0.012
0.036 perplexity: 231.104 speed: 21065 wps
0.135 perplexity: 241.729 speed: 21199 wps
0.234 perplexity: 237.095 speed: 21207 wps
0.332 perplexity: 232.322 speed: 21229 wps
0.431 perplexity: 231.336 speed: 21240 wps
0.529 perplexity: 229.977 speed: 21239 wps
0.628 perplexity: 229.355 speed: 21239 wps
0.726 perplexity: 228.540 speed: 21241 wps
0.825 perplexity: 227.915 speed: 21243 wps
0.923 perplexity: 227.145 speed: 21244 wps
Epoch: 24 Train Perplexity: 226.210
Epoch: 24 Valid Perplexity: 218.537
Epoch: 25 Learning rate: 0.009
0.036 perplexity: 231.846 speed: 21314 wps
0.135 perplexity: 240.950 speed: 21333 wps
0.234 perplexity: 236.285 speed: 21301 wps
0.332 perplexity: 231.409 speed: 21280 wps
0.431 perplexity: 230.628 speed: 21278 wps
0.529 perplexity: 229.389 speed: 21280 wps
0.628 perplexity: 228.805 speed: 21271 wps
0.726 perplexity: 228.029 speed: 21273 wps
0.825 perplexity: 227.411 speed: 21270 wps
0.923 perplexity: 226.664 speed: 21269 wps
Epoch: 25 Train Perplexity: 225.686
Epoch: 25 Valid Perplexity: 218.720
Saving model to data/fast_cbow/rnnlm.
