./run_newlm.sh --the-lm fast --embed-method skipgram --hidden-size 200 --num-layers 1 --batch-size 64 --keep-prob 0.8 --max-epoch 25
=====================================================================================
Usage of this scipt:
  ./run_newlm.sh <the-lm>(language-model) <embed-method>(embedding-method)
The scipt provides three kinds of language model and three embedding methods as well
	Language Models: rnnlm lstmlm fast(lstm_fast) 
	Embedding Methods: skipgram cbow glove 
If you want to train the word embeddings during the neural network training: 
  the embedding method can be set as base, which means it is the basic method.
For example: 
  ./run_newlm.sh --the-lm rnnlm --embed-method skipgram
=====================================================================================
-----------------------------------
     Train/Dev Data Preparation    
-----------------------------------
Getting train and validation sets.
-----------------------------------
     Data Preparation Finished!    
-----------------------------------
-----------------------------------
  Vocabulary Preparation Finished! 
-----------------------------------
Embed size: [128, 100]
Initialized!
Averge loss at step 0: 7.626005
Nearest to რაღაც: შენთვისაც, ოთხმოცდაათი, გახსენებაც, ეფერებოდა, იმად, ადგილთან, ქუჩაშია, გოჭს,
Nearest to ა: სულ, აცივდება, ჩამოვყალიბდები, აგვისტომდე, მივყვებით, ზარს, გადასასვლელ, შემეხმიანეო,
Nearest to არ: გამოსულან, გალიჩკასთან, პლუს, მანჰეტენზე, ყრია, დედამისი, მტკივა, აღსაქმელია,
Nearest to იქ: ანთებას, კასაძე, მოვუნათლო, სოპრანოზე, იჩხუბებ, ეკაც, წამოხვიდე, თაზი,
Nearest to ეგ: გისწავლებია, ჩავდეთ, გადახტა, ორგანიზება, გაარჩია, ნასკებით, მეცნობა, ბადრია,
Nearest to <hes>: წინანდელი, წაყირავდა, დაუნიშნა, გრადუსი, პატარით, შუბლზე, არაფერში, მაკრატელი,
Nearest to მე: პაწა-პაწა, ვილაპარაკეთ, შევავსეთ, გამოყვანა, დამცხრალია, კისტი, ივითარებ, ნოიერის,
Nearest to ჰო: ოთხმოცამდე, სამმართველოში, მარშუტკითო, გავაკეთებინოო, გაუტანეს, გამოიყენოს, აწვალებს, გიგინებია,
Nearest to გამოსული: დაუწერეს, დაგრჩენიათ, ჩაიარაო, მოგვიტანონ, ტკბილი, შემოხვედი, ნახევრად, გამყოფი,
Nearest to მინახავხარ: გაგიძახა, მოსულიც, რუკის, მეორეს, გათოხნის, დონდლო, ილონა, დაიკავე,
Nearest to მაქედან: ტურებში, ჰოჰო, გადარდებს, სამშობლოს, შეჭედილი, შეფასება, გაგიღებს, სისუფთავე,
Nearest to მანქანები: წინაშე, გოჭს, ღორები, ქვითარში, ანტიბიოტიკი, მოიკითხე, ვისთან, მრავალს,
Nearest to რახან: სტუმარს, დესერტად, საჩუქრებსო, გამოგიცვლია, ლეილა, დღესვე, კოქტეილები, დგებუაძე,
Nearest to გამოცდა: უშლის, აერთებდა, დარი-დური, კოლოფა, კანში, დავიძინოო, ენდოკრინოლოგს, გაერისკა,
Nearest to ჩავედი: დაქალებს, ყავას, დაამთავრებს, მოიფხიზლე, თუკი, კითხულობსო, გაკაწვრას, ესენიც,
Nearest to ყურძენი: ივანიშვილი, ასაღები, ცხოველი, რამდენიღა, ფაბიაო, ყუყუნებს, საწყობი, გაგიცდება,
Averge loss at step 2000: 4.289913
Averge loss at step 4000: 3.897869
Averge loss at step 6000: 3.762210
Averge loss at step 8000: 3.614529
Averge loss at step 10000: 3.604657
Nearest to რაღაც: ძალიანო, შოუ, ნინუცა, კალათაში, გიხდის, ორმოცდახუთი, ოთხ-ოთხი, ეფერებოდა,
Nearest to ა: ალო, უჰუ, მმ, აა, ჰო, ვა, არა, ვაიმე,
Nearest to არ: გაბურძგნილი, ენდოკრინოლოგს, გალიჩკასთან, თბილისის, გამოვიღებ, ნაწილი, ამოაყოფინო, ჩამოვწერო,
Nearest to იქ: დღეის, სამოცდაოთხს, მოვიყვანე, ვიზიტი, მომინდომებია, ინგა, დავივიწყე, დამნახი,
Nearest to ეგ: გამუშავონ, გადახტა, ის, დაივარცხნი, ჩავდეთ, ჩემოდნებთან, ბედნიერებაში, გამოიღო,
Nearest to <hes>: დააგეთ, ჩამოღებულია, წინები, მარტისკენ, გმადლობ, <unk>, კომენტარისგან, ცისფერი,
Nearest to მე: ნაჯდომი, მეც, არცერთხელ, დაამთავრონ, ვიღაცაა, შენ, პაწა-პაწა, სხვანაირები,
Nearest to ჰო: მმ, უჰუ, ალო, აა, <v-noise>, ა, გასაგებია, <unk>,
Nearest to გამოსული: ჩაიარაო, მოგვიტანონ, შემოხვედი, ნახევრად, დაგრჩენიათ, დაუწერეს, გამართლდება, მაღლები,
Nearest to მინახავხარ: გათოხნის, რუკის, მოსულიც, გაგიძახა, დონდლო, მეორეს, მოარხიეს, განრიგით,
Nearest to მაქედან: ტურებში, ჰოჰო, გადარდებს, გაგიღებს, სისუფთავე, ჩავიწერე, შეჭედილი, სამშობლოს,
Nearest to მანქანები: წინაშე, გოჭს, ღორები, მოიკითხე, ვისთან, ქვითარში, ანტიბიოტიკი, შევუთავსებთ,
Nearest to რახან: სტუმარს, დღესვე, ლეილა, საჩუქრებსო, დესერტად, ინტერნეტშია, კოქტეილები, გამოგიცვლია,
Nearest to გამოცდა: აერთებდა, დარი-დური, უშლის, კოლოფა, სმარტში, კანში, გადავუხდი, ენდოკრინოლოგს,
Nearest to ჩავედი: დაქალებს, ყავას, თუკი, მოიფხიზლე, კითხულობსო, ესენიც, დაამთავრებს, გაკაწვრას,
Nearest to ყურძენი: ივანიშვილი, ასაღები, ცხოველი, ფაბიაო, საწყობი, დასაკრავი, რამდენიღა, ყუყუნებს,
Averge loss at step 12000: 3.493606
Averge loss at step 14000: 3.445138
Averge loss at step 16000: 3.436994
Averge loss at step 18000: 3.328732
Averge loss at step 20000: 3.325036
Nearest to რაღაც: ძალიანო, გიხდის, ოთხ-ოთხი, ჩარჩოს, შოუ, ეფერებოდა, წაიღონ, კალათაში,
Nearest to ა: ალო, უჰუ, მმ, აა, ჰო, ვა, არა, ეე,
Nearest to არ: გალიჩკასთან, ენდოკრინოლოგს, გამოვიღებ, ბორბალზე, თბილისის, პათანატომი, კოლექციონერი, წლისები,
Nearest to იქ: სამოცდაოთხს, დღეის, მომინდომებია, მოვიყვანე, დავგეგმო, ვიზიტი, გაეზრდება, ურეკავს,
Nearest to ეგ: გამუშავონ, გადახტა, დაივარცხნი, ჩემოდნებთან, მაკაჩავებდა, შემდეგია, დონეები, დათმობა,
Nearest to <hes>: დააგეთ, ცისფერი, კომენტარისგან, გაჭმევ, გამოაგზავნე, ჩამოღებულია, გადაწყვიტეთ, ფულიანი,
Nearest to მე: ნაჯდომი, დროებითზე, ვიღაცაა, მაცალე, არცერთხელ, ღომის, ფეხბურთში, სხვანაირები,
Nearest to ჰო: მმ, უჰუ, ალო, აა, გასაგებია, ა, შეგვითანხმა, ბებიაჩემს,
Nearest to გამოსული: ჩაიარაო, ნახევრად, მოგვიტანონ, შემოხვედი, გამართლდება, მაღლები, პრავა, დაგრჩენიათ,
Nearest to მინახავხარ: გათოხნის, მოარხიეს, რუკის, მეორეს, დონდლო, განრიგით, მოსულიც, ასასინი,
Nearest to მაქედან: ტურებში, ჰოჰო, გადარდებს, ჩავიწერე, სისუფთავე, გაგიღებს, გადარჩა, იხაროს,
Nearest to მანქანები: გოჭს, წინაშე, ღორები, მოიკითხე, ვისთან, შევუთავსებთ, ქვითარში, გავტეხე,
Nearest to რახან: დღესვე, ლეილა, სტუმარს, ინტერნეტშია, საჩუქრებსო, თემაზე, კოქტეილები, გამოგიცვლია,
Nearest to გამოცდა: აერთებდა, დარი-დური, უშლის, კოლოფა, სმარტში, ღერღილი, გადავუხდი, კანში,
Nearest to ჩავედი: დაქალებს, ყავას, თუკი, მოიფხიზლე, კითხულობსო, გამოყოფილია, ესენიც, პარასკევისთვისთქო,
Nearest to ყურძენი: ივანიშვილი, ცხოველი, ასაღები, დასაკრავი, საწყობი, ფაბიაო, თვეებში, რაღაც-რაღაცეებს,
Averge loss at step 22000: 3.292136
Averge loss at step 24000: 3.229375
Averge loss at step 26000: 3.232393
Averge loss at step 28000: 3.168807
Averge loss at step 30000: 3.150900
Nearest to რაღაც: ძალიანო, გიხდის, ეფერებოდა, წაიღონ, შოუ, კალათაში, რკინის, ჭია,
Nearest to ა: ალო, უჰუ, მმ, აა, დაძმობილდნენ, ვა, გესმის, აგვიანებს,
Nearest to არ: გალიჩკასთან, ენდოკრინოლოგს, ბორბალზე, გატყდეს, თბილისის, გამოვიღებ, კოლექციონერი, ჩამოვწერო,
Nearest to იქ: დღეის, სამოცდაოთხს, მოვიყვანე, მომინდომებია, დავგეგმო, ურეკავს, შევაგდოთ, გამიშალო,
Nearest to ეგ: გამუშავონ, გადახტა, დაივარცხნი, ისიც, დათმობა, ჩემოდნებთან, მაკაჩავებდა, თვალებზე,
Nearest to <hes>: დააგეთ, გაჭმევ, ცისფერი, კომენტარისგან, წაყირავდა, მერიკოსთან, ფულიანი, თეატრი,
Nearest to მე: ნაჯდომი, ვილაპარაკეთ, ქვები, დროებითზე, არცერთხელ, მირბიხარ, შეკვეთით, გამოუჩენია,
Nearest to ჰო: მმ, უჰუ, ალო, გასაგებია, აა, შეგვხმიანებია, მოსასვენებლად, ბებიაჩემს,
Nearest to გამოსული: ნახევრად, ჩაიარაო, მოგვიტანონ, გამართლდება, დარწმუნებული, მაღლები, შემოხვედი, პრავა,
Nearest to მინახავხარ: გათოხნის, მოარხიეს, ასასინი, რუკის, მეორეს, განრიგით, დონდლო, ვიბაზრებთ,
Nearest to მაქედან: ტურებში, ჰოჰო, გადარდებს, ჩავიწერე, სისუფთავე, ჩამივარდა, გადარჩა, იხაროს,
Nearest to მანქანები: გოჭს, წინაშე, მოიკითხე, ღორები, შევუთავსებთ, ვისთან, გავტეხე, ქვითარში,
Nearest to რახან: დღესვე, ინტერნეტშია, ლეილა, საჩუქრებსო, სტუმარს, პაპაჩემისთვის, დგებუაძე, თემაზე,
Nearest to გამოცდა: აერთებდა, სმარტში, დარი-დური, კოლოფა, ღერღილი, მეხვეწებოდა, გადავუხდი, უშლის,
Nearest to ჩავედი: დაქალებს, ყავას, თუკი, მოიფხიზლე, გამოყოფილია, კითხულობსო, გასწვდება, პარასკევისთვისთქო,
Nearest to ყურძენი: ივანიშვილი, ცხოველი, დასაკრავი, ასაღები, საწყობი, ფაბიაო, რაღაც-რაღაცეებს, თვეებში,
Averge loss at step 32000: 3.140784
Averge loss at step 34000: 3.087204
Averge loss at step 36000: 3.083821
Averge loss at step 38000: 3.062675
Averge loss at step 40000: 3.024013
Nearest to რაღაც: გიხდის, ძალიანო, ეფერებოდა, გამიბრაზდა, ჭია, წაიღონ, კალათაში, შოუ,
Nearest to ა: ალო, უჰუ, მმ, აგვიანებს, დაელაპარაკა, დაძმობილდნენ, შეურიგდი, ეე,
Nearest to არ: გალიჩკასთან, ენდოკრინოლოგს, ნაწილი, ბორბალზე, მანჰეტენზე, თბილისის, ჩამოვწერო, უღიმღამოდ,
Nearest to იქ: დღეის, სამოცდაოთხს, ურეკავს, დავგეგმო, შევაგდოთ, მომინდომებია, გავაყოლებ, ვიზიტი,
Nearest to ეგ: გამუშავონ, გადახტა, დაივარცხნი, ისიც, შემდეგია, დონეები, დათმობა, ჩაერთობი,
Nearest to <hes>: დააგეთ, ფულიანი, გაჭმევ, წაყირავდა, კომენტარისგან, მერიკოსთან, ცისფერი, ცირას,
Nearest to მე: ნაჯდომი, ღომის, ლაპარაკობსო, ქვები, ვილაპარაკეთ, მირბიხარ, გამოუჩენია, დროებითზე,
Nearest to ჰო: ალო, მმ, უჰუ, გასაგებია, აჩუქეს, შეგვხმიანებია, ჩემხელაა, ვეყოლები,
Nearest to გამოსული: ნახევრად, ჩაიარაო, დარწმუნებული, მოგვიტანონ, გამართლდება, გასარკვევი, მაღლები, გამოფენილი,
Nearest to მინახავხარ: მოარხიეს, გათოხნის, ასასინი, განრიგით, მეორეს, რუკის, არეულია, შეგეშინდეთო,
Nearest to მაქედან: ტურებში, ჰოჰო, გადარდებს, ჩავიწერე, ჩამივარდა, სისუფთავე, ნინიც, დამავიწყდეს,
Nearest to მანქანები: მოიკითხე, ღორები, გოჭს, წინაშე, შევუთავსებთ, გავტეხე, ავიან-კარგიანად, ვისთან,
Nearest to რახან: დღესვე, ინტერნეტშია, ლეილა, პაპაჩემისთვის, საჩუქრებსო, სტუმარს, დაჟე, თემაზე,
Nearest to გამოცდა: აერთებდა, ღერღილი, კოლოფა, სმარტში, მეხვეწებოდა, დარი-დური, მარაო, გამოცდები,
Nearest to ჩავედი: დაქალებს, ყავას, გასწვდება, დღე-ღამე, თუკი, გამოყოფილია, მოიფხიზლე, დალევამაც,
Nearest to ყურძენი: ივანიშვილი, დასაკრავი, ცხოველი, ასაღები, საწყობი, გათბობა, რაღაც-რაღაცეებს, თვეებში,
Averge loss at step 42000: 3.027701
Averge loss at step 44000: 2.992430
Averge loss at step 46000: 2.980685
Averge loss at step 48000: 2.974393
Averge loss at step 50000: 2.935837
Nearest to რაღაც: გიხდის, ძალიანო, ჭია, გამიბრაზდა, რკინის, ეფერებოდა, წაიღონ, მანდარინობაზე,
Nearest to ა: ალო, უჰუ, დაელაპარაკა, შეურიგდი, აგვიანებს, სადასტაშვილი, დაძმობილდნენ, გესმის,
Nearest to არ: ნაწილი, უღიმღამოდ, ენდოკრინოლოგს, თბილისის, ჩამოვწერო, დახმარებით, გალიჩკასთან, დაგეწყო,
Nearest to იქ: დღეის, სამოცდაოთხს, ურეკავს, დავგეგმო, ხათუნა, ეზარებათ, მომინდომებია, გავაყოლებ,
Nearest to ეგ: გამუშავონ, ისიც, გადახტა, დაივარცხნი, შემდეგია, თვალებზე, გამოიღო, ჩაერთობი,
Nearest to <hes>: დააგეთ, გაჭმევ, ფულიანი, მერიკოსთან, წაყირავდა, გადმოიწერ, დაუნიშნა, ვირეპეტიციოთ,
Nearest to მე: გამოუჩენია, ნაჯდომი, ქვები, ლაპარაკობსო, ღომის, ენაცვალოთ, მაკამ, შევხედო,
Nearest to ჰო: უჰუ, აჩუქეს, ალო, ჩემხელაა, მმ, ზემო, ვეყოლები, გასაგებია,
Nearest to გამოსული: დარწმუნებული, ჩაიარაო, ნახევრად, მოგვიტანონ, გასარკვევი, გამართლდება, მოძებნი, გამოფენილი,
Nearest to მინახავხარ: მოარხიეს, ასასინი, შეგეშინდეთო, გამითიშო, გათოხნის, განრიგით, არეულია, რუკის,
Nearest to მაქედან: ტურებში, ჰოჰო, გადარდებს, ჩამივარდა, ჩავიწერე, სტუდენტი, სისუფთავე, ნინიც,
Nearest to მანქანები: ღორები, მოიკითხე, შევუთავსებთ, გავტეხე, წინაშე, ავიან-კარგიანად, გოჭს, იქვე,
Nearest to რახან: დღესვე, პაპაჩემისთვის, ინტერნეტშია, ლეილა, საჩუქრებსო, დაჟე, სტუმარს, დგებუაძე,
Nearest to გამოცდა: ღერღილი, აერთებდა, მარაო, გამოცდები, სმარტში, კიბე, კოლოფა, მეხვეწებოდა,
Nearest to ჩავედი: დაქალებს, გასწვდება, ყავას, დღე-ღამე, დალევამაც, ყვირილზე, შაქრის, ვუშველეთ,
Nearest to ყურძენი: ივანიშვილი, დასაკრავი, ცხოველი, ასაღები, გათბობა, საწყობი, რაღაც-რაღაცეებს, თვეებში,
Averge loss at step 52000: 2.940387
Averge loss at step 54000: 2.921850
Averge loss at step 56000: 2.900601
Averge loss at step 58000: 2.899677
Averge loss at step 60000: 2.877108
Nearest to რაღაც: გიხდის, ძალიანო, ჭია, ეფერებოდა, მანდარინობაზე, გამიბრაზდა, კახაც, წაიღონ,
Nearest to ა: ალო, სადასტაშვილი, დაელაპარაკა, უჰუ, შეურიგდი, აგვიანებს, ფეხბურთი, თერთმეტი,
Nearest to არ: ჩამოვწერო, გალიჩკასთან, თბილისის, არსებულია, დახმარებით, გაბურძგნილი, დაგპატიჟებო, ნაწილი,
Nearest to იქ: დღეის, შევაგდოთ, სამოცდაოთხს, ეზარებათ, დავგეგმო, ხათუნა, მომინდომებია, გავაყოლებ,
Nearest to ეგ: გამუშავონ, გადახტა, დაივარცხნი, ისიც, შემდეგია, გამოიღო, დათმობა, თვალებზე,
Nearest to <hes>: დააგეთ, მერიკოსთან, კომენტარისგან, გადმოიწერ, დაუნიშნა, გამოაგზავნე, ფულიანი, ვიშოვით,
Nearest to მე: ნაჯდომი, ლაპარაკობსო, ქვები, გამოუჩენია, ენაცვალოთ, შევხედო, ღომის, ელიავას,
Nearest to ჰო: ზემო, აჩუქეს, ალო, ჩემხელაა, ობიექტს, უჰუ, ისეაო, შეგვხმიანებია,
Nearest to გამოსული: დარწმუნებული, ნახევრად, ჩაიარაო, გასარკვევი, გამართლდება, მოგვიტანონ, მოძებნი, სათქმელი,
Nearest to მინახავხარ: ასასინი, გამითიშო, მოარხიეს, შეგეშინდეთო, გამოჩენილა, ისმის, განრიგით, არეულია,
Nearest to მაქედან: ტურებში, ჩამივარდა, სტუდენტი, ჰოჰო, გადარდებს, ჩვიდმეტ, ჩავიწერე, ნინიც,
Nearest to მანქანები: ღორები, შევუთავსებთ, ავიან-კარგიანად, მოიკითხე, გავტეხე, იქვე, შოკშია, წინაშე,
Nearest to რახან: დღესვე, პაპაჩემისთვის, ინტერნეტშია, დაჟე, საჩუქრებსო, ლეილა, მარინასი, ჩასართავები,
Nearest to გამოცდა: ღერღილი, გამოცდები, მარაო, აერთებდა, კიბე, ვუძახე, კოლოფა, სმარტში,
Nearest to ჩავედი: გასწვდება, დღე-ღამე, დაქალებს, ყავას, შაქრის, ყვირილზე, დალევამაც, ტესტებისო,
Nearest to ყურძენი: დასაკრავი, ივანიშვილი, ცხოველი, გათბობა, ასაღები, რაღაც-რაღაცეებს, საწყობი, იმზადებ,
Averge loss at step 62000: 2.870647
Averge loss at step 64000: 2.871971
Averge loss at step 66000: 2.839403
Averge loss at step 68000: 2.838458
Averge loss at step 70000: 2.828182
Nearest to რაღაც: გიხდის, ძალიანო, ჭია, ეფერებოდა, მანდარინობაზე, გამიბრაზდა, რკინის, მეჯავრებაო,
Nearest to ა: ალო, სადასტაშვილი, დაელაპარაკა, შეურიგდი, აგვიანებს, თერთმეტი, უჰუ, გამოუკეთდა,
Nearest to არ: გალიჩკასთან, წლისები, არსებულია, მიათრევს, გაეთიშა, ინსტიტუტშიც, თბილისის, გამოვიღებ,
Nearest to იქ: დღეის, შევაგდოთ, ხათუნა, სამოცდაოთხს, გაეზრდება, ეზარებათ, ურეკავს, მომინდომებია,
Nearest to ეგ: გამუშავონ, გადახტა, ისიც, დაივარცხნი, დედა-შვილი, შემდეგია, თვალებზე, ვინღა,
Nearest to <hes>: დააგეთ, მერიკოსთან, გადმოიწერ, ფულიანი, დაუნიშნა, კომენტარისგან, მარტისკენ, მზეზე,
Nearest to მე: ქვები, ნაჯდომი, იცეკვა, გამოუჩენია, შეკვეთით, შევხედო, ელიავას, ლაპარაკობსო,
Nearest to ჰო: ალო, უჰუ, ჩემხელაა, გახადეს, შეგვხმიანებია, მოსასვენებლად, ზემო, გავაკეთებინოო,
Nearest to გამოსული: დარწმუნებული, ნახევრად, ჩაიარაო, გასარკვევი, მოძებნი, სათქმელი, დათუნა, გამართლდება,
Nearest to მინახავხარ: გამოჩენილა, შეგეშინდეთო, ისმის, ასასინი, გამითიშო, მოარხიეს, არეულია, გათოხნის,
Nearest to მაქედან: სტუდენტი, ტურებში, ჩამივარდა, ჩვიდმეტ, ლეონიძის, გაგაცივა, ჰოჰო, ჩავიწერე,
Nearest to მანქანები: ღორები, ავიან-კარგიანად, შევუთავსებთ, გავტეხე, იქვე, მოიკითხე, შოკშია, წინაშე,
Nearest to რახან: დღესვე, პაპაჩემისთვის, დაჟე, ინტერნეტშია, საჩუქრებსო, ლეილა, ჩასართავები, მარინასი,
Nearest to გამოცდა: ღერღილი, გამოცდები, კიბე, მარაო, ვუძახე, აერთებდა, კოლოფა, პურმარილს,
Nearest to ჩავედი: გასწვდება, დღე-ღამე, შაქრის, ყვირილზე, დაქალებს, შევაზავებთ, ყავას, ტესტებისო,
Nearest to ყურძენი: დასაკრავი, ცხოველი, გათბობა, ასაღები, ივანიშვილი, რაღაც-რაღაცეებს, იმზადებ, ფულიც,
Averge loss at step 72000: 2.813825
Averge loss at step 74000: 2.812683
Averge loss at step 76000: 2.793585
Averge loss at step 78000: 2.784565
Averge loss at step 80000: 2.786237
Nearest to რაღაც: გიხდის, ძალიანო, გამიბრაზდა, ჭია, ეფერებოდა, კახაც, რკინის, მანდარინობაზე,
Nearest to ა: ალო, სადასტაშვილი, დაელაპარაკა, შეურიგდი, გამოუკეთდა, ფეხბურთი, უჰუ, აგვიანებს,
Nearest to არ: გალიჩკასთან, პათანატომი, წლისები, ინსტიტუტშიც, გამოვიღებ, წყელის, გაბურძგნილი, გაეთიშა,
Nearest to იქ: დღეის, შევაგდოთ, გაეზრდება, ეზარებათ, სამოცდაოთხს, ხათუნა, გამიშალო, არჩენს,
Nearest to ეგ: გამუშავონ, ისიც, გადახტა, დაივარცხნი, შემდეგია, თვალებზე, დედა-შვილი, ვინღა,
Nearest to <hes>: დააგეთ, მერიკოსთან, გადმოიწერ, მარტისკენ, დაუნიშნა, გაჭმევ, გადაწყვიტეთ, კომენტარისგან,
Nearest to მე: ქვები, ნაჯდომი, გამოუჩენია, შევხედო, იცეკვა, ელიავას, მირბიხარ, შეკვეთით,
Nearest to ჰო: ალო, ჩემხელაა, ჩამოვაგდოთ, გახადეს, კადრში, შეგვხმიანებია, უჰუ, ზემო,
Nearest to გამოსული: დარწმუნებული, ნახევრად, ჩაიარაო, გასარკვევი, მოძებნი, სათქმელი, დათუნა, კოლოფა,
Nearest to მინახავხარ: გამოჩენილა, შეგეშინდეთო, ასასინი, ისმის, გამითიშო, მოარხიეს, არეულია, გელას,
Nearest to მაქედან: სტუდენტი, ჩამივარდა, ჩვიდმეტ, ტურებში, ლეონიძის, კვირისკენ, გაგაცივა, ნინიც,
Nearest to მანქანები: ავიან-კარგიანად, ღორები, იქვე, გავტეხე, მოიკითხე, შევუთავსებთ, შოკშია, კრანზე,
Nearest to რახან: პაპაჩემისთვის, დღესვე, ინტერნეტშია, დაჟე, საჩუქრებსო, ლეილა, მარინასი, ჩასართავები,
Nearest to გამოცდა: ღერღილი, გამოცდები, კიბე, მარაო, ვუძახე, კილოიან, ადგილი, თვეა,
Nearest to ჩავედი: გასწვდება, დღე-ღამე, ყვირილზე, შაქრის, შევაზავებთ, ტესტებისო, წავიყვან, მოკიდებს,
Nearest to ყურძენი: დასაკრავი, გათბობა, ცხოველი, ასაღები, ივანიშვილი, ფულიც, იმზადებ, შემოდებული,
Averge loss at step 82000: 2.764009
Averge loss at step 84000: 2.763927
Averge loss at step 86000: 2.754893
Averge loss at step 88000: 2.742467
Averge loss at step 90000: 2.742712
Nearest to რაღაც: გამიბრაზდა, ეფერებოდა, ძალიანო, გიხდის, ჭია, მანდარინობაზე, წაიღონ, ბოტანიკურში,
Nearest to ა: ალო, სადასტაშვილი, დაელაპარაკა, შეურიგდი, ფეხბურთი, გამოუკეთდა, მოერიე, თერთმეტი,
Nearest to არ: გალიჩკასთან, გაბურძგნილი, პათანატომი, გამოვიღებ, წლისები, წყელის, ინსტიტუტშიც, გაეთიშა,
Nearest to იქ: შევაგდოთ, დღეის, გაეზრდება, სამოცდაოთხს, გამიშალო, ეზარებათ, ურეკავს, დავგეგმო,
Nearest to ეგ: გამუშავონ, ისიც, დაივარცხნი, გადახტა, დედა-შვილი, თვალებზე, ვინღა, შემდეგია,
Nearest to <hes>: დააგეთ, მერიკოსთან, გადმოიწერ, კომენტარისგან, მარტისკენ, დაუნიშნა, ჯონი, ბოთლით,
Nearest to მე: ნაჯდომი, ქვები, გამოუჩენია, მტკივნეულ, იცეკვა, შევხედო, დროებითზე, ელიავას,
Nearest to ჰო: ჩემხელაა, კადრში, შეგვხმიანებია, ჩამოვაგდოთ, ალო, მოსასვენებლად, მომიყვანო, მომავალზე,
Nearest to გამოსული: დარწმუნებული, გასარკვევი, მოძებნი, კოლოფა, ჩაიარაო, დათუნა, სათქმელი, ნახევრად,
Nearest to მინახავხარ: გამოჩენილა, შეგეშინდეთო, ასასინი, განრიგით, ისმის, გამითიშო, გელას, წავაგეო,
Nearest to მაქედან: სტუდენტი, ჩამივარდა, ჩვიდმეტ, ლეონიძის, კვირისკენ, გაგაცივა, ტურებში, ნინიც,
Nearest to მანქანები: ავიან-კარგიანად, ღორები, მოიკითხე, გავტეხე, შოკშია, შევუთავსებთ, იქვე, კრანზე,
Nearest to რახან: პაპაჩემისთვის, დღესვე, ჩასართავები, საჩუქრებსო, ინტერნეტშია, მარინასი, დაჟე, ლეილა,
Nearest to გამოცდა: ღერღილი, მარაო, კიბე, გამოცდები, ვუძახე, ადგილი, თვეა, გაგიჟებულია,
Nearest to ჩავედი: გასწვდება, დღე-ღამე, შევაზავებთ, ტესტებისო, წავიყვან, ყვირილზე, შაქრის, მოკიდებს,
Nearest to ყურძენი: დასაკრავი, გათბობა, ცხოველი, ასაღები, ივანიშვილი, შემოდებული, რაღაც-რაღაცეებს, იმზადებ,
Averge loss at step 92000: 2.725251
Averge loss at step 94000: 2.725104
Averge loss at step 96000: 2.720189
Averge loss at step 98000: 2.707388
Averge loss at step 100000: 2.697558
Nearest to რაღაც: ძალიანო, გიხდის, მანდარინობაზე, ჭია, გამიბრაზდა, ეფერებოდა, მკვებავები, აკაკის,
Nearest to ა: ალო, სადასტაშვილი, დაელაპარაკა, შეურიგდი, წაიყვანეთ, ფეხბურთი, გამოუკეთდა, მანქანაშიო,
Nearest to არ: გამოვიღებ, გალიჩკასთან, პათანატომი, წლისები, მომკალიო, მანჰეტენზე, გაღიზიანებულია, მოიგებდი,
Nearest to იქ: დღეის, შევაგდოთ, მომინდომებია, ეზარებათ, გაეზრდება, იქითკენ, სამოცდაოთხს, ნაცნობები,
Nearest to ეგ: გამუშავონ, დაივარცხნი, ისიც, გადახტა, თვალებზე, შემდეგია, ვინღა, მაკაჩავებდა,
Nearest to <hes>: დააგეთ, მერიკოსთან, გადმოიწერ, მოუვიდათ, კომენტარისგან, გადაწყვიტეთ, დაუნიშნა, ნათლულთან,
Nearest to მე: მტკივნეულ, ნაჯდომი, გამოუჩენია, იცეკვა, ქვები, ვუზივარ, ღომის, შევხედო,
Nearest to ჰო: კადრში, მომავალზე, ჩამოვაგდოთ, ეუბნებოდი, შეგვხმიანებია, ჩემხელაა, მომიყვანო, გათიშა,
Nearest to გამოსული: კოლოფა, მოძებნი, გასარკვევი, ჩაიარაო, დათუნა, დარწმუნებული, სათქმელი, დაინტერესდება,
Nearest to მინახავხარ: შეგეშინდეთო, გამოჩენილა, ასასინი, განრიგით, წავაგეო, გელას, ისმის, ოღონდო,
Nearest to მაქედან: სტუდენტი, ჩამივარდა, ჩვიდმეტ, ლეონიძის, კვირისკენ, გაგაცივა, აითვისონ, შვილებისთვის,
Nearest to მანქანები: ავიან-კარგიანად, ღორები, მოიკითხე, იქვე, გავტეხე, შოკშია, შევუთავსებთ, წესი,
Nearest to რახან: პაპაჩემისთვის, ჩასართავები, მარინასი, დღესვე, ზიანი, საჩუქრებსო, აქირავებს, ლეილა,
Nearest to გამოცდა: ღერღილი, ვუძახე, კიბე, გაგიჟებულია, მარაო, ადგილი, თვეა, გამოცდები,
Nearest to ჩავედი: გასწვდება, შევაზავებთ, დღე-ღამე, ყვირილზე, ტესტებისო, წავიყვან, შაქრის, მოკიდებს,
Nearest to ყურძენი: დასაკრავი, გათბობა, ცხოველი, ასაღები, შემოდებული, ივანიშვილი, რაღაც-რაღაცეებს, იმზადებ,
Epoch: 1 Learning rate: 1.000
0.036 perplexity: 202507530.955 speed: 6830 wps
0.135 perplexity: 242824.452 speed: 12867 wps
0.234 perplexity: 65930.275 speed: 15387 wps
0.332 perplexity: 43406.814 speed: 16897 wps
0.431 perplexity: 51213.699 speed: 17861 wps
0.529 perplexity: 95613.251 speed: 18498 wps
0.628 perplexity: 127486.757 speed: 18969 wps
0.726 perplexity: 110699.835 speed: 19339 wps
0.825 perplexity: 77508.137 speed: 19624 wps
0.923 perplexity: 115469.949 speed: 19860 wps
Epoch: 1 Train Perplexity: 177798.070
Epoch: 1 Valid Perplexity: 1306.883
Epoch: 2 Learning rate: 1.000
0.036 perplexity: 380856142120.287 speed: 21957 wps
0.135 perplexity: 164770524.582 speed: 22106 wps
0.234 perplexity: 35728716.718 speed: 22069 wps
0.332 perplexity: 9642538.159 speed: 22073 wps
0.431 perplexity: 1861697.806 speed: 22052 wps
0.529 perplexity: 986624.384 speed: 22024 wps
0.628 perplexity: 402832.594 speed: 22039 wps
0.726 perplexity: 193095.720 speed: 22015 wps
0.825 perplexity: 214037.973 speed: 22007 wps
0.923 perplexity: 207287.818 speed: 21998 wps
Epoch: 2 Train Perplexity: 162165.670
Epoch: 2 Valid Perplexity: 1036.520
Epoch: 3 Learning rate: 1.000
0.036 perplexity: 1358.195 speed: 21951 wps
0.135 perplexity: 1809.581 speed: 21913 wps
0.234 perplexity: 4265.635 speed: 21964 wps
0.332 perplexity: 4433.855 speed: 21958 wps
0.431 perplexity: 8013.748 speed: 21966 wps
0.529 perplexity: 12124.245 speed: 21945 wps
0.628 perplexity: 10303.294 speed: 21966 wps
0.726 perplexity: 10913.049 speed: 21957 wps
0.825 perplexity: 9488.446 speed: 21952 wps
0.923 perplexity: 8352.183 speed: 21969 wps
Epoch: 3 Train Perplexity: 7293.885
Epoch: 3 Valid Perplexity: 696.756
Epoch: 4 Learning rate: 1.000
0.036 perplexity: 9256.261 speed: 21804 wps
0.135 perplexity: 4000.627 speed: 21819 wps
0.234 perplexity: 4866.133 speed: 21836 wps
0.332 perplexity: 3834.277 speed: 21871 wps
0.431 perplexity: 3236.998 speed: 21884 wps
0.529 perplexity: 3354.756 speed: 21895 wps
0.628 perplexity: 3137.182 speed: 21914 wps
0.726 perplexity: 2869.974 speed: 21900 wps
0.825 perplexity: 2687.394 speed: 21916 wps
0.923 perplexity: 2579.718 speed: 21925 wps
Epoch: 4 Train Perplexity: 2461.105
Epoch: 4 Valid Perplexity: 438.409
Epoch: 5 Learning rate: 0.800
0.036 perplexity: 744.997 speed: 21825 wps
0.135 perplexity: 986.462 speed: 21888 wps
0.234 perplexity: 1015.503 speed: 21931 wps
0.332 perplexity: 951.005 speed: 21946 wps
0.431 perplexity: 935.973 speed: 21944 wps
0.529 perplexity: 895.235 speed: 21947 wps
0.628 perplexity: 888.853 speed: 21945 wps
0.726 perplexity: 874.812 speed: 21943 wps
0.825 perplexity: 871.147 speed: 21928 wps
0.923 perplexity: 870.081 speed: 21924 wps
Epoch: 5 Train Perplexity: 864.464
Epoch: 5 Valid Perplexity: 65557.351
Epoch: 6 Learning rate: 0.640
0.036 perplexity: 980.731 speed: 21934 wps
0.135 perplexity: 724.225 speed: 21823 wps
0.234 perplexity: 692.257 speed: 21886 wps
0.332 perplexity: 658.149 speed: 21644 wps
0.431 perplexity: 660.015 speed: 21699 wps
0.529 perplexity: 653.036 speed: 21727 wps
0.628 perplexity: 653.283 speed: 21762 wps
0.726 perplexity: 645.475 speed: 21737 wps
0.825 perplexity: 641.614 speed: 21763 wps
0.923 perplexity: 637.143 speed: 21774 wps
Epoch: 6 Train Perplexity: 633.321
Epoch: 6 Valid Perplexity: 317.665
Epoch: 7 Learning rate: 0.512
0.036 perplexity: 506.738 speed: 21843 wps
0.135 perplexity: 525.841 speed: 21837 wps
0.234 perplexity: 525.228 speed: 21857 wps
0.332 perplexity: 509.199 speed: 21829 wps
0.431 perplexity: 506.635 speed: 21805 wps
0.529 perplexity: 505.344 speed: 21809 wps
0.628 perplexity: 502.386 speed: 21823 wps
0.726 perplexity: 500.860 speed: 21815 wps
0.825 perplexity: 503.613 speed: 21821 wps
0.923 perplexity: 502.446 speed: 21820 wps
Epoch: 7 Train Perplexity: 501.223
Epoch: 7 Valid Perplexity: 360.076
Epoch: 8 Learning rate: 0.410
0.036 perplexity: 441.790 speed: 21718 wps
0.135 perplexity: 456.198 speed: 21805 wps
0.234 perplexity: 445.710 speed: 21860 wps
0.332 perplexity: 434.456 speed: 21857 wps
0.431 perplexity: 433.046 speed: 21873 wps
0.529 perplexity: 430.986 speed: 21874 wps
0.628 perplexity: 429.606 speed: 21878 wps
0.726 perplexity: 428.236 speed: 21888 wps
0.825 perplexity: 426.359 speed: 21886 wps
0.923 perplexity: 425.446 speed: 21882 wps
Epoch: 8 Train Perplexity: 423.874
Epoch: 8 Valid Perplexity: 310.254
Epoch: 9 Learning rate: 0.328
0.036 perplexity: 384.029 speed: 21837 wps
0.135 perplexity: 404.917 speed: 21842 wps
0.234 perplexity: 398.498 speed: 21844 wps
0.332 perplexity: 388.065 speed: 21841 wps
0.431 perplexity: 387.190 speed: 21871 wps
0.529 perplexity: 384.845 speed: 21866 wps
0.628 perplexity: 383.992 speed: 21848 wps
0.726 perplexity: 383.748 speed: 21849 wps
0.825 perplexity: 382.597 speed: 21856 wps
0.923 perplexity: 381.456 speed: 21857 wps
Epoch: 9 Train Perplexity: 379.654
Epoch: 9 Valid Perplexity: 266.265
Epoch: 10 Learning rate: 0.262
0.036 perplexity: 348.019 speed: 21620 wps
0.135 perplexity: 370.188 speed: 21830 wps
0.234 perplexity: 364.804 speed: 21849 wps
0.332 perplexity: 356.051 speed: 21848 wps
0.431 perplexity: 355.521 speed: 21853 wps
0.529 perplexity: 352.713 speed: 21863 wps
0.628 perplexity: 352.104 speed: 21862 wps
0.726 perplexity: 351.200 speed: 21853 wps
0.825 perplexity: 350.175 speed: 21857 wps
0.923 perplexity: 349.313 speed: 21864 wps
Epoch: 10 Train Perplexity: 347.705
Epoch: 10 Valid Perplexity: 261.485
Epoch: 11 Learning rate: 0.210
0.036 perplexity: 322.059 speed: 21902 wps
0.135 perplexity: 344.135 speed: 21800 wps
0.234 perplexity: 340.119 speed: 21848 wps
0.332 perplexity: 332.342 speed: 21845 wps
0.431 perplexity: 331.543 speed: 21820 wps
0.529 perplexity: 329.722 speed: 21827 wps
0.628 perplexity: 329.155 speed: 21812 wps
0.726 perplexity: 328.629 speed: 21800 wps
0.825 perplexity: 327.560 speed: 21783 wps
0.923 perplexity: 327.178 speed: 21788 wps
Epoch: 11 Train Perplexity: 325.698
Epoch: 11 Valid Perplexity: 243.328
Epoch: 12 Learning rate: 0.168
0.036 perplexity: 308.142 speed: 21720 wps
0.135 perplexity: 326.078 speed: 21840 wps
0.234 perplexity: 322.536 speed: 21904 wps
0.332 perplexity: 314.989 speed: 21906 wps
0.431 perplexity: 314.167 speed: 21897 wps
0.529 perplexity: 312.604 speed: 21879 wps
0.628 perplexity: 312.160 speed: 21825 wps
0.726 perplexity: 311.460 speed: 21819 wps
0.825 perplexity: 310.374 speed: 21792 wps
0.923 perplexity: 309.973 speed: 21790 wps
Epoch: 12 Train Perplexity: 308.558
Epoch: 12 Valid Perplexity: 231.447
Epoch: 13 Learning rate: 0.134
0.036 perplexity: 296.667 speed: 21716 wps
0.135 perplexity: 311.573 speed: 21736 wps
0.234 perplexity: 307.698 speed: 21696 wps
0.332 perplexity: 300.460 speed: 21649 wps
0.431 perplexity: 299.526 speed: 21670 wps
0.529 perplexity: 298.024 speed: 21671 wps
0.628 perplexity: 297.445 speed: 21690 wps
0.726 perplexity: 296.993 speed: 21694 wps
0.825 perplexity: 296.088 speed: 21699 wps
0.923 perplexity: 295.796 speed: 21633 wps
Epoch: 13 Train Perplexity: 294.558
Epoch: 13 Valid Perplexity: 223.090
Epoch: 14 Learning rate: 0.107
0.036 perplexity: 285.353 speed: 21651 wps
0.135 perplexity: 299.114 speed: 21714 wps
0.234 perplexity: 295.523 speed: 21780 wps
0.332 perplexity: 289.272 speed: 21746 wps
0.431 perplexity: 288.767 speed: 21712 wps
0.529 perplexity: 287.150 speed: 21700 wps
0.628 perplexity: 286.591 speed: 21689 wps
0.726 perplexity: 286.015 speed: 21707 wps
0.825 perplexity: 285.168 speed: 21701 wps
0.923 perplexity: 284.935 speed: 21643 wps
Epoch: 14 Train Perplexity: 283.706
Epoch: 14 Valid Perplexity: 218.365
Epoch: 15 Learning rate: 0.086
0.036 perplexity: 272.561 speed: 21278 wps
0.135 perplexity: 289.700 speed: 21629 wps
0.234 perplexity: 287.131 speed: 21625 wps
0.332 perplexity: 280.194 speed: 21653 wps
0.431 perplexity: 279.530 speed: 21651 wps
0.529 perplexity: 278.535 speed: 21659 wps
0.628 perplexity: 278.172 speed: 21691 wps
0.726 perplexity: 277.810 speed: 21694 wps
0.825 perplexity: 276.777 speed: 21701 wps
0.923 perplexity: 276.563 speed: 21697 wps
Epoch: 15 Train Perplexity: 275.419
Epoch: 15 Valid Perplexity: 215.949
Epoch: 16 Learning rate: 0.069
0.036 perplexity: 266.209 speed: 21622 wps
0.135 perplexity: 283.551 speed: 21625 wps
0.234 perplexity: 281.317 speed: 21642 wps
0.332 perplexity: 274.750 speed: 21678 wps
0.431 perplexity: 273.956 speed: 21637 wps
0.529 perplexity: 273.001 speed: 21635 wps
0.628 perplexity: 272.366 speed: 21642 wps
0.726 perplexity: 272.033 speed: 21664 wps
0.825 perplexity: 271.139 speed: 21682 wps
0.923 perplexity: 270.816 speed: 21685 wps
Epoch: 16 Train Perplexity: 269.612
Epoch: 16 Valid Perplexity: 215.554
Epoch: 17 Learning rate: 0.055
0.036 perplexity: 262.215 speed: 21575 wps
0.135 perplexity: 278.983 speed: 21686 wps
0.234 perplexity: 276.913 speed: 21714 wps
0.332 perplexity: 270.330 speed: 21675 wps
0.431 perplexity: 269.418 speed: 21715 wps
0.529 perplexity: 268.104 speed: 21733 wps
0.628 perplexity: 267.608 speed: 21729 wps
0.726 perplexity: 267.213 speed: 21717 wps
0.825 perplexity: 266.217 speed: 21704 wps
0.923 perplexity: 265.956 speed: 21684 wps
Epoch: 17 Train Perplexity: 264.877
Epoch: 17 Valid Perplexity: 215.330
Epoch: 18 Learning rate: 0.044
0.036 perplexity: 259.130 speed: 21528 wps
0.135 perplexity: 275.116 speed: 21717 wps
0.234 perplexity: 273.315 speed: 21676 wps
0.332 perplexity: 266.840 speed: 21657 wps
0.431 perplexity: 265.958 speed: 21645 wps
0.529 perplexity: 264.966 speed: 21648 wps
0.628 perplexity: 264.529 speed: 21666 wps
0.726 perplexity: 264.205 speed: 21674 wps
0.825 perplexity: 263.119 speed: 21679 wps
0.923 perplexity: 262.876 speed: 21691 wps
Epoch: 18 Train Perplexity: 261.745
Epoch: 18 Valid Perplexity: 214.846
Epoch: 19 Learning rate: 0.035
0.036 perplexity: 256.367 speed: 21784 wps
0.135 perplexity: 271.929 speed: 21760 wps
0.234 perplexity: 270.401 speed: 21734 wps
0.332 perplexity: 263.997 speed: 21730 wps
0.431 perplexity: 263.244 speed: 21697 wps
0.529 perplexity: 262.116 speed: 21712 wps
0.628 perplexity: 261.591 speed: 21710 wps
0.726 perplexity: 261.186 speed: 21718 wps
0.825 perplexity: 260.215 speed: 21731 wps
0.923 perplexity: 259.946 speed: 21736 wps
Epoch: 19 Train Perplexity: 258.917
Epoch: 19 Valid Perplexity: 214.516
Epoch: 20 Learning rate: 0.028
0.036 perplexity: 254.806 speed: 21503 wps
0.135 perplexity: 270.717 speed: 21672 wps
0.234 perplexity: 268.326 speed: 21668 wps
0.332 perplexity: 262.058 speed: 21641 wps
0.431 perplexity: 260.990 speed: 21660 wps
0.529 perplexity: 259.856 speed: 21683 wps
0.628 perplexity: 259.403 speed: 21689 wps
0.726 perplexity: 259.107 speed: 21693 wps
0.825 perplexity: 258.205 speed: 21701 wps
0.923 perplexity: 257.871 speed: 21707 wps
Epoch: 20 Train Perplexity: 256.755
Epoch: 20 Valid Perplexity: 214.624
Epoch: 21 Learning rate: 0.023
0.036 perplexity: 253.197 speed: 21285 wps
0.135 perplexity: 267.912 speed: 21562 wps
0.234 perplexity: 265.782 speed: 21683 wps
0.332 perplexity: 259.822 speed: 21653 wps
0.431 perplexity: 259.062 speed: 21662 wps
0.529 perplexity: 258.101 speed: 21633 wps
0.628 perplexity: 257.551 speed: 21647 wps
0.726 perplexity: 257.254 speed: 21664 wps
0.825 perplexity: 256.516 speed: 21607 wps
0.923 perplexity: 256.112 speed: 21627 wps
Epoch: 21 Train Perplexity: 255.006
Epoch: 21 Valid Perplexity: 214.651
Epoch: 22 Learning rate: 0.018
0.036 perplexity: 256.492 speed: 21542 wps
0.135 perplexity: 268.858 speed: 21761 wps
0.234 perplexity: 264.167 speed: 21778 wps
0.332 perplexity: 258.353 speed: 21702 wps
0.431 perplexity: 257.803 speed: 21701 wps
0.529 perplexity: 256.640 speed: 21714 wps
0.628 perplexity: 256.002 speed: 21702 wps
0.726 perplexity: 255.470 speed: 21705 wps
0.825 perplexity: 254.799 speed: 21714 wps
0.923 perplexity: 254.322 speed: 21705 wps
Epoch: 22 Train Perplexity: 253.348
Epoch: 22 Valid Perplexity: 214.656
Epoch: 23 Learning rate: 0.014
0.036 perplexity: 256.110 speed: 21535 wps
0.135 perplexity: 268.430 speed: 21595 wps
0.234 perplexity: 263.344 speed: 21641 wps
0.332 perplexity: 257.507 speed: 21665 wps
0.431 perplexity: 256.897 speed: 21679 wps
0.529 perplexity: 255.771 speed: 21683 wps
0.628 perplexity: 255.214 speed: 21677 wps
0.726 perplexity: 254.489 speed: 21694 wps
0.825 perplexity: 253.739 speed: 21696 wps
0.923 perplexity: 253.320 speed: 21716 wps
Epoch: 23 Train Perplexity: 252.221
Epoch: 23 Valid Perplexity: 214.641
Epoch: 24 Learning rate: 0.012
0.036 perplexity: 253.134 speed: 21578 wps
0.135 perplexity: 266.316 speed: 21728 wps
0.234 perplexity: 261.855 speed: 21713 wps
0.332 perplexity: 256.221 speed: 21709 wps
0.431 perplexity: 255.670 speed: 21637 wps
0.529 perplexity: 254.577 speed: 21627 wps
0.628 perplexity: 253.927 speed: 21632 wps
0.726 perplexity: 253.292 speed: 21651 wps
0.825 perplexity: 252.484 speed: 21661 wps
0.923 perplexity: 252.147 speed: 21687 wps
Epoch: 24 Train Perplexity: 251.069
Epoch: 24 Valid Perplexity: 214.775
Epoch: 25 Learning rate: 0.009
0.036 perplexity: 253.088 speed: 21618 wps
0.135 perplexity: 265.920 speed: 21675 wps
0.234 perplexity: 261.618 speed: 21647 wps
0.332 perplexity: 255.959 speed: 21677 wps
0.431 perplexity: 255.195 speed: 21654 wps
0.529 perplexity: 253.900 speed: 21668 wps
0.628 perplexity: 253.374 speed: 21681 wps
0.726 perplexity: 252.900 speed: 21678 wps
0.825 perplexity: 252.228 speed: 21679 wps
0.923 perplexity: 251.776 speed: 21690 wps
Epoch: 25 Train Perplexity: 250.748
Epoch: 25 Valid Perplexity: 214.700
Saving model to data/fast_skipgram/rnnlm.
