./run_newlm.sh --the-lm fast --embed-method glove --hidden-size 200 --num-layers 1 --batch-size 64 --keep-prob 0.8 --max-epoch 25
=====================================================================================
Usage of this scipt:
  ./run_newlm.sh <the-lm>(language-model) <embed-method>(embedding-method)
The scipt provides three kinds of language model and three embedding methods as well
	Language Models: rnnlm lstmlm fast(lstm_fast) 
	Embedding Methods: skipgram cbow glove 
If you want to train the word embeddings during the neural network training: 
  the embedding method can be set as base, which means it is the basic method.
For example: 
  ./run_newlm.sh --the-lm rnnlm --embed-method skipgram
=====================================================================================
-----------------------------------
     Train/Dev Data Preparation    
-----------------------------------
Getting train and validation sets.
-----------------------------------
     Data Preparation Finished!    
-----------------------------------
-----------------------------------
  Vocabulary Preparation Finished! 
-----------------------------------
(30271, 30271)
Running 43975 iterations to compute the co-occurance matrix
	Finished 10000 iterations
	Finished 20000 iterations
	Finished 30000 iterations
	Finished 40000 iterations
Initialized
Average loss at step 0: 30.730572
Nearest to მმ: საუბარი, ხელიო, ვერაფერსო, საათზე, რატის, ვისგანაც, შტანგები, დარჩენილია,
Nearest to რომ: წელმა, უკავია, გკითხულობს, მომისმინე, მეგობრობდნენ, კორპუსის, თბილისური, ქვეყნების,
Nearest to შენ: ნაიკი, ღუდუშა, აქამდე, ამოუყვანე, ოცდათერთმეტში, ბასლერი, გამკვირვებია, ფურცელიც,
Nearest to მაშინ: გააკეთე, ვაბანავო, მომინდომებია, ჯავახიშვილის, დავიაროთ, ჩაგიყვან, თავისუფალ, საღამოსკენ,
Nearest to ორი: დილას, ატაპლენიები, გასდიოდა, საერთო, შემცდარხარო, გაეთიშოს, გადმოხვალთ, გულიდან,
Nearest to ან: ხალხი, ამოვყარო, ერთობი, გამოცდილს, გამოდგებაო, ლივერპული, სიებიო, უბნიდან,
Nearest to ასე: თამარის, სარეცხზეო, შეხვალთ, გაშალეო, გამოაჩიქჩიკე, ჯიბეში, მოგიკითხეო, ქეთომ,
Nearest to <silence>: ინჰალაციებს, იცურავო, ოთხმოცდათვრამეტში, გაიჭედოს, დიდზე, დაბრძანდით, ითრევდა, იმერული,
Nearest to თავისით: იცით, გვიკისრა, გადაუნერგავს, მისაცემი, კურსელი, რვიდან, ჰაგიოგრაფია, მიიყვანოს,
Nearest to ზედ: შეუდგა, გამიგებ, ტყემალი, კულტურით, შტატებში, რატის, კენჭები, იტალიიდან,
Nearest to სკოლის: ჭურჭლები, საგნის, დანაწევრებულია, ინერვიულო, ჯანმრთელი, მანდარინა, მეკვლედ, კომპანიებს,
Nearest to ყავა: გრეხილის, ხმაურს, მოვიყვანოო, დამტოვა, უჭირავს, დაჩიმ, ჰუავეი, დამერქმევა,
Nearest to პირველად: ფეხებისთვის, იდიოტმა, გალაქსია, შვილიკო, დამკარგა, თამაშებს, ამბავი, იხადოთ,
Nearest to წამოხვალ: ვეუბნებით, დაჰპირდი, გეკადრება, დამადო, საათობრივზე, მოუტანენ, დაგიჯერებს, სათვალეები,
Nearest to მაგისთვის: ჩამოშვებული, ჰქნებს, მეგობარსაც, შორია, შევხედოთ, ჩაიწერონ, როლიკოს, თათია,
Nearest to მაია: გაგიჟდი, ლესვაზე, თამაშობენ, ისტორიაზე, თვისება, გამხმარი, ვაყენებთ, იგებენ,
Average loss at step 2000: 3.835945
Average loss at step 4000: 0.194391
Average loss at step 6000: 0.132544
Average loss at step 8000: 0.108322
Average loss at step 10000: 0.083770
Nearest to მმ: <silence>, უჰუ, </s>, ჰო, <unk>, ალო, <v-noise>, არა,
Nearest to რომ: და, იყო, ახლა, მე, ის, <unk>, არ, <hes>,
Nearest to შენ: </s>, ჰო, <unk>, ახლა, <silence>, რას, არ, <v-noise>,
Nearest to მაშინ: აი, რომ, გააკეთე, იყო, აქვს, ვაბანავო, <v-noise>, არ,
Nearest to ორი: ერთი, დღე, და, ახლა, რომ, ის, ეს, უნდა,
Nearest to ან: რაღაცა, და, რა, <hes>, ვარ, ის, ახლა, უნდა,
Nearest to ასე: მერე, რომ, და, იქ, ახლა, მეთქი, მე, შეხვალთ,
Nearest to <silence>: </s>, ჰო, <unk>, <v-noise>, მმ, რა, უჰუ, და,
Nearest to თავისით: იცით, გვიკისრა, გადაუნერგავს, მისაცემი, კურსელი, რვიდან, ჰაგიოგრაფია, მიიყვანოს,
Nearest to ზედ: შეუდგა, გამიგებ, ტყემალი, კულტურით, შტატებში, რატის, კენჭები, დაღლის,
Nearest to სკოლის: ჭურჭლები, საგნის, დანაწევრებულია, ინერვიულო, ჯანმრთელი, მანდარინა, მეკვლედ, კომპანიებს,
Nearest to ყავა: გრეხილის, ხმაურს, მოვიყვანოო, დამტოვა, უჭირავს, დაჩიმ, ჰუავეი, მყავდა,
Nearest to პირველად: ფეხებისთვის, იდიოტმა, გალაქსია, შვილიკო, დამკარგა, თამაშებს, იხადოთ, გამოკითხვებში,
Nearest to წამოხვალ: ვეუბნებით, დაჰპირდი, გეკადრება, დამადო, საათობრივზე, სათვალეები, მოუტანენ, ჩექმებს,
Nearest to მაგისთვის: ჩამოშვებული, ჰქნებს, მეგობარსაც, შორია, შევხედოთ, ჩაიწერონ, როლიკოს, თათია,
Nearest to მაია: გაგიჟდი, ლესვაზე, თამაშობენ, ისტორიაზე, თვისება, გამხმარი, ვაყენებთ, იგებენ,
Average loss at step 12000: 0.127098
Average loss at step 14000: 0.115904
Average loss at step 16000: 0.050744
Average loss at step 18000: 0.043022
Average loss at step 20000: 0.046053
Nearest to მმ: უჰუ, <silence>, </s>, ალო, ჰო, ა, <unk>, აა,
Nearest to რომ: და, იყო, ახლა, ის, მე, არ, <hes>, <unk>,
Nearest to შენ: </s>, <silence>, რას, ჰო, ხარ, <unk>, როგორ, ახლა,
Nearest to მაშინ: აი, იყო, რომ, <v-noise>, აქვს, </s>, ჰო, არ,
Nearest to ორი: ერთი, დღე, ათას, ეს, მერე, სამი, და, ახლა,
Nearest to ან: რაღაცა, და, <hes>, ის, რაღაც, მეთქი, ახლა, <unk>,
Nearest to ასე: მერე, და, იქ, რომ, მეთქი, ახლა, რაღაცა, მე,
Nearest to <silence>: </s>, ჰო, <unk>, <v-noise>, მმ, უჰუ, რა, და,
Nearest to თავისით: იცით, გვიკისრა, გადაუნერგავს, მისაცემი, კურსელი, რვიდან, ჰაგიოგრაფია, მიიყვანოს,
Nearest to ზედ: შეუდგა, გამიგებ, ტყემალი, კულტურით, შტატებში, რატის, კენჭები, დაღლის,
Nearest to სკოლის: ჭურჭლები, საგნის, დანაწევრებულია, ჯანმრთელი, ინერვიულო, მანდარინა, მეკვლედ, კომპანიებს,
Nearest to ყავა: გრეხილის, ხმაურს, მოვიყვანოო, დამტოვა, უჭირავს, დაჩიმ, ჰუავეი, მყავდა,
Nearest to პირველად: ფეხებისთვის, იდიოტმა, გალაქსია, დამკარგა, შვილიკო, თამაშებს, იხადოთ, გამოკითხვებში,
Nearest to წამოხვალ: დაჰპირდი, ვეუბნებით, გეკადრება, დამადო, საათობრივზე, სათვალეები, მოუტანენ, ჩექმებს,
Nearest to მაგისთვის: ჩამოშვებული, ჰქნებს, მეგობარსაც, შორია, შევხედოთ, ჩაიწერონ, როლიკოს, თათია,
Nearest to მაია: გაგიჟდი, ლესვაზე, თამაშობენ, ისტორიაზე, თვისება, გამხმარი, ვაყენებთ, იგებენ,
Average loss at step 22000: 0.048259
Average loss at step 24000: 0.041886
Average loss at step 26000: 0.049961
Average loss at step 28000: 0.050116
Average loss at step 30000: 0.033112
Nearest to მმ: უჰუ, <silence>, </s>, ა, ალო, აა, ჰო, <unk>,
Nearest to რომ: და, იყო, ახლა, ის, მე, არ, <unk>, <hes>,
Nearest to შენ: ხარ, </s>, რას, <silence>, ჰო, როგორ, ახლა, <unk>,
Nearest to მაშინ: აი, იყო, რომ, <v-noise>, ჰო, </s>, <unk>, და,
Nearest to ორი: ერთი, დღე, ათას, ეს, სამი, მერე, და, ახლა,
Nearest to ან: რაღაცა, რაღაც, და, <hes>, მეთქი, ის, მერე, ახლა,
Nearest to ასე: მერე, და, მეთქი, რაღაცა, იქ, რომ, რაღაც, <unk>,
Nearest to <silence>: </s>, ჰო, <unk>, <v-noise>, მმ, უჰუ, რა, და,
Nearest to თავისით: იცით, გვიკისრა, გადაუნერგავს, კურსელი, მისაცემი, რვიდან, ჰაგიოგრაფია, მიიყვანოს,
Nearest to ზედ: შეუდგა, გამიგებ, ტყემალი, კულტურით, შტატებში, რატის, დაღლის, კენჭები,
Nearest to სკოლის: ჭურჭლები, საგნის, დანაწევრებულია, ჯანმრთელი, ინერვიულო, მანდარინა, მეკვლედ, კომპანიებს,
Nearest to ყავა: გრეხილის, ხმაურს, მოვიყვანოო, დამტოვა, უჭირავს, დაჩიმ, ჰუავეი, ვიცვამდი,
Nearest to პირველად: ფეხებისთვის, იდიოტმა, გალაქსია, დამკარგა, თამაშებს, შვილიკო, იხადოთ, გამოკითხვებში,
Nearest to წამოხვალ: დაჰპირდი, ვეუბნებით, გეკადრება, დამადო, საათობრივზე, სათვალეები, მოუტანენ, დაგიჯერებს,
Nearest to მაგისთვის: ჩამოშვებული, ჰქნებს, მეგობარსაც, შორია, შევხედოთ, ჩაიწერონ, როლიკოს, თათია,
Nearest to მაია: გაგიჟდი, ლესვაზე, თამაშობენ, ისტორიაზე, თვისება, გამხმარი, ვაყენებთ, იგებენ,
Average loss at step 32000: 0.033935
Average loss at step 34000: 0.032953
Average loss at step 36000: 0.032103
Average loss at step 38000: 0.031966
Average loss at step 40000: 0.040765
Nearest to მმ: უჰუ, <silence>, </s>, ა, ალო, აა, ჰო, <unk>,
Nearest to რომ: და, იყო, ის, ახლა, მე, არ, იქ, <hes>,
Nearest to შენ: ხარ, როგორ, რას, </s>, <silence>, ჰო, <unk>, ახლა,
Nearest to მაშინ: აი, იყო, რომ, <v-noise>, ჰო, </s>, იმიტომ, <unk>,
Nearest to ორი: ერთი, დღე, ათას, სამი, ეს, მერე, კვირა, და,
Nearest to ან: რაღაცა, რაღაც, მეთქი, და, <hes>, ის, რამე, რა,
Nearest to ასე: მერე, მეთქი, რაღაცა, და, იქ, რაღაც, მითხრა, რომ,
Nearest to <silence>: </s>, ჰო, <unk>, <v-noise>, მმ, უჰუ, რა, და,
Nearest to თავისით: გვიკისრა, იცით, გადაუნერგავს, კურსელი, მისაცემი, რვიდან, ჰაგიოგრაფია, გადაწყვეტავენ,
Nearest to ზედ: შეუდგა, გამიგებ, ტყემალი, კულტურით, შტატებში, რატის, კენჭები, დაღლის,
Nearest to სკოლის: ჭურჭლები, საგნის, ჯანმრთელი, დანაწევრებულია, ინერვიულო, მანდარინა, მეკვლედ, კომპანიებს,
Nearest to ყავა: გრეხილის, ხმაურს, მოვიყვანოო, დამტოვა, უჭირავს, დაჩიმ, ჰუავეი, ვიცვამდი,
Nearest to პირველად: ფეხებისთვის, გალაქსია, იდიოტმა, დამკარგა, თამაშებს, შვილიკო, იხადოთ, გამოკითხვებში,
Nearest to წამოხვალ: დაჰპირდი, ვეუბნებით, გეკადრება, დამადო, საათობრივზე, მოუტანენ, სათვალეები, დაგიჯერებს,
Nearest to მაგისთვის: ჩამოშვებული, ჰქნებს, მეგობარსაც, შორია, შევხედოთ, ჩაიწერონ, როლიკოს, თათია,
Nearest to მაია: გაგიჟდი, ლესვაზე, ისტორიაზე, თამაშობენ, გამხმარი, თვისება, ვაყენებთ, იგებენ,
Average loss at step 42000: 0.042580
Average loss at step 44000: 0.033956
Average loss at step 46000: 0.034822
Average loss at step 48000: 0.033713
Average loss at step 50000: 0.029901
Nearest to მმ: უჰუ, <silence>, ალო, ა, </s>, აა, ჰო, <unk>,
Nearest to რომ: და, იყო, ახლა, ის, მე, არ, <hes>, <unk>,
Nearest to შენ: ხარ, რას, როგორ, </s>, <silence>, ჰო, <unk>, ახლა,
Nearest to მაშინ: აი, რომ, იყო, <v-noise>, იმიტომ, აა, ისე, ჰო,
Nearest to ორი: ერთი, დღე, სამი, ათას, ეს, კვირა, მერე, და,
Nearest to ან: რაღაცა, რაღაც, <hes>, და, მეთქი, რამე, <unk>, მერე,
Nearest to ასე: მერე, რაღაცა, მეთქი, რაღაც, და, იქ, მითხრა, რომ,
Nearest to <silence>: </s>, ჰო, <v-noise>, <unk>, მმ, უჰუ, რა, და,
Nearest to თავისით: გვიკისრა, იცით, გადაუნერგავს, კურსელი, მისაცემი, ჰაგიოგრაფია, რვიდან, გადაწყვეტავენ,
Nearest to ზედ: შეუდგა, გამიგებ, ტყემალი, კულტურით, შტატებში, რატის, დაღლის, იტალიიდან,
Nearest to სკოლის: ჭურჭლები, საგნის, ჯანმრთელი, ინერვიულო, დანაწევრებულია, მანდარინა, მეკვლედ, კომპანიებს,
Nearest to ყავა: გრეხილის, ხმაურს, მოვიყვანოო, დამტოვა, უჭირავს, დაჩიმ, ვიცვამდი, ჰუავეი,
Nearest to პირველად: ფეხებისთვის, გალაქსია, იდიოტმა, თამაშებს, დამკარგა, შვილიკო, იხადოთ, გამოკითხვებში,
Nearest to წამოხვალ: დაჰპირდი, გეკადრება, ვეუბნებით, დამადო, სათვალეები, საათობრივზე, მოუტანენ, ანანასამ,
Nearest to მაგისთვის: ჩამოშვებული, ჰქნებს, მეგობარსაც, შორია, შევხედოთ, ჩაიწერონ, როლიკოს, თათია,
Nearest to მაია: გაგიჟდი, ლესვაზე, თამაშობენ, ისტორიაზე, გამხმარი, თვისება, ვაყენებთ, იგებენ,
Average loss at step 52000: 0.033151
Average loss at step 54000: 0.039450
Average loss at step 56000: 0.038975
Average loss at step 58000: 0.031981
Average loss at step 60000: 0.027922
Nearest to მმ: უჰუ, ა, <silence>, ალო, </s>, აა, ჰო, <unk>,
Nearest to რომ: იყო, და, ახლა, ის, არ, მე, <unk>, <hes>,
Nearest to შენ: რას, ხარ, როგორ, </s>, <silence>, ჰო, <unk>, <v-noise>,
Nearest to მაშინ: აი, რომ, იმიტომ, იყო, <v-noise>, აა, ისე, ჰო,
Nearest to ორი: ერთი, დღე, ათას, სამი, კვირა, ეს, მერე, და,
Nearest to ან: რაღაცა, რაღაც, რამე, <hes>, და, მეთქი, <unk>, მერე,
Nearest to ასე: მერე, რაღაცა, მეთქი, და, რაღაც, იქ, მითხრა, ეს,
Nearest to <silence>: </s>, ჰო, <unk>, <v-noise>, მმ, უჰუ, რა, და,
Nearest to თავისით: გვიკისრა, იცით, გადაუნერგავს, კურსელი, მისაცემი, ჰაგიოგრაფია, რვიდან, გადაწყვეტავენ,
Nearest to ზედ: შეუდგა, გამიგებ, ტყემალი, კულტურით, შტატებში, რატის, იტალიიდან, დაღლის,
Nearest to სკოლის: ჭურჭლები, საგნის, ჯანმრთელი, დანაწევრებულია, ინერვიულო, მანდარინა, მეკვლედ, აგრილდა,
Nearest to ყავა: გრეხილის, ხმაურს, მოვიყვანოო, დამტოვა, უჭირავს, დაჩიმ, ვიცვამდი, ჰუავეი,
Nearest to პირველად: ფეხებისთვის, გალაქსია, თამაშებს, იდიოტმა, დამკარგა, შვილიკო, იხადოთ, გამოკითხვებში,
Nearest to წამოხვალ: დაჰპირდი, გეკადრება, ვეუბნებით, დამადო, სათვალეები, მოუტანენ, საათობრივზე, ანანასამ,
Nearest to მაგისთვის: ჩამოშვებული, ჰქნებს, მეგობარსაც, შევხედოთ, შორია, ჩაიწერონ, როლიკოს, თათია,
Nearest to მაია: გაგიჟდი, ლესვაზე, ისტორიაზე, თამაშობენ, გამხმარი, თვისება, ვაყენებთ, იგებენ,
Average loss at step 62000: 0.029541
Average loss at step 64000: 0.027027
Average loss at step 66000: 0.029428
Average loss at step 68000: 0.031150
Average loss at step 70000: 0.031817
Nearest to მმ: უჰუ, ალო, ა, <silence>, აა, </s>, ბიჭო, <unk>,
Nearest to რომ: და, იყო, ახლა, ის, მე, არ, იქ, <hes>,
Nearest to შენ: ხარ, რას, </s>, <silence>, როგორ, ჰო, <unk>, <v-noise>,
Nearest to მაშინ: აი, იმიტომ, რომ, იყო, <v-noise>, აა, ისე, ჰო,
Nearest to ორი: დღე, ერთი, ათას, სამი, კვირა, ეს, მერე, და,
Nearest to ან: რაღაცა, რაღაც, რამე, <hes>, და, მეთქი, <unk>, რა,
Nearest to ასე: მერე, რაღაცა, მეთქი, და, რაღაც, მითხრა, იქ, ეს,
Nearest to <silence>: </s>, ჰო, <unk>, <v-noise>, მმ, უჰუ, რა, და,
Nearest to თავისით: გვიკისრა, იცით, გადაუნერგავს, კურსელი, ჰაგიოგრაფია, მისაცემი, რვიდან, გადაწყვეტავენ,
Nearest to ზედ: შეუდგა, გამიგებ, ტყემალი, კულტურით, შტატებში, კენჭები, დაღლის, რატის,
Nearest to სკოლის: ჭურჭლები, საგნის, ჯანმრთელი, დანაწევრებულია, ინერვიულო, მანდარინა, მეკვლედ, აგრილდა,
Nearest to ყავა: გრეხილის, ხმაურს, დამტოვა, მოვიყვანოო, უჭირავს, დაჩიმ, ვიცვამდი, ენაღვლება,
Nearest to პირველად: ფეხებისთვის, გალაქსია, თამაშებს, იდიოტმა, დამკარგა, შვილიკო, იხადოთ, გამოკითხვებში,
Nearest to წამოხვალ: გეკადრება, დაჰპირდი, დამადო, ვეუბნებით, სათვალეები, მოუტანენ, ანანასამ, საათობრივზე,
Nearest to მაგისთვის: ჩამოშვებული, ჰქნებს, მეგობარსაც, შევხედოთ, შორია, როლიკოს, ჩაიწერონ, ალამაზებთ,
Nearest to მაია: გაგიჟდი, ლესვაზე, თამაშობენ, ისტორიაზე, გამხმარი, თვისება, ვაყენებთ, დაავალა,
Average loss at step 72000: 0.027408
Average loss at step 74000: 0.025151
Average loss at step 76000: 0.025243
Average loss at step 78000: 0.023759
Average loss at step 80000: 0.025325
Nearest to მმ: უჰუ, <silence>, ალო, ა, </s>, აა, ბიჭო, <unk>,
Nearest to რომ: და, იყო, ახლა, ის, არ, მე, იქ, <hes>,
Nearest to შენ: ხარ, რას, როგორ, <silence>, </s>, ჰო, <unk>, ახლა,
Nearest to მაშინ: აი, იმიტომ, რომ, აა, იყო, <v-noise>, ისე, ჰო,
Nearest to ორი: დღე, ერთი, სამი, ათას, კვირა, ეს, მერე, და,
Nearest to ან: რაღაცა, რაღაც, რამე, <hes>, და, მეთქი, ეს, <unk>,
Nearest to ასე: მერე, რაღაცა, მეთქი, და, რაღაც, მითხრა, იქ, ეს,
Nearest to <silence>: </s>, ჰო, <unk>, <v-noise>, მმ, უჰუ, და, აა,
Nearest to თავისით: გვიკისრა, იცით, გადაუნერგავს, კურსელი, ჰაგიოგრაფია, რვიდან, მისაცემი, გადაწყვეტავენ,
Nearest to ზედ: შეუდგა, გამიგებ, ტყემალი, კულტურით, შტატებში, კენჭები, დაღლის, იტალიიდან,
Nearest to სკოლის: ჭურჭლები, საგნის, ჯანმრთელი, დანაწევრებულია, ინერვიულო, მანდარინა, მეკვლედ, აგრილდა,
Nearest to ყავა: გრეხილის, ხმაურს, დამტოვა, მოვიყვანოო, უჭირავს, დაჩიმ, ვიცვამდი, ენაღვლება,
Nearest to პირველად: ფეხებისთვის, გალაქსია, თამაშებს, იდიოტმა, დამკარგა, შვილიკო, იხადოთ, გამოკითხვებში,
Nearest to წამოხვალ: გეკადრება, დაჰპირდი, დამადო, ვეუბნებით, სათვალეები, ანანასამ, მოუტანენ, საათობრივზე,
Nearest to მაგისთვის: ჩამოშვებული, ჰქნებს, მეგობარსაც, შევხედოთ, შორია, ალამაზებთ, როლიკოს, ჩაიწერონ,
Nearest to მაია: გაგიჟდი, ლესვაზე, თამაშობენ, ისტორიაზე, გამხმარი, თვისება, ვაყენებთ, დაავალა,
Average loss at step 82000: 0.026860
Average loss at step 84000: 0.028008
Average loss at step 86000: 0.024915
Average loss at step 88000: 0.023598
Average loss at step 90000: 0.023417
Nearest to მმ: უჰუ, ა, ალო, <silence>, </s>, აა, ბიჭო, <unk>,
Nearest to რომ: იყო, და, ის, ახლა, არ, <hes>, მე, იქ,
Nearest to შენ: ხარ, რას, როგორ, </s>, <silence>, ჰო, <unk>, <v-noise>,
Nearest to მაშინ: აი, იმიტომ, რომ, აა, იყო, ისე, <v-noise>, ა,
Nearest to ორი: დღე, ერთი, ათას, სამი, კვირა, ეს, მერე, და,
Nearest to ან: რაღაცა, რაღაც, რამე, <hes>, და, გინდა, ეს, მეთქი,
Nearest to ასე: მერე, რაღაცა, მეთქი, და, რაღაც, მითხრა, იქ, ეს,
Nearest to <silence>: </s>, ჰო, <unk>, <v-noise>, უჰუ, მმ, რა, და,
Nearest to თავისით: გვიკისრა, იცით, გადაუნერგავს, კურსელი, ჰაგიოგრაფია, რვიდან, გადაწყვეტავენ, მისაცემი,
Nearest to ზედ: შეუდგა, გამიგებ, ტყემალი, კულტურით, შტატებში, კენჭები, დაღლის, იტალიიდან,
Nearest to სკოლის: ჭურჭლები, საგნის, ჯანმრთელი, დანაწევრებულია, ინერვიულო, მანდარინა, მეკვლედ, აგრილდა,
Nearest to ყავა: გრეხილის, ხმაურს, დამტოვა, მოვიყვანოო, უჭირავს, დაჩიმ, ვიცვამდი, ენაღვლება,
Nearest to პირველად: ფეხებისთვის, გალაქსია, თამაშებს, დამკარგა, იდიოტმა, შვილიკო, გაგიკეთებთო, იხადოთ,
Nearest to წამოხვალ: გეკადრება, დაჰპირდი, დამადო, ვეუბნებით, სათვალეები, ანანასამ, მოუტანენ, საათობრივზე,
Nearest to მაგისთვის: ჩამოშვებული, ჰქნებს, მეგობარსაც, შევხედოთ, შორია, ალამაზებთ, მოიფიქრეს, როლიკოს,
Nearest to მაია: გაგიჟდი, ლესვაზე, თამაშობენ, ისტორიაზე, გამხმარი, თვისება, ვაყენებთ, დაავალა,
Average loss at step 92000: 0.022541
Average loss at step 94000: 0.023546
Average loss at step 96000: 0.024761
Average loss at step 98000: 0.025969
Average loss at step 100000: 0.023138
Nearest to მმ: უჰუ, <silence>, ალო, ა, აა, </s>, ბიჭო, ჰო,
Nearest to რომ: იყო, და, ახლა, ის, არ, მე, <hes>, <unk>,
Nearest to შენ: ხარ, რას, როგორ, </s>, <silence>, ჰო, <unk>, ახლა,
Nearest to მაშინ: იმიტომ, აი, რომ, იყო, აა, ისე, <v-noise>, ჰო,
Nearest to ორი: ერთი, დღე, სამი, ათას, კვირა, ეს, მერე, წუთი,
Nearest to ან: რაღაცა, რაღაც, რამე, <hes>, და, მეთქი, თუ, გინდა,
Nearest to ასე: მერე, რაღაცა, მეთქი, და, რაღაც, მითხრა, იქ, ეს,
Nearest to <silence>: </s>, ჰო, <unk>, <v-noise>, მმ, უჰუ, აა, და,
Nearest to თავისით: გვიკისრა, იცით, გადაუნერგავს, კურსელი, ჰაგიოგრაფია, რვიდან, გადაწყვეტავენ, მისაცემი,
Nearest to ზედ: შეუდგა, გამიგებ, ტყემალი, კულტურით, შტატებში, კენჭები, დაღლის, იტალიიდან,
Nearest to სკოლის: ჭურჭლები, საგნის, ჯანმრთელი, დანაწევრებულია, ინერვიულო, მანდარინა, მეკვლედ, აგრილდა,
Nearest to ყავა: გრეხილის, ხმაურს, დამტოვა, მოვიყვანოო, უჭირავს, დაჩიმ, ვიცვამდი, ენაღვლება,
Nearest to პირველად: ფეხებისთვის, გალაქსია, თამაშებს, დამკარგა, იდიოტმა, გაგიკეთებთო, შვილიკო, იხადოთ,
Nearest to წამოხვალ: გეკადრება, დაჰპირდი, დამადო, ვეუბნებით, სათვალეები, ანანასამ, მოუტანენ, დავამთავრო,
Nearest to მაგისთვის: ჩამოშვებული, ჰქნებს, მეგობარსაც, შევხედოთ, შორია, ალამაზებთ, მოიფიქრეს, როლიკოს,
Nearest to მაია: გაგიჟდი, ლესვაზე, თამაშობენ, ისტორიაზე, გამხმარი, თვისება, ვაყენებთ, დაავალა,
Epoch: 1 Learning rate: 1.000
0.036 perplexity: 306061955.867 speed: 8106 wps
0.135 perplexity: 288601.381 speed: 12603 wps
0.234 perplexity: 77586.875 speed: 15337 wps
0.332 perplexity: 43709.087 speed: 16859 wps
0.431 perplexity: 33262.676 speed: 17831 wps
0.529 perplexity: 39227.701 speed: 18482 wps
0.628 perplexity: 1608582.316 speed: 18950 wps
0.726 perplexity: 941031.430 speed: 19295 wps
0.825 perplexity: 565960.716 speed: 19593 wps
0.923 perplexity: 465231.652 speed: 19841 wps
Epoch: 1 Train Perplexity: 2696456.412
Epoch: 1 Valid Perplexity: 1326.697
Epoch: 2 Learning rate: 1.000
0.036 perplexity: 461906.867 speed: 21714 wps
0.135 perplexity: 830058.584 speed: 22057 wps
0.234 perplexity: 207178.156 speed: 22044 wps
0.332 perplexity: 14383045.484 speed: 22056 wps
0.431 perplexity: 5347425.450 speed: 22079 wps
0.529 perplexity: 5380832.952 speed: 22094 wps
0.628 perplexity: 1752094.963 speed: 22075 wps
0.726 perplexity: 695091.503 speed: 22075 wps
0.825 perplexity: 979066.754 speed: 22069 wps
0.923 perplexity: 616553.763 speed: 22069 wps
Epoch: 2 Train Perplexity: 835752.452
Epoch: 2 Valid Perplexity: 22776036819560.668
Epoch: 3 Learning rate: 1.000
0.036 perplexity: 14369.063 speed: 22020 wps
0.135 perplexity: 7969.755 speed: 21959 wps
0.234 perplexity: 10728.039 speed: 21977 wps
0.332 perplexity: 14150.807 speed: 21994 wps
0.431 perplexity: 23673.829 speed: 21995 wps
0.529 perplexity: 37910.435 speed: 21994 wps
0.628 perplexity: 23995.206 speed: 21994 wps
0.726 perplexity: 19965.333 speed: 21979 wps
0.825 perplexity: 15054.332 speed: 21973 wps
0.923 perplexity: 14148.064 speed: 21982 wps
Epoch: 3 Train Perplexity: 12870.357
Epoch: 3 Valid Perplexity: 830.273
Epoch: 4 Learning rate: 1.000
0.036 perplexity: 4847.954 speed: 21748 wps
0.135 perplexity: 4252.637 speed: 21868 wps
0.234 perplexity: 2991.950 speed: 21919 wps
0.332 perplexity: 4264.263 speed: 21936 wps
0.431 perplexity: 4399.353 speed: 21921 wps
0.529 perplexity: 3321.666 speed: 21924 wps
0.628 perplexity: 3209.555 speed: 21928 wps
0.726 perplexity: 2997.820 speed: 21944 wps
0.825 perplexity: 2839.010 speed: 21952 wps
0.923 perplexity: 3021.903 speed: 21951 wps
Epoch: 4 Train Perplexity: 2839.490
Epoch: 4 Valid Perplexity: 649.924
Epoch: 5 Learning rate: 0.800
0.036 perplexity: 955.457 speed: 21977 wps
0.135 perplexity: 1027.209 speed: 21924 wps
0.234 perplexity: 1033.236 speed: 21952 wps
0.332 perplexity: 1038.007 speed: 21950 wps
0.431 perplexity: 1009.063 speed: 21960 wps
0.529 perplexity: 962.676 speed: 21925 wps
0.628 perplexity: 947.703 speed: 21925 wps
0.726 perplexity: 935.049 speed: 21921 wps
0.825 perplexity: 953.433 speed: 21923 wps
0.923 perplexity: 956.472 speed: 21914 wps
Epoch: 5 Train Perplexity: 981.859
Epoch: 5 Valid Perplexity: 402.505
Epoch: 6 Learning rate: 0.640
0.036 perplexity: 660.110 speed: 21943 wps
0.135 perplexity: 646.461 speed: 21944 wps
0.234 perplexity: 633.677 speed: 21934 wps
0.332 perplexity: 657.538 speed: 21922 wps
0.431 perplexity: 656.820 speed: 21938 wps
0.529 perplexity: 651.882 speed: 21934 wps
0.628 perplexity: 646.711 speed: 21944 wps
0.726 perplexity: 650.624 speed: 21957 wps
0.825 perplexity: 642.651 speed: 21952 wps
0.923 perplexity: 633.938 speed: 21939 wps
Epoch: 6 Train Perplexity: 637.337
Epoch: 6 Valid Perplexity: 299.667
Epoch: 7 Learning rate: 0.512
0.036 perplexity: 523.716 speed: 21828 wps
0.135 perplexity: 532.857 speed: 21858 wps
0.234 perplexity: 527.242 speed: 21905 wps
0.332 perplexity: 512.287 speed: 21887 wps
0.431 perplexity: 515.806 speed: 21852 wps
0.529 perplexity: 510.035 speed: 21849 wps
0.628 perplexity: 507.137 speed: 21858 wps
0.726 perplexity: 506.422 speed: 21847 wps
0.825 perplexity: 504.922 speed: 21838 wps
0.923 perplexity: 500.882 speed: 21842 wps
Epoch: 7 Train Perplexity: 500.896
Epoch: 7 Valid Perplexity: 279.198
Epoch: 8 Learning rate: 0.410
0.036 perplexity: 426.817 speed: 21526 wps
0.135 perplexity: 454.918 speed: 21636 wps
0.234 perplexity: 450.966 speed: 21726 wps
0.332 perplexity: 441.596 speed: 21779 wps
0.431 perplexity: 439.762 speed: 21762 wps
0.529 perplexity: 438.678 speed: 21781 wps
0.628 perplexity: 436.483 speed: 21799 wps
0.726 perplexity: 435.134 speed: 21811 wps
0.825 perplexity: 433.920 speed: 21812 wps
0.923 perplexity: 432.414 speed: 21818 wps
Epoch: 8 Train Perplexity: 430.986
Epoch: 8 Valid Perplexity: 360.292
Epoch: 9 Learning rate: 0.328
0.036 perplexity: 394.472 speed: 21713 wps
0.135 perplexity: 411.928 speed: 21905 wps
0.234 perplexity: 404.866 speed: 21937 wps
0.332 perplexity: 394.746 speed: 21903 wps
0.431 perplexity: 393.747 speed: 21879 wps
0.529 perplexity: 390.000 speed: 21856 wps
0.628 perplexity: 388.896 speed: 21865 wps
0.726 perplexity: 387.958 speed: 21870 wps
0.825 perplexity: 386.791 speed: 21868 wps
0.923 perplexity: 385.455 speed: 21863 wps
Epoch: 9 Train Perplexity: 384.217
Epoch: 9 Valid Perplexity: 285.021
Epoch: 10 Learning rate: 0.262
0.036 perplexity: 356.067 speed: 21760 wps
0.135 perplexity: 376.012 speed: 21799 wps
0.234 perplexity: 370.439 speed: 21787 wps
0.332 perplexity: 362.163 speed: 21812 wps
0.431 perplexity: 361.021 speed: 21823 wps
0.529 perplexity: 357.580 speed: 21842 wps
0.628 perplexity: 356.806 speed: 21849 wps
0.726 perplexity: 355.883 speed: 21839 wps
0.825 perplexity: 354.957 speed: 21843 wps
0.923 perplexity: 353.926 speed: 21833 wps
Epoch: 10 Train Perplexity: 352.752
Epoch: 10 Valid Perplexity: 259.544
Epoch: 11 Learning rate: 0.210
0.036 perplexity: 330.804 speed: 21674 wps
0.135 perplexity: 350.396 speed: 21778 wps
0.234 perplexity: 345.472 speed: 21800 wps
0.332 perplexity: 338.160 speed: 21830 wps
0.431 perplexity: 337.014 speed: 21839 wps
0.529 perplexity: 334.101 speed: 21833 wps
0.628 perplexity: 333.495 speed: 21837 wps
0.726 perplexity: 332.918 speed: 21853 wps
0.825 perplexity: 331.768 speed: 21851 wps
0.923 perplexity: 330.824 speed: 21853 wps
Epoch: 11 Train Perplexity: 329.784
Epoch: 11 Valid Perplexity: 249.501
Epoch: 12 Learning rate: 0.168
0.036 perplexity: 310.569 speed: 21708 wps
0.135 perplexity: 331.561 speed: 21669 wps
0.234 perplexity: 326.724 speed: 21770 wps
0.332 perplexity: 319.722 speed: 21772 wps
0.431 perplexity: 318.864 speed: 21790 wps
0.529 perplexity: 316.142 speed: 21793 wps
0.628 perplexity: 315.483 speed: 21793 wps
0.726 perplexity: 314.790 speed: 21752 wps
0.825 perplexity: 313.752 speed: 21768 wps
0.923 perplexity: 312.817 speed: 21767 wps
Epoch: 12 Train Perplexity: 311.866
Epoch: 12 Valid Perplexity: 237.731
Epoch: 13 Learning rate: 0.134
0.036 perplexity: 297.754 speed: 21797 wps
0.135 perplexity: 317.892 speed: 21780 wps
0.234 perplexity: 313.100 speed: 21833 wps
0.332 perplexity: 306.578 speed: 21844 wps
0.431 perplexity: 305.465 speed: 21853 wps
0.529 perplexity: 302.864 speed: 21835 wps
0.628 perplexity: 302.233 speed: 21826 wps
0.726 perplexity: 301.788 speed: 21819 wps
0.825 perplexity: 300.663 speed: 21832 wps
0.923 perplexity: 300.105 speed: 21820 wps
Epoch: 13 Train Perplexity: 299.065
Epoch: 13 Valid Perplexity: 225.776
Epoch: 14 Learning rate: 0.107
0.036 perplexity: 288.773 speed: 21663 wps
0.135 perplexity: 305.735 speed: 21775 wps
0.234 perplexity: 301.222 speed: 21796 wps
0.332 perplexity: 294.908 speed: 21799 wps
0.431 perplexity: 294.051 speed: 21782 wps
0.529 perplexity: 291.796 speed: 21797 wps
0.628 perplexity: 291.252 speed: 21818 wps
0.726 perplexity: 290.787 speed: 21820 wps
0.825 perplexity: 289.869 speed: 21809 wps
0.923 perplexity: 289.388 speed: 21755 wps
Epoch: 14 Train Perplexity: 288.379
Epoch: 14 Valid Perplexity: 219.652
Epoch: 15 Learning rate: 0.086
0.036 perplexity: 277.235 speed: 21560 wps
0.135 perplexity: 295.081 speed: 21705 wps
0.234 perplexity: 292.055 speed: 21763 wps
0.332 perplexity: 285.938 speed: 21771 wps
0.431 perplexity: 284.827 speed: 21761 wps
0.529 perplexity: 283.395 speed: 21758 wps
0.628 perplexity: 282.949 speed: 21762 wps
0.726 perplexity: 282.458 speed: 21767 wps
0.825 perplexity: 281.251 speed: 21775 wps
0.923 perplexity: 280.744 speed: 21776 wps
Epoch: 15 Train Perplexity: 279.840
Epoch: 15 Valid Perplexity: 217.473
Epoch: 16 Learning rate: 0.069
0.036 perplexity: 271.034 speed: 21863 wps
0.135 perplexity: 289.503 speed: 21837 wps
0.234 perplexity: 286.550 speed: 21782 wps
0.332 perplexity: 280.434 speed: 21820 wps
0.431 perplexity: 279.219 speed: 21820 wps
0.529 perplexity: 277.531 speed: 21826 wps
0.628 perplexity: 277.034 speed: 21853 wps
0.726 perplexity: 276.634 speed: 21819 wps
0.825 perplexity: 275.515 speed: 21829 wps
0.923 perplexity: 275.016 speed: 21832 wps
Epoch: 16 Train Perplexity: 274.078
Epoch: 16 Valid Perplexity: 217.429
Epoch: 17 Learning rate: 0.055
0.036 perplexity: 267.702 speed: 21810 wps
0.135 perplexity: 284.938 speed: 21777 wps
0.234 perplexity: 281.927 speed: 21753 wps
0.332 perplexity: 276.266 speed: 21776 wps
0.431 perplexity: 275.100 speed: 21797 wps
0.529 perplexity: 273.332 speed: 21824 wps
0.628 perplexity: 272.693 speed: 21828 wps
0.726 perplexity: 272.294 speed: 21825 wps
0.825 perplexity: 271.178 speed: 21824 wps
0.923 perplexity: 270.660 speed: 21826 wps
Epoch: 17 Train Perplexity: 269.784
Epoch: 17 Valid Perplexity: 217.094
Epoch: 18 Learning rate: 0.044
0.036 perplexity: 264.593 speed: 21456 wps
0.135 perplexity: 281.117 speed: 21688 wps
0.234 perplexity: 278.217 speed: 21754 wps
0.332 perplexity: 272.592 speed: 21790 wps
0.431 perplexity: 271.372 speed: 21802 wps
0.529 perplexity: 269.697 speed: 21824 wps
0.628 perplexity: 269.148 speed: 21821 wps
0.726 perplexity: 268.718 speed: 21814 wps
0.825 perplexity: 267.636 speed: 21822 wps
0.923 perplexity: 267.133 speed: 21824 wps
Epoch: 18 Train Perplexity: 266.225
Epoch: 18 Valid Perplexity: 216.401
Epoch: 19 Learning rate: 0.035
0.036 perplexity: 261.149 speed: 21698 wps
0.135 perplexity: 278.013 speed: 21728 wps
0.234 perplexity: 275.576 speed: 21765 wps
0.332 perplexity: 269.949 speed: 21781 wps
0.431 perplexity: 268.750 speed: 21792 wps
0.529 perplexity: 267.199 speed: 21769 wps
0.628 perplexity: 266.628 speed: 21780 wps
0.726 perplexity: 266.243 speed: 21797 wps
0.825 perplexity: 265.118 speed: 21804 wps
0.923 perplexity: 264.614 speed: 21807 wps
Epoch: 19 Train Perplexity: 263.698
Epoch: 19 Valid Perplexity: 216.400
Epoch: 20 Learning rate: 0.028
0.036 perplexity: 259.562 speed: 21690 wps
0.135 perplexity: 275.718 speed: 21771 wps
0.234 perplexity: 273.780 speed: 21836 wps
0.332 perplexity: 268.083 speed: 21782 wps
0.431 perplexity: 266.762 speed: 21777 wps
0.529 perplexity: 265.091 speed: 21790 wps
0.628 perplexity: 264.610 speed: 21805 wps
0.726 perplexity: 264.114 speed: 21810 wps
0.825 perplexity: 262.903 speed: 21813 wps
0.923 perplexity: 262.325 speed: 21810 wps
Epoch: 20 Train Perplexity: 261.347
Epoch: 20 Valid Perplexity: 216.562
Epoch: 21 Learning rate: 0.023
0.036 perplexity: 258.454 speed: 21908 wps
0.135 perplexity: 273.975 speed: 21841 wps
0.234 perplexity: 271.445 speed: 21810 wps
0.332 perplexity: 265.920 speed: 21767 wps
0.431 perplexity: 264.553 speed: 21748 wps
0.529 perplexity: 262.892 speed: 21725 wps
0.628 perplexity: 262.419 speed: 21728 wps
0.726 perplexity: 261.996 speed: 21741 wps
0.825 perplexity: 261.134 speed: 21671 wps
0.923 perplexity: 260.278 speed: 21677 wps
Epoch: 21 Train Perplexity: 259.398
Epoch: 21 Valid Perplexity: 216.332
Epoch: 22 Learning rate: 0.018
0.036 perplexity: 264.193 speed: 21590 wps
0.135 perplexity: 275.809 speed: 21771 wps
0.234 perplexity: 270.558 speed: 21804 wps
0.332 perplexity: 265.346 speed: 21807 wps
0.431 perplexity: 264.008 speed: 21818 wps
0.529 perplexity: 262.345 speed: 21804 wps
0.628 perplexity: 261.517 speed: 21794 wps
0.726 perplexity: 260.774 speed: 21793 wps
0.825 perplexity: 260.096 speed: 21802 wps
0.923 perplexity: 259.299 speed: 21781 wps
Epoch: 22 Train Perplexity: 258.386
Epoch: 22 Valid Perplexity: 216.303
Epoch: 23 Learning rate: 0.014
0.036 perplexity: 264.680 speed: 21739 wps
0.135 perplexity: 274.173 speed: 21718 wps
0.234 perplexity: 269.079 speed: 21753 wps
0.332 perplexity: 263.450 speed: 21779 wps
0.431 perplexity: 262.157 speed: 21768 wps
0.529 perplexity: 260.424 speed: 21769 wps
0.628 perplexity: 259.651 speed: 21789 wps
0.726 perplexity: 259.000 speed: 21787 wps
0.825 perplexity: 258.356 speed: 21796 wps
0.923 perplexity: 257.571 speed: 21794 wps
Epoch: 23 Train Perplexity: 256.761
Epoch: 23 Valid Perplexity: 216.256
Epoch: 24 Learning rate: 0.012
0.036 perplexity: 260.090 speed: 21573 wps
0.135 perplexity: 272.827 speed: 21755 wps
0.234 perplexity: 267.717 speed: 21746 wps
0.332 perplexity: 262.480 speed: 21762 wps
0.431 perplexity: 261.311 speed: 21770 wps
0.529 perplexity: 259.647 speed: 21778 wps
0.628 perplexity: 258.789 speed: 21777 wps
0.726 perplexity: 258.104 speed: 21758 wps
0.825 perplexity: 257.502 speed: 21758 wps
0.923 perplexity: 256.753 speed: 21753 wps
Epoch: 24 Train Perplexity: 255.871
Epoch: 24 Valid Perplexity: 216.288
Epoch: 25 Learning rate: 0.009
0.036 perplexity: 259.418 speed: 21752 wps
0.135 perplexity: 272.424 speed: 21819 wps
0.234 perplexity: 267.241 speed: 21749 wps
0.332 perplexity: 261.927 speed: 21724 wps
0.431 perplexity: 260.945 speed: 21727 wps
0.529 perplexity: 259.506 speed: 21749 wps
0.628 perplexity: 258.677 speed: 21746 wps
0.726 perplexity: 258.008 speed: 21751 wps
0.825 perplexity: 257.230 speed: 21735 wps
0.923 perplexity: 256.481 speed: 21748 wps
Epoch: 25 Train Perplexity: 255.597
Epoch: 25 Valid Perplexity: 216.396
Saving model to data/fast_glove/rnnlm.
